	.text
	.syntax unified
	.eabi_attribute	67, "2.09"	@ Tag_conformance
	.cpu	cortex-m4
	.eabi_attribute	6, 13	@ Tag_CPU_arch
	.eabi_attribute	7, 77	@ Tag_CPU_arch_profile
	.eabi_attribute	8, 0	@ Tag_ARM_ISA_use
	.eabi_attribute	9, 2	@ Tag_THUMB_ISA_use
	.fpu	fpv4-sp-d16
	.eabi_attribute	27, 1	@ Tag_ABI_HardFP_use
	.eabi_attribute	36, 1	@ Tag_FP_HP_extension
	.eabi_attribute	34, 1	@ Tag_CPU_unaligned_access
	.eabi_attribute	17, 1	@ Tag_ABI_PCS_GOT_use
	.eabi_attribute	20, 2	@ Tag_ABI_FP_denormal
	.eabi_attribute	21, 0	@ Tag_ABI_FP_exceptions
	.eabi_attribute	23, 1	@ Tag_ABI_FP_number_model
	.eabi_attribute	24, 1	@ Tag_ABI_align_needed
	.eabi_attribute	25, 1	@ Tag_ABI_align_preserved
	.eabi_attribute	28, 1	@ Tag_ABI_VFP_args
	.eabi_attribute	38, 1	@ Tag_ABI_FP_16bit_format
	.eabi_attribute	18, 2	@ Tag_ABI_PCS_wchar_t
	.eabi_attribute	26, 1	@ Tag_ABI_enum_size
	.eabi_attribute	14, 0	@ Tag_ABI_PCS_R9_use
	.file	"ADC.c"
	.file	1 "C:\\Users\\Hyacincher\\Desktop\\HyTelectrl\\Code\\Project" "../User\\includes.h"
	.file	2 "C:\\Users\\Hyacincher\\Desktop\\HyTelectrl\\Code\\Project" "../Driver/ADC.c"
	.file	3 "C:\\Users\\Hyacincher\\Desktop\\HyTelectrl\\Code\\Project" "../Library/CMSIS\\stm32f4xx.h"
	.file	4 "C:\\Users\\Hyacincher\\Desktop\\HyTelectrl\\Code\\Project" "../Library/STM32F4xx_HAL_Driver/Inc/stm32f4xx_hal_def.h"
	.file	5 "C:\\Users\\Hyacincher\\Desktop\\HyTelectrl\\Code\\Project" "../Library/STM32F4xx_HAL_Driver/Inc\\stm32f4xx_hal_dma.h"
	.file	6 "C:\\Users\\Hyacincher\\Desktop\\HyTelectrl\\Code\\Project" "../User\\cpu.h"
	.section	.text.HAL_ADC_ConvCpltCallback,"ax",%progbits
	.hidden	HAL_ADC_ConvCpltCallback        @ -- Begin function HAL_ADC_ConvCpltCallback
	.globl	HAL_ADC_ConvCpltCallback
	.p2align	2
	.type	HAL_ADC_ConvCpltCallback,%function
	.code	16                              @ @HAL_ADC_ConvCpltCallback
	.thumb_func
HAL_ADC_ConvCpltCallback:
.Lfunc_begin0:
	.loc	2 7 0                           @ ../Driver/ADC.c:7:0
	.fnstart
	.cfi_sections .debug_frame
	.cfi_startproc
@ %bb.0:
	@DEBUG_VALUE: HAL_ADC_ConvCpltCallback:hadc <- $r0
	@DEBUG_VALUE: HAL_ADC_ConvCpltCallback:hadc <- $r0
	.save	{r4, lr}
	push	{r4, lr}
	.cfi_def_cfa_offset 8
	.cfi_offset lr, -4
	.cfi_offset r4, -8
	.pad	#24
	sub	sp, #24
	.cfi_def_cfa_offset 32
.Ltmp0:
	.loc	2 10 13 prologue_end            @ ../Driver/ADC.c:10:13
	movw	r1, :lower16:hadc1
	movt	r1, :upper16:hadc1
.Ltmp1:
	.loc	2 10 8 is_stmt 0                @ ../Driver/ADC.c:10:8
	cmp	r0, r1
	beq	.LBB0_8
.Ltmp2:
@ %bb.1:
	@DEBUG_VALUE: HAL_ADC_ConvCpltCallback:hadc <- $r0
	.loc	2 29 18 is_stmt 1               @ ../Driver/ADC.c:29:18
	movw	r1, :lower16:hadc2
	movt	r1, :upper16:hadc2
.Ltmp3:
	.loc	2 29 13 is_stmt 0               @ ../Driver/ADC.c:29:13
	cmp	r0, r1
	bne.w	.LBB0_14
.Ltmp4:
@ %bb.2:
	@DEBUG_VALUE: HAL_ADC_ConvCpltCallback:hadc <- $r0
	.loc	2 0 13                          @ ../Driver/ADC.c:0:13
	add	r4, sp, #4
.Ltmp5:
	.loc	2 31 9 is_stmt 1                @ ../Driver/ADC.c:31:9
	mov	r0, r4
.Ltmp6:
	@DEBUG_VALUE: HAL_ADC_ConvCpltCallback:hadc <- [DW_OP_LLVM_entry_value 1] $r0
	movs	r1, #20
	bl	__aeabi_memclr4
.Ltmp7:
	.loc	2 0 9 is_stmt 0                 @ ../Driver/ADC.c:0:9
	movw	r1, :lower16:g_ADC2_Buff
	mov.w	r12, #0
	movt	r1, :upper16:g_ADC2_Buff
	@DEBUG_VALUE: jj <- 0
.Ltmp8:
	.p2align	2
.LBB0_3:                                @ =>This Loop Header: Depth=1
                                        @     Child Loop BB0_4 Depth 2
	@DEBUG_VALUE: HAL_ADC_ConvCpltCallback:hadc <- [DW_OP_LLVM_entry_value 1] $r0
	movs	r2, #0
	@DEBUG_VALUE: ii <- 0
	@DEBUG_VALUE: jj <- $r12
.Ltmp9:
	.p2align	2
.LBB0_4:                                @   Parent Loop BB0_3 Depth=1
                                        @ =>  This Inner Loop Header: Depth=2
	@DEBUG_VALUE: jj <- $r12
	@DEBUG_VALUE: HAL_ADC_ConvCpltCallback:hadc <- [DW_OP_LLVM_entry_value 1] $r0
	@DEBUG_VALUE: ii <- $r2
	.loc	2 37 29 is_stmt 1               @ ../Driver/ADC.c:37:29
	ldrh.w	r3, [r1, r2, lsl #1]
	.loc	2 37 26 is_stmt 0               @ ../Driver/ADC.c:37:26
	ldr.w	r0, [r4, r2, lsl #2]
	add	r0, r3
	str.w	r0, [r4, r2, lsl #2]
.Ltmp10:
	.loc	2 35 61 is_stmt 1               @ ../Driver/ADC.c:35:61
	adds	r2, #1
.Ltmp11:
	@DEBUG_VALUE: ii <- $r2
	.loc	2 35 13 is_stmt 0               @ ../Driver/ADC.c:35:13
	cmp	r2, #5
	bne	.LBB0_4
.Ltmp12:
@ %bb.5:                                @   in Loop: Header=BB0_3 Depth=1
	@DEBUG_VALUE: jj <- $r12
	@DEBUG_VALUE: HAL_ADC_ConvCpltCallback:hadc <- [DW_OP_LLVM_entry_value 1] $r0
	.loc	2 33 52 is_stmt 1               @ ../Driver/ADC.c:33:52
	add.w	r12, r12, #1
.Ltmp13:
	@DEBUG_VALUE: jj <- $r12
	.loc	2 33 9 is_stmt 0                @ ../Driver/ADC.c:33:9
	cmp.w	r12, #20
	add.w	r1, r1, #10
	bne	.LBB0_3
.Ltmp14:
@ %bb.6:
	@DEBUG_VALUE: jj <- $r12
	@DEBUG_VALUE: HAL_ADC_ConvCpltCallback:hadc <- [DW_OP_LLVM_entry_value 1] $r0
	.loc	2 0 9                           @ ../Driver/ADC.c:0:9
	movw	r12, #52429
	vldr	s0, .LCPI0_0
	vldr	s2, .LCPI0_1
	movw	r2, :lower16:g_ADC2Volt
	movs	r0, #0
	movt	r12, #52428
	movt	r2, :upper16:g_ADC2Volt
.Ltmp15:
	.p2align	2
.LBB0_7:                                @ =>This Inner Loop Header: Depth=1
	@DEBUG_VALUE: HAL_ADC_ConvCpltCallback:hadc <- [DW_OP_LLVM_entry_value 1] $r0
	@DEBUG_VALUE: ii <- $r0
	.loc	2 43 22 is_stmt 1               @ ../Driver/ADC.c:43:22
	ldr.w	r3, [r4, r0, lsl #2]
	umull	r3, r1, r3, r12
	lsrs	r1, r1, #4
	.loc	2 44 25                         @ ../Driver/ADC.c:44:25
	vmov	s4, r1
	vcvt.f32.u32	s4, s4
	.loc	2 44 34 is_stmt 0               @ ../Driver/ADC.c:44:34
	vmul.f32	s4, s4, s0
	.loc	2 44 52                         @ ../Driver/ADC.c:44:52
	vmul.f32	s4, s4, s2
	.loc	2 44 24                         @ ../Driver/ADC.c:44:24
	vcvt.u32.f32	s4, s4
	vmov	r1, s4
	.loc	2 44 22                         @ ../Driver/ADC.c:44:22
	str.w	r1, [r4, r0, lsl #2]
	.loc	2 45 28 is_stmt 1               @ ../Driver/ADC.c:45:28
	strh.w	r1, [r2, r0, lsl #1]
.Ltmp16:
	.loc	2 41 57                         @ ../Driver/ADC.c:41:57
	adds	r0, #1
.Ltmp17:
	@DEBUG_VALUE: ii <- $r0
	.loc	2 41 9 is_stmt 0                @ ../Driver/ADC.c:41:9
	cmp	r0, #5
	bne	.LBB0_7
	b	.LBB0_14
.Ltmp18:
.LBB0_8:
	@DEBUG_VALUE: HAL_ADC_ConvCpltCallback:hadc <- $r0
	.loc	2 0 9                           @ ../Driver/ADC.c:0:9
	add	r4, sp, #4
.Ltmp19:
	.loc	2 12 9 is_stmt 1                @ ../Driver/ADC.c:12:9
	mov	r0, r4
.Ltmp20:
	@DEBUG_VALUE: HAL_ADC_ConvCpltCallback:hadc <- [DW_OP_LLVM_entry_value 1] $r0
	movs	r1, #20
	bl	__aeabi_memclr4
.Ltmp21:
	.loc	2 0 9 is_stmt 0                 @ ../Driver/ADC.c:0:9
	movw	r1, :lower16:g_ADC1_Buff
	mov.w	r12, #0
	movt	r1, :upper16:g_ADC1_Buff
	@DEBUG_VALUE: jj <- 0
.Ltmp22:
	.p2align	2
.LBB0_9:                                @ =>This Loop Header: Depth=1
                                        @     Child Loop BB0_10 Depth 2
	@DEBUG_VALUE: HAL_ADC_ConvCpltCallback:hadc <- [DW_OP_LLVM_entry_value 1] $r0
	movs	r2, #0
	@DEBUG_VALUE: ii <- 0
	@DEBUG_VALUE: jj <- $r12
.Ltmp23:
	.p2align	2
.LBB0_10:                               @   Parent Loop BB0_9 Depth=1
                                        @ =>  This Inner Loop Header: Depth=2
	@DEBUG_VALUE: jj <- $r12
	@DEBUG_VALUE: HAL_ADC_ConvCpltCallback:hadc <- [DW_OP_LLVM_entry_value 1] $r0
	@DEBUG_VALUE: ii <- $r2
	.loc	2 18 29 is_stmt 1               @ ../Driver/ADC.c:18:29
	ldrh.w	r3, [r1, r2, lsl #1]
	.loc	2 18 26 is_stmt 0               @ ../Driver/ADC.c:18:26
	ldr.w	r0, [r4, r2, lsl #2]
	add	r0, r3
	str.w	r0, [r4, r2, lsl #2]
.Ltmp24:
	.loc	2 16 61 is_stmt 1               @ ../Driver/ADC.c:16:61
	adds	r2, #1
.Ltmp25:
	@DEBUG_VALUE: ii <- $r2
	.loc	2 16 13 is_stmt 0               @ ../Driver/ADC.c:16:13
	cmp	r2, #5
	bne	.LBB0_10
.Ltmp26:
@ %bb.11:                               @   in Loop: Header=BB0_9 Depth=1
	@DEBUG_VALUE: jj <- $r12
	@DEBUG_VALUE: HAL_ADC_ConvCpltCallback:hadc <- [DW_OP_LLVM_entry_value 1] $r0
	.loc	2 14 52 is_stmt 1               @ ../Driver/ADC.c:14:52
	add.w	r12, r12, #1
.Ltmp27:
	@DEBUG_VALUE: jj <- $r12
	.loc	2 14 9 is_stmt 0                @ ../Driver/ADC.c:14:9
	cmp.w	r12, #20
	add.w	r1, r1, #10
	bne	.LBB0_9
.Ltmp28:
@ %bb.12:
	@DEBUG_VALUE: jj <- $r12
	@DEBUG_VALUE: HAL_ADC_ConvCpltCallback:hadc <- [DW_OP_LLVM_entry_value 1] $r0
	.loc	2 0 9                           @ ../Driver/ADC.c:0:9
	movw	r12, #52429
	vldr	s0, .LCPI0_0
	vldr	s2, .LCPI0_1
	movw	r2, :lower16:g_ADC1Volt
	movs	r0, #0
	movt	r12, #52428
	movt	r2, :upper16:g_ADC1Volt
.Ltmp29:
	.p2align	2
.LBB0_13:                               @ =>This Inner Loop Header: Depth=1
	@DEBUG_VALUE: HAL_ADC_ConvCpltCallback:hadc <- [DW_OP_LLVM_entry_value 1] $r0
	@DEBUG_VALUE: ii <- $r0
	.loc	2 24 22 is_stmt 1               @ ../Driver/ADC.c:24:22
	ldr.w	r3, [r4, r0, lsl #2]
	umull	r3, r1, r3, r12
	lsrs	r1, r1, #4
	.loc	2 25 25                         @ ../Driver/ADC.c:25:25
	vmov	s4, r1
	vcvt.f32.u32	s4, s4
	.loc	2 25 34 is_stmt 0               @ ../Driver/ADC.c:25:34
	vmul.f32	s4, s4, s0
	.loc	2 25 52                         @ ../Driver/ADC.c:25:52
	vmul.f32	s4, s4, s2
	.loc	2 25 24                         @ ../Driver/ADC.c:25:24
	vcvt.u32.f32	s4, s4
	vmov	r1, s4
	.loc	2 25 22                         @ ../Driver/ADC.c:25:22
	str.w	r1, [r4, r0, lsl #2]
	.loc	2 26 28 is_stmt 1               @ ../Driver/ADC.c:26:28
	strh.w	r1, [r2, r0, lsl #1]
.Ltmp30:
	.loc	2 22 57                         @ ../Driver/ADC.c:22:57
	adds	r0, #1
.Ltmp31:
	@DEBUG_VALUE: ii <- $r0
	.loc	2 22 9 is_stmt 0                @ ../Driver/ADC.c:22:9
	cmp	r0, #5
	bne	.LBB0_13
.Ltmp32:
.LBB0_14:
	.loc	2 48 1 is_stmt 1                @ ../Driver/ADC.c:48:1
	add	sp, #24
	pop	{r4, pc}
.Ltmp33:
	.p2align	2
@ %bb.15:
	.loc	2 0 1 is_stmt 0                 @ ../Driver/ADC.c:0:1
.LCPI0_0:
	.long	0x39800000                      @ float 2.44140625E-4
.LCPI0_1:
	.long	0x454e4000                      @ float 3300
.Lfunc_end0:
	.size	HAL_ADC_ConvCpltCallback, .Lfunc_end0-HAL_ADC_ConvCpltCallback
	.cfi_endproc
	.cantunwind
	.fnend
                                        @ -- End function
	.hidden	g_ADC1Volt                      @ @g_ADC1Volt
	.type	g_ADC1Volt,%object
	.section	.bss.g_ADC1Volt,"aw",%nobits
	.globl	g_ADC1Volt
	.p2align	1
g_ADC1Volt:
	.zero	10
	.size	g_ADC1Volt, 10

	.hidden	g_ADC2Volt                      @ @g_ADC2Volt
	.type	g_ADC2Volt,%object
	.section	.bss.g_ADC2Volt,"aw",%nobits
	.globl	g_ADC2Volt
	.p2align	1
g_ADC2Volt:
	.zero	10
	.size	g_ADC2Volt, 10

	.file	7 "D:\\Keil MDK\\ARM\\ARMCLANG\\Bin\\..\\include" "stdint.h"
	.file	8 "C:\\Users\\Hyacincher\\Desktop\\HyTelectrl\\Code\\Project" "../Library/CMSIS/stm32f429xx.h"
	.file	9 "C:\\Users\\Hyacincher\\Desktop\\HyTelectrl\\Code\\Project" "../Library/STM32F4xx_HAL_Driver/Inc\\stm32f4xx_hal_adc.h"
	.section	.debug_loc,"",%progbits
.Ldebug_loc0:
	.long	.Lfunc_begin0-.Lfunc_begin0
	.long	.Ltmp6-.Lfunc_begin0
	.short	1                               @ Loc expr size
	.byte	80                              @ DW_OP_reg0
	.long	.Ltmp6-.Lfunc_begin0
	.long	.Ltmp18-.Lfunc_begin0
	.short	4                               @ Loc expr size
	.byte	243                             @ DW_OP_GNU_entry_value
	.byte	1                               @ 1
	.byte	80                              @ DW_OP_reg0
	.byte	159                             @ DW_OP_stack_value
	.long	.Ltmp18-.Lfunc_begin0
	.long	.Ltmp20-.Lfunc_begin0
	.short	1                               @ Loc expr size
	.byte	80                              @ DW_OP_reg0
	.long	.Ltmp20-.Lfunc_begin0
	.long	.Ltmp32-.Lfunc_begin0
	.short	4                               @ Loc expr size
	.byte	243                             @ DW_OP_GNU_entry_value
	.byte	1                               @ 1
	.byte	80                              @ DW_OP_reg0
	.byte	159                             @ DW_OP_stack_value
	.long	0
	.long	0
	.section	.debug_abbrev,"",%progbits
	.byte	1                               @ Abbreviation Code
	.byte	17                              @ DW_TAG_compile_unit
	.byte	1                               @ DW_CHILDREN_yes
	.byte	37                              @ DW_AT_producer
	.byte	14                              @ DW_FORM_strp
	.byte	19                              @ DW_AT_language
	.byte	5                               @ DW_FORM_data2
	.byte	3                               @ DW_AT_name
	.byte	14                              @ DW_FORM_strp
	.byte	16                              @ DW_AT_stmt_list
	.byte	23                              @ DW_FORM_sec_offset
	.byte	27                              @ DW_AT_comp_dir
	.byte	14                              @ DW_FORM_strp
	.byte	17                              @ DW_AT_low_pc
	.byte	1                               @ DW_FORM_addr
	.byte	18                              @ DW_AT_high_pc
	.byte	6                               @ DW_FORM_data4
	.byte	0                               @ EOM(1)
	.byte	0                               @ EOM(2)
	.byte	2                               @ Abbreviation Code
	.byte	52                              @ DW_TAG_variable
	.byte	0                               @ DW_CHILDREN_no
	.byte	3                               @ DW_AT_name
	.byte	14                              @ DW_FORM_strp
	.byte	73                              @ DW_AT_type
	.byte	19                              @ DW_FORM_ref4
	.byte	63                              @ DW_AT_external
	.byte	25                              @ DW_FORM_flag_present
	.byte	58                              @ DW_AT_decl_file
	.byte	11                              @ DW_FORM_data1
	.byte	59                              @ DW_AT_decl_line
	.byte	11                              @ DW_FORM_data1
	.byte	2                               @ DW_AT_location
	.byte	24                              @ DW_FORM_exprloc
	.byte	0                               @ EOM(1)
	.byte	0                               @ EOM(2)
	.byte	3                               @ Abbreviation Code
	.byte	1                               @ DW_TAG_array_type
	.byte	1                               @ DW_CHILDREN_yes
	.byte	73                              @ DW_AT_type
	.byte	19                              @ DW_FORM_ref4
	.byte	0                               @ EOM(1)
	.byte	0                               @ EOM(2)
	.byte	4                               @ Abbreviation Code
	.byte	33                              @ DW_TAG_subrange_type
	.byte	0                               @ DW_CHILDREN_no
	.byte	73                              @ DW_AT_type
	.byte	19                              @ DW_FORM_ref4
	.byte	55                              @ DW_AT_count
	.byte	11                              @ DW_FORM_data1
	.byte	0                               @ EOM(1)
	.byte	0                               @ EOM(2)
	.byte	5                               @ Abbreviation Code
	.byte	53                              @ DW_TAG_volatile_type
	.byte	0                               @ DW_CHILDREN_no
	.byte	73                              @ DW_AT_type
	.byte	19                              @ DW_FORM_ref4
	.byte	0                               @ EOM(1)
	.byte	0                               @ EOM(2)
	.byte	6                               @ Abbreviation Code
	.byte	22                              @ DW_TAG_typedef
	.byte	0                               @ DW_CHILDREN_no
	.byte	73                              @ DW_AT_type
	.byte	19                              @ DW_FORM_ref4
	.byte	3                               @ DW_AT_name
	.byte	14                              @ DW_FORM_strp
	.byte	58                              @ DW_AT_decl_file
	.byte	11                              @ DW_FORM_data1
	.byte	59                              @ DW_AT_decl_line
	.byte	11                              @ DW_FORM_data1
	.byte	0                               @ EOM(1)
	.byte	0                               @ EOM(2)
	.byte	7                               @ Abbreviation Code
	.byte	36                              @ DW_TAG_base_type
	.byte	0                               @ DW_CHILDREN_no
	.byte	3                               @ DW_AT_name
	.byte	14                              @ DW_FORM_strp
	.byte	62                              @ DW_AT_encoding
	.byte	11                              @ DW_FORM_data1
	.byte	11                              @ DW_AT_byte_size
	.byte	11                              @ DW_FORM_data1
	.byte	0                               @ EOM(1)
	.byte	0                               @ EOM(2)
	.byte	8                               @ Abbreviation Code
	.byte	36                              @ DW_TAG_base_type
	.byte	0                               @ DW_CHILDREN_no
	.byte	3                               @ DW_AT_name
	.byte	14                              @ DW_FORM_strp
	.byte	11                              @ DW_AT_byte_size
	.byte	11                              @ DW_FORM_data1
	.byte	62                              @ DW_AT_encoding
	.byte	11                              @ DW_FORM_data1
	.byte	0                               @ EOM(1)
	.byte	0                               @ EOM(2)
	.byte	9                               @ Abbreviation Code
	.byte	4                               @ DW_TAG_enumeration_type
	.byte	1                               @ DW_CHILDREN_yes
	.byte	73                              @ DW_AT_type
	.byte	19                              @ DW_FORM_ref4
	.byte	11                              @ DW_AT_byte_size
	.byte	11                              @ DW_FORM_data1
	.byte	58                              @ DW_AT_decl_file
	.byte	11                              @ DW_FORM_data1
	.byte	59                              @ DW_AT_decl_line
	.byte	11                              @ DW_FORM_data1
	.byte	0                               @ EOM(1)
	.byte	0                               @ EOM(2)
	.byte	10                              @ Abbreviation Code
	.byte	40                              @ DW_TAG_enumerator
	.byte	0                               @ DW_CHILDREN_no
	.byte	3                               @ DW_AT_name
	.byte	14                              @ DW_FORM_strp
	.byte	28                              @ DW_AT_const_value
	.byte	15                              @ DW_FORM_udata
	.byte	0                               @ EOM(1)
	.byte	0                               @ EOM(2)
	.byte	11                              @ Abbreviation Code
	.byte	46                              @ DW_TAG_subprogram
	.byte	1                               @ DW_CHILDREN_yes
	.byte	17                              @ DW_AT_low_pc
	.byte	1                               @ DW_FORM_addr
	.byte	18                              @ DW_AT_high_pc
	.byte	6                               @ DW_FORM_data4
	.byte	64                              @ DW_AT_frame_base
	.byte	24                              @ DW_FORM_exprloc
	.ascii	"\227B"                         @ DW_AT_GNU_all_call_sites
	.byte	25                              @ DW_FORM_flag_present
	.byte	3                               @ DW_AT_name
	.byte	14                              @ DW_FORM_strp
	.byte	58                              @ DW_AT_decl_file
	.byte	11                              @ DW_FORM_data1
	.byte	59                              @ DW_AT_decl_line
	.byte	11                              @ DW_FORM_data1
	.byte	39                              @ DW_AT_prototyped
	.byte	25                              @ DW_FORM_flag_present
	.byte	63                              @ DW_AT_external
	.byte	25                              @ DW_FORM_flag_present
	.byte	0                               @ EOM(1)
	.byte	0                               @ EOM(2)
	.byte	12                              @ Abbreviation Code
	.byte	5                               @ DW_TAG_formal_parameter
	.byte	0                               @ DW_CHILDREN_no
	.byte	2                               @ DW_AT_location
	.byte	23                              @ DW_FORM_sec_offset
	.byte	3                               @ DW_AT_name
	.byte	14                              @ DW_FORM_strp
	.byte	58                              @ DW_AT_decl_file
	.byte	11                              @ DW_FORM_data1
	.byte	59                              @ DW_AT_decl_line
	.byte	11                              @ DW_FORM_data1
	.byte	73                              @ DW_AT_type
	.byte	19                              @ DW_FORM_ref4
	.byte	0                               @ EOM(1)
	.byte	0                               @ EOM(2)
	.byte	13                              @ Abbreviation Code
	.byte	52                              @ DW_TAG_variable
	.byte	0                               @ DW_CHILDREN_no
	.byte	2                               @ DW_AT_location
	.byte	24                              @ DW_FORM_exprloc
	.byte	3                               @ DW_AT_name
	.byte	14                              @ DW_FORM_strp
	.byte	58                              @ DW_AT_decl_file
	.byte	11                              @ DW_FORM_data1
	.byte	59                              @ DW_AT_decl_line
	.byte	11                              @ DW_FORM_data1
	.byte	73                              @ DW_AT_type
	.byte	19                              @ DW_FORM_ref4
	.byte	0                               @ EOM(1)
	.byte	0                               @ EOM(2)
	.byte	14                              @ Abbreviation Code
	.byte	11                              @ DW_TAG_lexical_block
	.byte	1                               @ DW_CHILDREN_yes
	.byte	17                              @ DW_AT_low_pc
	.byte	1                               @ DW_FORM_addr
	.byte	18                              @ DW_AT_high_pc
	.byte	6                               @ DW_FORM_data4
	.byte	0                               @ EOM(1)
	.byte	0                               @ EOM(2)
	.byte	15                              @ Abbreviation Code
	.byte	15                              @ DW_TAG_pointer_type
	.byte	0                               @ DW_CHILDREN_no
	.byte	73                              @ DW_AT_type
	.byte	19                              @ DW_FORM_ref4
	.byte	0                               @ EOM(1)
	.byte	0                               @ EOM(2)
	.byte	16                              @ Abbreviation Code
	.byte	19                              @ DW_TAG_structure_type
	.byte	1                               @ DW_CHILDREN_yes
	.byte	11                              @ DW_AT_byte_size
	.byte	11                              @ DW_FORM_data1
	.byte	58                              @ DW_AT_decl_file
	.byte	11                              @ DW_FORM_data1
	.byte	59                              @ DW_AT_decl_line
	.byte	11                              @ DW_FORM_data1
	.byte	0                               @ EOM(1)
	.byte	0                               @ EOM(2)
	.byte	17                              @ Abbreviation Code
	.byte	13                              @ DW_TAG_member
	.byte	0                               @ DW_CHILDREN_no
	.byte	3                               @ DW_AT_name
	.byte	14                              @ DW_FORM_strp
	.byte	73                              @ DW_AT_type
	.byte	19                              @ DW_FORM_ref4
	.byte	58                              @ DW_AT_decl_file
	.byte	11                              @ DW_FORM_data1
	.byte	59                              @ DW_AT_decl_line
	.byte	11                              @ DW_FORM_data1
	.byte	56                              @ DW_AT_data_member_location
	.byte	11                              @ DW_FORM_data1
	.byte	0                               @ EOM(1)
	.byte	0                               @ EOM(2)
	.byte	18                              @ Abbreviation Code
	.byte	19                              @ DW_TAG_structure_type
	.byte	1                               @ DW_CHILDREN_yes
	.byte	3                               @ DW_AT_name
	.byte	14                              @ DW_FORM_strp
	.byte	11                              @ DW_AT_byte_size
	.byte	11                              @ DW_FORM_data1
	.byte	58                              @ DW_AT_decl_file
	.byte	11                              @ DW_FORM_data1
	.byte	59                              @ DW_AT_decl_line
	.byte	11                              @ DW_FORM_data1
	.byte	0                               @ EOM(1)
	.byte	0                               @ EOM(2)
	.byte	19                              @ Abbreviation Code
	.byte	22                              @ DW_TAG_typedef
	.byte	0                               @ DW_CHILDREN_no
	.byte	73                              @ DW_AT_type
	.byte	19                              @ DW_FORM_ref4
	.byte	3                               @ DW_AT_name
	.byte	14                              @ DW_FORM_strp
	.byte	58                              @ DW_AT_decl_file
	.byte	11                              @ DW_FORM_data1
	.byte	59                              @ DW_AT_decl_line
	.byte	5                               @ DW_FORM_data2
	.byte	0                               @ EOM(1)
	.byte	0                               @ EOM(2)
	.byte	20                              @ Abbreviation Code
	.byte	19                              @ DW_TAG_structure_type
	.byte	1                               @ DW_CHILDREN_yes
	.byte	11                              @ DW_AT_byte_size
	.byte	11                              @ DW_FORM_data1
	.byte	58                              @ DW_AT_decl_file
	.byte	11                              @ DW_FORM_data1
	.byte	59                              @ DW_AT_decl_line
	.byte	5                               @ DW_FORM_data2
	.byte	0                               @ EOM(1)
	.byte	0                               @ EOM(2)
	.byte	21                              @ Abbreviation Code
	.byte	13                              @ DW_TAG_member
	.byte	0                               @ DW_CHILDREN_no
	.byte	3                               @ DW_AT_name
	.byte	14                              @ DW_FORM_strp
	.byte	73                              @ DW_AT_type
	.byte	19                              @ DW_FORM_ref4
	.byte	58                              @ DW_AT_decl_file
	.byte	11                              @ DW_FORM_data1
	.byte	59                              @ DW_AT_decl_line
	.byte	5                               @ DW_FORM_data2
	.byte	56                              @ DW_AT_data_member_location
	.byte	11                              @ DW_FORM_data1
	.byte	0                               @ EOM(1)
	.byte	0                               @ EOM(2)
	.byte	22                              @ Abbreviation Code
	.byte	15                              @ DW_TAG_pointer_type
	.byte	0                               @ DW_CHILDREN_no
	.byte	0                               @ EOM(1)
	.byte	0                               @ EOM(2)
	.byte	23                              @ Abbreviation Code
	.byte	21                              @ DW_TAG_subroutine_type
	.byte	1                               @ DW_CHILDREN_yes
	.byte	39                              @ DW_AT_prototyped
	.byte	25                              @ DW_FORM_flag_present
	.byte	0                               @ EOM(1)
	.byte	0                               @ EOM(2)
	.byte	24                              @ Abbreviation Code
	.byte	5                               @ DW_TAG_formal_parameter
	.byte	0                               @ DW_CHILDREN_no
	.byte	73                              @ DW_AT_type
	.byte	19                              @ DW_FORM_ref4
	.byte	0                               @ EOM(1)
	.byte	0                               @ EOM(2)
	.byte	0                               @ EOM(3)
	.section	.debug_info,"",%progbits
.Lcu_begin0:
	.long	.Ldebug_info_end0-.Ldebug_info_start0 @ Length of Unit
.Ldebug_info_start0:
	.short	4                               @ DWARF version number
	.long	.debug_abbrev                   @ Offset Into Abbrev. Section
	.byte	4                               @ Address Size (in bytes)
	.byte	1                               @ Abbrev [1] 0xb:0x621 DW_TAG_compile_unit
	.long	.Linfo_string0                  @ DW_AT_producer
	.short	12                              @ DW_AT_language
	.long	.Linfo_string1                  @ DW_AT_name
	.long	.Lline_table_start0             @ DW_AT_stmt_list
	.long	.Linfo_string2                  @ DW_AT_comp_dir
	.long	.Lfunc_begin0                   @ DW_AT_low_pc
	.long	.Lfunc_end0-.Lfunc_begin0       @ DW_AT_high_pc
	.byte	2                               @ Abbrev [2] 0x26:0x11 DW_TAG_variable
	.long	.Linfo_string3                  @ DW_AT_name
	.long	55                              @ DW_AT_type
                                        @ DW_AT_external
	.byte	2                               @ DW_AT_decl_file
	.byte	3                               @ DW_AT_decl_line
	.byte	5                               @ DW_AT_location
	.byte	3
	.long	g_ADC1Volt
	.byte	3                               @ Abbrev [3] 0x37:0xc DW_TAG_array_type
	.long	67                              @ DW_AT_type
	.byte	4                               @ Abbrev [4] 0x3c:0x6 DW_TAG_subrange_type
	.long	90                              @ DW_AT_type
	.byte	5                               @ DW_AT_count
	.byte	0                               @ End Of Children Mark
	.byte	5                               @ Abbrev [5] 0x43:0x5 DW_TAG_volatile_type
	.long	72                              @ DW_AT_type
	.byte	6                               @ Abbrev [6] 0x48:0xb DW_TAG_typedef
	.long	83                              @ DW_AT_type
	.long	.Linfo_string5                  @ DW_AT_name
	.byte	1                               @ DW_AT_decl_file
	.byte	10                              @ DW_AT_decl_line
	.byte	7                               @ Abbrev [7] 0x53:0x7 DW_TAG_base_type
	.long	.Linfo_string4                  @ DW_AT_name
	.byte	7                               @ DW_AT_encoding
	.byte	2                               @ DW_AT_byte_size
	.byte	8                               @ Abbrev [8] 0x5a:0x7 DW_TAG_base_type
	.long	.Linfo_string6                  @ DW_AT_name
	.byte	8                               @ DW_AT_byte_size
	.byte	7                               @ DW_AT_encoding
	.byte	2                               @ Abbrev [2] 0x61:0x11 DW_TAG_variable
	.long	.Linfo_string7                  @ DW_AT_name
	.long	55                              @ DW_AT_type
                                        @ DW_AT_external
	.byte	2                               @ DW_AT_decl_file
	.byte	4                               @ DW_AT_decl_line
	.byte	5                               @ DW_AT_location
	.byte	3
	.long	g_ADC2Volt
	.byte	9                               @ Abbrev [9] 0x72:0x15 DW_TAG_enumeration_type
	.long	135                             @ DW_AT_type
	.byte	1                               @ DW_AT_byte_size
	.byte	3                               @ DW_AT_decl_file
	.byte	191                             @ DW_AT_decl_line
	.byte	10                              @ Abbrev [10] 0x7a:0x6 DW_TAG_enumerator
	.long	.Linfo_string9                  @ DW_AT_name
	.byte	0                               @ DW_AT_const_value
	.byte	10                              @ Abbrev [10] 0x80:0x6 DW_TAG_enumerator
	.long	.Linfo_string10                 @ DW_AT_name
	.byte	1                               @ DW_AT_const_value
	.byte	0                               @ End Of Children Mark
	.byte	7                               @ Abbrev [7] 0x87:0x7 DW_TAG_base_type
	.long	.Linfo_string8                  @ DW_AT_name
	.byte	8                               @ DW_AT_encoding
	.byte	1                               @ DW_AT_byte_size
	.byte	9                               @ Abbrev [9] 0x8e:0x15 DW_TAG_enumeration_type
	.long	135                             @ DW_AT_type
	.byte	1                               @ DW_AT_byte_size
	.byte	4                               @ DW_AT_decl_file
	.byte	50                              @ DW_AT_decl_line
	.byte	10                              @ Abbrev [10] 0x96:0x6 DW_TAG_enumerator
	.long	.Linfo_string11                 @ DW_AT_name
	.byte	0                               @ DW_AT_const_value
	.byte	10                              @ Abbrev [10] 0x9c:0x6 DW_TAG_enumerator
	.long	.Linfo_string12                 @ DW_AT_name
	.byte	1                               @ DW_AT_const_value
	.byte	0                               @ End Of Children Mark
	.byte	9                               @ Abbrev [9] 0xa3:0x2d DW_TAG_enumeration_type
	.long	135                             @ DW_AT_type
	.byte	1                               @ DW_AT_byte_size
	.byte	5                               @ DW_AT_decl_file
	.byte	103                             @ DW_AT_decl_line
	.byte	10                              @ Abbrev [10] 0xab:0x6 DW_TAG_enumerator
	.long	.Linfo_string13                 @ DW_AT_name
	.byte	0                               @ DW_AT_const_value
	.byte	10                              @ Abbrev [10] 0xb1:0x6 DW_TAG_enumerator
	.long	.Linfo_string14                 @ DW_AT_name
	.byte	1                               @ DW_AT_const_value
	.byte	10                              @ Abbrev [10] 0xb7:0x6 DW_TAG_enumerator
	.long	.Linfo_string15                 @ DW_AT_name
	.byte	2                               @ DW_AT_const_value
	.byte	10                              @ Abbrev [10] 0xbd:0x6 DW_TAG_enumerator
	.long	.Linfo_string16                 @ DW_AT_name
	.byte	3                               @ DW_AT_const_value
	.byte	10                              @ Abbrev [10] 0xc3:0x6 DW_TAG_enumerator
	.long	.Linfo_string17                 @ DW_AT_name
	.byte	4                               @ DW_AT_const_value
	.byte	10                              @ Abbrev [10] 0xc9:0x6 DW_TAG_enumerator
	.long	.Linfo_string18                 @ DW_AT_name
	.byte	5                               @ DW_AT_const_value
	.byte	0                               @ End Of Children Mark
	.byte	9                               @ Abbrev [9] 0xd0:0x2d DW_TAG_enumeration_type
	.long	135                             @ DW_AT_type
	.byte	1                               @ DW_AT_byte_size
	.byte	6                               @ DW_AT_decl_file
	.byte	107                             @ DW_AT_decl_line
	.byte	10                              @ Abbrev [10] 0xd8:0x6 DW_TAG_enumerator
	.long	.Linfo_string19                 @ DW_AT_name
	.byte	0                               @ DW_AT_const_value
	.byte	10                              @ Abbrev [10] 0xde:0x6 DW_TAG_enumerator
	.long	.Linfo_string20                 @ DW_AT_name
	.byte	1                               @ DW_AT_const_value
	.byte	10                              @ Abbrev [10] 0xe4:0x6 DW_TAG_enumerator
	.long	.Linfo_string21                 @ DW_AT_name
	.byte	2                               @ DW_AT_const_value
	.byte	10                              @ Abbrev [10] 0xea:0x6 DW_TAG_enumerator
	.long	.Linfo_string22                 @ DW_AT_name
	.byte	3                               @ DW_AT_const_value
	.byte	10                              @ Abbrev [10] 0xf0:0x6 DW_TAG_enumerator
	.long	.Linfo_string23                 @ DW_AT_name
	.byte	4                               @ DW_AT_const_value
	.byte	10                              @ Abbrev [10] 0xf6:0x6 DW_TAG_enumerator
	.long	.Linfo_string24                 @ DW_AT_name
	.byte	5                               @ DW_AT_const_value
	.byte	0                               @ End Of Children Mark
	.byte	9                               @ Abbrev [9] 0xfd:0x2d DW_TAG_enumeration_type
	.long	135                             @ DW_AT_type
	.byte	1                               @ DW_AT_byte_size
	.byte	6                               @ DW_AT_decl_file
	.byte	117                             @ DW_AT_decl_line
	.byte	10                              @ Abbrev [10] 0x105:0x6 DW_TAG_enumerator
	.long	.Linfo_string25                 @ DW_AT_name
	.byte	0                               @ DW_AT_const_value
	.byte	10                              @ Abbrev [10] 0x10b:0x6 DW_TAG_enumerator
	.long	.Linfo_string26                 @ DW_AT_name
	.byte	1                               @ DW_AT_const_value
	.byte	10                              @ Abbrev [10] 0x111:0x6 DW_TAG_enumerator
	.long	.Linfo_string27                 @ DW_AT_name
	.byte	2                               @ DW_AT_const_value
	.byte	10                              @ Abbrev [10] 0x117:0x6 DW_TAG_enumerator
	.long	.Linfo_string28                 @ DW_AT_name
	.byte	3                               @ DW_AT_const_value
	.byte	10                              @ Abbrev [10] 0x11d:0x6 DW_TAG_enumerator
	.long	.Linfo_string29                 @ DW_AT_name
	.byte	4                               @ DW_AT_const_value
	.byte	10                              @ Abbrev [10] 0x123:0x6 DW_TAG_enumerator
	.long	.Linfo_string30                 @ DW_AT_name
	.byte	5                               @ DW_AT_const_value
	.byte	0                               @ End Of Children Mark
	.byte	11                              @ Abbrev [11] 0x12a:0xc7 DW_TAG_subprogram
	.long	.Lfunc_begin0                   @ DW_AT_low_pc
	.long	.Lfunc_end0-.Lfunc_begin0       @ DW_AT_high_pc
	.byte	1                               @ DW_AT_frame_base
	.byte	93
                                        @ DW_AT_GNU_all_call_sites
	.long	.Linfo_string31                 @ DW_AT_name
	.byte	2                               @ DW_AT_decl_file
	.byte	6                               @ DW_AT_decl_line
                                        @ DW_AT_prototyped
                                        @ DW_AT_external
	.byte	12                              @ Abbrev [12] 0x13b:0xf DW_TAG_formal_parameter
	.long	.Ldebug_loc0                    @ DW_AT_location
	.long	.Linfo_string36                 @ DW_AT_name
	.byte	2                               @ DW_AT_decl_file
	.byte	6                               @ DW_AT_decl_line
	.long	527                             @ DW_AT_type
	.byte	13                              @ Abbrev [13] 0x14a:0xe DW_TAG_variable
	.byte	2                               @ DW_AT_location
	.byte	145
	.byte	4
	.long	.Linfo_string32                 @ DW_AT_name
	.byte	2                               @ DW_AT_decl_file
	.byte	8                               @ DW_AT_decl_line
	.long	497                             @ DW_AT_type
	.byte	13                              @ Abbrev [13] 0x158:0xe DW_TAG_variable
	.byte	2                               @ DW_AT_location
	.byte	145
	.byte	4
	.long	.Linfo_string35                 @ DW_AT_name
	.byte	2                               @ DW_AT_decl_file
	.byte	8                               @ DW_AT_decl_line
	.long	497                             @ DW_AT_type
	.byte	14                              @ Abbrev [14] 0x166:0x2e DW_TAG_lexical_block
	.long	.Ltmp9                          @ DW_AT_low_pc
	.long	.Ltmp14-.Ltmp9                  @ DW_AT_high_pc
	.byte	13                              @ Abbrev [13] 0x16f:0xd DW_TAG_variable
	.byte	1                               @ DW_AT_location
	.byte	92
	.long	.Linfo_string114                @ DW_AT_name
	.byte	2                               @ DW_AT_decl_file
	.byte	33                              @ DW_AT_decl_line
	.long	72                              @ DW_AT_type
	.byte	14                              @ Abbrev [14] 0x17c:0x17 DW_TAG_lexical_block
	.long	.Ltmp9                          @ DW_AT_low_pc
	.long	.Ltmp12-.Ltmp9                  @ DW_AT_high_pc
	.byte	13                              @ Abbrev [13] 0x185:0xd DW_TAG_variable
	.byte	1                               @ DW_AT_location
	.byte	82
	.long	.Linfo_string115                @ DW_AT_name
	.byte	2                               @ DW_AT_decl_file
	.byte	35                              @ DW_AT_decl_line
	.long	72                              @ DW_AT_type
	.byte	0                               @ End Of Children Mark
	.byte	0                               @ End Of Children Mark
	.byte	14                              @ Abbrev [14] 0x194:0x17 DW_TAG_lexical_block
	.long	.Ltmp15                         @ DW_AT_low_pc
	.long	.Ltmp18-.Ltmp15                 @ DW_AT_high_pc
	.byte	13                              @ Abbrev [13] 0x19d:0xd DW_TAG_variable
	.byte	1                               @ DW_AT_location
	.byte	80
	.long	.Linfo_string115                @ DW_AT_name
	.byte	2                               @ DW_AT_decl_file
	.byte	41                              @ DW_AT_decl_line
	.long	72                              @ DW_AT_type
	.byte	0                               @ End Of Children Mark
	.byte	14                              @ Abbrev [14] 0x1ab:0x2e DW_TAG_lexical_block
	.long	.Ltmp23                         @ DW_AT_low_pc
	.long	.Ltmp28-.Ltmp23                 @ DW_AT_high_pc
	.byte	13                              @ Abbrev [13] 0x1b4:0xd DW_TAG_variable
	.byte	1                               @ DW_AT_location
	.byte	92
	.long	.Linfo_string114                @ DW_AT_name
	.byte	2                               @ DW_AT_decl_file
	.byte	14                              @ DW_AT_decl_line
	.long	72                              @ DW_AT_type
	.byte	14                              @ Abbrev [14] 0x1c1:0x17 DW_TAG_lexical_block
	.long	.Ltmp23                         @ DW_AT_low_pc
	.long	.Ltmp26-.Ltmp23                 @ DW_AT_high_pc
	.byte	13                              @ Abbrev [13] 0x1ca:0xd DW_TAG_variable
	.byte	1                               @ DW_AT_location
	.byte	82
	.long	.Linfo_string115                @ DW_AT_name
	.byte	2                               @ DW_AT_decl_file
	.byte	16                              @ DW_AT_decl_line
	.long	72                              @ DW_AT_type
	.byte	0                               @ End Of Children Mark
	.byte	0                               @ End Of Children Mark
	.byte	14                              @ Abbrev [14] 0x1d9:0x17 DW_TAG_lexical_block
	.long	.Ltmp29                         @ DW_AT_low_pc
	.long	.Ltmp32-.Ltmp29                 @ DW_AT_high_pc
	.byte	13                              @ Abbrev [13] 0x1e2:0xd DW_TAG_variable
	.byte	1                               @ DW_AT_location
	.byte	80
	.long	.Linfo_string115                @ DW_AT_name
	.byte	2                               @ DW_AT_decl_file
	.byte	22                              @ DW_AT_decl_line
	.long	72                              @ DW_AT_type
	.byte	0                               @ End Of Children Mark
	.byte	0                               @ End Of Children Mark
	.byte	3                               @ Abbrev [3] 0x1f1:0xc DW_TAG_array_type
	.long	509                             @ DW_AT_type
	.byte	4                               @ Abbrev [4] 0x1f6:0x6 DW_TAG_subrange_type
	.long	90                              @ DW_AT_type
	.byte	5                               @ DW_AT_count
	.byte	0                               @ End Of Children Mark
	.byte	6                               @ Abbrev [6] 0x1fd:0xb DW_TAG_typedef
	.long	520                             @ DW_AT_type
	.long	.Linfo_string34                 @ DW_AT_name
	.byte	1                               @ DW_AT_decl_file
	.byte	12                              @ DW_AT_decl_line
	.byte	7                               @ Abbrev [7] 0x208:0x7 DW_TAG_base_type
	.long	.Linfo_string33                 @ DW_AT_name
	.byte	7                               @ DW_AT_encoding
	.byte	4                               @ DW_AT_byte_size
	.byte	15                              @ Abbrev [15] 0x20f:0x5 DW_TAG_pointer_type
	.long	532                             @ DW_AT_type
	.byte	6                               @ Abbrev [6] 0x214:0xb DW_TAG_typedef
	.long	543                             @ DW_AT_type
	.long	.Linfo_string113                @ DW_AT_name
	.byte	9                               @ DW_AT_decl_file
	.byte	221                             @ DW_AT_decl_line
	.byte	16                              @ Abbrev [16] 0x21f:0x59 DW_TAG_structure_type
	.byte	72                              @ DW_AT_byte_size
	.byte	9                               @ DW_AT_decl_file
	.byte	196                             @ DW_AT_decl_line
	.byte	17                              @ Abbrev [17] 0x223:0xc DW_TAG_member
	.long	.Linfo_string37                 @ DW_AT_name
	.long	632                             @ DW_AT_type
	.byte	9                               @ DW_AT_decl_file
	.byte	199                             @ DW_AT_decl_line
	.byte	0                               @ DW_AT_data_member_location
	.byte	17                              @ Abbrev [17] 0x22f:0xc DW_TAG_member
	.long	.Linfo_string60                 @ DW_AT_name
	.long	909                             @ DW_AT_type
	.byte	9                               @ DW_AT_decl_file
	.byte	201                             @ DW_AT_decl_line
	.byte	4                               @ DW_AT_data_member_location
	.byte	17                              @ Abbrev [17] 0x23b:0xc DW_TAG_member
	.long	.Linfo_string75                 @ DW_AT_name
	.long	893                             @ DW_AT_type
	.byte	9                               @ DW_AT_decl_file
	.byte	203                             @ DW_AT_decl_line
	.byte	52                              @ DW_AT_data_member_location
	.byte	17                              @ Abbrev [17] 0x247:0xc DW_TAG_member
	.long	.Linfo_string76                 @ DW_AT_name
	.long	1080                            @ DW_AT_type
	.byte	9                               @ DW_AT_decl_file
	.byte	205                             @ DW_AT_decl_line
	.byte	56                              @ DW_AT_data_member_location
	.byte	17                              @ Abbrev [17] 0x253:0xc DW_TAG_member
	.long	.Linfo_string97                 @ DW_AT_name
	.long	1534                            @ DW_AT_type
	.byte	9                               @ DW_AT_decl_file
	.byte	207                             @ DW_AT_decl_line
	.byte	60                              @ DW_AT_data_member_location
	.byte	17                              @ Abbrev [17] 0x25f:0xc DW_TAG_member
	.long	.Linfo_string99                 @ DW_AT_name
	.long	893                             @ DW_AT_type
	.byte	9                               @ DW_AT_decl_file
	.byte	209                             @ DW_AT_decl_line
	.byte	64                              @ DW_AT_data_member_location
	.byte	17                              @ Abbrev [17] 0x26b:0xc DW_TAG_member
	.long	.Linfo_string108                @ DW_AT_name
	.long	893                             @ DW_AT_type
	.byte	9                               @ DW_AT_decl_file
	.byte	211                             @ DW_AT_decl_line
	.byte	68                              @ DW_AT_data_member_location
	.byte	0                               @ End Of Children Mark
	.byte	15                              @ Abbrev [15] 0x278:0x5 DW_TAG_pointer_type
	.long	637                             @ DW_AT_type
	.byte	6                               @ Abbrev [6] 0x27d:0xb DW_TAG_typedef
	.long	648                             @ DW_AT_type
	.long	.Linfo_string59                 @ DW_AT_name
	.byte	8                               @ DW_AT_decl_file
	.byte	208                             @ DW_AT_decl_line
	.byte	16                              @ Abbrev [16] 0x288:0xf5 DW_TAG_structure_type
	.byte	80                              @ DW_AT_byte_size
	.byte	8                               @ DW_AT_decl_file
	.byte	186                             @ DW_AT_decl_line
	.byte	17                              @ Abbrev [17] 0x28c:0xc DW_TAG_member
	.long	.Linfo_string38                 @ DW_AT_name
	.long	893                             @ DW_AT_type
	.byte	8                               @ DW_AT_decl_file
	.byte	188                             @ DW_AT_decl_line
	.byte	0                               @ DW_AT_data_member_location
	.byte	17                              @ Abbrev [17] 0x298:0xc DW_TAG_member
	.long	.Linfo_string40                 @ DW_AT_name
	.long	893                             @ DW_AT_type
	.byte	8                               @ DW_AT_decl_file
	.byte	189                             @ DW_AT_decl_line
	.byte	4                               @ DW_AT_data_member_location
	.byte	17                              @ Abbrev [17] 0x2a4:0xc DW_TAG_member
	.long	.Linfo_string41                 @ DW_AT_name
	.long	893                             @ DW_AT_type
	.byte	8                               @ DW_AT_decl_file
	.byte	190                             @ DW_AT_decl_line
	.byte	8                               @ DW_AT_data_member_location
	.byte	17                              @ Abbrev [17] 0x2b0:0xc DW_TAG_member
	.long	.Linfo_string42                 @ DW_AT_name
	.long	893                             @ DW_AT_type
	.byte	8                               @ DW_AT_decl_file
	.byte	191                             @ DW_AT_decl_line
	.byte	12                              @ DW_AT_data_member_location
	.byte	17                              @ Abbrev [17] 0x2bc:0xc DW_TAG_member
	.long	.Linfo_string43                 @ DW_AT_name
	.long	893                             @ DW_AT_type
	.byte	8                               @ DW_AT_decl_file
	.byte	192                             @ DW_AT_decl_line
	.byte	16                              @ DW_AT_data_member_location
	.byte	17                              @ Abbrev [17] 0x2c8:0xc DW_TAG_member
	.long	.Linfo_string44                 @ DW_AT_name
	.long	893                             @ DW_AT_type
	.byte	8                               @ DW_AT_decl_file
	.byte	193                             @ DW_AT_decl_line
	.byte	20                              @ DW_AT_data_member_location
	.byte	17                              @ Abbrev [17] 0x2d4:0xc DW_TAG_member
	.long	.Linfo_string45                 @ DW_AT_name
	.long	893                             @ DW_AT_type
	.byte	8                               @ DW_AT_decl_file
	.byte	194                             @ DW_AT_decl_line
	.byte	24                              @ DW_AT_data_member_location
	.byte	17                              @ Abbrev [17] 0x2e0:0xc DW_TAG_member
	.long	.Linfo_string46                 @ DW_AT_name
	.long	893                             @ DW_AT_type
	.byte	8                               @ DW_AT_decl_file
	.byte	195                             @ DW_AT_decl_line
	.byte	28                              @ DW_AT_data_member_location
	.byte	17                              @ Abbrev [17] 0x2ec:0xc DW_TAG_member
	.long	.Linfo_string47                 @ DW_AT_name
	.long	893                             @ DW_AT_type
	.byte	8                               @ DW_AT_decl_file
	.byte	196                             @ DW_AT_decl_line
	.byte	32                              @ DW_AT_data_member_location
	.byte	17                              @ Abbrev [17] 0x2f8:0xc DW_TAG_member
	.long	.Linfo_string48                 @ DW_AT_name
	.long	893                             @ DW_AT_type
	.byte	8                               @ DW_AT_decl_file
	.byte	197                             @ DW_AT_decl_line
	.byte	36                              @ DW_AT_data_member_location
	.byte	17                              @ Abbrev [17] 0x304:0xc DW_TAG_member
	.long	.Linfo_string49                 @ DW_AT_name
	.long	893                             @ DW_AT_type
	.byte	8                               @ DW_AT_decl_file
	.byte	198                             @ DW_AT_decl_line
	.byte	40                              @ DW_AT_data_member_location
	.byte	17                              @ Abbrev [17] 0x310:0xc DW_TAG_member
	.long	.Linfo_string50                 @ DW_AT_name
	.long	893                             @ DW_AT_type
	.byte	8                               @ DW_AT_decl_file
	.byte	199                             @ DW_AT_decl_line
	.byte	44                              @ DW_AT_data_member_location
	.byte	17                              @ Abbrev [17] 0x31c:0xc DW_TAG_member
	.long	.Linfo_string51                 @ DW_AT_name
	.long	893                             @ DW_AT_type
	.byte	8                               @ DW_AT_decl_file
	.byte	200                             @ DW_AT_decl_line
	.byte	48                              @ DW_AT_data_member_location
	.byte	17                              @ Abbrev [17] 0x328:0xc DW_TAG_member
	.long	.Linfo_string52                 @ DW_AT_name
	.long	893                             @ DW_AT_type
	.byte	8                               @ DW_AT_decl_file
	.byte	201                             @ DW_AT_decl_line
	.byte	52                              @ DW_AT_data_member_location
	.byte	17                              @ Abbrev [17] 0x334:0xc DW_TAG_member
	.long	.Linfo_string53                 @ DW_AT_name
	.long	893                             @ DW_AT_type
	.byte	8                               @ DW_AT_decl_file
	.byte	202                             @ DW_AT_decl_line
	.byte	56                              @ DW_AT_data_member_location
	.byte	17                              @ Abbrev [17] 0x340:0xc DW_TAG_member
	.long	.Linfo_string54                 @ DW_AT_name
	.long	893                             @ DW_AT_type
	.byte	8                               @ DW_AT_decl_file
	.byte	203                             @ DW_AT_decl_line
	.byte	60                              @ DW_AT_data_member_location
	.byte	17                              @ Abbrev [17] 0x34c:0xc DW_TAG_member
	.long	.Linfo_string55                 @ DW_AT_name
	.long	893                             @ DW_AT_type
	.byte	8                               @ DW_AT_decl_file
	.byte	204                             @ DW_AT_decl_line
	.byte	64                              @ DW_AT_data_member_location
	.byte	17                              @ Abbrev [17] 0x358:0xc DW_TAG_member
	.long	.Linfo_string56                 @ DW_AT_name
	.long	893                             @ DW_AT_type
	.byte	8                               @ DW_AT_decl_file
	.byte	205                             @ DW_AT_decl_line
	.byte	68                              @ DW_AT_data_member_location
	.byte	17                              @ Abbrev [17] 0x364:0xc DW_TAG_member
	.long	.Linfo_string57                 @ DW_AT_name
	.long	893                             @ DW_AT_type
	.byte	8                               @ DW_AT_decl_file
	.byte	206                             @ DW_AT_decl_line
	.byte	72                              @ DW_AT_data_member_location
	.byte	17                              @ Abbrev [17] 0x370:0xc DW_TAG_member
	.long	.Linfo_string58                 @ DW_AT_name
	.long	893                             @ DW_AT_type
	.byte	8                               @ DW_AT_decl_file
	.byte	207                             @ DW_AT_decl_line
	.byte	76                              @ DW_AT_data_member_location
	.byte	0                               @ End Of Children Mark
	.byte	5                               @ Abbrev [5] 0x37d:0x5 DW_TAG_volatile_type
	.long	898                             @ DW_AT_type
	.byte	6                               @ Abbrev [6] 0x382:0xb DW_TAG_typedef
	.long	520                             @ DW_AT_type
	.long	.Linfo_string39                 @ DW_AT_name
	.byte	7                               @ DW_AT_decl_file
	.byte	64                              @ DW_AT_decl_line
	.byte	6                               @ Abbrev [6] 0x38d:0xb DW_TAG_typedef
	.long	920                             @ DW_AT_type
	.long	.Linfo_string74                 @ DW_AT_name
	.byte	9                               @ DW_AT_decl_file
	.byte	109                             @ DW_AT_decl_line
	.byte	16                              @ Abbrev [16] 0x398:0x95 DW_TAG_structure_type
	.byte	48                              @ DW_AT_byte_size
	.byte	9                               @ DW_AT_decl_file
	.byte	60                              @ DW_AT_decl_line
	.byte	17                              @ Abbrev [17] 0x39c:0xc DW_TAG_member
	.long	.Linfo_string61                 @ DW_AT_name
	.long	898                             @ DW_AT_type
	.byte	9                               @ DW_AT_decl_file
	.byte	62                              @ DW_AT_decl_line
	.byte	0                               @ DW_AT_data_member_location
	.byte	17                              @ Abbrev [17] 0x3a8:0xc DW_TAG_member
	.long	.Linfo_string62                 @ DW_AT_name
	.long	898                             @ DW_AT_type
	.byte	9                               @ DW_AT_decl_file
	.byte	65                              @ DW_AT_decl_line
	.byte	4                               @ DW_AT_data_member_location
	.byte	17                              @ Abbrev [17] 0x3b4:0xc DW_TAG_member
	.long	.Linfo_string63                 @ DW_AT_name
	.long	898                             @ DW_AT_type
	.byte	9                               @ DW_AT_decl_file
	.byte	67                              @ DW_AT_decl_line
	.byte	8                               @ DW_AT_data_member_location
	.byte	17                              @ Abbrev [17] 0x3c0:0xc DW_TAG_member
	.long	.Linfo_string64                 @ DW_AT_name
	.long	898                             @ DW_AT_type
	.byte	9                               @ DW_AT_decl_file
	.byte	70                              @ DW_AT_decl_line
	.byte	12                              @ DW_AT_data_member_location
	.byte	17                              @ Abbrev [17] 0x3cc:0xc DW_TAG_member
	.long	.Linfo_string65                 @ DW_AT_name
	.long	898                             @ DW_AT_type
	.byte	9                               @ DW_AT_decl_file
	.byte	77                              @ DW_AT_decl_line
	.byte	16                              @ DW_AT_data_member_location
	.byte	17                              @ Abbrev [17] 0x3d8:0xc DW_TAG_member
	.long	.Linfo_string66                 @ DW_AT_name
	.long	1069                            @ DW_AT_type
	.byte	9                               @ DW_AT_decl_file
	.byte	84                              @ DW_AT_decl_line
	.byte	20                              @ DW_AT_data_member_location
	.byte	17                              @ Abbrev [17] 0x3e4:0xc DW_TAG_member
	.long	.Linfo_string68                 @ DW_AT_name
	.long	898                             @ DW_AT_type
	.byte	9                               @ DW_AT_decl_file
	.byte	87                              @ DW_AT_decl_line
	.byte	24                              @ DW_AT_data_member_location
	.byte	17                              @ Abbrev [17] 0x3f0:0xc DW_TAG_member
	.long	.Linfo_string69                 @ DW_AT_name
	.long	1069                            @ DW_AT_type
	.byte	9                               @ DW_AT_decl_file
	.byte	90                              @ DW_AT_decl_line
	.byte	28                              @ DW_AT_data_member_location
	.byte	17                              @ Abbrev [17] 0x3fc:0xc DW_TAG_member
	.long	.Linfo_string70                 @ DW_AT_name
	.long	898                             @ DW_AT_type
	.byte	9                               @ DW_AT_decl_file
	.byte	94                              @ DW_AT_decl_line
	.byte	32                              @ DW_AT_data_member_location
	.byte	17                              @ Abbrev [17] 0x408:0xc DW_TAG_member
	.long	.Linfo_string71                 @ DW_AT_name
	.long	898                             @ DW_AT_type
	.byte	9                               @ DW_AT_decl_file
	.byte	97                              @ DW_AT_decl_line
	.byte	36                              @ DW_AT_data_member_location
	.byte	17                              @ Abbrev [17] 0x414:0xc DW_TAG_member
	.long	.Linfo_string72                 @ DW_AT_name
	.long	898                             @ DW_AT_type
	.byte	9                               @ DW_AT_decl_file
	.byte	101                             @ DW_AT_decl_line
	.byte	40                              @ DW_AT_data_member_location
	.byte	17                              @ Abbrev [17] 0x420:0xc DW_TAG_member
	.long	.Linfo_string73                 @ DW_AT_name
	.long	1069                            @ DW_AT_type
	.byte	9                               @ DW_AT_decl_file
	.byte	104                             @ DW_AT_decl_line
	.byte	44                              @ DW_AT_data_member_location
	.byte	0                               @ End Of Children Mark
	.byte	6                               @ Abbrev [6] 0x42d:0xb DW_TAG_typedef
	.long	114                             @ DW_AT_type
	.long	.Linfo_string67                 @ DW_AT_name
	.byte	3                               @ DW_AT_decl_file
	.byte	195                             @ DW_AT_decl_line
	.byte	15                              @ Abbrev [15] 0x438:0x5 DW_TAG_pointer_type
	.long	1085                            @ DW_AT_type
	.byte	6                               @ Abbrev [6] 0x43d:0xb DW_TAG_typedef
	.long	1096                            @ DW_AT_type
	.long	.Linfo_string112                @ DW_AT_name
	.byte	5                               @ DW_AT_decl_file
	.byte	169                             @ DW_AT_decl_line
	.byte	18                              @ Abbrev [18] 0x448:0xb1 DW_TAG_structure_type
	.long	.Linfo_string111                @ DW_AT_name
	.byte	96                              @ DW_AT_byte_size
	.byte	5                               @ DW_AT_decl_file
	.byte	139                             @ DW_AT_decl_line
	.byte	17                              @ Abbrev [17] 0x450:0xc DW_TAG_member
	.long	.Linfo_string37                 @ DW_AT_name
	.long	1273                            @ DW_AT_type
	.byte	5                               @ DW_AT_decl_file
	.byte	141                             @ DW_AT_decl_line
	.byte	0                               @ DW_AT_data_member_location
	.byte	17                              @ Abbrev [17] 0x45c:0xc DW_TAG_member
	.long	.Linfo_string60                 @ DW_AT_name
	.long	1374                            @ DW_AT_type
	.byte	5                               @ DW_AT_decl_file
	.byte	143                             @ DW_AT_decl_line
	.byte	4                               @ DW_AT_data_member_location
	.byte	17                              @ Abbrev [17] 0x468:0xc DW_TAG_member
	.long	.Linfo_string97                 @ DW_AT_name
	.long	1534                            @ DW_AT_type
	.byte	5                               @ DW_AT_decl_file
	.byte	145                             @ DW_AT_decl_line
	.byte	52                              @ DW_AT_data_member_location
	.byte	17                              @ Abbrev [17] 0x474:0xc DW_TAG_member
	.long	.Linfo_string99                 @ DW_AT_name
	.long	1545                            @ DW_AT_type
	.byte	5                               @ DW_AT_decl_file
	.byte	147                             @ DW_AT_decl_line
	.byte	53                              @ DW_AT_data_member_location
	.byte	17                              @ Abbrev [17] 0x480:0xc DW_TAG_member
	.long	.Linfo_string101                @ DW_AT_name
	.long	1561                            @ DW_AT_type
	.byte	5                               @ DW_AT_decl_file
	.byte	149                             @ DW_AT_decl_line
	.byte	56                              @ DW_AT_data_member_location
	.byte	17                              @ Abbrev [17] 0x48c:0xc DW_TAG_member
	.long	.Linfo_string102                @ DW_AT_name
	.long	1562                            @ DW_AT_type
	.byte	5                               @ DW_AT_decl_file
	.byte	151                             @ DW_AT_decl_line
	.byte	60                              @ DW_AT_data_member_location
	.byte	17                              @ Abbrev [17] 0x498:0xc DW_TAG_member
	.long	.Linfo_string103                @ DW_AT_name
	.long	1562                            @ DW_AT_type
	.byte	5                               @ DW_AT_decl_file
	.byte	153                             @ DW_AT_decl_line
	.byte	64                              @ DW_AT_data_member_location
	.byte	17                              @ Abbrev [17] 0x4a4:0xc DW_TAG_member
	.long	.Linfo_string104                @ DW_AT_name
	.long	1562                            @ DW_AT_type
	.byte	5                               @ DW_AT_decl_file
	.byte	155                             @ DW_AT_decl_line
	.byte	68                              @ DW_AT_data_member_location
	.byte	17                              @ Abbrev [17] 0x4b0:0xc DW_TAG_member
	.long	.Linfo_string105                @ DW_AT_name
	.long	1562                            @ DW_AT_type
	.byte	5                               @ DW_AT_decl_file
	.byte	157                             @ DW_AT_decl_line
	.byte	72                              @ DW_AT_data_member_location
	.byte	17                              @ Abbrev [17] 0x4bc:0xc DW_TAG_member
	.long	.Linfo_string106                @ DW_AT_name
	.long	1562                            @ DW_AT_type
	.byte	5                               @ DW_AT_decl_file
	.byte	159                             @ DW_AT_decl_line
	.byte	76                              @ DW_AT_data_member_location
	.byte	17                              @ Abbrev [17] 0x4c8:0xc DW_TAG_member
	.long	.Linfo_string107                @ DW_AT_name
	.long	1562                            @ DW_AT_type
	.byte	5                               @ DW_AT_decl_file
	.byte	161                             @ DW_AT_decl_line
	.byte	80                              @ DW_AT_data_member_location
	.byte	17                              @ Abbrev [17] 0x4d4:0xc DW_TAG_member
	.long	.Linfo_string108                @ DW_AT_name
	.long	893                             @ DW_AT_type
	.byte	5                               @ DW_AT_decl_file
	.byte	163                             @ DW_AT_decl_line
	.byte	84                              @ DW_AT_data_member_location
	.byte	17                              @ Abbrev [17] 0x4e0:0xc DW_TAG_member
	.long	.Linfo_string109                @ DW_AT_name
	.long	898                             @ DW_AT_type
	.byte	5                               @ DW_AT_decl_file
	.byte	165                             @ DW_AT_decl_line
	.byte	88                              @ DW_AT_data_member_location
	.byte	17                              @ Abbrev [17] 0x4ec:0xc DW_TAG_member
	.long	.Linfo_string110                @ DW_AT_name
	.long	898                             @ DW_AT_type
	.byte	5                               @ DW_AT_decl_file
	.byte	167                             @ DW_AT_decl_line
	.byte	92                              @ DW_AT_data_member_location
	.byte	0                               @ End Of Children Mark
	.byte	15                              @ Abbrev [15] 0x4f9:0x5 DW_TAG_pointer_type
	.long	1278                            @ DW_AT_type
	.byte	19                              @ Abbrev [19] 0x4fe:0xc DW_TAG_typedef
	.long	1290                            @ DW_AT_type
	.long	.Linfo_string83                 @ DW_AT_name
	.byte	8                               @ DW_AT_decl_file
	.short	361                             @ DW_AT_decl_line
	.byte	20                              @ Abbrev [20] 0x50a:0x54 DW_TAG_structure_type
	.byte	24                              @ DW_AT_byte_size
	.byte	8                               @ DW_AT_decl_file
	.short	353                             @ DW_AT_decl_line
	.byte	21                              @ Abbrev [21] 0x50f:0xd DW_TAG_member
	.long	.Linfo_string77                 @ DW_AT_name
	.long	893                             @ DW_AT_type
	.byte	8                               @ DW_AT_decl_file
	.short	355                             @ DW_AT_decl_line
	.byte	0                               @ DW_AT_data_member_location
	.byte	21                              @ Abbrev [21] 0x51c:0xd DW_TAG_member
	.long	.Linfo_string78                 @ DW_AT_name
	.long	893                             @ DW_AT_type
	.byte	8                               @ DW_AT_decl_file
	.short	356                             @ DW_AT_decl_line
	.byte	4                               @ DW_AT_data_member_location
	.byte	21                              @ Abbrev [21] 0x529:0xd DW_TAG_member
	.long	.Linfo_string79                 @ DW_AT_name
	.long	893                             @ DW_AT_type
	.byte	8                               @ DW_AT_decl_file
	.short	357                             @ DW_AT_decl_line
	.byte	8                               @ DW_AT_data_member_location
	.byte	21                              @ Abbrev [21] 0x536:0xd DW_TAG_member
	.long	.Linfo_string80                 @ DW_AT_name
	.long	893                             @ DW_AT_type
	.byte	8                               @ DW_AT_decl_file
	.short	358                             @ DW_AT_decl_line
	.byte	12                              @ DW_AT_data_member_location
	.byte	21                              @ Abbrev [21] 0x543:0xd DW_TAG_member
	.long	.Linfo_string81                 @ DW_AT_name
	.long	893                             @ DW_AT_type
	.byte	8                               @ DW_AT_decl_file
	.short	359                             @ DW_AT_decl_line
	.byte	16                              @ DW_AT_data_member_location
	.byte	21                              @ Abbrev [21] 0x550:0xd DW_TAG_member
	.long	.Linfo_string82                 @ DW_AT_name
	.long	893                             @ DW_AT_type
	.byte	8                               @ DW_AT_decl_file
	.short	360                             @ DW_AT_decl_line
	.byte	20                              @ DW_AT_data_member_location
	.byte	0                               @ End Of Children Mark
	.byte	6                               @ Abbrev [6] 0x55e:0xb DW_TAG_typedef
	.long	1385                            @ DW_AT_type
	.long	.Linfo_string96                 @ DW_AT_name
	.byte	5                               @ DW_AT_decl_file
	.byte	97                              @ DW_AT_decl_line
	.byte	16                              @ Abbrev [16] 0x569:0x95 DW_TAG_structure_type
	.byte	48                              @ DW_AT_byte_size
	.byte	5                               @ DW_AT_decl_file
	.byte	49                              @ DW_AT_decl_line
	.byte	17                              @ Abbrev [17] 0x56d:0xc DW_TAG_member
	.long	.Linfo_string84                 @ DW_AT_name
	.long	898                             @ DW_AT_type
	.byte	5                               @ DW_AT_decl_file
	.byte	51                              @ DW_AT_decl_line
	.byte	0                               @ DW_AT_data_member_location
	.byte	17                              @ Abbrev [17] 0x579:0xc DW_TAG_member
	.long	.Linfo_string85                 @ DW_AT_name
	.long	898                             @ DW_AT_type
	.byte	5                               @ DW_AT_decl_file
	.byte	54                              @ DW_AT_decl_line
	.byte	4                               @ DW_AT_data_member_location
	.byte	17                              @ Abbrev [17] 0x585:0xc DW_TAG_member
	.long	.Linfo_string86                 @ DW_AT_name
	.long	898                             @ DW_AT_type
	.byte	5                               @ DW_AT_decl_file
	.byte	58                              @ DW_AT_decl_line
	.byte	8                               @ DW_AT_data_member_location
	.byte	17                              @ Abbrev [17] 0x591:0xc DW_TAG_member
	.long	.Linfo_string87                 @ DW_AT_name
	.long	898                             @ DW_AT_type
	.byte	5                               @ DW_AT_decl_file
	.byte	61                              @ DW_AT_decl_line
	.byte	12                              @ DW_AT_data_member_location
	.byte	17                              @ Abbrev [17] 0x59d:0xc DW_TAG_member
	.long	.Linfo_string88                 @ DW_AT_name
	.long	898                             @ DW_AT_type
	.byte	5                               @ DW_AT_decl_file
	.byte	64                              @ DW_AT_decl_line
	.byte	16                              @ DW_AT_data_member_location
	.byte	17                              @ Abbrev [17] 0x5a9:0xc DW_TAG_member
	.long	.Linfo_string89                 @ DW_AT_name
	.long	898                             @ DW_AT_type
	.byte	5                               @ DW_AT_decl_file
	.byte	67                              @ DW_AT_decl_line
	.byte	20                              @ DW_AT_data_member_location
	.byte	17                              @ Abbrev [17] 0x5b5:0xc DW_TAG_member
	.long	.Linfo_string90                 @ DW_AT_name
	.long	898                             @ DW_AT_type
	.byte	5                               @ DW_AT_decl_file
	.byte	70                              @ DW_AT_decl_line
	.byte	24                              @ DW_AT_data_member_location
	.byte	17                              @ Abbrev [17] 0x5c1:0xc DW_TAG_member
	.long	.Linfo_string91                 @ DW_AT_name
	.long	898                             @ DW_AT_type
	.byte	5                               @ DW_AT_decl_file
	.byte	75                              @ DW_AT_decl_line
	.byte	28                              @ DW_AT_data_member_location
	.byte	17                              @ Abbrev [17] 0x5cd:0xc DW_TAG_member
	.long	.Linfo_string92                 @ DW_AT_name
	.long	898                             @ DW_AT_type
	.byte	5                               @ DW_AT_decl_file
	.byte	78                              @ DW_AT_decl_line
	.byte	32                              @ DW_AT_data_member_location
	.byte	17                              @ Abbrev [17] 0x5d9:0xc DW_TAG_member
	.long	.Linfo_string93                 @ DW_AT_name
	.long	898                             @ DW_AT_type
	.byte	5                               @ DW_AT_decl_file
	.byte	83                              @ DW_AT_decl_line
	.byte	36                              @ DW_AT_data_member_location
	.byte	17                              @ Abbrev [17] 0x5e5:0xc DW_TAG_member
	.long	.Linfo_string94                 @ DW_AT_name
	.long	898                             @ DW_AT_type
	.byte	5                               @ DW_AT_decl_file
	.byte	86                              @ DW_AT_decl_line
	.byte	40                              @ DW_AT_data_member_location
	.byte	17                              @ Abbrev [17] 0x5f1:0xc DW_TAG_member
	.long	.Linfo_string95                 @ DW_AT_name
	.long	898                             @ DW_AT_type
	.byte	5                               @ DW_AT_decl_file
	.byte	92                              @ DW_AT_decl_line
	.byte	44                              @ DW_AT_data_member_location
	.byte	0                               @ End Of Children Mark
	.byte	6                               @ Abbrev [6] 0x5fe:0xb DW_TAG_typedef
	.long	142                             @ DW_AT_type
	.long	.Linfo_string98                 @ DW_AT_name
	.byte	4                               @ DW_AT_decl_file
	.byte	54                              @ DW_AT_decl_line
	.byte	5                               @ Abbrev [5] 0x609:0x5 DW_TAG_volatile_type
	.long	1550                            @ DW_AT_type
	.byte	6                               @ Abbrev [6] 0x60e:0xb DW_TAG_typedef
	.long	163                             @ DW_AT_type
	.long	.Linfo_string100                @ DW_AT_name
	.byte	5                               @ DW_AT_decl_file
	.byte	111                             @ DW_AT_decl_line
	.byte	22                              @ Abbrev [22] 0x619:0x1 DW_TAG_pointer_type
	.byte	15                              @ Abbrev [15] 0x61a:0x5 DW_TAG_pointer_type
	.long	1567                            @ DW_AT_type
	.byte	23                              @ Abbrev [23] 0x61f:0x7 DW_TAG_subroutine_type
                                        @ DW_AT_prototyped
	.byte	24                              @ Abbrev [24] 0x620:0x5 DW_TAG_formal_parameter
	.long	1574                            @ DW_AT_type
	.byte	0                               @ End Of Children Mark
	.byte	15                              @ Abbrev [15] 0x626:0x5 DW_TAG_pointer_type
	.long	1096                            @ DW_AT_type
	.byte	0                               @ End Of Children Mark
.Ldebug_info_end0:
	.section	.debug_str,"MS",%progbits,1
.Linfo_string0:
	.asciz	"Component: ARM Compiler 6.16 Tool: armclang [5dfeb700]" @ string offset=0
.Linfo_string1:
	.asciz	"../Driver\\ADC.c"              @ string offset=55
.Linfo_string2:
	.asciz	"C:\\Users\\Hyacincher\\Desktop\\HyTelectrl\\Code\\Project" @ string offset=71
.Linfo_string3:
	.asciz	"g_ADC1Volt"                    @ string offset=123
.Linfo_string4:
	.asciz	"unsigned short"                @ string offset=134
.Linfo_string5:
	.asciz	"INT16U"                        @ string offset=149
.Linfo_string6:
	.asciz	"__ARRAY_SIZE_TYPE__"           @ string offset=156
.Linfo_string7:
	.asciz	"g_ADC2Volt"                    @ string offset=176
.Linfo_string8:
	.asciz	"unsigned char"                 @ string offset=187
.Linfo_string9:
	.asciz	"DISABLE"                       @ string offset=201
.Linfo_string10:
	.asciz	"ENABLE"                        @ string offset=209
.Linfo_string11:
	.asciz	"HAL_UNLOCKED"                  @ string offset=216
.Linfo_string12:
	.asciz	"HAL_LOCKED"                    @ string offset=229
.Linfo_string13:
	.asciz	"HAL_DMA_STATE_RESET"           @ string offset=240
.Linfo_string14:
	.asciz	"HAL_DMA_STATE_READY"           @ string offset=260
.Linfo_string15:
	.asciz	"HAL_DMA_STATE_BUSY"            @ string offset=280
.Linfo_string16:
	.asciz	"HAL_DMA_STATE_TIMEOUT"         @ string offset=299
.Linfo_string17:
	.asciz	"HAL_DMA_STATE_ERROR"           @ string offset=321
.Linfo_string18:
	.asciz	"HAL_DMA_STATE_ABORT"           @ string offset=341
.Linfo_string19:
	.asciz	"L_AIO_0"                       @ string offset=361
.Linfo_string20:
	.asciz	"L_AIO_1"                       @ string offset=369
.Linfo_string21:
	.asciz	"L_AIO_2"                       @ string offset=377
.Linfo_string22:
	.asciz	"L_AIO_3"                       @ string offset=385
.Linfo_string23:
	.asciz	"BAT_VOLT"                      @ string offset=393
.Linfo_string24:
	.asciz	"ADC1_Channel"                  @ string offset=402
.Linfo_string25:
	.asciz	"R_AIO_2"                       @ string offset=415
.Linfo_string26:
	.asciz	"R_AIO_1"                       @ string offset=423
.Linfo_string27:
	.asciz	"R_AIO_4"                       @ string offset=431
.Linfo_string28:
	.asciz	"R_AIO_3"                       @ string offset=439
.Linfo_string29:
	.asciz	"R_AIO_0"                       @ string offset=447
.Linfo_string30:
	.asciz	"ADC2_Channel"                  @ string offset=455
.Linfo_string31:
	.asciz	"HAL_ADC_ConvCpltCallback"      @ string offset=468
.Linfo_string32:
	.asciz	"Add1"                          @ string offset=493
.Linfo_string33:
	.asciz	"unsigned int"                  @ string offset=498
.Linfo_string34:
	.asciz	"INT32U"                        @ string offset=511
.Linfo_string35:
	.asciz	"Add2"                          @ string offset=518
.Linfo_string36:
	.asciz	"hadc"                          @ string offset=523
.Linfo_string37:
	.asciz	"Instance"                      @ string offset=528
.Linfo_string38:
	.asciz	"SR"                            @ string offset=537
.Linfo_string39:
	.asciz	"uint32_t"                      @ string offset=540
.Linfo_string40:
	.asciz	"CR1"                           @ string offset=549
.Linfo_string41:
	.asciz	"CR2"                           @ string offset=553
.Linfo_string42:
	.asciz	"SMPR1"                         @ string offset=557
.Linfo_string43:
	.asciz	"SMPR2"                         @ string offset=563
.Linfo_string44:
	.asciz	"JOFR1"                         @ string offset=569
.Linfo_string45:
	.asciz	"JOFR2"                         @ string offset=575
.Linfo_string46:
	.asciz	"JOFR3"                         @ string offset=581
.Linfo_string47:
	.asciz	"JOFR4"                         @ string offset=587
.Linfo_string48:
	.asciz	"HTR"                           @ string offset=593
.Linfo_string49:
	.asciz	"LTR"                           @ string offset=597
.Linfo_string50:
	.asciz	"SQR1"                          @ string offset=601
.Linfo_string51:
	.asciz	"SQR2"                          @ string offset=606
.Linfo_string52:
	.asciz	"SQR3"                          @ string offset=611
.Linfo_string53:
	.asciz	"JSQR"                          @ string offset=616
.Linfo_string54:
	.asciz	"JDR1"                          @ string offset=621
.Linfo_string55:
	.asciz	"JDR2"                          @ string offset=626
.Linfo_string56:
	.asciz	"JDR3"                          @ string offset=631
.Linfo_string57:
	.asciz	"JDR4"                          @ string offset=636
.Linfo_string58:
	.asciz	"DR"                            @ string offset=641
.Linfo_string59:
	.asciz	"ADC_TypeDef"                   @ string offset=644
.Linfo_string60:
	.asciz	"Init"                          @ string offset=656
.Linfo_string61:
	.asciz	"ClockPrescaler"                @ string offset=661
.Linfo_string62:
	.asciz	"Resolution"                    @ string offset=676
.Linfo_string63:
	.asciz	"DataAlign"                     @ string offset=687
.Linfo_string64:
	.asciz	"ScanConvMode"                  @ string offset=697
.Linfo_string65:
	.asciz	"EOCSelection"                  @ string offset=710
.Linfo_string66:
	.asciz	"ContinuousConvMode"            @ string offset=723
.Linfo_string67:
	.asciz	"FunctionalState"               @ string offset=742
.Linfo_string68:
	.asciz	"NbrOfConversion"               @ string offset=758
.Linfo_string69:
	.asciz	"DiscontinuousConvMode"         @ string offset=774
.Linfo_string70:
	.asciz	"NbrOfDiscConversion"           @ string offset=796
.Linfo_string71:
	.asciz	"ExternalTrigConv"              @ string offset=816
.Linfo_string72:
	.asciz	"ExternalTrigConvEdge"          @ string offset=833
.Linfo_string73:
	.asciz	"DMAContinuousRequests"         @ string offset=854
.Linfo_string74:
	.asciz	"ADC_InitTypeDef"               @ string offset=876
.Linfo_string75:
	.asciz	"NbrOfCurrentConversionRank"    @ string offset=892
.Linfo_string76:
	.asciz	"DMA_Handle"                    @ string offset=919
.Linfo_string77:
	.asciz	"CR"                            @ string offset=930
.Linfo_string78:
	.asciz	"NDTR"                          @ string offset=933
.Linfo_string79:
	.asciz	"PAR"                           @ string offset=938
.Linfo_string80:
	.asciz	"M0AR"                          @ string offset=942
.Linfo_string81:
	.asciz	"M1AR"                          @ string offset=947
.Linfo_string82:
	.asciz	"FCR"                           @ string offset=952
.Linfo_string83:
	.asciz	"DMA_Stream_TypeDef"            @ string offset=956
.Linfo_string84:
	.asciz	"Channel"                       @ string offset=975
.Linfo_string85:
	.asciz	"Direction"                     @ string offset=983
.Linfo_string86:
	.asciz	"PeriphInc"                     @ string offset=993
.Linfo_string87:
	.asciz	"MemInc"                        @ string offset=1003
.Linfo_string88:
	.asciz	"PeriphDataAlignment"           @ string offset=1010
.Linfo_string89:
	.asciz	"MemDataAlignment"              @ string offset=1030
.Linfo_string90:
	.asciz	"Mode"                          @ string offset=1047
.Linfo_string91:
	.asciz	"Priority"                      @ string offset=1052
.Linfo_string92:
	.asciz	"FIFOMode"                      @ string offset=1061
.Linfo_string93:
	.asciz	"FIFOThreshold"                 @ string offset=1070
.Linfo_string94:
	.asciz	"MemBurst"                      @ string offset=1084
.Linfo_string95:
	.asciz	"PeriphBurst"                   @ string offset=1093
.Linfo_string96:
	.asciz	"DMA_InitTypeDef"               @ string offset=1105
.Linfo_string97:
	.asciz	"Lock"                          @ string offset=1121
.Linfo_string98:
	.asciz	"HAL_LockTypeDef"               @ string offset=1126
.Linfo_string99:
	.asciz	"State"                         @ string offset=1142
.Linfo_string100:
	.asciz	"HAL_DMA_StateTypeDef"          @ string offset=1148
.Linfo_string101:
	.asciz	"Parent"                        @ string offset=1169
.Linfo_string102:
	.asciz	"XferCpltCallback"              @ string offset=1176
.Linfo_string103:
	.asciz	"XferHalfCpltCallback"          @ string offset=1193
.Linfo_string104:
	.asciz	"XferM1CpltCallback"            @ string offset=1214
.Linfo_string105:
	.asciz	"XferM1HalfCpltCallback"        @ string offset=1233
.Linfo_string106:
	.asciz	"XferErrorCallback"             @ string offset=1256
.Linfo_string107:
	.asciz	"XferAbortCallback"             @ string offset=1274
.Linfo_string108:
	.asciz	"ErrorCode"                     @ string offset=1292
.Linfo_string109:
	.asciz	"StreamBaseAddress"             @ string offset=1302
.Linfo_string110:
	.asciz	"StreamIndex"                   @ string offset=1320
.Linfo_string111:
	.asciz	"__DMA_HandleTypeDef"           @ string offset=1332
.Linfo_string112:
	.asciz	"DMA_HandleTypeDef"             @ string offset=1352
.Linfo_string113:
	.asciz	"ADC_HandleTypeDef"             @ string offset=1370
.Linfo_string114:
	.asciz	"jj"                            @ string offset=1388
.Linfo_string115:
	.asciz	"ii"                            @ string offset=1391
	.ident	"Component: ARM Compiler 6.16 Tool: armclang [5dfeb700]"
	.section	".note.GNU-stack","",%progbits
	.eabi_attribute	30, 3	@ Tag_ABI_optimization_goals
	.ARM_attribute	16, 1	@ Tag_AV_eba
	.section	.debug_line,"",%progbits
.Lline_table_start0:
