	.text
	.syntax unified
	.eabi_attribute	67, "2.09"	@ Tag_conformance
	.cpu	cortex-m4
	.eabi_attribute	6, 13	@ Tag_CPU_arch
	.eabi_attribute	7, 77	@ Tag_CPU_arch_profile
	.eabi_attribute	8, 0	@ Tag_ARM_ISA_use
	.eabi_attribute	9, 2	@ Tag_THUMB_ISA_use
	.fpu	fpv4-sp-d16
	.eabi_attribute	27, 1	@ Tag_ABI_HardFP_use
	.eabi_attribute	36, 1	@ Tag_FP_HP_extension
	.eabi_attribute	34, 1	@ Tag_CPU_unaligned_access
	.eabi_attribute	17, 1	@ Tag_ABI_PCS_GOT_use
	.eabi_attribute	20, 2	@ Tag_ABI_FP_denormal
	.eabi_attribute	21, 0	@ Tag_ABI_FP_exceptions
	.eabi_attribute	23, 1	@ Tag_ABI_FP_number_model
	.eabi_attribute	24, 1	@ Tag_ABI_align_needed
	.eabi_attribute	25, 1	@ Tag_ABI_align_preserved
	.eabi_attribute	28, 1	@ Tag_ABI_VFP_args
	.eabi_attribute	38, 1	@ Tag_ABI_FP_16bit_format
	.eabi_attribute	18, 2	@ Tag_ABI_PCS_wchar_t
	.eabi_attribute	26, 1	@ Tag_ABI_enum_size
	.eabi_attribute	14, 0	@ Tag_ABI_PCS_R9_use
	.file	"cpu.c"
	.file	1 "C:\\Users\\Hyacincher\\Desktop\\HyTelectrl\\Code\\Project" "../Library/STM32F4xx_HAL_Driver/Inc/stm32f4xx_hal_def.h"
	.file	2 "D:\\Keil MDK\\ARM\\ARMCLANG\\Bin\\..\\include" "stdint.h"
	.file	3 "C:\\Users\\Hyacincher\\Desktop\\HyTelectrl\\Code\\Project" "../Library/CMSIS/stm32f429xx.h"
	.section	.text.HardwareInit,"ax",%progbits
	.hidden	HardwareInit                    @ -- Begin function HardwareInit
	.globl	HardwareInit
	.p2align	2
	.type	HardwareInit,%function
	.code	16                              @ @HardwareInit
	.thumb_func
HardwareInit:
.Lfunc_begin0:
	.file	4 "C:\\Users\\Hyacincher\\Desktop\\HyTelectrl\\Code\\Project" "../User/cpu.c"
	.loc	4 6 0                           @ ../User/cpu.c:6:0
	.fnstart
	.cfi_sections .debug_frame
	.cfi_startproc
@ %bb.0:
	.save	{r7, lr}
	push	{r7, lr}
	.cfi_def_cfa_offset 8
	.cfi_offset lr, -4
	.cfi_offset r7, -8
.Ltmp0:
	.loc	4 7 5 prologue_end              @ ../User/cpu.c:7:5
	bl	HAL_Init
	.loc	4 8 5                           @ ../User/cpu.c:8:5
	bl	SystemClock_Config
	.loc	4 9 5                           @ ../User/cpu.c:9:5
	bl	SDRAM_Init
	.loc	4 10 5                          @ ../User/cpu.c:10:5
	bl	LTDC_Init
	.loc	4 11 1                          @ ../User/cpu.c:11:1
	pop	{r7, pc}
.Ltmp1:
.Lfunc_end0:
	.size	HardwareInit, .Lfunc_end0-HardwareInit
	.cfi_endproc
	.cantunwind
	.fnend
                                        @ -- End function
	.section	.text.SystemClock_Config,"ax",%progbits
	.hidden	SystemClock_Config              @ -- Begin function SystemClock_Config
	.globl	SystemClock_Config
	.p2align	2
	.type	SystemClock_Config,%function
	.code	16                              @ @SystemClock_Config
	.thumb_func
SystemClock_Config:
.Lfunc_begin1:
	.loc	4 18 0                          @ ../User/cpu.c:18:0
	.fnstart
	.cfi_startproc
@ %bb.0:
	.save	{r7, lr}
	push	{r7, lr}
	.cfi_def_cfa_offset 8
	.cfi_offset lr, -4
	.cfi_offset r7, -8
	.pad	#80
	sub	sp, #80
	.cfi_def_cfa_offset 88
	add	r0, sp, #32
	movs	r1, #48
.Ltmp2:
	.loc	4 19 22 prologue_end            @ ../User/cpu.c:19:22
	bl	__aeabi_memclr4
	movs	r0, #0
	.loc	4 20 22                         @ ../User/cpu.c:20:22
	str	r0, [sp, #28]
	str	r0, [sp, #24]
	str	r0, [sp, #20]
	str	r0, [sp, #16]
	str	r0, [sp, #12]
	.loc	4 24 3                          @ ../User/cpu.c:24:3
	b	.LBB1_1
.LBB1_1:
	.loc	4 0 3 is_stmt 0                 @ ../User/cpu.c:0:3
	movs	r0, #0
.Ltmp3:
	.loc	4 24 3                          @ ../User/cpu.c:24:3
	str	r0, [sp, #8]
	movw	r0, #14400
	movt	r0, #16386
	ldr	r1, [r0]
	orr	r1, r1, #268435456
	str	r1, [r0]
	ldr	r0, [r0]
	and	r0, r0, #268435456
	str	r0, [sp, #8]
	ldr	r0, [sp, #8]
	b	.LBB1_2
.Ltmp4:
.LBB1_2:
	.loc	4 25 3 is_stmt 1                @ ../User/cpu.c:25:3
	b	.LBB1_3
.LBB1_3:
	.loc	4 0 3 is_stmt 0                 @ ../User/cpu.c:0:3
	movs	r0, #0
.Ltmp5:
	.loc	4 25 3                          @ ../User/cpu.c:25:3
	str	r0, [sp, #4]
	movw	r0, #28672
	movt	r0, #16384
	ldr	r1, [r0]
	orr	r1, r1, #49152
	str	r1, [r0]
	ldr	r0, [r0]
	and	r0, r0, #49152
	str	r0, [sp, #4]
	ldr	r0, [sp, #4]
	b	.LBB1_4
.Ltmp6:
.LBB1_4:
	.loc	4 0 3                           @ ../User/cpu.c:0:3
	movs	r0, #1
	.loc	4 29 36 is_stmt 1               @ ../User/cpu.c:29:36
	str	r0, [sp, #32]
	mov.w	r0, #65536
	.loc	4 30 30                         @ ../User/cpu.c:30:30
	str	r0, [sp, #36]
	movs	r0, #2
	.loc	4 31 34                         @ ../User/cpu.c:31:34
	str	r0, [sp, #56]
	mov.w	r1, #4194304
	.loc	4 32 35                         @ ../User/cpu.c:32:35
	str	r1, [sp, #60]
	movs	r1, #25
	.loc	4 33 30                         @ ../User/cpu.c:33:30
	str	r1, [sp, #64]
	mov.w	r1, #360
	.loc	4 34 30                         @ ../User/cpu.c:34:30
	str	r1, [sp, #68]
	.loc	4 35 30                         @ ../User/cpu.c:35:30
	str	r0, [sp, #72]
	movs	r0, #4
	.loc	4 36 30                         @ ../User/cpu.c:36:30
	str	r0, [sp, #76]
	add	r0, sp, #32
.Ltmp7:
	.loc	4 37 7                          @ ../User/cpu.c:37:7
	bl	HAL_RCC_OscConfig
.Ltmp8:
	.loc	4 37 7 is_stmt 0                @ ../User/cpu.c:37:7
	cbz	r0, .LBB1_6
	b	.LBB1_5
.LBB1_5:
.Ltmp9:
	.loc	4 39 5 is_stmt 1                @ ../User/cpu.c:39:5
	bl	Error_Handler
	.loc	4 40 3                          @ ../User/cpu.c:40:3
	b	.LBB1_6
.Ltmp10:
.LBB1_6:
	.loc	4 43 7                          @ ../User/cpu.c:43:7
	bl	HAL_PWREx_EnableOverDrive
.Ltmp11:
	.loc	4 43 7 is_stmt 0                @ ../User/cpu.c:43:7
	cbz	r0, .LBB1_8
	b	.LBB1_7
.LBB1_7:
.Ltmp12:
	.loc	4 45 5 is_stmt 1                @ ../User/cpu.c:45:5
	bl	Error_Handler
	.loc	4 46 3                          @ ../User/cpu.c:46:3
	b	.LBB1_8
.Ltmp13:
.LBB1_8:
	.loc	4 0 3 is_stmt 0                 @ ../User/cpu.c:0:3
	movs	r0, #15
	.loc	4 49 31 is_stmt 1               @ ../User/cpu.c:49:31
	str	r0, [sp, #12]
	movs	r0, #2
	.loc	4 51 34                         @ ../User/cpu.c:51:34
	str	r0, [sp, #16]
	movs	r0, #0
	.loc	4 52 35                         @ ../User/cpu.c:52:35
	str	r0, [sp, #20]
	mov.w	r0, #5120
	.loc	4 53 36                         @ ../User/cpu.c:53:36
	str	r0, [sp, #24]
	mov.w	r0, #4096
	.loc	4 54 36                         @ ../User/cpu.c:54:36
	str	r0, [sp, #28]
	add	r0, sp, #12
	movs	r1, #5
.Ltmp14:
	.loc	4 56 7                          @ ../User/cpu.c:56:7
	bl	HAL_RCC_ClockConfig
.Ltmp15:
	.loc	4 56 7 is_stmt 0                @ ../User/cpu.c:56:7
	cbz	r0, .LBB1_10
	b	.LBB1_9
.LBB1_9:
.Ltmp16:
	.loc	4 58 5 is_stmt 1                @ ../User/cpu.c:58:5
	bl	Error_Handler
	.loc	4 59 3                          @ ../User/cpu.c:59:3
	b	.LBB1_10
.Ltmp17:
.LBB1_10:
	.loc	4 60 1                          @ ../User/cpu.c:60:1
	add	sp, #80
	pop	{r7, pc}
.Ltmp18:
.Lfunc_end1:
	.size	SystemClock_Config, .Lfunc_end1-SystemClock_Config
	.cfi_endproc
	.cantunwind
	.fnend
                                        @ -- End function
	.section	.text.Error_Handler,"ax",%progbits
	.hidden	Error_Handler                   @ -- Begin function Error_Handler
	.globl	Error_Handler
	.p2align	2
	.type	Error_Handler,%function
	.code	16                              @ @Error_Handler
	.thumb_func
Error_Handler:
.Lfunc_begin2:
	.loc	4 67 0                          @ ../User/cpu.c:67:0
	.fnstart
	.cfi_startproc
@ %bb.0:
	.pad	#4
	sub	sp, #4
	.cfi_def_cfa_offset 4
.Ltmp19:
	.loc	4 70 3 prologue_end             @ ../User/cpu.c:70:3
	@APP
	mrs	r0, primask
	cpsid i

	@NO_APP
	str	r0, [sp]
	.loc	4 71 3                          @ ../User/cpu.c:71:3
	b	.LBB2_1
.LBB2_1:                                @ =>This Inner Loop Header: Depth=1
	b	.LBB2_1
.Ltmp20:
.Lfunc_end2:
	.size	Error_Handler, .Lfunc_end2-Error_Handler
	.cfi_endproc
	.cantunwind
	.fnend
                                        @ -- End function
	.file	5 "C:\\Users\\Hyacincher\\Desktop\\HyTelectrl\\Code\\Project" "../Library/STM32F4xx_HAL_Driver/Inc\\stm32f4xx_hal_rcc.h"
	.file	6 "C:\\Users\\Hyacincher\\Desktop\\HyTelectrl\\Code\\Project" "../Library/STM32F4xx_HAL_Driver/Inc/stm32f4xx_hal_rcc_ex.h"
	.section	.debug_abbrev,"",%progbits
	.byte	1                               @ Abbreviation Code
	.byte	17                              @ DW_TAG_compile_unit
	.byte	1                               @ DW_CHILDREN_yes
	.byte	37                              @ DW_AT_producer
	.byte	14                              @ DW_FORM_strp
	.byte	19                              @ DW_AT_language
	.byte	5                               @ DW_FORM_data2
	.byte	3                               @ DW_AT_name
	.byte	14                              @ DW_FORM_strp
	.byte	16                              @ DW_AT_stmt_list
	.byte	23                              @ DW_FORM_sec_offset
	.byte	27                              @ DW_AT_comp_dir
	.byte	14                              @ DW_FORM_strp
	.byte	17                              @ DW_AT_low_pc
	.byte	1                               @ DW_FORM_addr
	.byte	85                              @ DW_AT_ranges
	.byte	23                              @ DW_FORM_sec_offset
	.byte	0                               @ EOM(1)
	.byte	0                               @ EOM(2)
	.byte	2                               @ Abbreviation Code
	.byte	4                               @ DW_TAG_enumeration_type
	.byte	1                               @ DW_CHILDREN_yes
	.byte	73                              @ DW_AT_type
	.byte	19                              @ DW_FORM_ref4
	.byte	11                              @ DW_AT_byte_size
	.byte	11                              @ DW_FORM_data1
	.byte	58                              @ DW_AT_decl_file
	.byte	11                              @ DW_FORM_data1
	.byte	59                              @ DW_AT_decl_line
	.byte	11                              @ DW_FORM_data1
	.byte	0                               @ EOM(1)
	.byte	0                               @ EOM(2)
	.byte	3                               @ Abbreviation Code
	.byte	40                              @ DW_TAG_enumerator
	.byte	0                               @ DW_CHILDREN_no
	.byte	3                               @ DW_AT_name
	.byte	14                              @ DW_FORM_strp
	.byte	28                              @ DW_AT_const_value
	.byte	15                              @ DW_FORM_udata
	.byte	0                               @ EOM(1)
	.byte	0                               @ EOM(2)
	.byte	4                               @ Abbreviation Code
	.byte	36                              @ DW_TAG_base_type
	.byte	0                               @ DW_CHILDREN_no
	.byte	3                               @ DW_AT_name
	.byte	14                              @ DW_FORM_strp
	.byte	62                              @ DW_AT_encoding
	.byte	11                              @ DW_FORM_data1
	.byte	11                              @ DW_AT_byte_size
	.byte	11                              @ DW_FORM_data1
	.byte	0                               @ EOM(1)
	.byte	0                               @ EOM(2)
	.byte	5                               @ Abbreviation Code
	.byte	15                              @ DW_TAG_pointer_type
	.byte	0                               @ DW_CHILDREN_no
	.byte	73                              @ DW_AT_type
	.byte	19                              @ DW_FORM_ref4
	.byte	0                               @ EOM(1)
	.byte	0                               @ EOM(2)
	.byte	6                               @ Abbreviation Code
	.byte	22                              @ DW_TAG_typedef
	.byte	0                               @ DW_CHILDREN_no
	.byte	73                              @ DW_AT_type
	.byte	19                              @ DW_FORM_ref4
	.byte	3                               @ DW_AT_name
	.byte	14                              @ DW_FORM_strp
	.byte	58                              @ DW_AT_decl_file
	.byte	11                              @ DW_FORM_data1
	.byte	59                              @ DW_AT_decl_line
	.byte	5                               @ DW_FORM_data2
	.byte	0                               @ EOM(1)
	.byte	0                               @ EOM(2)
	.byte	7                               @ Abbreviation Code
	.byte	19                              @ DW_TAG_structure_type
	.byte	1                               @ DW_CHILDREN_yes
	.byte	11                              @ DW_AT_byte_size
	.byte	11                              @ DW_FORM_data1
	.byte	58                              @ DW_AT_decl_file
	.byte	11                              @ DW_FORM_data1
	.byte	59                              @ DW_AT_decl_line
	.byte	5                               @ DW_FORM_data2
	.byte	0                               @ EOM(1)
	.byte	0                               @ EOM(2)
	.byte	8                               @ Abbreviation Code
	.byte	13                              @ DW_TAG_member
	.byte	0                               @ DW_CHILDREN_no
	.byte	3                               @ DW_AT_name
	.byte	14                              @ DW_FORM_strp
	.byte	73                              @ DW_AT_type
	.byte	19                              @ DW_FORM_ref4
	.byte	58                              @ DW_AT_decl_file
	.byte	11                              @ DW_FORM_data1
	.byte	59                              @ DW_AT_decl_line
	.byte	5                               @ DW_FORM_data2
	.byte	56                              @ DW_AT_data_member_location
	.byte	11                              @ DW_FORM_data1
	.byte	0                               @ EOM(1)
	.byte	0                               @ EOM(2)
	.byte	9                               @ Abbreviation Code
	.byte	53                              @ DW_TAG_volatile_type
	.byte	0                               @ DW_CHILDREN_no
	.byte	73                              @ DW_AT_type
	.byte	19                              @ DW_FORM_ref4
	.byte	0                               @ EOM(1)
	.byte	0                               @ EOM(2)
	.byte	10                              @ Abbreviation Code
	.byte	22                              @ DW_TAG_typedef
	.byte	0                               @ DW_CHILDREN_no
	.byte	73                              @ DW_AT_type
	.byte	19                              @ DW_FORM_ref4
	.byte	3                               @ DW_AT_name
	.byte	14                              @ DW_FORM_strp
	.byte	58                              @ DW_AT_decl_file
	.byte	11                              @ DW_FORM_data1
	.byte	59                              @ DW_AT_decl_line
	.byte	11                              @ DW_FORM_data1
	.byte	0                               @ EOM(1)
	.byte	0                               @ EOM(2)
	.byte	11                              @ Abbreviation Code
	.byte	1                               @ DW_TAG_array_type
	.byte	1                               @ DW_CHILDREN_yes
	.byte	73                              @ DW_AT_type
	.byte	19                              @ DW_FORM_ref4
	.byte	0                               @ EOM(1)
	.byte	0                               @ EOM(2)
	.byte	12                              @ Abbreviation Code
	.byte	33                              @ DW_TAG_subrange_type
	.byte	0                               @ DW_CHILDREN_no
	.byte	73                              @ DW_AT_type
	.byte	19                              @ DW_FORM_ref4
	.byte	55                              @ DW_AT_count
	.byte	11                              @ DW_FORM_data1
	.byte	0                               @ EOM(1)
	.byte	0                               @ EOM(2)
	.byte	13                              @ Abbreviation Code
	.byte	36                              @ DW_TAG_base_type
	.byte	0                               @ DW_CHILDREN_no
	.byte	3                               @ DW_AT_name
	.byte	14                              @ DW_FORM_strp
	.byte	11                              @ DW_AT_byte_size
	.byte	11                              @ DW_FORM_data1
	.byte	62                              @ DW_AT_encoding
	.byte	11                              @ DW_FORM_data1
	.byte	0                               @ EOM(1)
	.byte	0                               @ EOM(2)
	.byte	14                              @ Abbreviation Code
	.byte	46                              @ DW_TAG_subprogram
	.byte	0                               @ DW_CHILDREN_no
	.byte	17                              @ DW_AT_low_pc
	.byte	1                               @ DW_FORM_addr
	.byte	18                              @ DW_AT_high_pc
	.byte	6                               @ DW_FORM_data4
	.byte	64                              @ DW_AT_frame_base
	.byte	24                              @ DW_FORM_exprloc
	.byte	3                               @ DW_AT_name
	.byte	14                              @ DW_FORM_strp
	.byte	58                              @ DW_AT_decl_file
	.byte	11                              @ DW_FORM_data1
	.byte	59                              @ DW_AT_decl_line
	.byte	11                              @ DW_FORM_data1
	.byte	39                              @ DW_AT_prototyped
	.byte	25                              @ DW_FORM_flag_present
	.byte	63                              @ DW_AT_external
	.byte	25                              @ DW_FORM_flag_present
	.byte	0                               @ EOM(1)
	.byte	0                               @ EOM(2)
	.byte	15                              @ Abbreviation Code
	.byte	46                              @ DW_TAG_subprogram
	.byte	1                               @ DW_CHILDREN_yes
	.byte	17                              @ DW_AT_low_pc
	.byte	1                               @ DW_FORM_addr
	.byte	18                              @ DW_AT_high_pc
	.byte	6                               @ DW_FORM_data4
	.byte	64                              @ DW_AT_frame_base
	.byte	24                              @ DW_FORM_exprloc
	.byte	3                               @ DW_AT_name
	.byte	14                              @ DW_FORM_strp
	.byte	58                              @ DW_AT_decl_file
	.byte	11                              @ DW_FORM_data1
	.byte	59                              @ DW_AT_decl_line
	.byte	11                              @ DW_FORM_data1
	.byte	39                              @ DW_AT_prototyped
	.byte	25                              @ DW_FORM_flag_present
	.byte	63                              @ DW_AT_external
	.byte	25                              @ DW_FORM_flag_present
	.byte	0                               @ EOM(1)
	.byte	0                               @ EOM(2)
	.byte	16                              @ Abbreviation Code
	.byte	52                              @ DW_TAG_variable
	.byte	0                               @ DW_CHILDREN_no
	.byte	2                               @ DW_AT_location
	.byte	24                              @ DW_FORM_exprloc
	.byte	3                               @ DW_AT_name
	.byte	14                              @ DW_FORM_strp
	.byte	58                              @ DW_AT_decl_file
	.byte	11                              @ DW_FORM_data1
	.byte	59                              @ DW_AT_decl_line
	.byte	11                              @ DW_FORM_data1
	.byte	73                              @ DW_AT_type
	.byte	19                              @ DW_FORM_ref4
	.byte	0                               @ EOM(1)
	.byte	0                               @ EOM(2)
	.byte	17                              @ Abbreviation Code
	.byte	11                              @ DW_TAG_lexical_block
	.byte	1                               @ DW_CHILDREN_yes
	.byte	17                              @ DW_AT_low_pc
	.byte	1                               @ DW_FORM_addr
	.byte	18                              @ DW_AT_high_pc
	.byte	6                               @ DW_FORM_data4
	.byte	0                               @ EOM(1)
	.byte	0                               @ EOM(2)
	.byte	18                              @ Abbreviation Code
	.byte	19                              @ DW_TAG_structure_type
	.byte	1                               @ DW_CHILDREN_yes
	.byte	11                              @ DW_AT_byte_size
	.byte	11                              @ DW_FORM_data1
	.byte	58                              @ DW_AT_decl_file
	.byte	11                              @ DW_FORM_data1
	.byte	59                              @ DW_AT_decl_line
	.byte	11                              @ DW_FORM_data1
	.byte	0                               @ EOM(1)
	.byte	0                               @ EOM(2)
	.byte	19                              @ Abbreviation Code
	.byte	13                              @ DW_TAG_member
	.byte	0                               @ DW_CHILDREN_no
	.byte	3                               @ DW_AT_name
	.byte	14                              @ DW_FORM_strp
	.byte	73                              @ DW_AT_type
	.byte	19                              @ DW_FORM_ref4
	.byte	58                              @ DW_AT_decl_file
	.byte	11                              @ DW_FORM_data1
	.byte	59                              @ DW_AT_decl_line
	.byte	11                              @ DW_FORM_data1
	.byte	56                              @ DW_AT_data_member_location
	.byte	11                              @ DW_FORM_data1
	.byte	0                               @ EOM(1)
	.byte	0                               @ EOM(2)
	.byte	0                               @ EOM(3)
	.section	.debug_info,"",%progbits
.Lcu_begin0:
	.long	.Ldebug_info_end0-.Ldebug_info_start0 @ Length of Unit
.Ldebug_info_start0:
	.short	4                               @ DWARF version number
	.long	.debug_abbrev                   @ Offset Into Abbrev. Section
	.byte	4                               @ Address Size (in bytes)
	.byte	1                               @ Abbrev [1] 0xb:0x3e9 DW_TAG_compile_unit
	.long	.Linfo_string0                  @ DW_AT_producer
	.short	12                              @ DW_AT_language
	.long	.Linfo_string1                  @ DW_AT_name
	.long	.Lline_table_start0             @ DW_AT_stmt_list
	.long	.Linfo_string2                  @ DW_AT_comp_dir
	.long	0                               @ DW_AT_low_pc
	.long	.Ldebug_ranges0                 @ DW_AT_ranges
	.byte	2                               @ Abbrev [2] 0x26:0x21 DW_TAG_enumeration_type
	.long	71                              @ DW_AT_type
	.byte	1                               @ DW_AT_byte_size
	.byte	1                               @ DW_AT_decl_file
	.byte	39                              @ DW_AT_decl_line
	.byte	3                               @ Abbrev [3] 0x2e:0x6 DW_TAG_enumerator
	.long	.Linfo_string4                  @ DW_AT_name
	.byte	0                               @ DW_AT_const_value
	.byte	3                               @ Abbrev [3] 0x34:0x6 DW_TAG_enumerator
	.long	.Linfo_string5                  @ DW_AT_name
	.byte	1                               @ DW_AT_const_value
	.byte	3                               @ Abbrev [3] 0x3a:0x6 DW_TAG_enumerator
	.long	.Linfo_string6                  @ DW_AT_name
	.byte	2                               @ DW_AT_const_value
	.byte	3                               @ Abbrev [3] 0x40:0x6 DW_TAG_enumerator
	.long	.Linfo_string7                  @ DW_AT_name
	.byte	3                               @ DW_AT_const_value
	.byte	0                               @ End Of Children Mark
	.byte	4                               @ Abbrev [4] 0x47:0x7 DW_TAG_base_type
	.long	.Linfo_string3                  @ DW_AT_name
	.byte	8                               @ DW_AT_encoding
	.byte	1                               @ DW_AT_byte_size
	.byte	5                               @ Abbrev [5] 0x4e:0x5 DW_TAG_pointer_type
	.long	83                              @ DW_AT_type
	.byte	6                               @ Abbrev [6] 0x53:0xc DW_TAG_typedef
	.long	95                              @ DW_AT_type
	.long	.Linfo_string43                 @ DW_AT_name
	.byte	3                               @ DW_AT_decl_file
	.short	726                             @ DW_AT_decl_line
	.byte	7                               @ Abbrev [7] 0x5f:0x1a6 DW_TAG_structure_type
	.byte	144                             @ DW_AT_byte_size
	.byte	3                               @ DW_AT_decl_file
	.short	692                             @ DW_AT_decl_line
	.byte	8                               @ Abbrev [8] 0x64:0xd DW_TAG_member
	.long	.Linfo_string8                  @ DW_AT_name
	.long	517                             @ DW_AT_type
	.byte	3                               @ DW_AT_decl_file
	.short	694                             @ DW_AT_decl_line
	.byte	0                               @ DW_AT_data_member_location
	.byte	8                               @ Abbrev [8] 0x71:0xd DW_TAG_member
	.long	.Linfo_string11                 @ DW_AT_name
	.long	517                             @ DW_AT_type
	.byte	3                               @ DW_AT_decl_file
	.short	695                             @ DW_AT_decl_line
	.byte	4                               @ DW_AT_data_member_location
	.byte	8                               @ Abbrev [8] 0x7e:0xd DW_TAG_member
	.long	.Linfo_string12                 @ DW_AT_name
	.long	517                             @ DW_AT_type
	.byte	3                               @ DW_AT_decl_file
	.short	696                             @ DW_AT_decl_line
	.byte	8                               @ DW_AT_data_member_location
	.byte	8                               @ Abbrev [8] 0x8b:0xd DW_TAG_member
	.long	.Linfo_string13                 @ DW_AT_name
	.long	517                             @ DW_AT_type
	.byte	3                               @ DW_AT_decl_file
	.short	697                             @ DW_AT_decl_line
	.byte	12                              @ DW_AT_data_member_location
	.byte	8                               @ Abbrev [8] 0x98:0xd DW_TAG_member
	.long	.Linfo_string14                 @ DW_AT_name
	.long	517                             @ DW_AT_type
	.byte	3                               @ DW_AT_decl_file
	.short	698                             @ DW_AT_decl_line
	.byte	16                              @ DW_AT_data_member_location
	.byte	8                               @ Abbrev [8] 0xa5:0xd DW_TAG_member
	.long	.Linfo_string15                 @ DW_AT_name
	.long	517                             @ DW_AT_type
	.byte	3                               @ DW_AT_decl_file
	.short	699                             @ DW_AT_decl_line
	.byte	20                              @ DW_AT_data_member_location
	.byte	8                               @ Abbrev [8] 0xb2:0xd DW_TAG_member
	.long	.Linfo_string16                 @ DW_AT_name
	.long	517                             @ DW_AT_type
	.byte	3                               @ DW_AT_decl_file
	.short	700                             @ DW_AT_decl_line
	.byte	24                              @ DW_AT_data_member_location
	.byte	8                               @ Abbrev [8] 0xbf:0xd DW_TAG_member
	.long	.Linfo_string17                 @ DW_AT_name
	.long	522                             @ DW_AT_type
	.byte	3                               @ DW_AT_decl_file
	.short	701                             @ DW_AT_decl_line
	.byte	28                              @ DW_AT_data_member_location
	.byte	8                               @ Abbrev [8] 0xcc:0xd DW_TAG_member
	.long	.Linfo_string18                 @ DW_AT_name
	.long	517                             @ DW_AT_type
	.byte	3                               @ DW_AT_decl_file
	.short	702                             @ DW_AT_decl_line
	.byte	32                              @ DW_AT_data_member_location
	.byte	8                               @ Abbrev [8] 0xd9:0xd DW_TAG_member
	.long	.Linfo_string19                 @ DW_AT_name
	.long	517                             @ DW_AT_type
	.byte	3                               @ DW_AT_decl_file
	.short	703                             @ DW_AT_decl_line
	.byte	36                              @ DW_AT_data_member_location
	.byte	8                               @ Abbrev [8] 0xe6:0xd DW_TAG_member
	.long	.Linfo_string20                 @ DW_AT_name
	.long	540                             @ DW_AT_type
	.byte	3                               @ DW_AT_decl_file
	.short	704                             @ DW_AT_decl_line
	.byte	40                              @ DW_AT_data_member_location
	.byte	8                               @ Abbrev [8] 0xf3:0xd DW_TAG_member
	.long	.Linfo_string22                 @ DW_AT_name
	.long	517                             @ DW_AT_type
	.byte	3                               @ DW_AT_decl_file
	.short	705                             @ DW_AT_decl_line
	.byte	48                              @ DW_AT_data_member_location
	.byte	8                               @ Abbrev [8] 0x100:0xd DW_TAG_member
	.long	.Linfo_string23                 @ DW_AT_name
	.long	517                             @ DW_AT_type
	.byte	3                               @ DW_AT_decl_file
	.short	706                             @ DW_AT_decl_line
	.byte	52                              @ DW_AT_data_member_location
	.byte	8                               @ Abbrev [8] 0x10d:0xd DW_TAG_member
	.long	.Linfo_string24                 @ DW_AT_name
	.long	517                             @ DW_AT_type
	.byte	3                               @ DW_AT_decl_file
	.short	707                             @ DW_AT_decl_line
	.byte	56                              @ DW_AT_data_member_location
	.byte	8                               @ Abbrev [8] 0x11a:0xd DW_TAG_member
	.long	.Linfo_string25                 @ DW_AT_name
	.long	522                             @ DW_AT_type
	.byte	3                               @ DW_AT_decl_file
	.short	708                             @ DW_AT_decl_line
	.byte	60                              @ DW_AT_data_member_location
	.byte	8                               @ Abbrev [8] 0x127:0xd DW_TAG_member
	.long	.Linfo_string26                 @ DW_AT_name
	.long	517                             @ DW_AT_type
	.byte	3                               @ DW_AT_decl_file
	.short	709                             @ DW_AT_decl_line
	.byte	64                              @ DW_AT_data_member_location
	.byte	8                               @ Abbrev [8] 0x134:0xd DW_TAG_member
	.long	.Linfo_string27                 @ DW_AT_name
	.long	517                             @ DW_AT_type
	.byte	3                               @ DW_AT_decl_file
	.short	710                             @ DW_AT_decl_line
	.byte	68                              @ DW_AT_data_member_location
	.byte	8                               @ Abbrev [8] 0x141:0xd DW_TAG_member
	.long	.Linfo_string28                 @ DW_AT_name
	.long	540                             @ DW_AT_type
	.byte	3                               @ DW_AT_decl_file
	.short	711                             @ DW_AT_decl_line
	.byte	72                              @ DW_AT_data_member_location
	.byte	8                               @ Abbrev [8] 0x14e:0xd DW_TAG_member
	.long	.Linfo_string29                 @ DW_AT_name
	.long	517                             @ DW_AT_type
	.byte	3                               @ DW_AT_decl_file
	.short	712                             @ DW_AT_decl_line
	.byte	80                              @ DW_AT_data_member_location
	.byte	8                               @ Abbrev [8] 0x15b:0xd DW_TAG_member
	.long	.Linfo_string30                 @ DW_AT_name
	.long	517                             @ DW_AT_type
	.byte	3                               @ DW_AT_decl_file
	.short	713                             @ DW_AT_decl_line
	.byte	84                              @ DW_AT_data_member_location
	.byte	8                               @ Abbrev [8] 0x168:0xd DW_TAG_member
	.long	.Linfo_string31                 @ DW_AT_name
	.long	517                             @ DW_AT_type
	.byte	3                               @ DW_AT_decl_file
	.short	714                             @ DW_AT_decl_line
	.byte	88                              @ DW_AT_data_member_location
	.byte	8                               @ Abbrev [8] 0x175:0xd DW_TAG_member
	.long	.Linfo_string32                 @ DW_AT_name
	.long	522                             @ DW_AT_type
	.byte	3                               @ DW_AT_decl_file
	.short	715                             @ DW_AT_decl_line
	.byte	92                              @ DW_AT_data_member_location
	.byte	8                               @ Abbrev [8] 0x182:0xd DW_TAG_member
	.long	.Linfo_string33                 @ DW_AT_name
	.long	517                             @ DW_AT_type
	.byte	3                               @ DW_AT_decl_file
	.short	716                             @ DW_AT_decl_line
	.byte	96                              @ DW_AT_data_member_location
	.byte	8                               @ Abbrev [8] 0x18f:0xd DW_TAG_member
	.long	.Linfo_string34                 @ DW_AT_name
	.long	517                             @ DW_AT_type
	.byte	3                               @ DW_AT_decl_file
	.short	717                             @ DW_AT_decl_line
	.byte	100                             @ DW_AT_data_member_location
	.byte	8                               @ Abbrev [8] 0x19c:0xd DW_TAG_member
	.long	.Linfo_string35                 @ DW_AT_name
	.long	540                             @ DW_AT_type
	.byte	3                               @ DW_AT_decl_file
	.short	718                             @ DW_AT_decl_line
	.byte	104                             @ DW_AT_data_member_location
	.byte	8                               @ Abbrev [8] 0x1a9:0xd DW_TAG_member
	.long	.Linfo_string36                 @ DW_AT_name
	.long	517                             @ DW_AT_type
	.byte	3                               @ DW_AT_decl_file
	.short	719                             @ DW_AT_decl_line
	.byte	112                             @ DW_AT_data_member_location
	.byte	8                               @ Abbrev [8] 0x1b6:0xd DW_TAG_member
	.long	.Linfo_string37                 @ DW_AT_name
	.long	517                             @ DW_AT_type
	.byte	3                               @ DW_AT_decl_file
	.short	720                             @ DW_AT_decl_line
	.byte	116                             @ DW_AT_data_member_location
	.byte	8                               @ Abbrev [8] 0x1c3:0xd DW_TAG_member
	.long	.Linfo_string38                 @ DW_AT_name
	.long	540                             @ DW_AT_type
	.byte	3                               @ DW_AT_decl_file
	.short	721                             @ DW_AT_decl_line
	.byte	120                             @ DW_AT_data_member_location
	.byte	8                               @ Abbrev [8] 0x1d0:0xd DW_TAG_member
	.long	.Linfo_string39                 @ DW_AT_name
	.long	517                             @ DW_AT_type
	.byte	3                               @ DW_AT_decl_file
	.short	722                             @ DW_AT_decl_line
	.byte	128                             @ DW_AT_data_member_location
	.byte	8                               @ Abbrev [8] 0x1dd:0xd DW_TAG_member
	.long	.Linfo_string40                 @ DW_AT_name
	.long	517                             @ DW_AT_type
	.byte	3                               @ DW_AT_decl_file
	.short	723                             @ DW_AT_decl_line
	.byte	132                             @ DW_AT_data_member_location
	.byte	8                               @ Abbrev [8] 0x1ea:0xd DW_TAG_member
	.long	.Linfo_string41                 @ DW_AT_name
	.long	517                             @ DW_AT_type
	.byte	3                               @ DW_AT_decl_file
	.short	724                             @ DW_AT_decl_line
	.byte	136                             @ DW_AT_data_member_location
	.byte	8                               @ Abbrev [8] 0x1f7:0xd DW_TAG_member
	.long	.Linfo_string42                 @ DW_AT_name
	.long	517                             @ DW_AT_type
	.byte	3                               @ DW_AT_decl_file
	.short	725                             @ DW_AT_decl_line
	.byte	140                             @ DW_AT_data_member_location
	.byte	0                               @ End Of Children Mark
	.byte	9                               @ Abbrev [9] 0x205:0x5 DW_TAG_volatile_type
	.long	522                             @ DW_AT_type
	.byte	10                              @ Abbrev [10] 0x20a:0xb DW_TAG_typedef
	.long	533                             @ DW_AT_type
	.long	.Linfo_string10                 @ DW_AT_name
	.byte	2                               @ DW_AT_decl_file
	.byte	64                              @ DW_AT_decl_line
	.byte	4                               @ Abbrev [4] 0x215:0x7 DW_TAG_base_type
	.long	.Linfo_string9                  @ DW_AT_name
	.byte	7                               @ DW_AT_encoding
	.byte	4                               @ DW_AT_byte_size
	.byte	11                              @ Abbrev [11] 0x21c:0xc DW_TAG_array_type
	.long	522                             @ DW_AT_type
	.byte	12                              @ Abbrev [12] 0x221:0x6 DW_TAG_subrange_type
	.long	552                             @ DW_AT_type
	.byte	2                               @ DW_AT_count
	.byte	0                               @ End Of Children Mark
	.byte	13                              @ Abbrev [13] 0x228:0x7 DW_TAG_base_type
	.long	.Linfo_string21                 @ DW_AT_name
	.byte	8                               @ DW_AT_byte_size
	.byte	7                               @ DW_AT_encoding
	.byte	5                               @ Abbrev [5] 0x22f:0x5 DW_TAG_pointer_type
	.long	564                             @ DW_AT_type
	.byte	6                               @ Abbrev [6] 0x234:0xc DW_TAG_typedef
	.long	576                             @ DW_AT_type
	.long	.Linfo_string44                 @ DW_AT_name
	.byte	3                               @ DW_AT_decl_file
	.short	686                             @ DW_AT_decl_line
	.byte	7                               @ Abbrev [7] 0x240:0x20 DW_TAG_structure_type
	.byte	8                               @ DW_AT_byte_size
	.byte	3                               @ DW_AT_decl_file
	.short	682                             @ DW_AT_decl_line
	.byte	8                               @ Abbrev [8] 0x245:0xd DW_TAG_member
	.long	.Linfo_string8                  @ DW_AT_name
	.long	517                             @ DW_AT_type
	.byte	3                               @ DW_AT_decl_file
	.short	684                             @ DW_AT_decl_line
	.byte	0                               @ DW_AT_data_member_location
	.byte	8                               @ Abbrev [8] 0x252:0xd DW_TAG_member
	.long	.Linfo_string37                 @ DW_AT_name
	.long	517                             @ DW_AT_type
	.byte	3                               @ DW_AT_decl_file
	.short	685                             @ DW_AT_decl_line
	.byte	4                               @ DW_AT_data_member_location
	.byte	0                               @ End Of Children Mark
	.byte	10                              @ Abbrev [10] 0x260:0xb DW_TAG_typedef
	.long	71                              @ DW_AT_type
	.long	.Linfo_string45                 @ DW_AT_name
	.byte	2                               @ DW_AT_decl_file
	.byte	62                              @ DW_AT_decl_line
	.byte	14                              @ Abbrev [14] 0x26b:0x11 DW_TAG_subprogram
	.long	.Lfunc_begin0                   @ DW_AT_low_pc
	.long	.Lfunc_end0-.Lfunc_begin0       @ DW_AT_high_pc
	.byte	1                               @ DW_AT_frame_base
	.byte	93
	.long	.Linfo_string46                 @ DW_AT_name
	.byte	4                               @ DW_AT_decl_file
	.byte	5                               @ DW_AT_decl_line
                                        @ DW_AT_prototyped
                                        @ DW_AT_external
	.byte	15                              @ Abbrev [15] 0x27c:0x5e DW_TAG_subprogram
	.long	.Lfunc_begin1                   @ DW_AT_low_pc
	.long	.Lfunc_end1-.Lfunc_begin1       @ DW_AT_high_pc
	.byte	1                               @ DW_AT_frame_base
	.byte	93
	.long	.Linfo_string47                 @ DW_AT_name
	.byte	4                               @ DW_AT_decl_file
	.byte	17                              @ DW_AT_decl_line
                                        @ DW_AT_prototyped
                                        @ DW_AT_external
	.byte	16                              @ Abbrev [16] 0x28d:0xe DW_TAG_variable
	.byte	2                               @ DW_AT_location
	.byte	145
	.byte	32
	.long	.Linfo_string49                 @ DW_AT_name
	.byte	4                               @ DW_AT_decl_file
	.byte	19                              @ DW_AT_decl_line
	.long	747                             @ DW_AT_type
	.byte	16                              @ Abbrev [16] 0x29b:0xe DW_TAG_variable
	.byte	2                               @ DW_AT_location
	.byte	145
	.byte	12
	.long	.Linfo_string65                 @ DW_AT_name
	.byte	4                               @ DW_AT_decl_file
	.byte	20                              @ DW_AT_decl_line
	.long	935                             @ DW_AT_type
	.byte	17                              @ Abbrev [17] 0x2a9:0x18 DW_TAG_lexical_block
	.long	.Ltmp3                          @ DW_AT_low_pc
	.long	.Ltmp4-.Ltmp3                   @ DW_AT_high_pc
	.byte	16                              @ Abbrev [16] 0x2b2:0xe DW_TAG_variable
	.byte	2                               @ DW_AT_location
	.byte	145
	.byte	8
	.long	.Linfo_string72                 @ DW_AT_name
	.byte	4                               @ DW_AT_decl_file
	.byte	24                              @ DW_AT_decl_line
	.long	517                             @ DW_AT_type
	.byte	0                               @ End Of Children Mark
	.byte	17                              @ Abbrev [17] 0x2c1:0x18 DW_TAG_lexical_block
	.long	.Ltmp5                          @ DW_AT_low_pc
	.long	.Ltmp6-.Ltmp5                   @ DW_AT_high_pc
	.byte	16                              @ Abbrev [16] 0x2ca:0xe DW_TAG_variable
	.byte	2                               @ DW_AT_location
	.byte	145
	.byte	4
	.long	.Linfo_string72                 @ DW_AT_name
	.byte	4                               @ DW_AT_decl_file
	.byte	25                              @ DW_AT_decl_line
	.long	517                             @ DW_AT_type
	.byte	0                               @ End Of Children Mark
	.byte	0                               @ End Of Children Mark
	.byte	14                              @ Abbrev [14] 0x2da:0x11 DW_TAG_subprogram
	.long	.Lfunc_begin2                   @ DW_AT_low_pc
	.long	.Lfunc_end2-.Lfunc_begin2       @ DW_AT_high_pc
	.byte	1                               @ DW_AT_frame_base
	.byte	93
	.long	.Linfo_string48                 @ DW_AT_name
	.byte	4                               @ DW_AT_decl_file
	.byte	66                              @ DW_AT_decl_line
                                        @ DW_AT_prototyped
                                        @ DW_AT_external
	.byte	10                              @ Abbrev [10] 0x2eb:0xb DW_TAG_typedef
	.long	758                             @ DW_AT_type
	.long	.Linfo_string64                 @ DW_AT_name
	.byte	5                               @ DW_AT_decl_file
	.byte	72                              @ DW_AT_decl_line
	.byte	18                              @ Abbrev [18] 0x2f6:0x59 DW_TAG_structure_type
	.byte	48                              @ DW_AT_byte_size
	.byte	5                               @ DW_AT_decl_file
	.byte	51                              @ DW_AT_decl_line
	.byte	19                              @ Abbrev [19] 0x2fa:0xc DW_TAG_member
	.long	.Linfo_string50                 @ DW_AT_name
	.long	522                             @ DW_AT_type
	.byte	5                               @ DW_AT_decl_file
	.byte	53                              @ DW_AT_decl_line
	.byte	0                               @ DW_AT_data_member_location
	.byte	19                              @ Abbrev [19] 0x306:0xc DW_TAG_member
	.long	.Linfo_string51                 @ DW_AT_name
	.long	522                             @ DW_AT_type
	.byte	5                               @ DW_AT_decl_file
	.byte	56                              @ DW_AT_decl_line
	.byte	4                               @ DW_AT_data_member_location
	.byte	19                              @ Abbrev [19] 0x312:0xc DW_TAG_member
	.long	.Linfo_string52                 @ DW_AT_name
	.long	522                             @ DW_AT_type
	.byte	5                               @ DW_AT_decl_file
	.byte	59                              @ DW_AT_decl_line
	.byte	8                               @ DW_AT_data_member_location
	.byte	19                              @ Abbrev [19] 0x31e:0xc DW_TAG_member
	.long	.Linfo_string53                 @ DW_AT_name
	.long	522                             @ DW_AT_type
	.byte	5                               @ DW_AT_decl_file
	.byte	62                              @ DW_AT_decl_line
	.byte	12                              @ DW_AT_data_member_location
	.byte	19                              @ Abbrev [19] 0x32a:0xc DW_TAG_member
	.long	.Linfo_string54                 @ DW_AT_name
	.long	522                             @ DW_AT_type
	.byte	5                               @ DW_AT_decl_file
	.byte	65                              @ DW_AT_decl_line
	.byte	16                              @ DW_AT_data_member_location
	.byte	19                              @ Abbrev [19] 0x336:0xc DW_TAG_member
	.long	.Linfo_string55                 @ DW_AT_name
	.long	522                             @ DW_AT_type
	.byte	5                               @ DW_AT_decl_file
	.byte	68                              @ DW_AT_decl_line
	.byte	20                              @ DW_AT_data_member_location
	.byte	19                              @ Abbrev [19] 0x342:0xc DW_TAG_member
	.long	.Linfo_string56                 @ DW_AT_name
	.long	847                             @ DW_AT_type
	.byte	5                               @ DW_AT_decl_file
	.byte	71                              @ DW_AT_decl_line
	.byte	24                              @ DW_AT_data_member_location
	.byte	0                               @ End Of Children Mark
	.byte	10                              @ Abbrev [10] 0x34f:0xb DW_TAG_typedef
	.long	858                             @ DW_AT_type
	.long	.Linfo_string63                 @ DW_AT_name
	.byte	6                               @ DW_AT_decl_file
	.byte	75                              @ DW_AT_decl_line
	.byte	18                              @ Abbrev [18] 0x35a:0x4d DW_TAG_structure_type
	.byte	24                              @ DW_AT_byte_size
	.byte	6                               @ DW_AT_decl_file
	.byte	47                              @ DW_AT_decl_line
	.byte	19                              @ Abbrev [19] 0x35e:0xc DW_TAG_member
	.long	.Linfo_string57                 @ DW_AT_name
	.long	522                             @ DW_AT_type
	.byte	6                               @ DW_AT_decl_file
	.byte	49                              @ DW_AT_decl_line
	.byte	0                               @ DW_AT_data_member_location
	.byte	19                              @ Abbrev [19] 0x36a:0xc DW_TAG_member
	.long	.Linfo_string58                 @ DW_AT_name
	.long	522                             @ DW_AT_type
	.byte	6                               @ DW_AT_decl_file
	.byte	52                              @ DW_AT_decl_line
	.byte	4                               @ DW_AT_data_member_location
	.byte	19                              @ Abbrev [19] 0x376:0xc DW_TAG_member
	.long	.Linfo_string59                 @ DW_AT_name
	.long	522                             @ DW_AT_type
	.byte	6                               @ DW_AT_decl_file
	.byte	55                              @ DW_AT_decl_line
	.byte	8                               @ DW_AT_data_member_location
	.byte	19                              @ Abbrev [19] 0x382:0xc DW_TAG_member
	.long	.Linfo_string60                 @ DW_AT_name
	.long	522                             @ DW_AT_type
	.byte	6                               @ DW_AT_decl_file
	.byte	58                              @ DW_AT_decl_line
	.byte	12                              @ DW_AT_data_member_location
	.byte	19                              @ Abbrev [19] 0x38e:0xc DW_TAG_member
	.long	.Linfo_string61                 @ DW_AT_name
	.long	522                             @ DW_AT_type
	.byte	6                               @ DW_AT_decl_file
	.byte	62                              @ DW_AT_decl_line
	.byte	16                              @ DW_AT_data_member_location
	.byte	19                              @ Abbrev [19] 0x39a:0xc DW_TAG_member
	.long	.Linfo_string62                 @ DW_AT_name
	.long	522                             @ DW_AT_type
	.byte	6                               @ DW_AT_decl_file
	.byte	65                              @ DW_AT_decl_line
	.byte	20                              @ DW_AT_data_member_location
	.byte	0                               @ End Of Children Mark
	.byte	10                              @ Abbrev [10] 0x3a7:0xb DW_TAG_typedef
	.long	946                             @ DW_AT_type
	.long	.Linfo_string71                 @ DW_AT_name
	.byte	5                               @ DW_AT_decl_file
	.byte	94                              @ DW_AT_decl_line
	.byte	18                              @ Abbrev [18] 0x3b2:0x41 DW_TAG_structure_type
	.byte	20                              @ DW_AT_byte_size
	.byte	5                               @ DW_AT_decl_file
	.byte	77                              @ DW_AT_decl_line
	.byte	19                              @ Abbrev [19] 0x3b6:0xc DW_TAG_member
	.long	.Linfo_string66                 @ DW_AT_name
	.long	522                             @ DW_AT_type
	.byte	5                               @ DW_AT_decl_file
	.byte	79                              @ DW_AT_decl_line
	.byte	0                               @ DW_AT_data_member_location
	.byte	19                              @ Abbrev [19] 0x3c2:0xc DW_TAG_member
	.long	.Linfo_string67                 @ DW_AT_name
	.long	522                             @ DW_AT_type
	.byte	5                               @ DW_AT_decl_file
	.byte	82                              @ DW_AT_decl_line
	.byte	4                               @ DW_AT_data_member_location
	.byte	19                              @ Abbrev [19] 0x3ce:0xc DW_TAG_member
	.long	.Linfo_string68                 @ DW_AT_name
	.long	522                             @ DW_AT_type
	.byte	5                               @ DW_AT_decl_file
	.byte	85                              @ DW_AT_decl_line
	.byte	8                               @ DW_AT_data_member_location
	.byte	19                              @ Abbrev [19] 0x3da:0xc DW_TAG_member
	.long	.Linfo_string69                 @ DW_AT_name
	.long	522                             @ DW_AT_type
	.byte	5                               @ DW_AT_decl_file
	.byte	88                              @ DW_AT_decl_line
	.byte	12                              @ DW_AT_data_member_location
	.byte	19                              @ Abbrev [19] 0x3e6:0xc DW_TAG_member
	.long	.Linfo_string70                 @ DW_AT_name
	.long	522                             @ DW_AT_type
	.byte	5                               @ DW_AT_decl_file
	.byte	91                              @ DW_AT_decl_line
	.byte	16                              @ DW_AT_data_member_location
	.byte	0                               @ End Of Children Mark
	.byte	0                               @ End Of Children Mark
.Ldebug_info_end0:
	.section	.debug_ranges,"",%progbits
.Ldebug_ranges0:
	.long	.Lfunc_begin0
	.long	.Lfunc_end0
	.long	.Lfunc_begin1
	.long	.Lfunc_end1
	.long	.Lfunc_begin2
	.long	.Lfunc_end2
	.long	0
	.long	0
	.section	.debug_str,"MS",%progbits,1
.Linfo_string0:
	.asciz	"Component: ARM Compiler 6.16 Tool: armclang [5dfeb700]" @ string offset=0
.Linfo_string1:
	.asciz	"../User\\cpu.c"                @ string offset=55
.Linfo_string2:
	.asciz	"C:\\Users\\Hyacincher\\Desktop\\HyTelectrl\\Code\\Project" @ string offset=69
.Linfo_string3:
	.asciz	"unsigned char"                 @ string offset=121
.Linfo_string4:
	.asciz	"HAL_OK"                        @ string offset=135
.Linfo_string5:
	.asciz	"HAL_ERROR"                     @ string offset=142
.Linfo_string6:
	.asciz	"HAL_BUSY"                      @ string offset=152
.Linfo_string7:
	.asciz	"HAL_TIMEOUT"                   @ string offset=161
.Linfo_string8:
	.asciz	"CR"                            @ string offset=173
.Linfo_string9:
	.asciz	"unsigned int"                  @ string offset=176
.Linfo_string10:
	.asciz	"uint32_t"                      @ string offset=189
.Linfo_string11:
	.asciz	"PLLCFGR"                       @ string offset=198
.Linfo_string12:
	.asciz	"CFGR"                          @ string offset=206
.Linfo_string13:
	.asciz	"CIR"                           @ string offset=211
.Linfo_string14:
	.asciz	"AHB1RSTR"                      @ string offset=215
.Linfo_string15:
	.asciz	"AHB2RSTR"                      @ string offset=224
.Linfo_string16:
	.asciz	"AHB3RSTR"                      @ string offset=233
.Linfo_string17:
	.asciz	"RESERVED0"                     @ string offset=242
.Linfo_string18:
	.asciz	"APB1RSTR"                      @ string offset=252
.Linfo_string19:
	.asciz	"APB2RSTR"                      @ string offset=261
.Linfo_string20:
	.asciz	"RESERVED1"                     @ string offset=270
.Linfo_string21:
	.asciz	"__ARRAY_SIZE_TYPE__"           @ string offset=280
.Linfo_string22:
	.asciz	"AHB1ENR"                       @ string offset=300
.Linfo_string23:
	.asciz	"AHB2ENR"                       @ string offset=308
.Linfo_string24:
	.asciz	"AHB3ENR"                       @ string offset=316
.Linfo_string25:
	.asciz	"RESERVED2"                     @ string offset=324
.Linfo_string26:
	.asciz	"APB1ENR"                       @ string offset=334
.Linfo_string27:
	.asciz	"APB2ENR"                       @ string offset=342
.Linfo_string28:
	.asciz	"RESERVED3"                     @ string offset=350
.Linfo_string29:
	.asciz	"AHB1LPENR"                     @ string offset=360
.Linfo_string30:
	.asciz	"AHB2LPENR"                     @ string offset=370
.Linfo_string31:
	.asciz	"AHB3LPENR"                     @ string offset=380
.Linfo_string32:
	.asciz	"RESERVED4"                     @ string offset=390
.Linfo_string33:
	.asciz	"APB1LPENR"                     @ string offset=400
.Linfo_string34:
	.asciz	"APB2LPENR"                     @ string offset=410
.Linfo_string35:
	.asciz	"RESERVED5"                     @ string offset=420
.Linfo_string36:
	.asciz	"BDCR"                          @ string offset=430
.Linfo_string37:
	.asciz	"CSR"                           @ string offset=435
.Linfo_string38:
	.asciz	"RESERVED6"                     @ string offset=439
.Linfo_string39:
	.asciz	"SSCGR"                         @ string offset=449
.Linfo_string40:
	.asciz	"PLLI2SCFGR"                    @ string offset=455
.Linfo_string41:
	.asciz	"PLLSAICFGR"                    @ string offset=466
.Linfo_string42:
	.asciz	"DCKCFGR"                       @ string offset=477
.Linfo_string43:
	.asciz	"RCC_TypeDef"                   @ string offset=485
.Linfo_string44:
	.asciz	"PWR_TypeDef"                   @ string offset=497
.Linfo_string45:
	.asciz	"uint8_t"                       @ string offset=509
.Linfo_string46:
	.asciz	"HardwareInit"                  @ string offset=517
.Linfo_string47:
	.asciz	"SystemClock_Config"            @ string offset=530
.Linfo_string48:
	.asciz	"Error_Handler"                 @ string offset=549
.Linfo_string49:
	.asciz	"RCC_OscInitStruct"             @ string offset=563
.Linfo_string50:
	.asciz	"OscillatorType"                @ string offset=581
.Linfo_string51:
	.asciz	"HSEState"                      @ string offset=596
.Linfo_string52:
	.asciz	"LSEState"                      @ string offset=605
.Linfo_string53:
	.asciz	"HSIState"                      @ string offset=614
.Linfo_string54:
	.asciz	"HSICalibrationValue"           @ string offset=623
.Linfo_string55:
	.asciz	"LSIState"                      @ string offset=643
.Linfo_string56:
	.asciz	"PLL"                           @ string offset=652
.Linfo_string57:
	.asciz	"PLLState"                      @ string offset=656
.Linfo_string58:
	.asciz	"PLLSource"                     @ string offset=665
.Linfo_string59:
	.asciz	"PLLM"                          @ string offset=675
.Linfo_string60:
	.asciz	"PLLN"                          @ string offset=680
.Linfo_string61:
	.asciz	"PLLP"                          @ string offset=685
.Linfo_string62:
	.asciz	"PLLQ"                          @ string offset=690
.Linfo_string63:
	.asciz	"RCC_PLLInitTypeDef"            @ string offset=695
.Linfo_string64:
	.asciz	"RCC_OscInitTypeDef"            @ string offset=714
.Linfo_string65:
	.asciz	"RCC_ClkInitStruct"             @ string offset=733
.Linfo_string66:
	.asciz	"ClockType"                     @ string offset=751
.Linfo_string67:
	.asciz	"SYSCLKSource"                  @ string offset=761
.Linfo_string68:
	.asciz	"AHBCLKDivider"                 @ string offset=774
.Linfo_string69:
	.asciz	"APB1CLKDivider"                @ string offset=788
.Linfo_string70:
	.asciz	"APB2CLKDivider"                @ string offset=803
.Linfo_string71:
	.asciz	"RCC_ClkInitTypeDef"            @ string offset=818
.Linfo_string72:
	.asciz	"tmpreg"                        @ string offset=837
	.ident	"Component: ARM Compiler 6.16 Tool: armclang [5dfeb700]"
	.section	".note.GNU-stack","",%progbits
	.eabi_attribute	30, 6	@ Tag_ABI_optimization_goals
	.ARM_attribute	16, 1	@ Tag_AV_eba
	.section	.debug_line,"",%progbits
.Lline_table_start0:
