	.text
	.syntax unified
	.eabi_attribute	67, "2.09"	@ Tag_conformance
	.cpu	cortex-m4
	.eabi_attribute	6, 13	@ Tag_CPU_arch
	.eabi_attribute	7, 77	@ Tag_CPU_arch_profile
	.eabi_attribute	8, 0	@ Tag_ARM_ISA_use
	.eabi_attribute	9, 2	@ Tag_THUMB_ISA_use
	.fpu	fpv4-sp-d16
	.eabi_attribute	27, 1	@ Tag_ABI_HardFP_use
	.eabi_attribute	36, 1	@ Tag_FP_HP_extension
	.eabi_attribute	34, 1	@ Tag_CPU_unaligned_access
	.eabi_attribute	17, 1	@ Tag_ABI_PCS_GOT_use
	.eabi_attribute	20, 2	@ Tag_ABI_FP_denormal
	.eabi_attribute	21, 0	@ Tag_ABI_FP_exceptions
	.eabi_attribute	23, 1	@ Tag_ABI_FP_number_model
	.eabi_attribute	24, 1	@ Tag_ABI_align_needed
	.eabi_attribute	25, 1	@ Tag_ABI_align_preserved
	.eabi_attribute	28, 1	@ Tag_ABI_VFP_args
	.eabi_attribute	38, 1	@ Tag_ABI_FP_16bit_format
	.eabi_attribute	18, 2	@ Tag_ABI_PCS_wchar_t
	.eabi_attribute	26, 1	@ Tag_ABI_enum_size
	.eabi_attribute	14, 0	@ Tag_ABI_PCS_R9_use
	.file	"DPort.c"
	.file	1 "C:\\Users\\Hyacincher\\Desktop\\HyTelectrl\\Code\\Project" "../User\\includes.h"
	.file	2 "C:\\Users\\Hyacincher\\Desktop\\HyTelectrl\\Code\\Project" "../Application/DPort.h"
	.file	3 "C:\\Users\\Hyacincher\\Desktop\\HyTelectrl\\Code\\Project" "../Application/DPort.c"
	.file	4 "C:\\Users\\Hyacincher\\Desktop\\HyTelectrl\\Code\\Project" "../Library/STM32F4xx_HAL_Driver/Inc\\stm32f4xx_hal_gpio.h"
	.file	5 "D:\\Keil MDK\\ARM\\ARMCLANG\\Bin\\..\\include" "stdint.h"
	.file	6 "C:\\Users\\Hyacincher\\Desktop\\HyTelectrl\\Code\\Project" "../Library/CMSIS/stm32f429xx.h"
	.section	.text.DigitalPortInit,"ax",%progbits
	.hidden	DigitalPortInit                 @ -- Begin function DigitalPortInit
	.globl	DigitalPortInit
	.p2align	1
	.type	DigitalPortInit,%function
	.code	16                              @ @DigitalPortInit
	.thumb_func
DigitalPortInit:
.Lfunc_begin0:
	.loc	3 10 0                          @ ../Application/DPort.c:10:0
	.fnstart
	.cfi_sections .debug_frame
	.cfi_startproc
@ %bb.0:
	.save	{r4, lr}
	push	{r4, lr}
	.cfi_def_cfa_offset 8
	.cfi_offset lr, -4
	.cfi_offset r4, -8
.Ltmp0:
	.loc	3 11 5 prologue_end             @ ../Application/DPort.c:11:5
	movw	r4, :lower16:g_DPortCtrlMsg
	movt	r4, :upper16:g_DPortCtrlMsg
	mov	r0, r4
	mov.w	r1, #296
	bl	__aeabi_memclr4
.Ltmp1:
	.loc	3 13 56                         @ ../Application/DPort.c:13:56
	ldrb	r0, [r4]
	orr	r0, r0, #4
	strb	r0, [r4]
	.loc	3 14 56                         @ ../Application/DPort.c:14:56
	ldrb.w	r0, [r4, #144]
	orr	r0, r0, #4
	strb.w	r0, [r4, #144]
	.loc	3 15 1                          @ ../Application/DPort.c:15:1
	pop	{r4, pc}
.Ltmp2:
.Lfunc_end0:
	.size	DigitalPortInit, .Lfunc_end0-DigitalPortInit
	.cfi_endproc
	.cantunwind
	.fnend
                                        @ -- End function
	.section	.text.DigitalPortTask,"ax",%progbits
	.hidden	DigitalPortTask                 @ -- Begin function DigitalPortTask
	.globl	DigitalPortTask
	.p2align	2
	.type	DigitalPortTask,%function
	.code	16                              @ @DigitalPortTask
	.thumb_func
DigitalPortTask:
.Lfunc_begin1:
	.loc	3 18 0                          @ ../Application/DPort.c:18:0
	.fnstart
	.cfi_startproc
@ %bb.0:
	.save	{r4, r5, r6, r7, r8, r9, lr}
	push.w	{r4, r5, r6, r7, r8, r9, lr}
	.cfi_def_cfa_offset 28
	.cfi_offset lr, -4
	.cfi_offset r9, -8
	.cfi_offset r8, -12
	.cfi_offset r7, -16
	.cfi_offset r6, -20
	.cfi_offset r5, -24
	.cfi_offset r4, -28
	.pad	#4
	sub	sp, #4
	.cfi_def_cfa_offset 32
.Ltmp3:
	.loc	3 19 27 prologue_end            @ ../Application/DPort.c:19:27
	movw	r5, :lower16:g_DPortCtrlMsg
	movt	r5, :upper16:g_DPortCtrlMsg
	ldrb.w	r0, [r5, #292]
	.loc	3 19 5 is_stmt 0                @ ../Application/DPort.c:19:5
	cmp	r0, #2
	beq	.LBB1_5
@ %bb.1:
	cmp	r0, #1
	beq	.LBB1_7
@ %bb.2:
	cmp	r0, #0
	bne.w	.LBB1_66
@ %bb.3:
.Ltmp4:
	.loc	3 22 40 is_stmt 1               @ ../Application/DPort.c:22:40
	movw	r0, :lower16:g_SystemTime
	movt	r0, :upper16:g_SystemTime
	ldr	r0, [r0]
	.loc	3 22 38 is_stmt 0               @ ../Application/DPort.c:22:38
	str.w	r0, [r5, #288]
.LBB1_4:
	.loc	3 0 0                           @ ../Application/DPort.c:0:0
	ldrb.w	r0, [r5, #292]
	adds	r0, #1
	b	.LBB1_6
.LBB1_5:
	movs	r0, #0
.LBB1_6:
	strb.w	r0, [r5, #292]
	b	.LBB1_67
.LBB1_7:
.Ltmp5:
	.loc	3 26 17 is_stmt 1               @ ../Application/DPort.c:26:17
	movw	r0, :lower16:g_SystemTime
	movt	r0, :upper16:g_SystemTime
	ldr	r0, [r0]
	.loc	3 26 47 is_stmt 0               @ ../Application/DPort.c:26:47
	ldr.w	r1, [r5, #288]
.Ltmp6:
	.loc	3 26 16                         @ ../Application/DPort.c:26:16
	cmp	r0, r1
	beq.w	.LBB1_67
@ %bb.8:
	.loc	3 0 16                          @ ../Application/DPort.c:0:16
	movw	r8, #2048
	mov.w	r9, #0
	movt	r8, #16386
	movs	r7, #0
	movs	r4, #0
	movs	r6, #0
	.p2align	2
.LBB1_9:                                @ =>This Inner Loop Header: Depth=1
.Ltmp7:
	@DEBUG_VALUE: ii <- $r4
	.loc	3 46 23 is_stmt 1               @ ../Application/DPort.c:46:23
	uxtb	r0, r6
.Ltmp8:
	@DEBUG_VALUE: GetDPortLevel:Port <- $r0
	@DEBUG_VALUE: DPortIOHandle:Port <- $r0
	.loc	3 134 5                         @ ../Application/DPort.c:134:5
	cmp	r0, #11
	bhi	.LBB1_36
.Ltmp9:
@ %bb.10:                               @   in Loop: Header=BB1_9 Depth=1
	@DEBUG_VALUE: ii <- $r4
	@DEBUG_VALUE: DPortIOHandle:Port <- $r0
	@DEBUG_VALUE: GetDPortLevel:Port <- $r0
	.loc	3 0 5 is_stmt 0                 @ ../Application/DPort.c:0:5
.LCPI1_0:
	tbb	[pc, r0]
.Ltmp10:
@ %bb.11:
.LJTI1_0:
	.byte	(.LBB1_12-(.LCPI1_0+4))/2
	.byte	(.LBB1_13-(.LCPI1_0+4))/2
	.byte	(.LBB1_14-(.LCPI1_0+4))/2
	.byte	(.LBB1_16-(.LCPI1_0+4))/2
	.byte	(.LBB1_17-(.LCPI1_0+4))/2
	.byte	(.LBB1_18-(.LCPI1_0+4))/2
	.byte	(.LBB1_19-(.LCPI1_0+4))/2
	.byte	(.LBB1_20-(.LCPI1_0+4))/2
	.byte	(.LBB1_22-(.LCPI1_0+4))/2
	.byte	(.LBB1_24-(.LCPI1_0+4))/2
	.byte	(.LBB1_25-(.LCPI1_0+4))/2
	.byte	(.LBB1_26-(.LCPI1_0+4))/2
	.p2align	1
.LBB1_12:                               @   in Loop: Header=BB1_9 Depth=1
.Ltmp11:
	@DEBUG_VALUE: ii <- $r4
	@DEBUG_VALUE: DPortIOHandle:Port <- $r0
	@DEBUG_VALUE: GetDPortLevel:Port <- $r0
	.loc	3 137 36 is_stmt 1              @ ../Application/DPort.c:137:36
	mov	r0, r8
.Ltmp12:
	.loc	3 0 36 is_stmt 0                @ ../Application/DPort.c:0:36
	b	.LBB1_15
.Ltmp13:
.LBB1_13:                               @   in Loop: Header=BB1_9 Depth=1
	@DEBUG_VALUE: ii <- $r4
	@DEBUG_VALUE: DPortIOHandle:Port <- $r0
	@DEBUG_VALUE: GetDPortLevel:Port <- $r0
	.loc	3 140 36 is_stmt 1              @ ../Application/DPort.c:140:36
	add.w	r0, r8, #4096
.Ltmp14:
	mov.w	r1, #16384
	b	.LBB1_28
.Ltmp15:
.LBB1_14:                               @   in Loop: Header=BB1_9 Depth=1
	@DEBUG_VALUE: ii <- $r4
	@DEBUG_VALUE: DPortIOHandle:Port <- $r0
	@DEBUG_VALUE: GetDPortLevel:Port <- $r0
	.loc	3 143 36                        @ ../Application/DPort.c:143:36
	add.w	r0, r8, #4096
.Ltmp16:
.LBB1_15:                               @   in Loop: Header=BB1_9 Depth=1
	@DEBUG_VALUE: ii <- $r4
	.loc	3 0 0 is_stmt 0                 @ ../Application/DPort.c:0:0
	mov.w	r1, #8192
	b	.LBB1_28
.Ltmp17:
.LBB1_16:                               @   in Loop: Header=BB1_9 Depth=1
	@DEBUG_VALUE: ii <- $r4
	@DEBUG_VALUE: DPortIOHandle:Port <- $r0
	@DEBUG_VALUE: GetDPortLevel:Port <- $r0
	.loc	3 146 36 is_stmt 1              @ ../Application/DPort.c:146:36
	add.w	r0, r8, #4096
.Ltmp18:
	.loc	3 0 36 is_stmt 0                @ ../Application/DPort.c:0:36
	b	.LBB1_27
.Ltmp19:
.LBB1_17:                               @   in Loop: Header=BB1_9 Depth=1
	@DEBUG_VALUE: ii <- $r4
	@DEBUG_VALUE: DPortIOHandle:Port <- $r0
	@DEBUG_VALUE: GetDPortLevel:Port <- $r0
	.loc	3 149 36 is_stmt 1              @ ../Application/DPort.c:149:36
	add.w	r0, r8, #1024
.Ltmp20:
	movs	r1, #128
	bl	HAL_GPIO_ReadPin
.Ltmp21:
	@DEBUG_VALUE: GetDPortLevel:Level <- undef
	.loc	3 0 36 is_stmt 0                @ ../Application/DPort.c:0:36
	b	.LBB1_29
.Ltmp22:
.LBB1_18:                               @   in Loop: Header=BB1_9 Depth=1
	@DEBUG_VALUE: ii <- $r4
	@DEBUG_VALUE: DPortIOHandle:Port <- $r0
	@DEBUG_VALUE: GetDPortLevel:Port <- $r0
	.loc	3 152 36 is_stmt 1              @ ../Application/DPort.c:152:36
	add.w	r0, r8, #1024
.Ltmp23:
	.loc	3 0 36 is_stmt 0                @ ../Application/DPort.c:0:36
	b	.LBB1_21
.Ltmp24:
.LBB1_19:                               @   in Loop: Header=BB1_9 Depth=1
	@DEBUG_VALUE: ii <- $r4
	@DEBUG_VALUE: DPortIOHandle:Port <- $r0
	@DEBUG_VALUE: GetDPortLevel:Port <- $r0
	.loc	3 155 36 is_stmt 1              @ ../Application/DPort.c:155:36
	add.w	r0, r8, #2048
.Ltmp25:
	.loc	3 0 36 is_stmt 0                @ ../Application/DPort.c:0:36
	b	.LBB1_23
.Ltmp26:
.LBB1_20:                               @   in Loop: Header=BB1_9 Depth=1
	@DEBUG_VALUE: ii <- $r4
	@DEBUG_VALUE: DPortIOHandle:Port <- $r0
	@DEBUG_VALUE: GetDPortLevel:Port <- $r0
	.loc	3 158 36 is_stmt 1              @ ../Application/DPort.c:158:36
	add.w	r0, r8, #5120
.Ltmp27:
.LBB1_21:                               @   in Loop: Header=BB1_9 Depth=1
	@DEBUG_VALUE: ii <- $r4
	.loc	3 0 0 is_stmt 0                 @ ../Application/DPort.c:0:0
	movs	r1, #8
	b	.LBB1_28
.Ltmp28:
.LBB1_22:                               @   in Loop: Header=BB1_9 Depth=1
	@DEBUG_VALUE: ii <- $r4
	@DEBUG_VALUE: DPortIOHandle:Port <- $r0
	@DEBUG_VALUE: GetDPortLevel:Port <- $r0
	.loc	3 161 36 is_stmt 1              @ ../Application/DPort.c:161:36
	add.w	r0, r8, #5120
.Ltmp29:
.LBB1_23:                               @   in Loop: Header=BB1_9 Depth=1
	@DEBUG_VALUE: ii <- $r4
	.loc	3 0 0 is_stmt 0                 @ ../Application/DPort.c:0:0
	movs	r1, #4
	b	.LBB1_28
.Ltmp30:
.LBB1_24:                               @   in Loop: Header=BB1_9 Depth=1
	@DEBUG_VALUE: ii <- $r4
	@DEBUG_VALUE: DPortIOHandle:Port <- $r0
	@DEBUG_VALUE: GetDPortLevel:Port <- $r0
	.loc	3 164 36 is_stmt 1              @ ../Application/DPort.c:164:36
	mov	r0, r8
.Ltmp31:
	movs	r1, #32
	b	.LBB1_28
.Ltmp32:
.LBB1_25:                               @   in Loop: Header=BB1_9 Depth=1
	@DEBUG_VALUE: ii <- $r4
	@DEBUG_VALUE: DPortIOHandle:Port <- $r0
	@DEBUG_VALUE: GetDPortLevel:Port <- $r0
	.loc	3 167 36                        @ ../Application/DPort.c:167:36
	mov	r0, r8
.Ltmp33:
	movs	r1, #16
	b	.LBB1_28
.Ltmp34:
.LBB1_26:                               @   in Loop: Header=BB1_9 Depth=1
	@DEBUG_VALUE: ii <- $r4
	@DEBUG_VALUE: DPortIOHandle:Port <- $r0
	@DEBUG_VALUE: GetDPortLevel:Port <- $r0
	.loc	3 170 36                        @ ../Application/DPort.c:170:36
	mov	r0, r8
.Ltmp35:
.LBB1_27:                               @   in Loop: Header=BB1_9 Depth=1
	@DEBUG_VALUE: ii <- $r4
	.loc	3 0 0 is_stmt 0                 @ ../Application/DPort.c:0:0
	mov.w	r1, #1024
.Ltmp36:
	.p2align	2
.LBB1_28:                               @   in Loop: Header=BB1_9 Depth=1
	@DEBUG_VALUE: ii <- $r4
	bl	HAL_GPIO_ReadPin
.Ltmp37:
	eor	r0, r0, #1
.Ltmp38:
	@DEBUG_VALUE: GetDPortLevel:Level <- $r0
.LBB1_29:                               @   in Loop: Header=BB1_9 Depth=1
	@DEBUG_VALUE: ii <- $r4
	@DEBUG_VALUE: DPortIOHandle:IO <- $r0
	.loc	3 56 27 is_stmt 1               @ ../Application/DPort.c:56:27
	cbz	r0, .LBB1_36
.Ltmp39:
@ %bb.30:                               @   in Loop: Header=BB1_9 Depth=1
	@DEBUG_VALUE: ii <- $r4
	@DEBUG_VALUE: DPortIOHandle:IO <- $r0
	cmp	r0, #1
	bne	.LBB1_39
.Ltmp40:
@ %bb.31:                               @   in Loop: Header=BB1_9 Depth=1
	@DEBUG_VALUE: ii <- $r4
	@DEBUG_VALUE: DPortIOHandle:IO <- $r0
	.loc	3 56 61 is_stmt 0               @ ../Application/DPort.c:56:61
	adds	r0, r5, r7
.Ltmp41:
	mov	r1, r0
	ldrb	r2, [r1, #4]!
.Ltmp42:
	.loc	3 56 8                          @ ../Application/DPort.c:56:8
	lsls	r2, r2, #29
	bmi	.LBB1_33
.Ltmp43:
@ %bb.32:                               @   in Loop: Header=BB1_9 Depth=1
	@DEBUG_VALUE: ii <- $r4
	.loc	3 58 51 is_stmt 1               @ ../Application/DPort.c:58:51
	ldrb	r2, [r1]
	orr	r2, r2, #1
	strb	r2, [r1]
.Ltmp44:
.LBB1_33:                               @   in Loop: Header=BB1_9 Depth=1
	@DEBUG_VALUE: ii <- $r4
	.loc	3 65 38                         @ ../Application/DPort.c:65:38
	ldrb	r2, [r1]
.Ltmp45:
	.loc	3 65 8 is_stmt 0                @ ../Application/DPort.c:65:8
	lsls	r2, r2, #31
	beq	.LBB1_35
.Ltmp46:
@ %bb.34:                               @   in Loop: Header=BB1_9 Depth=1
	@DEBUG_VALUE: ii <- $r4
	.loc	3 69 48 is_stmt 1               @ ../Application/DPort.c:69:48
	ldr	r2, [r0, #8]
	adds	r2, #1
	str	r2, [r0, #8]
.Ltmp47:
.LBB1_35:                               @   in Loop: Header=BB1_9 Depth=1
	@DEBUG_VALUE: ii <- $r4
	.loc	3 0 48 is_stmt 0                @ ../Application/DPort.c:0:48
	movs	r0, #1
	movs	r2, #1
	b	.LBB1_40
.Ltmp48:
	.p2align	2
.LBB1_36:                               @   in Loop: Header=BB1_9 Depth=1
	@DEBUG_VALUE: ii <- $r4
	.loc	3 60 68 is_stmt 1               @ ../Application/DPort.c:60:68
	adds	r0, r5, r7
	ldrb	r1, [r0, #4]
.Ltmp49:
	.loc	3 60 13 is_stmt 0               @ ../Application/DPort.c:60:13
	lsls	r1, r1, #29
	bpl	.LBB1_38
.Ltmp50:
@ %bb.37:                               @   in Loop: Header=BB1_9 Depth=1
	@DEBUG_VALUE: ii <- $r4
	.loc	3 62 49 is_stmt 1               @ ../Application/DPort.c:62:49
	ldrb	r1, [r0, #4]
	orr	r1, r1, #2
	strb	r1, [r0, #4]
.Ltmp51:
.LBB1_38:                               @   in Loop: Header=BB1_9 Depth=1
	@DEBUG_VALUE: ii <- $r4
	.loc	3 0 49 is_stmt 0                @ ../Application/DPort.c:0:49
	movs	r0, #0
.Ltmp52:
.LBB1_39:                               @   in Loop: Header=BB1_9 Depth=1
	@DEBUG_VALUE: ii <- $r4
	.loc	3 65 38 is_stmt 1               @ ../Application/DPort.c:65:38
	add.w	r1, r4, r4, lsl #1
	adds	r2, r5, r7
	add.w	r1, r5, r1, lsl #3
	ldrb	r2, [r2, #4]
	adds	r1, #4
	movs	r2, #0
.Ltmp53:
.LBB1_40:                               @   in Loop: Header=BB1_9 Depth=1
	@DEBUG_VALUE: ii <- $r4
	.loc	3 72 48                         @ ../Application/DPort.c:72:48
	ldrb	r3, [r1]
	and	r0, r0, #1
	and	r3, r3, #251
	orr.w	r0, r3, r0, lsl #2
	strb	r0, [r1]
.Ltmp54:
	.loc	3 74 38                         @ ../Application/DPort.c:74:38
	ldrb	r0, [r1]
	.loc	3 74 82 is_stmt 0               @ ../Application/DPort.c:74:82
	ldrb	r3, [r1]
	and.w	r0, r0, r3, lsr #1
.Ltmp55:
	.loc	3 74 8                          @ ../Application/DPort.c:74:8
	lsls	r0, r0, #31
	beq	.LBB1_60
.Ltmp56:
@ %bb.41:                               @   in Loop: Header=BB1_9 Depth=1
	@DEBUG_VALUE: ii <- $r4
	.loc	3 76 43 is_stmt 1               @ ../Application/DPort.c:76:43
	adds	r0, r5, r7
	ldr	r3, [r0, #8]
	.loc	3 76 72 is_stmt 0               @ ../Application/DPort.c:76:72
	cmp	r3, #60
	blo	.LBB1_44
.Ltmp57:
@ %bb.42:                               @   in Loop: Header=BB1_9 Depth=1
	@DEBUG_VALUE: ii <- $r4
	.loc	3 77 44 is_stmt 1               @ ../Application/DPort.c:77:44
	ldr	r3, [r0, #8]
.Ltmp58:
	.loc	3 76 12                         @ ../Application/DPort.c:76:12
	lsrs	r3, r3, #4
	cmp	r3, #124
	bhi	.LBB1_44
.Ltmp59:
@ %bb.43:                               @   in Loop: Header=BB1_9 Depth=1
	@DEBUG_VALUE: ii <- $r4
	.loc	3 79 60                         @ ../Application/DPort.c:79:60
	ldrb	r3, [r5, r7]
	orr	r3, r3, #1
	b	.LBB1_47
.Ltmp60:
	.p2align	2
.LBB1_44:                               @   in Loop: Header=BB1_9 Depth=1
	@DEBUG_VALUE: ii <- $r4
	.loc	3 81 47                         @ ../Application/DPort.c:81:47
	ldr	r3, [r0, #8]
.Ltmp61:
	.loc	3 81 17 is_stmt 0               @ ../Application/DPort.c:81:17
	cmp.w	r3, #2000
	blo	.LBB1_48
.Ltmp62:
@ %bb.45:                               @   in Loop: Header=BB1_9 Depth=1
	@DEBUG_VALUE: ii <- $r4
	.loc	3 83 47 is_stmt 1               @ ../Application/DPort.c:83:47
	ldrb	r3, [r1]
.Ltmp63:
	.loc	3 83 16 is_stmt 0               @ ../Application/DPort.c:83:16
	lsls	r3, r3, #28
	bmi	.LBB1_48
.Ltmp64:
@ %bb.46:                               @   in Loop: Header=BB1_9 Depth=1
	@DEBUG_VALUE: ii <- $r4
	.loc	3 85 63 is_stmt 1               @ ../Application/DPort.c:85:63
	ldrb	r3, [r5, r7]
	orr	r3, r3, #2
.Ltmp65:
.LBB1_47:                               @   in Loop: Header=BB1_9 Depth=1
	@DEBUG_VALUE: ii <- $r4
	.loc	3 0 0 is_stmt 0                 @ ../Application/DPort.c:0:0
	strb	r3, [r5, r7]
.Ltmp66:
.LBB1_48:                               @   in Loop: Header=BB1_9 Depth=1
	@DEBUG_VALUE: ii <- $r4
	.loc	3 88 45 is_stmt 1               @ ../Application/DPort.c:88:45
	str.w	r9, [r0, #8]
	.loc	3 89 51                         @ ../Application/DPort.c:89:51
	ldrb	r3, [r1]
	and	r3, r3, #254
	strb	r3, [r1]
	.loc	3 90 49                         @ ../Application/DPort.c:90:49
	ldrb	r3, [r1]
	and	r3, r3, #253
	strb	r3, [r1]
	.loc	3 91 48                         @ ../Application/DPort.c:91:48
	ldrb	r3, [r1]
	and	r3, r3, #247
	strb	r3, [r1]
	.loc	3 92 44                         @ ../Application/DPort.c:92:44
	str.w	r9, [r0, #12]
.Ltmp67:
.LBB1_49:                               @   in Loop: Header=BB1_9 Depth=1
	@DEBUG_VALUE: ii <- $r4
	.loc	3 103 39                        @ ../Application/DPort.c:103:39
	ldrb	r0, [r1]
	.loc	3 103 49 is_stmt 0              @ ../Application/DPort.c:103:49
	lsls	r0, r0, #28
	bpl	.LBB1_52
.Ltmp68:
@ %bb.50:                               @   in Loop: Header=BB1_9 Depth=1
	@DEBUG_VALUE: ii <- $r4
	.loc	3 103 83                        @ ../Application/DPort.c:103:83
	adds	r0, r5, r7
	ldr	r3, [r0, #12]
.Ltmp69:
	.loc	3 103 8                         @ ../Application/DPort.c:103:8
	cmp.w	r3, #500
	bls	.LBB1_52
.Ltmp70:
@ %bb.51:                               @   in Loop: Header=BB1_9 Depth=1
	@DEBUG_VALUE: ii <- $r4
	.loc	3 105 45 is_stmt 1              @ ../Application/DPort.c:105:45
	str.w	r9, [r0, #8]
	.loc	3 106 48                        @ ../Application/DPort.c:106:48
	ldrb	r3, [r1]
	and	r3, r3, #247
	strb	r3, [r1]
	.loc	3 107 44                        @ ../Application/DPort.c:107:44
	str.w	r9, [r0, #12]
.Ltmp71:
.LBB1_52:                               @   in Loop: Header=BB1_9 Depth=1
	@DEBUG_VALUE: ii <- $r4
	.loc	3 110 8                         @ ../Application/DPort.c:110:8
	add.w	r0, r5, r7
	cbz	r2, .LBB1_54
.Ltmp72:
@ %bb.53:                               @   in Loop: Header=BB1_9 Depth=1
	@DEBUG_VALUE: ii <- $r4
	.loc	3 112 49                        @ ../Application/DPort.c:112:49
	ldr	r1, [r0, #16]
	adds	r1, #1
	str	r1, [r0, #16]
	.loc	3 113 52                        @ ../Application/DPort.c:113:52
	str.w	r9, [r0, #20]
	b	.LBB1_55
.Ltmp73:
	.p2align	2
.LBB1_54:                               @   in Loop: Header=BB1_9 Depth=1
	@DEBUG_VALUE: ii <- $r4
	.loc	3 117 50                        @ ../Application/DPort.c:117:50
	str.w	r9, [r0, #16]
	.loc	3 118 51                        @ ../Application/DPort.c:118:51
	ldr	r1, [r0, #20]
	adds	r1, #1
	str	r1, [r0, #20]
.Ltmp74:
.LBB1_55:                               @   in Loop: Header=BB1_9 Depth=1
	@DEBUG_VALUE: ii <- $r4
	.loc	3 120 38                        @ ../Application/DPort.c:120:38
	ldr	r1, [r0, #16]
.Ltmp75:
	.loc	3 120 8 is_stmt 0               @ ../Application/DPort.c:120:8
	cmp	r1, #61
	blo	.LBB1_57
.Ltmp76:
@ %bb.56:                               @   in Loop: Header=BB1_9 Depth=1
	@DEBUG_VALUE: ii <- $r4
	.loc	3 122 52 is_stmt 1              @ ../Application/DPort.c:122:52
	ldrb	r1, [r5, r7]
	orr	r1, r1, #4
	strb	r1, [r5, r7]
.Ltmp77:
.LBB1_57:                               @   in Loop: Header=BB1_9 Depth=1
	@DEBUG_VALUE: ii <- $r4
	.loc	3 124 38                        @ ../Application/DPort.c:124:38
	ldr	r0, [r0, #20]
.Ltmp78:
	.loc	3 124 8 is_stmt 0               @ ../Application/DPort.c:124:8
	cmp	r0, #61
	blo	.LBB1_59
.Ltmp79:
@ %bb.58:                               @   in Loop: Header=BB1_9 Depth=1
	@DEBUG_VALUE: ii <- $r4
	.loc	3 126 52 is_stmt 1              @ ../Application/DPort.c:126:52
	ldrb	r0, [r5, r7]
	and	r0, r0, #251
	strb	r0, [r5, r7]
.Ltmp80:
.LBB1_59:                               @   in Loop: Header=BB1_9 Depth=1
	@DEBUG_VALUE: ii <- $r4
	.loc	3 44 28                         @ ../Application/DPort.c:44:28
	adds	r7, #24
	.loc	3 44 43 is_stmt 0               @ ../Application/DPort.c:44:43
	adds	r4, #1
.Ltmp81:
	.loc	3 44 5                          @ ../Application/DPort.c:44:5
	cmp.w	r7, #288
.Ltmp82:
	.loc	3 44 43                         @ ../Application/DPort.c:44:43
	add.w	r6, r6, #1
.Ltmp83:
	@DEBUG_VALUE: ii <- undef
	.loc	3 44 5                          @ ../Application/DPort.c:44:5
	bne.w	.LBB1_9
	b	.LBB1_4
.Ltmp84:
	.p2align	2
.LBB1_60:                               @   in Loop: Header=BB1_9 Depth=1
	@DEBUG_VALUE: ii <- $r4
	.loc	3 94 43 is_stmt 1               @ ../Application/DPort.c:94:43
	ldrb	r0, [r1]
	.loc	3 94 55 is_stmt 0               @ ../Application/DPort.c:94:55
	lsls	r0, r0, #31
	beq	.LBB1_63
.Ltmp85:
@ %bb.61:                               @   in Loop: Header=BB1_9 Depth=1
	@DEBUG_VALUE: ii <- $r4
	.loc	3 94 89                         @ ../Application/DPort.c:94:89
	adds	r0, r5, r7
	ldr	r0, [r0, #8]
.Ltmp86:
	.loc	3 94 13                         @ ../Application/DPort.c:94:13
	cmp.w	r0, #2000
	bne	.LBB1_63
.Ltmp87:
@ %bb.62:                               @   in Loop: Header=BB1_9 Depth=1
	@DEBUG_VALUE: ii <- $r4
	.loc	3 96 55 is_stmt 1               @ ../Application/DPort.c:96:55
	ldrb	r0, [r5, r7]
	orr	r0, r0, #2
	strb	r0, [r5, r7]
	.loc	3 97 48                         @ ../Application/DPort.c:97:48
	ldrb	r0, [r1]
	orr	r0, r0, #8
	strb	r0, [r1]
	b	.LBB1_49
.Ltmp88:
	.p2align	2
.LBB1_63:                               @   in Loop: Header=BB1_9 Depth=1
	@DEBUG_VALUE: ii <- $r4
	.loc	3 99 44                         @ ../Application/DPort.c:99:44
	ldrb	r0, [r1]
	.loc	3 99 57 is_stmt 0               @ ../Application/DPort.c:99:57
	lsls	r0, r0, #31
	beq	.LBB1_49
.Ltmp89:
@ %bb.64:                               @   in Loop: Header=BB1_9 Depth=1
	@DEBUG_VALUE: ii <- $r4
	.loc	3 99 91                         @ ../Application/DPort.c:99:91
	ldrb	r0, [r1]
.Ltmp90:
	.loc	3 99 13                         @ ../Application/DPort.c:99:13
	lsls	r0, r0, #28
	bpl	.LBB1_49
.Ltmp91:
@ %bb.65:                               @   in Loop: Header=BB1_9 Depth=1
	@DEBUG_VALUE: ii <- $r4
	.loc	3 101 43 is_stmt 1              @ ../Application/DPort.c:101:43
	adds	r0, r5, r7
	ldr	r3, [r0, #12]
	adds	r3, #1
	str	r3, [r0, #12]
	b	.LBB1_49
.Ltmp92:
.LBB1_66:
	.loc	3 0 43 is_stmt 0                @ ../Application/DPort.c:0:43
	movs	r0, #0
	.loc	3 36 38 is_stmt 1               @ ../Application/DPort.c:36:38
	strb.w	r0, [r5, #292]
	.loc	3 37 40                         @ ../Application/DPort.c:37:40
	movw	r0, :lower16:g_SystemTime
	movt	r0, :upper16:g_SystemTime
	ldr	r0, [r0]
	.loc	3 37 38 is_stmt 0               @ ../Application/DPort.c:37:38
	str.w	r0, [r5, #288]
.Ltmp93:
.LBB1_67:
	.loc	3 40 1 is_stmt 1                @ ../Application/DPort.c:40:1
	add	sp, #4
	pop.w	{r4, r5, r6, r7, r8, r9, pc}
.Ltmp94:
.Lfunc_end1:
	.size	DigitalPortTask, .Lfunc_end1-DigitalPortTask
	.cfi_endproc
	.cantunwind
	.fnend
                                        @ -- End function
	.hidden	g_DPortCtrlMsg                  @ @g_DPortCtrlMsg
	.type	g_DPortCtrlMsg,%object
	.section	.bss.g_DPortCtrlMsg,"aw",%nobits
	.globl	g_DPortCtrlMsg
	.p2align	2
g_DPortCtrlMsg:
	.zero	296
	.size	g_DPortCtrlMsg, 296

	.section	.debug_loc,"",%progbits
.Ldebug_loc0:
	.long	-1
	.long	.Lfunc_begin1                   @   base address
	.long	.Ltmp7-.Lfunc_begin1
	.long	.Ltmp10-.Lfunc_begin1
	.short	1                               @ Loc expr size
	.byte	84                              @ DW_OP_reg4
	.long	.Ltmp11-.Lfunc_begin1
	.long	.Ltmp81-.Lfunc_begin1
	.short	1                               @ Loc expr size
	.byte	84                              @ DW_OP_reg4
	.long	.Ltmp84-.Lfunc_begin1
	.long	.Ltmp92-.Lfunc_begin1
	.short	1                               @ Loc expr size
	.byte	84                              @ DW_OP_reg4
	.long	0
	.long	0
.Ldebug_loc1:
	.long	-1
	.long	.Lfunc_begin1                   @   base address
	.long	.Ltmp8-.Lfunc_begin1
	.long	.Ltmp10-.Lfunc_begin1
	.short	1                               @ Loc expr size
	.byte	80                              @ DW_OP_reg0
	.long	.Ltmp11-.Lfunc_begin1
	.long	.Ltmp12-.Lfunc_begin1
	.short	1                               @ Loc expr size
	.byte	80                              @ DW_OP_reg0
	.long	.Ltmp13-.Lfunc_begin1
	.long	.Ltmp14-.Lfunc_begin1
	.short	1                               @ Loc expr size
	.byte	80                              @ DW_OP_reg0
	.long	.Ltmp15-.Lfunc_begin1
	.long	.Ltmp16-.Lfunc_begin1
	.short	1                               @ Loc expr size
	.byte	80                              @ DW_OP_reg0
	.long	.Ltmp17-.Lfunc_begin1
	.long	.Ltmp18-.Lfunc_begin1
	.short	1                               @ Loc expr size
	.byte	80                              @ DW_OP_reg0
	.long	.Ltmp19-.Lfunc_begin1
	.long	.Ltmp20-.Lfunc_begin1
	.short	1                               @ Loc expr size
	.byte	80                              @ DW_OP_reg0
	.long	.Ltmp22-.Lfunc_begin1
	.long	.Ltmp23-.Lfunc_begin1
	.short	1                               @ Loc expr size
	.byte	80                              @ DW_OP_reg0
	.long	.Ltmp24-.Lfunc_begin1
	.long	.Ltmp25-.Lfunc_begin1
	.short	1                               @ Loc expr size
	.byte	80                              @ DW_OP_reg0
	.long	.Ltmp26-.Lfunc_begin1
	.long	.Ltmp27-.Lfunc_begin1
	.short	1                               @ Loc expr size
	.byte	80                              @ DW_OP_reg0
	.long	.Ltmp28-.Lfunc_begin1
	.long	.Ltmp29-.Lfunc_begin1
	.short	1                               @ Loc expr size
	.byte	80                              @ DW_OP_reg0
	.long	.Ltmp30-.Lfunc_begin1
	.long	.Ltmp31-.Lfunc_begin1
	.short	1                               @ Loc expr size
	.byte	80                              @ DW_OP_reg0
	.long	.Ltmp32-.Lfunc_begin1
	.long	.Ltmp33-.Lfunc_begin1
	.short	1                               @ Loc expr size
	.byte	80                              @ DW_OP_reg0
	.long	.Ltmp34-.Lfunc_begin1
	.long	.Ltmp35-.Lfunc_begin1
	.short	1                               @ Loc expr size
	.byte	80                              @ DW_OP_reg0
	.long	0
	.long	0
.Ldebug_loc2:
	.long	-1
	.long	.Lfunc_begin1                   @   base address
	.long	.Ltmp8-.Lfunc_begin1
	.long	.Ltmp10-.Lfunc_begin1
	.short	1                               @ Loc expr size
	.byte	80                              @ DW_OP_reg0
	.long	.Ltmp11-.Lfunc_begin1
	.long	.Ltmp12-.Lfunc_begin1
	.short	1                               @ Loc expr size
	.byte	80                              @ DW_OP_reg0
	.long	.Ltmp13-.Lfunc_begin1
	.long	.Ltmp14-.Lfunc_begin1
	.short	1                               @ Loc expr size
	.byte	80                              @ DW_OP_reg0
	.long	.Ltmp15-.Lfunc_begin1
	.long	.Ltmp16-.Lfunc_begin1
	.short	1                               @ Loc expr size
	.byte	80                              @ DW_OP_reg0
	.long	.Ltmp17-.Lfunc_begin1
	.long	.Ltmp18-.Lfunc_begin1
	.short	1                               @ Loc expr size
	.byte	80                              @ DW_OP_reg0
	.long	.Ltmp19-.Lfunc_begin1
	.long	.Ltmp20-.Lfunc_begin1
	.short	1                               @ Loc expr size
	.byte	80                              @ DW_OP_reg0
	.long	.Ltmp22-.Lfunc_begin1
	.long	.Ltmp23-.Lfunc_begin1
	.short	1                               @ Loc expr size
	.byte	80                              @ DW_OP_reg0
	.long	.Ltmp24-.Lfunc_begin1
	.long	.Ltmp25-.Lfunc_begin1
	.short	1                               @ Loc expr size
	.byte	80                              @ DW_OP_reg0
	.long	.Ltmp26-.Lfunc_begin1
	.long	.Ltmp27-.Lfunc_begin1
	.short	1                               @ Loc expr size
	.byte	80                              @ DW_OP_reg0
	.long	.Ltmp28-.Lfunc_begin1
	.long	.Ltmp29-.Lfunc_begin1
	.short	1                               @ Loc expr size
	.byte	80                              @ DW_OP_reg0
	.long	.Ltmp30-.Lfunc_begin1
	.long	.Ltmp31-.Lfunc_begin1
	.short	1                               @ Loc expr size
	.byte	80                              @ DW_OP_reg0
	.long	.Ltmp32-.Lfunc_begin1
	.long	.Ltmp33-.Lfunc_begin1
	.short	1                               @ Loc expr size
	.byte	80                              @ DW_OP_reg0
	.long	.Ltmp34-.Lfunc_begin1
	.long	.Ltmp35-.Lfunc_begin1
	.short	1                               @ Loc expr size
	.byte	80                              @ DW_OP_reg0
	.long	0
	.long	0
.Ldebug_loc3:
	.long	-1
	.long	.Lfunc_begin1                   @   base address
	.long	.Ltmp38-.Lfunc_begin1
	.long	.Ltmp41-.Lfunc_begin1
	.short	1                               @ Loc expr size
	.byte	80                              @ DW_OP_reg0
	.long	0
	.long	0
	.section	.debug_abbrev,"",%progbits
	.byte	1                               @ Abbreviation Code
	.byte	17                              @ DW_TAG_compile_unit
	.byte	1                               @ DW_CHILDREN_yes
	.byte	37                              @ DW_AT_producer
	.byte	14                              @ DW_FORM_strp
	.byte	19                              @ DW_AT_language
	.byte	5                               @ DW_FORM_data2
	.byte	3                               @ DW_AT_name
	.byte	14                              @ DW_FORM_strp
	.byte	16                              @ DW_AT_stmt_list
	.byte	23                              @ DW_FORM_sec_offset
	.byte	27                              @ DW_AT_comp_dir
	.byte	14                              @ DW_FORM_strp
	.byte	17                              @ DW_AT_low_pc
	.byte	1                               @ DW_FORM_addr
	.byte	85                              @ DW_AT_ranges
	.byte	23                              @ DW_FORM_sec_offset
	.byte	0                               @ EOM(1)
	.byte	0                               @ EOM(2)
	.byte	2                               @ Abbreviation Code
	.byte	52                              @ DW_TAG_variable
	.byte	0                               @ DW_CHILDREN_no
	.byte	3                               @ DW_AT_name
	.byte	14                              @ DW_FORM_strp
	.byte	73                              @ DW_AT_type
	.byte	19                              @ DW_FORM_ref4
	.byte	63                              @ DW_AT_external
	.byte	25                              @ DW_FORM_flag_present
	.byte	58                              @ DW_AT_decl_file
	.byte	11                              @ DW_FORM_data1
	.byte	59                              @ DW_AT_decl_line
	.byte	11                              @ DW_FORM_data1
	.byte	2                               @ DW_AT_location
	.byte	24                              @ DW_FORM_exprloc
	.byte	0                               @ EOM(1)
	.byte	0                               @ EOM(2)
	.byte	3                               @ Abbreviation Code
	.byte	53                              @ DW_TAG_volatile_type
	.byte	0                               @ DW_CHILDREN_no
	.byte	73                              @ DW_AT_type
	.byte	19                              @ DW_FORM_ref4
	.byte	0                               @ EOM(1)
	.byte	0                               @ EOM(2)
	.byte	4                               @ Abbreviation Code
	.byte	22                              @ DW_TAG_typedef
	.byte	0                               @ DW_CHILDREN_no
	.byte	73                              @ DW_AT_type
	.byte	19                              @ DW_FORM_ref4
	.byte	3                               @ DW_AT_name
	.byte	14                              @ DW_FORM_strp
	.byte	58                              @ DW_AT_decl_file
	.byte	11                              @ DW_FORM_data1
	.byte	59                              @ DW_AT_decl_line
	.byte	11                              @ DW_FORM_data1
	.byte	0                               @ EOM(1)
	.byte	0                               @ EOM(2)
	.byte	5                               @ Abbreviation Code
	.byte	19                              @ DW_TAG_structure_type
	.byte	1                               @ DW_CHILDREN_yes
	.byte	11                              @ DW_AT_byte_size
	.byte	5                               @ DW_FORM_data2
	.byte	58                              @ DW_AT_decl_file
	.byte	11                              @ DW_FORM_data1
	.byte	59                              @ DW_AT_decl_line
	.byte	11                              @ DW_FORM_data1
	.byte	0                               @ EOM(1)
	.byte	0                               @ EOM(2)
	.byte	6                               @ Abbreviation Code
	.byte	13                              @ DW_TAG_member
	.byte	0                               @ DW_CHILDREN_no
	.byte	3                               @ DW_AT_name
	.byte	14                              @ DW_FORM_strp
	.byte	73                              @ DW_AT_type
	.byte	19                              @ DW_FORM_ref4
	.byte	58                              @ DW_AT_decl_file
	.byte	11                              @ DW_FORM_data1
	.byte	59                              @ DW_AT_decl_line
	.byte	11                              @ DW_FORM_data1
	.byte	56                              @ DW_AT_data_member_location
	.byte	11                              @ DW_FORM_data1
	.byte	0                               @ EOM(1)
	.byte	0                               @ EOM(2)
	.byte	7                               @ Abbreviation Code
	.byte	13                              @ DW_TAG_member
	.byte	0                               @ DW_CHILDREN_no
	.byte	3                               @ DW_AT_name
	.byte	14                              @ DW_FORM_strp
	.byte	73                              @ DW_AT_type
	.byte	19                              @ DW_FORM_ref4
	.byte	58                              @ DW_AT_decl_file
	.byte	11                              @ DW_FORM_data1
	.byte	59                              @ DW_AT_decl_line
	.byte	11                              @ DW_FORM_data1
	.byte	56                              @ DW_AT_data_member_location
	.byte	5                               @ DW_FORM_data2
	.byte	0                               @ EOM(1)
	.byte	0                               @ EOM(2)
	.byte	8                               @ Abbreviation Code
	.byte	1                               @ DW_TAG_array_type
	.byte	1                               @ DW_CHILDREN_yes
	.byte	73                              @ DW_AT_type
	.byte	19                              @ DW_FORM_ref4
	.byte	0                               @ EOM(1)
	.byte	0                               @ EOM(2)
	.byte	9                               @ Abbreviation Code
	.byte	33                              @ DW_TAG_subrange_type
	.byte	0                               @ DW_CHILDREN_no
	.byte	73                              @ DW_AT_type
	.byte	19                              @ DW_FORM_ref4
	.byte	55                              @ DW_AT_count
	.byte	11                              @ DW_FORM_data1
	.byte	0                               @ EOM(1)
	.byte	0                               @ EOM(2)
	.byte	10                              @ Abbreviation Code
	.byte	19                              @ DW_TAG_structure_type
	.byte	1                               @ DW_CHILDREN_yes
	.byte	11                              @ DW_AT_byte_size
	.byte	11                              @ DW_FORM_data1
	.byte	58                              @ DW_AT_decl_file
	.byte	11                              @ DW_FORM_data1
	.byte	59                              @ DW_AT_decl_line
	.byte	11                              @ DW_FORM_data1
	.byte	0                               @ EOM(1)
	.byte	0                               @ EOM(2)
	.byte	11                              @ Abbreviation Code
	.byte	13                              @ DW_TAG_member
	.byte	0                               @ DW_CHILDREN_no
	.byte	3                               @ DW_AT_name
	.byte	14                              @ DW_FORM_strp
	.byte	73                              @ DW_AT_type
	.byte	19                              @ DW_FORM_ref4
	.byte	58                              @ DW_AT_decl_file
	.byte	11                              @ DW_FORM_data1
	.byte	59                              @ DW_AT_decl_line
	.byte	11                              @ DW_FORM_data1
	.byte	11                              @ DW_AT_byte_size
	.byte	11                              @ DW_FORM_data1
	.byte	13                              @ DW_AT_bit_size
	.byte	11                              @ DW_FORM_data1
	.byte	12                              @ DW_AT_bit_offset
	.byte	11                              @ DW_FORM_data1
	.byte	56                              @ DW_AT_data_member_location
	.byte	11                              @ DW_FORM_data1
	.byte	0                               @ EOM(1)
	.byte	0                               @ EOM(2)
	.byte	12                              @ Abbreviation Code
	.byte	36                              @ DW_TAG_base_type
	.byte	0                               @ DW_CHILDREN_no
	.byte	3                               @ DW_AT_name
	.byte	14                              @ DW_FORM_strp
	.byte	62                              @ DW_AT_encoding
	.byte	11                              @ DW_FORM_data1
	.byte	11                              @ DW_AT_byte_size
	.byte	11                              @ DW_FORM_data1
	.byte	0                               @ EOM(1)
	.byte	0                               @ EOM(2)
	.byte	13                              @ Abbreviation Code
	.byte	36                              @ DW_TAG_base_type
	.byte	0                               @ DW_CHILDREN_no
	.byte	3                               @ DW_AT_name
	.byte	14                              @ DW_FORM_strp
	.byte	11                              @ DW_AT_byte_size
	.byte	11                              @ DW_FORM_data1
	.byte	62                              @ DW_AT_encoding
	.byte	11                              @ DW_FORM_data1
	.byte	0                               @ EOM(1)
	.byte	0                               @ EOM(2)
	.byte	14                              @ Abbreviation Code
	.byte	4                               @ DW_TAG_enumeration_type
	.byte	1                               @ DW_CHILDREN_yes
	.byte	73                              @ DW_AT_type
	.byte	19                              @ DW_FORM_ref4
	.byte	11                              @ DW_AT_byte_size
	.byte	11                              @ DW_FORM_data1
	.byte	58                              @ DW_AT_decl_file
	.byte	11                              @ DW_FORM_data1
	.byte	59                              @ DW_AT_decl_line
	.byte	11                              @ DW_FORM_data1
	.byte	0                               @ EOM(1)
	.byte	0                               @ EOM(2)
	.byte	15                              @ Abbreviation Code
	.byte	40                              @ DW_TAG_enumerator
	.byte	0                               @ DW_CHILDREN_no
	.byte	3                               @ DW_AT_name
	.byte	14                              @ DW_FORM_strp
	.byte	28                              @ DW_AT_const_value
	.byte	15                              @ DW_FORM_udata
	.byte	0                               @ EOM(1)
	.byte	0                               @ EOM(2)
	.byte	16                              @ Abbreviation Code
	.byte	15                              @ DW_TAG_pointer_type
	.byte	0                               @ DW_CHILDREN_no
	.byte	0                               @ EOM(1)
	.byte	0                               @ EOM(2)
	.byte	17                              @ Abbreviation Code
	.byte	15                              @ DW_TAG_pointer_type
	.byte	0                               @ DW_CHILDREN_no
	.byte	73                              @ DW_AT_type
	.byte	19                              @ DW_FORM_ref4
	.byte	0                               @ EOM(1)
	.byte	0                               @ EOM(2)
	.byte	18                              @ Abbreviation Code
	.byte	22                              @ DW_TAG_typedef
	.byte	0                               @ DW_CHILDREN_no
	.byte	73                              @ DW_AT_type
	.byte	19                              @ DW_FORM_ref4
	.byte	3                               @ DW_AT_name
	.byte	14                              @ DW_FORM_strp
	.byte	58                              @ DW_AT_decl_file
	.byte	11                              @ DW_FORM_data1
	.byte	59                              @ DW_AT_decl_line
	.byte	5                               @ DW_FORM_data2
	.byte	0                               @ EOM(1)
	.byte	0                               @ EOM(2)
	.byte	19                              @ Abbreviation Code
	.byte	19                              @ DW_TAG_structure_type
	.byte	1                               @ DW_CHILDREN_yes
	.byte	11                              @ DW_AT_byte_size
	.byte	11                              @ DW_FORM_data1
	.byte	58                              @ DW_AT_decl_file
	.byte	11                              @ DW_FORM_data1
	.byte	59                              @ DW_AT_decl_line
	.byte	5                               @ DW_FORM_data2
	.byte	0                               @ EOM(1)
	.byte	0                               @ EOM(2)
	.byte	20                              @ Abbreviation Code
	.byte	13                              @ DW_TAG_member
	.byte	0                               @ DW_CHILDREN_no
	.byte	3                               @ DW_AT_name
	.byte	14                              @ DW_FORM_strp
	.byte	73                              @ DW_AT_type
	.byte	19                              @ DW_FORM_ref4
	.byte	58                              @ DW_AT_decl_file
	.byte	11                              @ DW_FORM_data1
	.byte	59                              @ DW_AT_decl_line
	.byte	5                               @ DW_FORM_data2
	.byte	56                              @ DW_AT_data_member_location
	.byte	11                              @ DW_FORM_data1
	.byte	0                               @ EOM(1)
	.byte	0                               @ EOM(2)
	.byte	21                              @ Abbreviation Code
	.byte	46                              @ DW_TAG_subprogram
	.byte	0                               @ DW_CHILDREN_no
	.byte	17                              @ DW_AT_low_pc
	.byte	1                               @ DW_FORM_addr
	.byte	18                              @ DW_AT_high_pc
	.byte	6                               @ DW_FORM_data4
	.byte	64                              @ DW_AT_frame_base
	.byte	24                              @ DW_FORM_exprloc
	.ascii	"\227B"                         @ DW_AT_GNU_all_call_sites
	.byte	25                              @ DW_FORM_flag_present
	.byte	3                               @ DW_AT_name
	.byte	14                              @ DW_FORM_strp
	.byte	58                              @ DW_AT_decl_file
	.byte	11                              @ DW_FORM_data1
	.byte	59                              @ DW_AT_decl_line
	.byte	11                              @ DW_FORM_data1
	.byte	39                              @ DW_AT_prototyped
	.byte	25                              @ DW_FORM_flag_present
	.byte	63                              @ DW_AT_external
	.byte	25                              @ DW_FORM_flag_present
	.byte	0                               @ EOM(1)
	.byte	0                               @ EOM(2)
	.byte	22                              @ Abbreviation Code
	.byte	46                              @ DW_TAG_subprogram
	.byte	1                               @ DW_CHILDREN_yes
	.byte	3                               @ DW_AT_name
	.byte	14                              @ DW_FORM_strp
	.byte	58                              @ DW_AT_decl_file
	.byte	11                              @ DW_FORM_data1
	.byte	59                              @ DW_AT_decl_line
	.byte	11                              @ DW_FORM_data1
	.byte	39                              @ DW_AT_prototyped
	.byte	25                              @ DW_FORM_flag_present
	.byte	32                              @ DW_AT_inline
	.byte	11                              @ DW_FORM_data1
	.byte	0                               @ EOM(1)
	.byte	0                               @ EOM(2)
	.byte	23                              @ Abbreviation Code
	.byte	11                              @ DW_TAG_lexical_block
	.byte	1                               @ DW_CHILDREN_yes
	.byte	0                               @ EOM(1)
	.byte	0                               @ EOM(2)
	.byte	24                              @ Abbreviation Code
	.byte	52                              @ DW_TAG_variable
	.byte	0                               @ DW_CHILDREN_no
	.byte	3                               @ DW_AT_name
	.byte	14                              @ DW_FORM_strp
	.byte	58                              @ DW_AT_decl_file
	.byte	11                              @ DW_FORM_data1
	.byte	59                              @ DW_AT_decl_line
	.byte	11                              @ DW_FORM_data1
	.byte	73                              @ DW_AT_type
	.byte	19                              @ DW_FORM_ref4
	.byte	0                               @ EOM(1)
	.byte	0                               @ EOM(2)
	.byte	25                              @ Abbreviation Code
	.byte	46                              @ DW_TAG_subprogram
	.byte	1                               @ DW_CHILDREN_yes
	.byte	3                               @ DW_AT_name
	.byte	14                              @ DW_FORM_strp
	.byte	58                              @ DW_AT_decl_file
	.byte	11                              @ DW_FORM_data1
	.byte	59                              @ DW_AT_decl_line
	.byte	11                              @ DW_FORM_data1
	.byte	39                              @ DW_AT_prototyped
	.byte	25                              @ DW_FORM_flag_present
	.byte	73                              @ DW_AT_type
	.byte	19                              @ DW_FORM_ref4
	.byte	32                              @ DW_AT_inline
	.byte	11                              @ DW_FORM_data1
	.byte	0                               @ EOM(1)
	.byte	0                               @ EOM(2)
	.byte	26                              @ Abbreviation Code
	.byte	5                               @ DW_TAG_formal_parameter
	.byte	0                               @ DW_CHILDREN_no
	.byte	3                               @ DW_AT_name
	.byte	14                              @ DW_FORM_strp
	.byte	58                              @ DW_AT_decl_file
	.byte	11                              @ DW_FORM_data1
	.byte	59                              @ DW_AT_decl_line
	.byte	11                              @ DW_FORM_data1
	.byte	73                              @ DW_AT_type
	.byte	19                              @ DW_FORM_ref4
	.byte	0                               @ EOM(1)
	.byte	0                               @ EOM(2)
	.byte	27                              @ Abbreviation Code
	.byte	46                              @ DW_TAG_subprogram
	.byte	1                               @ DW_CHILDREN_yes
	.byte	17                              @ DW_AT_low_pc
	.byte	1                               @ DW_FORM_addr
	.byte	18                              @ DW_AT_high_pc
	.byte	6                               @ DW_FORM_data4
	.byte	64                              @ DW_AT_frame_base
	.byte	24                              @ DW_FORM_exprloc
	.ascii	"\227B"                         @ DW_AT_GNU_all_call_sites
	.byte	25                              @ DW_FORM_flag_present
	.byte	3                               @ DW_AT_name
	.byte	14                              @ DW_FORM_strp
	.byte	58                              @ DW_AT_decl_file
	.byte	11                              @ DW_FORM_data1
	.byte	59                              @ DW_AT_decl_line
	.byte	11                              @ DW_FORM_data1
	.byte	39                              @ DW_AT_prototyped
	.byte	25                              @ DW_FORM_flag_present
	.byte	63                              @ DW_AT_external
	.byte	25                              @ DW_FORM_flag_present
	.byte	0                               @ EOM(1)
	.byte	0                               @ EOM(2)
	.byte	28                              @ Abbreviation Code
	.byte	29                              @ DW_TAG_inlined_subroutine
	.byte	1                               @ DW_CHILDREN_yes
	.byte	49                              @ DW_AT_abstract_origin
	.byte	19                              @ DW_FORM_ref4
	.byte	17                              @ DW_AT_low_pc
	.byte	1                               @ DW_FORM_addr
	.byte	18                              @ DW_AT_high_pc
	.byte	6                               @ DW_FORM_data4
	.byte	88                              @ DW_AT_call_file
	.byte	11                              @ DW_FORM_data1
	.byte	89                              @ DW_AT_call_line
	.byte	11                              @ DW_FORM_data1
	.byte	87                              @ DW_AT_call_column
	.byte	11                              @ DW_FORM_data1
	.byte	0                               @ EOM(1)
	.byte	0                               @ EOM(2)
	.byte	29                              @ Abbreviation Code
	.byte	11                              @ DW_TAG_lexical_block
	.byte	1                               @ DW_CHILDREN_yes
	.byte	17                              @ DW_AT_low_pc
	.byte	1                               @ DW_FORM_addr
	.byte	18                              @ DW_AT_high_pc
	.byte	6                               @ DW_FORM_data4
	.byte	0                               @ EOM(1)
	.byte	0                               @ EOM(2)
	.byte	30                              @ Abbreviation Code
	.byte	52                              @ DW_TAG_variable
	.byte	0                               @ DW_CHILDREN_no
	.byte	2                               @ DW_AT_location
	.byte	23                              @ DW_FORM_sec_offset
	.byte	49                              @ DW_AT_abstract_origin
	.byte	19                              @ DW_FORM_ref4
	.byte	0                               @ EOM(1)
	.byte	0                               @ EOM(2)
	.byte	31                              @ Abbreviation Code
	.byte	29                              @ DW_TAG_inlined_subroutine
	.byte	1                               @ DW_CHILDREN_yes
	.byte	49                              @ DW_AT_abstract_origin
	.byte	19                              @ DW_FORM_ref4
	.byte	85                              @ DW_AT_ranges
	.byte	23                              @ DW_FORM_sec_offset
	.byte	88                              @ DW_AT_call_file
	.byte	11                              @ DW_FORM_data1
	.byte	89                              @ DW_AT_call_line
	.byte	11                              @ DW_FORM_data1
	.byte	87                              @ DW_AT_call_column
	.byte	11                              @ DW_FORM_data1
	.byte	0                               @ EOM(1)
	.byte	0                               @ EOM(2)
	.byte	32                              @ Abbreviation Code
	.byte	5                               @ DW_TAG_formal_parameter
	.byte	0                               @ DW_CHILDREN_no
	.byte	2                               @ DW_AT_location
	.byte	23                              @ DW_FORM_sec_offset
	.byte	49                              @ DW_AT_abstract_origin
	.byte	19                              @ DW_FORM_ref4
	.byte	0                               @ EOM(1)
	.byte	0                               @ EOM(2)
	.byte	33                              @ Abbreviation Code
	.byte	52                              @ DW_TAG_variable
	.byte	0                               @ DW_CHILDREN_no
	.byte	49                              @ DW_AT_abstract_origin
	.byte	19                              @ DW_FORM_ref4
	.byte	0                               @ EOM(1)
	.byte	0                               @ EOM(2)
	.byte	0                               @ EOM(3)
	.section	.debug_info,"",%progbits
.Lcu_begin0:
	.long	.Ldebug_info_end0-.Ldebug_info_start0 @ Length of Unit
.Ldebug_info_start0:
	.short	4                               @ DWARF version number
	.long	.debug_abbrev                   @ Offset Into Abbrev. Section
	.byte	4                               @ Address Size (in bytes)
	.byte	1                               @ Abbrev [1] 0xb:0x3c3 DW_TAG_compile_unit
	.long	.Linfo_string0                  @ DW_AT_producer
	.short	12                              @ DW_AT_language
	.long	.Linfo_string1                  @ DW_AT_name
	.long	.Lline_table_start0             @ DW_AT_stmt_list
	.long	.Linfo_string2                  @ DW_AT_comp_dir
	.long	0                               @ DW_AT_low_pc
	.long	.Ldebug_ranges1                 @ DW_AT_ranges
	.byte	2                               @ Abbrev [2] 0x26:0x11 DW_TAG_variable
	.long	.Linfo_string3                  @ DW_AT_name
	.long	55                              @ DW_AT_type
                                        @ DW_AT_external
	.byte	3                               @ DW_AT_decl_file
	.byte	3                               @ DW_AT_decl_line
	.byte	5                               @ DW_AT_location
	.byte	3
	.long	g_DPortCtrlMsg
	.byte	3                               @ Abbrev [3] 0x37:0x5 DW_TAG_volatile_type
	.long	60                              @ DW_AT_type
	.byte	4                               @ Abbrev [4] 0x3c:0xb DW_TAG_typedef
	.long	71                              @ DW_AT_type
	.long	.Linfo_string28                 @ DW_AT_name
	.byte	2                               @ DW_AT_decl_file
	.byte	88                              @ DW_AT_decl_line
	.byte	5                               @ Abbrev [5] 0x47:0x2c DW_TAG_structure_type
	.short	296                             @ DW_AT_byte_size
	.byte	2                               @ DW_AT_decl_file
	.byte	83                              @ DW_AT_decl_line
	.byte	6                               @ Abbrev [6] 0x4c:0xc DW_TAG_member
	.long	.Linfo_string4                  @ DW_AT_name
	.long	115                             @ DW_AT_type
	.byte	2                               @ DW_AT_decl_file
	.byte	85                              @ DW_AT_decl_line
	.byte	0                               @ DW_AT_data_member_location
	.byte	7                               @ Abbrev [7] 0x58:0xd DW_TAG_member
	.long	.Linfo_string26                 @ DW_AT_name
	.long	378                             @ DW_AT_type
	.byte	2                               @ DW_AT_decl_file
	.byte	86                              @ DW_AT_decl_line
	.short	288                             @ DW_AT_data_member_location
	.byte	7                               @ Abbrev [7] 0x65:0xd DW_TAG_member
	.long	.Linfo_string27                 @ DW_AT_name
	.long	360                             @ DW_AT_type
	.byte	2                               @ DW_AT_decl_file
	.byte	87                              @ DW_AT_decl_line
	.short	292                             @ DW_AT_data_member_location
	.byte	0                               @ End Of Children Mark
	.byte	8                               @ Abbrev [8] 0x73:0xc DW_TAG_array_type
	.long	127                             @ DW_AT_type
	.byte	9                               @ Abbrev [9] 0x78:0x6 DW_TAG_subrange_type
	.long	396                             @ DW_AT_type
	.byte	12                              @ DW_AT_count
	.byte	0                               @ End Of Children Mark
	.byte	4                               @ Abbrev [4] 0x7f:0xb DW_TAG_typedef
	.long	138                             @ DW_AT_type
	.long	.Linfo_string24                 @ DW_AT_name
	.byte	2                               @ DW_AT_decl_file
	.byte	81                              @ DW_AT_decl_line
	.byte	10                              @ Abbrev [10] 0x8a:0xde DW_TAG_structure_type
	.byte	24                              @ DW_AT_byte_size
	.byte	2                               @ DW_AT_decl_file
	.byte	60                              @ DW_AT_decl_line
	.byte	6                               @ Abbrev [6] 0x8e:0xc DW_TAG_member
	.long	.Linfo_string5                  @ DW_AT_name
	.long	154                             @ DW_AT_type
	.byte	2                               @ DW_AT_decl_file
	.byte	68                              @ DW_AT_decl_line
	.byte	0                               @ DW_AT_data_member_location
	.byte	10                              @ Abbrev [10] 0x9a:0x41 DW_TAG_structure_type
	.byte	1                               @ DW_AT_byte_size
	.byte	2                               @ DW_AT_decl_file
	.byte	62                              @ DW_AT_decl_line
	.byte	11                              @ Abbrev [11] 0x9e:0xf DW_TAG_member
	.long	.Linfo_string6                  @ DW_AT_name
	.long	360                             @ DW_AT_type
	.byte	2                               @ DW_AT_decl_file
	.byte	64                              @ DW_AT_decl_line
	.byte	1                               @ DW_AT_byte_size
	.byte	1                               @ DW_AT_bit_size
	.byte	7                               @ DW_AT_bit_offset
	.byte	0                               @ DW_AT_data_member_location
	.byte	11                              @ Abbrev [11] 0xad:0xf DW_TAG_member
	.long	.Linfo_string9                  @ DW_AT_name
	.long	360                             @ DW_AT_type
	.byte	2                               @ DW_AT_decl_file
	.byte	65                              @ DW_AT_decl_line
	.byte	1                               @ DW_AT_byte_size
	.byte	1                               @ DW_AT_bit_size
	.byte	6                               @ DW_AT_bit_offset
	.byte	0                               @ DW_AT_data_member_location
	.byte	11                              @ Abbrev [11] 0xbc:0xf DW_TAG_member
	.long	.Linfo_string10                 @ DW_AT_name
	.long	360                             @ DW_AT_type
	.byte	2                               @ DW_AT_decl_file
	.byte	66                              @ DW_AT_decl_line
	.byte	1                               @ DW_AT_byte_size
	.byte	1                               @ DW_AT_bit_size
	.byte	5                               @ DW_AT_bit_offset
	.byte	0                               @ DW_AT_data_member_location
	.byte	11                              @ Abbrev [11] 0xcb:0xf DW_TAG_member
	.long	.Linfo_string11                 @ DW_AT_name
	.long	360                             @ DW_AT_type
	.byte	2                               @ DW_AT_decl_file
	.byte	67                              @ DW_AT_decl_line
	.byte	1                               @ DW_AT_byte_size
	.byte	5                               @ DW_AT_bit_size
	.byte	0                               @ DW_AT_bit_offset
	.byte	0                               @ DW_AT_data_member_location
	.byte	0                               @ End Of Children Mark
	.byte	6                               @ Abbrev [6] 0xdb:0xc DW_TAG_member
	.long	.Linfo_string12                 @ DW_AT_name
	.long	231                             @ DW_AT_type
	.byte	2                               @ DW_AT_decl_file
	.byte	80                              @ DW_AT_decl_line
	.byte	4                               @ DW_AT_data_member_location
	.byte	10                              @ Abbrev [10] 0xe7:0x80 DW_TAG_structure_type
	.byte	20                              @ DW_AT_byte_size
	.byte	2                               @ DW_AT_decl_file
	.byte	69                              @ DW_AT_decl_line
	.byte	11                              @ Abbrev [11] 0xeb:0xf DW_TAG_member
	.long	.Linfo_string13                 @ DW_AT_name
	.long	360                             @ DW_AT_type
	.byte	2                               @ DW_AT_decl_file
	.byte	71                              @ DW_AT_decl_line
	.byte	1                               @ DW_AT_byte_size
	.byte	1                               @ DW_AT_bit_size
	.byte	7                               @ DW_AT_bit_offset
	.byte	0                               @ DW_AT_data_member_location
	.byte	11                              @ Abbrev [11] 0xfa:0xf DW_TAG_member
	.long	.Linfo_string14                 @ DW_AT_name
	.long	360                             @ DW_AT_type
	.byte	2                               @ DW_AT_decl_file
	.byte	72                              @ DW_AT_decl_line
	.byte	1                               @ DW_AT_byte_size
	.byte	1                               @ DW_AT_bit_size
	.byte	6                               @ DW_AT_bit_offset
	.byte	0                               @ DW_AT_data_member_location
	.byte	11                              @ Abbrev [11] 0x109:0xf DW_TAG_member
	.long	.Linfo_string15                 @ DW_AT_name
	.long	360                             @ DW_AT_type
	.byte	2                               @ DW_AT_decl_file
	.byte	73                              @ DW_AT_decl_line
	.byte	1                               @ DW_AT_byte_size
	.byte	1                               @ DW_AT_bit_size
	.byte	5                               @ DW_AT_bit_offset
	.byte	0                               @ DW_AT_data_member_location
	.byte	11                              @ Abbrev [11] 0x118:0xf DW_TAG_member
	.long	.Linfo_string16                 @ DW_AT_name
	.long	360                             @ DW_AT_type
	.byte	2                               @ DW_AT_decl_file
	.byte	74                              @ DW_AT_decl_line
	.byte	1                               @ DW_AT_byte_size
	.byte	1                               @ DW_AT_bit_size
	.byte	4                               @ DW_AT_bit_offset
	.byte	0                               @ DW_AT_data_member_location
	.byte	11                              @ Abbrev [11] 0x127:0xf DW_TAG_member
	.long	.Linfo_string17                 @ DW_AT_name
	.long	360                             @ DW_AT_type
	.byte	2                               @ DW_AT_decl_file
	.byte	75                              @ DW_AT_decl_line
	.byte	1                               @ DW_AT_byte_size
	.byte	5                               @ DW_AT_bit_size
	.byte	3                               @ DW_AT_bit_offset
	.byte	1                               @ DW_AT_data_member_location
	.byte	6                               @ Abbrev [6] 0x136:0xc DW_TAG_member
	.long	.Linfo_string18                 @ DW_AT_name
	.long	378                             @ DW_AT_type
	.byte	2                               @ DW_AT_decl_file
	.byte	76                              @ DW_AT_decl_line
	.byte	4                               @ DW_AT_data_member_location
	.byte	6                               @ Abbrev [6] 0x142:0xc DW_TAG_member
	.long	.Linfo_string21                 @ DW_AT_name
	.long	378                             @ DW_AT_type
	.byte	2                               @ DW_AT_decl_file
	.byte	77                              @ DW_AT_decl_line
	.byte	8                               @ DW_AT_data_member_location
	.byte	6                               @ Abbrev [6] 0x14e:0xc DW_TAG_member
	.long	.Linfo_string22                 @ DW_AT_name
	.long	378                             @ DW_AT_type
	.byte	2                               @ DW_AT_decl_file
	.byte	78                              @ DW_AT_decl_line
	.byte	12                              @ DW_AT_data_member_location
	.byte	6                               @ Abbrev [6] 0x15a:0xc DW_TAG_member
	.long	.Linfo_string23                 @ DW_AT_name
	.long	378                             @ DW_AT_type
	.byte	2                               @ DW_AT_decl_file
	.byte	79                              @ DW_AT_decl_line
	.byte	16                              @ DW_AT_data_member_location
	.byte	0                               @ End Of Children Mark
	.byte	0                               @ End Of Children Mark
	.byte	4                               @ Abbrev [4] 0x168:0xb DW_TAG_typedef
	.long	371                             @ DW_AT_type
	.long	.Linfo_string8                  @ DW_AT_name
	.byte	1                               @ DW_AT_decl_file
	.byte	8                               @ DW_AT_decl_line
	.byte	12                              @ Abbrev [12] 0x173:0x7 DW_TAG_base_type
	.long	.Linfo_string7                  @ DW_AT_name
	.byte	8                               @ DW_AT_encoding
	.byte	1                               @ DW_AT_byte_size
	.byte	4                               @ Abbrev [4] 0x17a:0xb DW_TAG_typedef
	.long	389                             @ DW_AT_type
	.long	.Linfo_string20                 @ DW_AT_name
	.byte	1                               @ DW_AT_decl_file
	.byte	12                              @ DW_AT_decl_line
	.byte	12                              @ Abbrev [12] 0x185:0x7 DW_TAG_base_type
	.long	.Linfo_string19                 @ DW_AT_name
	.byte	7                               @ DW_AT_encoding
	.byte	4                               @ DW_AT_byte_size
	.byte	13                              @ Abbrev [13] 0x18c:0x7 DW_TAG_base_type
	.long	.Linfo_string25                 @ DW_AT_name
	.byte	8                               @ DW_AT_byte_size
	.byte	7                               @ DW_AT_encoding
	.byte	14                              @ Abbrev [14] 0x193:0x57 DW_TAG_enumeration_type
	.long	371                             @ DW_AT_type
	.byte	1                               @ DW_AT_byte_size
	.byte	2                               @ DW_AT_decl_file
	.byte	43                              @ DW_AT_decl_line
	.byte	15                              @ Abbrev [15] 0x19b:0x6 DW_TAG_enumerator
	.long	.Linfo_string29                 @ DW_AT_name
	.byte	0                               @ DW_AT_const_value
	.byte	15                              @ Abbrev [15] 0x1a1:0x6 DW_TAG_enumerator
	.long	.Linfo_string30                 @ DW_AT_name
	.byte	1                               @ DW_AT_const_value
	.byte	15                              @ Abbrev [15] 0x1a7:0x6 DW_TAG_enumerator
	.long	.Linfo_string31                 @ DW_AT_name
	.byte	2                               @ DW_AT_const_value
	.byte	15                              @ Abbrev [15] 0x1ad:0x6 DW_TAG_enumerator
	.long	.Linfo_string32                 @ DW_AT_name
	.byte	3                               @ DW_AT_const_value
	.byte	15                              @ Abbrev [15] 0x1b3:0x6 DW_TAG_enumerator
	.long	.Linfo_string33                 @ DW_AT_name
	.byte	4                               @ DW_AT_const_value
	.byte	15                              @ Abbrev [15] 0x1b9:0x6 DW_TAG_enumerator
	.long	.Linfo_string34                 @ DW_AT_name
	.byte	5                               @ DW_AT_const_value
	.byte	15                              @ Abbrev [15] 0x1bf:0x6 DW_TAG_enumerator
	.long	.Linfo_string35                 @ DW_AT_name
	.byte	6                               @ DW_AT_const_value
	.byte	15                              @ Abbrev [15] 0x1c5:0x6 DW_TAG_enumerator
	.long	.Linfo_string36                 @ DW_AT_name
	.byte	7                               @ DW_AT_const_value
	.byte	15                              @ Abbrev [15] 0x1cb:0x6 DW_TAG_enumerator
	.long	.Linfo_string37                 @ DW_AT_name
	.byte	8                               @ DW_AT_const_value
	.byte	15                              @ Abbrev [15] 0x1d1:0x6 DW_TAG_enumerator
	.long	.Linfo_string38                 @ DW_AT_name
	.byte	9                               @ DW_AT_const_value
	.byte	15                              @ Abbrev [15] 0x1d7:0x6 DW_TAG_enumerator
	.long	.Linfo_string39                 @ DW_AT_name
	.byte	10                              @ DW_AT_const_value
	.byte	15                              @ Abbrev [15] 0x1dd:0x6 DW_TAG_enumerator
	.long	.Linfo_string40                 @ DW_AT_name
	.byte	11                              @ DW_AT_const_value
	.byte	15                              @ Abbrev [15] 0x1e3:0x6 DW_TAG_enumerator
	.long	.Linfo_string41                 @ DW_AT_name
	.byte	12                              @ DW_AT_const_value
	.byte	0                               @ End Of Children Mark
	.byte	14                              @ Abbrev [14] 0x1ea:0x15 DW_TAG_enumeration_type
	.long	371                             @ DW_AT_type
	.byte	1                               @ DW_AT_byte_size
	.byte	2                               @ DW_AT_decl_file
	.byte	37                              @ DW_AT_decl_line
	.byte	15                              @ Abbrev [15] 0x1f2:0x6 DW_TAG_enumerator
	.long	.Linfo_string42                 @ DW_AT_name
	.byte	0                               @ DW_AT_const_value
	.byte	15                              @ Abbrev [15] 0x1f8:0x6 DW_TAG_enumerator
	.long	.Linfo_string43                 @ DW_AT_name
	.byte	1                               @ DW_AT_const_value
	.byte	0                               @ End Of Children Mark
	.byte	14                              @ Abbrev [14] 0x1ff:0x15 DW_TAG_enumeration_type
	.long	371                             @ DW_AT_type
	.byte	1                               @ DW_AT_byte_size
	.byte	4                               @ DW_AT_decl_file
	.byte	68                              @ DW_AT_decl_line
	.byte	15                              @ Abbrev [15] 0x207:0x6 DW_TAG_enumerator
	.long	.Linfo_string44                 @ DW_AT_name
	.byte	0                               @ DW_AT_const_value
	.byte	15                              @ Abbrev [15] 0x20d:0x6 DW_TAG_enumerator
	.long	.Linfo_string45                 @ DW_AT_name
	.byte	1                               @ DW_AT_const_value
	.byte	0                               @ End Of Children Mark
	.byte	16                              @ Abbrev [16] 0x214:0x1 DW_TAG_pointer_type
	.byte	4                               @ Abbrev [4] 0x215:0xb DW_TAG_typedef
	.long	490                             @ DW_AT_type
	.long	.Linfo_string46                 @ DW_AT_name
	.byte	2                               @ DW_AT_decl_file
	.byte	41                              @ DW_AT_decl_line
	.byte	17                              @ Abbrev [17] 0x220:0x5 DW_TAG_pointer_type
	.long	549                             @ DW_AT_type
	.byte	18                              @ Abbrev [18] 0x225:0xc DW_TAG_typedef
	.long	561                             @ DW_AT_type
	.long	.Linfo_string57                 @ DW_AT_name
	.byte	6                               @ DW_AT_decl_file
	.short	586                             @ DW_AT_decl_line
	.byte	19                              @ Abbrev [19] 0x231:0x7b DW_TAG_structure_type
	.byte	40                              @ DW_AT_byte_size
	.byte	6                               @ DW_AT_decl_file
	.short	575                             @ DW_AT_decl_line
	.byte	20                              @ Abbrev [20] 0x236:0xd DW_TAG_member
	.long	.Linfo_string47                 @ DW_AT_name
	.long	684                             @ DW_AT_type
	.byte	6                               @ DW_AT_decl_file
	.short	577                             @ DW_AT_decl_line
	.byte	0                               @ DW_AT_data_member_location
	.byte	20                              @ Abbrev [20] 0x243:0xd DW_TAG_member
	.long	.Linfo_string49                 @ DW_AT_name
	.long	684                             @ DW_AT_type
	.byte	6                               @ DW_AT_decl_file
	.short	578                             @ DW_AT_decl_line
	.byte	4                               @ DW_AT_data_member_location
	.byte	20                              @ Abbrev [20] 0x250:0xd DW_TAG_member
	.long	.Linfo_string50                 @ DW_AT_name
	.long	684                             @ DW_AT_type
	.byte	6                               @ DW_AT_decl_file
	.short	579                             @ DW_AT_decl_line
	.byte	8                               @ DW_AT_data_member_location
	.byte	20                              @ Abbrev [20] 0x25d:0xd DW_TAG_member
	.long	.Linfo_string51                 @ DW_AT_name
	.long	684                             @ DW_AT_type
	.byte	6                               @ DW_AT_decl_file
	.short	580                             @ DW_AT_decl_line
	.byte	12                              @ DW_AT_data_member_location
	.byte	20                              @ Abbrev [20] 0x26a:0xd DW_TAG_member
	.long	.Linfo_string52                 @ DW_AT_name
	.long	684                             @ DW_AT_type
	.byte	6                               @ DW_AT_decl_file
	.short	581                             @ DW_AT_decl_line
	.byte	16                              @ DW_AT_data_member_location
	.byte	20                              @ Abbrev [20] 0x277:0xd DW_TAG_member
	.long	.Linfo_string53                 @ DW_AT_name
	.long	684                             @ DW_AT_type
	.byte	6                               @ DW_AT_decl_file
	.short	582                             @ DW_AT_decl_line
	.byte	20                              @ DW_AT_data_member_location
	.byte	20                              @ Abbrev [20] 0x284:0xd DW_TAG_member
	.long	.Linfo_string54                 @ DW_AT_name
	.long	684                             @ DW_AT_type
	.byte	6                               @ DW_AT_decl_file
	.short	583                             @ DW_AT_decl_line
	.byte	24                              @ DW_AT_data_member_location
	.byte	20                              @ Abbrev [20] 0x291:0xd DW_TAG_member
	.long	.Linfo_string55                 @ DW_AT_name
	.long	684                             @ DW_AT_type
	.byte	6                               @ DW_AT_decl_file
	.short	584                             @ DW_AT_decl_line
	.byte	28                              @ DW_AT_data_member_location
	.byte	20                              @ Abbrev [20] 0x29e:0xd DW_TAG_member
	.long	.Linfo_string56                 @ DW_AT_name
	.long	700                             @ DW_AT_type
	.byte	6                               @ DW_AT_decl_file
	.short	585                             @ DW_AT_decl_line
	.byte	32                              @ DW_AT_data_member_location
	.byte	0                               @ End Of Children Mark
	.byte	3                               @ Abbrev [3] 0x2ac:0x5 DW_TAG_volatile_type
	.long	689                             @ DW_AT_type
	.byte	4                               @ Abbrev [4] 0x2b1:0xb DW_TAG_typedef
	.long	389                             @ DW_AT_type
	.long	.Linfo_string48                 @ DW_AT_name
	.byte	5                               @ DW_AT_decl_file
	.byte	64                              @ DW_AT_decl_line
	.byte	8                               @ Abbrev [8] 0x2bc:0xc DW_TAG_array_type
	.long	684                             @ DW_AT_type
	.byte	9                               @ Abbrev [9] 0x2c1:0x6 DW_TAG_subrange_type
	.long	396                             @ DW_AT_type
	.byte	2                               @ DW_AT_count
	.byte	0                               @ End Of Children Mark
	.byte	4                               @ Abbrev [4] 0x2c8:0xb DW_TAG_typedef
	.long	723                             @ DW_AT_type
	.long	.Linfo_string59                 @ DW_AT_name
	.byte	5                               @ DW_AT_decl_file
	.byte	63                              @ DW_AT_decl_line
	.byte	12                              @ Abbrev [12] 0x2d3:0x7 DW_TAG_base_type
	.long	.Linfo_string58                 @ DW_AT_name
	.byte	7                               @ DW_AT_encoding
	.byte	2                               @ DW_AT_byte_size
	.byte	21                              @ Abbrev [21] 0x2da:0x11 DW_TAG_subprogram
	.long	.Lfunc_begin0                   @ DW_AT_low_pc
	.long	.Lfunc_end0-.Lfunc_begin0       @ DW_AT_high_pc
	.byte	1                               @ DW_AT_frame_base
	.byte	93
                                        @ DW_AT_GNU_all_call_sites
	.long	.Linfo_string68                 @ DW_AT_name
	.byte	3                               @ DW_AT_decl_file
	.byte	9                               @ DW_AT_decl_line
                                        @ DW_AT_prototyped
                                        @ DW_AT_external
	.byte	22                              @ Abbrev [22] 0x2eb:0x16 DW_TAG_subprogram
	.long	.Linfo_string60                 @ DW_AT_name
	.byte	3                               @ DW_AT_decl_file
	.byte	42                              @ DW_AT_decl_line
                                        @ DW_AT_prototyped
	.byte	1                               @ DW_AT_inline
	.byte	23                              @ Abbrev [23] 0x2f3:0xd DW_TAG_lexical_block
	.byte	24                              @ Abbrev [24] 0x2f4:0xb DW_TAG_variable
	.long	.Linfo_string61                 @ DW_AT_name
	.byte	3                               @ DW_AT_decl_file
	.byte	44                              @ DW_AT_decl_line
	.long	769                             @ DW_AT_type
	.byte	0                               @ End Of Children Mark
	.byte	0                               @ End Of Children Mark
	.byte	4                               @ Abbrev [4] 0x301:0xb DW_TAG_typedef
	.long	723                             @ DW_AT_type
	.long	.Linfo_string62                 @ DW_AT_name
	.byte	1                               @ DW_AT_decl_file
	.byte	10                              @ DW_AT_decl_line
	.byte	25                              @ Abbrev [25] 0x30c:0x23 DW_TAG_subprogram
	.long	.Linfo_string63                 @ DW_AT_name
	.byte	3                               @ DW_AT_decl_file
	.byte	130                             @ DW_AT_decl_line
                                        @ DW_AT_prototyped
	.long	533                             @ DW_AT_type
	.byte	1                               @ DW_AT_inline
	.byte	26                              @ Abbrev [26] 0x318:0xb DW_TAG_formal_parameter
	.long	.Linfo_string64                 @ DW_AT_name
	.byte	3                               @ DW_AT_decl_file
	.byte	130                             @ DW_AT_decl_line
	.long	815                             @ DW_AT_type
	.byte	24                              @ Abbrev [24] 0x323:0xb DW_TAG_variable
	.long	.Linfo_string66                 @ DW_AT_name
	.byte	3                               @ DW_AT_decl_file
	.byte	132                             @ DW_AT_decl_line
	.long	533                             @ DW_AT_type
	.byte	0                               @ End Of Children Mark
	.byte	4                               @ Abbrev [4] 0x32f:0xb DW_TAG_typedef
	.long	403                             @ DW_AT_type
	.long	.Linfo_string65                 @ DW_AT_name
	.byte	2                               @ DW_AT_decl_file
	.byte	58                              @ DW_AT_decl_line
	.byte	22                              @ Abbrev [22] 0x33a:0x1f DW_TAG_subprogram
	.long	.Linfo_string67                 @ DW_AT_name
	.byte	3                               @ DW_AT_decl_file
	.byte	50                              @ DW_AT_decl_line
                                        @ DW_AT_prototyped
	.byte	1                               @ DW_AT_inline
	.byte	26                              @ Abbrev [26] 0x342:0xb DW_TAG_formal_parameter
	.long	.Linfo_string64                 @ DW_AT_name
	.byte	3                               @ DW_AT_decl_file
	.byte	50                              @ DW_AT_decl_line
	.long	815                             @ DW_AT_type
	.byte	24                              @ Abbrev [24] 0x34d:0xb DW_TAG_variable
	.long	.Linfo_string12                 @ DW_AT_name
	.byte	3                               @ DW_AT_decl_file
	.byte	52                              @ DW_AT_decl_line
	.long	533                             @ DW_AT_type
	.byte	0                               @ End Of Children Mark
	.byte	27                              @ Abbrev [27] 0x359:0x74 DW_TAG_subprogram
	.long	.Lfunc_begin1                   @ DW_AT_low_pc
	.long	.Lfunc_end1-.Lfunc_begin1       @ DW_AT_high_pc
	.byte	1                               @ DW_AT_frame_base
	.byte	93
                                        @ DW_AT_GNU_all_call_sites
	.long	.Linfo_string69                 @ DW_AT_name
	.byte	3                               @ DW_AT_decl_file
	.byte	17                              @ DW_AT_decl_line
                                        @ DW_AT_prototyped
                                        @ DW_AT_external
	.byte	28                              @ Abbrev [28] 0x36a:0x62 DW_TAG_inlined_subroutine
	.long	747                             @ DW_AT_abstract_origin
	.long	.Ltmp7                          @ DW_AT_low_pc
	.long	.Ltmp92-.Ltmp7                  @ DW_AT_high_pc
	.byte	3                               @ DW_AT_call_file
	.byte	28                              @ DW_AT_call_line
	.byte	17                              @ DW_AT_call_column
	.byte	29                              @ Abbrev [29] 0x37a:0x51 DW_TAG_lexical_block
	.long	.Ltmp7                          @ DW_AT_low_pc
	.long	.Ltmp92-.Ltmp7                  @ DW_AT_high_pc
	.byte	30                              @ Abbrev [30] 0x383:0x9 DW_TAG_variable
	.long	.Ldebug_loc0                    @ DW_AT_location
	.long	756                             @ DW_AT_abstract_origin
	.byte	31                              @ Abbrev [31] 0x38c:0x3e DW_TAG_inlined_subroutine
	.long	826                             @ DW_AT_abstract_origin
	.long	.Ldebug_ranges0                 @ DW_AT_ranges
	.byte	3                               @ DW_AT_call_file
	.byte	46                              @ DW_AT_call_line
	.byte	9                               @ DW_AT_call_column
	.byte	32                              @ Abbrev [32] 0x398:0x9 DW_TAG_formal_parameter
	.long	.Ldebug_loc2                    @ DW_AT_location
	.long	834                             @ DW_AT_abstract_origin
	.byte	30                              @ Abbrev [30] 0x3a1:0x9 DW_TAG_variable
	.long	.Ldebug_loc3                    @ DW_AT_location
	.long	845                             @ DW_AT_abstract_origin
	.byte	28                              @ Abbrev [28] 0x3aa:0x1f DW_TAG_inlined_subroutine
	.long	780                             @ DW_AT_abstract_origin
	.long	.Ltmp8                          @ DW_AT_low_pc
	.long	.Ltmp38-.Ltmp8                  @ DW_AT_high_pc
	.byte	3                               @ DW_AT_call_file
	.byte	54                              @ DW_AT_call_line
	.byte	10                              @ DW_AT_call_column
	.byte	32                              @ Abbrev [32] 0x3ba:0x9 DW_TAG_formal_parameter
	.long	.Ldebug_loc1                    @ DW_AT_location
	.long	792                             @ DW_AT_abstract_origin
	.byte	33                              @ Abbrev [33] 0x3c3:0x5 DW_TAG_variable
	.long	803                             @ DW_AT_abstract_origin
	.byte	0                               @ End Of Children Mark
	.byte	0                               @ End Of Children Mark
	.byte	0                               @ End Of Children Mark
	.byte	0                               @ End Of Children Mark
	.byte	0                               @ End Of Children Mark
	.byte	0                               @ End Of Children Mark
.Ldebug_info_end0:
	.section	.debug_ranges,"",%progbits
.Ldebug_ranges0:
	.long	.Ltmp8
	.long	.Ltmp80
	.long	.Ltmp84
	.long	.Ltmp92
	.long	0
	.long	0
.Ldebug_ranges1:
	.long	.Lfunc_begin0
	.long	.Lfunc_end0
	.long	.Lfunc_begin1
	.long	.Lfunc_end1
	.long	0
	.long	0
	.section	.debug_str,"MS",%progbits,1
.Linfo_string0:
	.asciz	"Component: ARM Compiler 6.16 Tool: armclang [5dfeb700]" @ string offset=0
.Linfo_string1:
	.asciz	"../Application\\DPort.c"       @ string offset=55
.Linfo_string2:
	.asciz	"C:\\Users\\Hyacincher\\Desktop\\HyTelectrl\\Code\\Project" @ string offset=78
.Linfo_string3:
	.asciz	"g_DPortCtrlMsg"                @ string offset=130
.Linfo_string4:
	.asciz	"DPort"                         @ string offset=145
.Linfo_string5:
	.asciz	"Status"                        @ string offset=151
.Linfo_string6:
	.asciz	"TriggerShort"                  @ string offset=158
.Linfo_string7:
	.asciz	"unsigned char"                 @ string offset=171
.Linfo_string8:
	.asciz	"INT8U"                         @ string offset=185
.Linfo_string9:
	.asciz	"TriggerLong"                   @ string offset=191
.Linfo_string10:
	.asciz	"Activity"                      @ string offset=203
.Linfo_string11:
	.asciz	"Reserve"                       @ string offset=212
.Linfo_string12:
	.asciz	"IO"                            @ string offset=220
.Linfo_string13:
	.asciz	"AccumuStart"                   @ string offset=223
.Linfo_string14:
	.asciz	"AccumuEnd"                     @ string offset=235
.Linfo_string15:
	.asciz	"LastIOStatus"                  @ string offset=245
.Linfo_string16:
	.asciz	"NeedWait"                      @ string offset=258
.Linfo_string17:
	.asciz	"Reserved"                      @ string offset=267
.Linfo_string18:
	.asciz	"Count"                         @ string offset=276
.Linfo_string19:
	.asciz	"unsigned int"                  @ string offset=282
.Linfo_string20:
	.asciz	"INT32U"                        @ string offset=295
.Linfo_string21:
	.asciz	"Wait"                          @ string offset=302
.Linfo_string22:
	.asciz	"LevelValid"                    @ string offset=307
.Linfo_string23:
	.asciz	"LevelInValid"                  @ string offset=318
.Linfo_string24:
	.asciz	"PortStatus_t"                  @ string offset=331
.Linfo_string25:
	.asciz	"__ARRAY_SIZE_TYPE__"           @ string offset=344
.Linfo_string26:
	.asciz	"TaskTimer"                     @ string offset=364
.Linfo_string27:
	.asciz	"TaskStage"                     @ string offset=374
.Linfo_string28:
	.asciz	"DPortInfo_t"                   @ string offset=384
.Linfo_string29:
	.asciz	"L_PLUG_CHECK"                  @ string offset=396
.Linfo_string30:
	.asciz	"L_KEY_TKOF"                    @ string offset=409
.Linfo_string31:
	.asciz	"L_KEY_1"                       @ string offset=420
.Linfo_string32:
	.asciz	"L_KEY_2"                       @ string offset=428
.Linfo_string33:
	.asciz	"L_LOCK_MOTOR"                  @ string offset=436
.Linfo_string34:
	.asciz	"L_LOCK_ROCKER"                 @ string offset=449
.Linfo_string35:
	.asciz	"R_PLUG_CHECK"                  @ string offset=463
.Linfo_string36:
	.asciz	"R_SW_HEIGHT"                   @ string offset=476
.Linfo_string37:
	.asciz	"R_SW_DRIEC"                    @ string offset=488
.Linfo_string38:
	.asciz	"R_KEY_MODE"                    @ string offset=499
.Linfo_string39:
	.asciz	"R_KEY_1"                       @ string offset=510
.Linfo_string40:
	.asciz	"R_KEY_2"                       @ string offset=518
.Linfo_string41:
	.asciz	"AllDPort"                      @ string offset=526
.Linfo_string42:
	.asciz	"DPortInvalid"                  @ string offset=535
.Linfo_string43:
	.asciz	"DPortValid"                    @ string offset=548
.Linfo_string44:
	.asciz	"GPIO_PIN_RESET"                @ string offset=559
.Linfo_string45:
	.asciz	"GPIO_PIN_SET"                  @ string offset=574
.Linfo_string46:
	.asciz	"DPortLevel_e"                  @ string offset=587
.Linfo_string47:
	.asciz	"MODER"                         @ string offset=600
.Linfo_string48:
	.asciz	"uint32_t"                      @ string offset=606
.Linfo_string49:
	.asciz	"OTYPER"                        @ string offset=615
.Linfo_string50:
	.asciz	"OSPEEDR"                       @ string offset=622
.Linfo_string51:
	.asciz	"PUPDR"                         @ string offset=630
.Linfo_string52:
	.asciz	"IDR"                           @ string offset=636
.Linfo_string53:
	.asciz	"ODR"                           @ string offset=640
.Linfo_string54:
	.asciz	"BSRR"                          @ string offset=644
.Linfo_string55:
	.asciz	"LCKR"                          @ string offset=649
.Linfo_string56:
	.asciz	"AFR"                           @ string offset=654
.Linfo_string57:
	.asciz	"GPIO_TypeDef"                  @ string offset=658
.Linfo_string58:
	.asciz	"unsigned short"                @ string offset=671
.Linfo_string59:
	.asciz	"uint16_t"                      @ string offset=686
.Linfo_string60:
	.asciz	"DPortScan"                     @ string offset=695
.Linfo_string61:
	.asciz	"ii"                            @ string offset=705
.Linfo_string62:
	.asciz	"INT16U"                        @ string offset=708
.Linfo_string63:
	.asciz	"GetDPortLevel"                 @ string offset=715
.Linfo_string64:
	.asciz	"Port"                          @ string offset=729
.Linfo_string65:
	.asciz	"DPortChannel_e"                @ string offset=734
.Linfo_string66:
	.asciz	"Level"                         @ string offset=749
.Linfo_string67:
	.asciz	"DPortIOHandle"                 @ string offset=755
.Linfo_string68:
	.asciz	"DigitalPortInit"               @ string offset=769
.Linfo_string69:
	.asciz	"DigitalPortTask"               @ string offset=785
	.ident	"Component: ARM Compiler 6.16 Tool: armclang [5dfeb700]"
	.section	".note.GNU-stack","",%progbits
	.eabi_attribute	30, 3	@ Tag_ABI_optimization_goals
	.ARM_attribute	16, 1	@ Tag_AV_eba
	.section	.debug_line,"",%progbits
.Lline_table_start0:
