	.text
	.syntax unified
	.eabi_attribute	67, "2.09"	@ Tag_conformance
	.cpu	cortex-m4
	.eabi_attribute	6, 13	@ Tag_CPU_arch
	.eabi_attribute	7, 77	@ Tag_CPU_arch_profile
	.eabi_attribute	8, 0	@ Tag_ARM_ISA_use
	.eabi_attribute	9, 2	@ Tag_THUMB_ISA_use
	.fpu	fpv4-sp-d16
	.eabi_attribute	27, 1	@ Tag_ABI_HardFP_use
	.eabi_attribute	36, 1	@ Tag_FP_HP_extension
	.eabi_attribute	34, 1	@ Tag_CPU_unaligned_access
	.eabi_attribute	17, 1	@ Tag_ABI_PCS_GOT_use
	.eabi_attribute	20, 2	@ Tag_ABI_FP_denormal
	.eabi_attribute	21, 0	@ Tag_ABI_FP_exceptions
	.eabi_attribute	23, 1	@ Tag_ABI_FP_number_model
	.eabi_attribute	24, 1	@ Tag_ABI_align_needed
	.eabi_attribute	25, 1	@ Tag_ABI_align_preserved
	.eabi_attribute	28, 1	@ Tag_ABI_VFP_args
	.eabi_attribute	38, 1	@ Tag_ABI_FP_16bit_format
	.eabi_attribute	18, 2	@ Tag_ABI_PCS_wchar_t
	.eabi_attribute	26, 1	@ Tag_ABI_enum_size
	.eabi_attribute	14, 0	@ Tag_ABI_PCS_R9_use
	.file	"lv_async.c"
	.file	1 "C:\\Users\\Hyacincher\\Desktop\\HyTelectrl\\Code\\Project" "../GUILib/src/misc/lv_types.h"
	.file	2 "C:\\Users\\Hyacincher\\Desktop\\HyTelectrl\\Code\\Project" "../GUILib/src/misc/lv_async.h"
	.file	3 "C:\\Users\\Hyacincher\\Desktop\\HyTelectrl\\Code\\Project" "../GUILib/src/misc/lv_async.c"
	.section	.text.lv_async_call,"ax",%progbits
	.hidden	lv_async_call                   @ -- Begin function lv_async_call
	.globl	lv_async_call
	.p2align	1
	.type	lv_async_call,%function
	.code	16                              @ @lv_async_call
	.thumb_func
lv_async_call:
.Lfunc_begin0:
	.loc	3 46 0                          @ ../GUILib/src/misc/lv_async.c:46:0
	.fnstart
	.cfi_sections .debug_frame
	.cfi_startproc
@ %bb.0:
	@DEBUG_VALUE: lv_async_call:async_xcb <- $r0
	@DEBUG_VALUE: lv_async_call:user_data <- $r1
	.save	{r4, r5, r6, lr}
	push	{r4, r5, r6, lr}
	.cfi_def_cfa_offset 16
	.cfi_offset lr, -4
	.cfi_offset r6, -8
	.cfi_offset r5, -12
	.cfi_offset r4, -16
	mov	r5, r0
.Ltmp0:
	@DEBUG_VALUE: lv_async_call:async_xcb <- $r5
	@DEBUG_VALUE: lv_async_call:user_data <- $r4
	@DEBUG_VALUE: lv_async_call:async_xcb <- $r5
	.loc	3 48 30 prologue_end            @ ../GUILib/src/misc/lv_async.c:48:30
	movs	r0, #8
	mov	r4, r1
.Ltmp1:
	bl	lv_mem_alloc
.Ltmp2:
	@DEBUG_VALUE: lv_async_call:info <- $r0
	.loc	3 50 8                          @ ../GUILib/src/misc/lv_async.c:50:8
	cbz	r0, .LBB0_4
.Ltmp3:
@ %bb.1:
	@DEBUG_VALUE: lv_async_call:async_xcb <- $r5
	@DEBUG_VALUE: lv_async_call:info <- $r0
	.loc	3 0 0 is_stmt 0                 @ ../GUILib/src/misc/lv_async.c:0:0
	mov	r6, r0
.Ltmp4:
	@DEBUG_VALUE: lv_async_call:info <- $r6
	@DEBUG_VALUE: lv_async_call:info <- $r6
	.loc	3 54 26 is_stmt 1               @ ../GUILib/src/misc/lv_async.c:54:26
	movw	r0, :lower16:lv_async_timer_cb
	movt	r0, :upper16:lv_async_timer_cb
	movs	r1, #0
	mov	r2, r6
	bl	lv_timer_create
.Ltmp5:
	@DEBUG_VALUE: lv_async_call:timer <- $r0
	.loc	3 56 8                          @ ../GUILib/src/misc/lv_async.c:56:8
	cbz	r0, .LBB0_3
.Ltmp6:
@ %bb.2:
	@DEBUG_VALUE: lv_async_call:info <- $r6
	@DEBUG_VALUE: lv_async_call:async_xcb <- $r5
	@DEBUG_VALUE: lv_async_call:timer <- $r0
	.loc	3 64 5                          @ ../GUILib/src/misc/lv_async.c:64:5
	movs	r1, #1
	.loc	3 61 14                         @ ../GUILib/src/misc/lv_async.c:61:14
	strd	r5, r4, [r6]
	movs	r4, #1
	.loc	3 64 5                          @ ../GUILib/src/misc/lv_async.c:64:5
	bl	lv_timer_set_repeat_count
.Ltmp7:
	.loc	3 0 5 is_stmt 0                 @ ../GUILib/src/misc/lv_async.c:0:5
	b	.LBB0_5
.Ltmp8:
.LBB0_3:
	@DEBUG_VALUE: lv_async_call:info <- $r6
	@DEBUG_VALUE: lv_async_call:async_xcb <- $r5
	@DEBUG_VALUE: lv_async_call:timer <- $r0
	.loc	3 57 9 is_stmt 1                @ ../GUILib/src/misc/lv_async.c:57:9
	mov	r0, r6
.Ltmp9:
	bl	lv_mem_free
.Ltmp10:
.LBB0_4:
	@DEBUG_VALUE: lv_async_call:async_xcb <- $r5
	.loc	3 0 9 is_stmt 0                 @ ../GUILib/src/misc/lv_async.c:0:9
	movs	r4, #0
.Ltmp11:
.LBB0_5:
	@DEBUG_VALUE: lv_async_call:async_xcb <- $r5
	.loc	3 66 1 is_stmt 1                @ ../GUILib/src/misc/lv_async.c:66:1
	mov	r0, r4
	pop	{r4, r5, r6, pc}
.Ltmp12:
.Lfunc_end0:
	.size	lv_async_call, .Lfunc_end0-lv_async_call
	.cfi_endproc
	.cantunwind
	.fnend
                                        @ -- End function
	.section	.text.lv_async_timer_cb,"ax",%progbits
	.p2align	1                               @ -- Begin function lv_async_timer_cb
	.type	lv_async_timer_cb,%function
	.code	16                              @ @lv_async_timer_cb
	.thumb_func
lv_async_timer_cb:
.Lfunc_begin1:
	.loc	3 73 0                          @ ../GUILib/src/misc/lv_async.c:73:0
	.fnstart
	.cfi_startproc
@ %bb.0:
	@DEBUG_VALUE: lv_async_timer_cb:timer <- $r0
	@DEBUG_VALUE: lv_async_timer_cb:timer <- $r0
	.save	{r4, lr}
	push	{r4, lr}
	.cfi_def_cfa_offset 8
	.cfi_offset lr, -4
	.cfi_offset r4, -8
.Ltmp13:
	.loc	3 74 56 prologue_end            @ ../GUILib/src/misc/lv_async.c:74:56
	ldr	r4, [r0, #12]
.Ltmp14:
	@DEBUG_VALUE: lv_async_timer_cb:info <- $r4
	.loc	3 76 11                         @ ../GUILib/src/misc/lv_async.c:76:11
	ldrd	r1, r0, [r4]
.Ltmp15:
	@DEBUG_VALUE: lv_async_timer_cb:timer <- [DW_OP_LLVM_entry_value 1] $r0
	.loc	3 76 5 is_stmt 0                @ ../GUILib/src/misc/lv_async.c:76:5
	blx	r1
.Ltmp16:
	.loc	3 77 5 is_stmt 1                @ ../GUILib/src/misc/lv_async.c:77:5
	mov	r0, r4
	pop.w	{r4, lr}
.Ltmp17:
	b	lv_mem_free
.Ltmp18:
.Lfunc_end1:
	.size	lv_async_timer_cb, .Lfunc_end1-lv_async_timer_cb
	.cfi_endproc
	.file	4 "C:\\Users\\Hyacincher\\Desktop\\HyTelectrl\\Code\\Project" "../GUILib/src/misc/lv_mem.h"
	.cantunwind
	.fnend
                                        @ -- End function
	.file	5 "D:\\Keil MDK\\ARM\\ARMCLANG\\Bin\\..\\include" "stdint.h"
	.file	6 "C:\\Users\\Hyacincher\\Desktop\\HyTelectrl\\Code\\Project" "../GUILib/src/misc/lv_timer.h"
	.section	.debug_loc,"",%progbits
.Ldebug_loc0:
	.long	-1
	.long	.Lfunc_begin0                   @   base address
	.long	.Lfunc_begin0-.Lfunc_begin0
	.long	.Ltmp0-.Lfunc_begin0
	.short	1                               @ Loc expr size
	.byte	80                              @ DW_OP_reg0
	.long	.Ltmp0-.Lfunc_begin0
	.long	.Ltmp12-.Lfunc_begin0
	.short	1                               @ Loc expr size
	.byte	85                              @ DW_OP_reg5
	.long	0
	.long	0
.Ldebug_loc1:
	.long	-1
	.long	.Lfunc_begin0                   @   base address
	.long	.Lfunc_begin0-.Lfunc_begin0
	.long	.Ltmp0-.Lfunc_begin0
	.short	1                               @ Loc expr size
	.byte	81                              @ DW_OP_reg1
	.long	.Ltmp0-.Lfunc_begin0
	.long	.Ltmp1-.Lfunc_begin0
	.short	1                               @ Loc expr size
	.byte	84                              @ DW_OP_reg4
	.long	0
	.long	0
.Ldebug_loc2:
	.long	-1
	.long	.Lfunc_begin0                   @   base address
	.long	.Ltmp2-.Lfunc_begin0
	.long	.Ltmp4-.Lfunc_begin0
	.short	1                               @ Loc expr size
	.byte	80                              @ DW_OP_reg0
	.long	.Ltmp4-.Lfunc_begin0
	.long	.Ltmp10-.Lfunc_begin0
	.short	1                               @ Loc expr size
	.byte	86                              @ DW_OP_reg6
	.long	0
	.long	0
.Ldebug_loc3:
	.long	-1
	.long	.Lfunc_begin0                   @   base address
	.long	.Ltmp5-.Lfunc_begin0
	.long	.Ltmp7-.Lfunc_begin0
	.short	1                               @ Loc expr size
	.byte	80                              @ DW_OP_reg0
	.long	.Ltmp8-.Lfunc_begin0
	.long	.Ltmp9-.Lfunc_begin0
	.short	1                               @ Loc expr size
	.byte	80                              @ DW_OP_reg0
	.long	0
	.long	0
.Ldebug_loc4:
	.long	-1
	.long	.Lfunc_begin1                   @   base address
	.long	.Lfunc_begin1-.Lfunc_begin1
	.long	.Ltmp15-.Lfunc_begin1
	.short	1                               @ Loc expr size
	.byte	80                              @ DW_OP_reg0
	.long	.Ltmp15-.Lfunc_begin1
	.long	.Lfunc_end1-.Lfunc_begin1
	.short	4                               @ Loc expr size
	.byte	243                             @ DW_OP_GNU_entry_value
	.byte	1                               @ 1
	.byte	80                              @ DW_OP_reg0
	.byte	159                             @ DW_OP_stack_value
	.long	0
	.long	0
.Ldebug_loc5:
	.long	-1
	.long	.Lfunc_begin1                   @   base address
	.long	.Ltmp14-.Lfunc_begin1
	.long	.Ltmp17-.Lfunc_begin1
	.short	1                               @ Loc expr size
	.byte	84                              @ DW_OP_reg4
	.long	0
	.long	0
	.section	.debug_abbrev,"",%progbits
	.byte	1                               @ Abbreviation Code
	.byte	17                              @ DW_TAG_compile_unit
	.byte	1                               @ DW_CHILDREN_yes
	.byte	37                              @ DW_AT_producer
	.byte	14                              @ DW_FORM_strp
	.byte	19                              @ DW_AT_language
	.byte	5                               @ DW_FORM_data2
	.byte	3                               @ DW_AT_name
	.byte	14                              @ DW_FORM_strp
	.byte	16                              @ DW_AT_stmt_list
	.byte	23                              @ DW_FORM_sec_offset
	.byte	27                              @ DW_AT_comp_dir
	.byte	14                              @ DW_FORM_strp
	.byte	17                              @ DW_AT_low_pc
	.byte	1                               @ DW_FORM_addr
	.byte	85                              @ DW_AT_ranges
	.byte	23                              @ DW_FORM_sec_offset
	.byte	0                               @ EOM(1)
	.byte	0                               @ EOM(2)
	.byte	2                               @ Abbreviation Code
	.byte	4                               @ DW_TAG_enumeration_type
	.byte	1                               @ DW_CHILDREN_yes
	.byte	73                              @ DW_AT_type
	.byte	19                              @ DW_FORM_ref4
	.byte	11                              @ DW_AT_byte_size
	.byte	11                              @ DW_FORM_data1
	.byte	58                              @ DW_AT_decl_file
	.byte	11                              @ DW_FORM_data1
	.byte	59                              @ DW_AT_decl_line
	.byte	11                              @ DW_FORM_data1
	.byte	0                               @ EOM(1)
	.byte	0                               @ EOM(2)
	.byte	3                               @ Abbreviation Code
	.byte	40                              @ DW_TAG_enumerator
	.byte	0                               @ DW_CHILDREN_no
	.byte	3                               @ DW_AT_name
	.byte	14                              @ DW_FORM_strp
	.byte	28                              @ DW_AT_const_value
	.byte	15                              @ DW_FORM_udata
	.byte	0                               @ EOM(1)
	.byte	0                               @ EOM(2)
	.byte	4                               @ Abbreviation Code
	.byte	36                              @ DW_TAG_base_type
	.byte	0                               @ DW_CHILDREN_no
	.byte	3                               @ DW_AT_name
	.byte	14                              @ DW_FORM_strp
	.byte	62                              @ DW_AT_encoding
	.byte	11                              @ DW_FORM_data1
	.byte	11                              @ DW_AT_byte_size
	.byte	11                              @ DW_FORM_data1
	.byte	0                               @ EOM(1)
	.byte	0                               @ EOM(2)
	.byte	5                               @ Abbreviation Code
	.byte	15                              @ DW_TAG_pointer_type
	.byte	0                               @ DW_CHILDREN_no
	.byte	73                              @ DW_AT_type
	.byte	19                              @ DW_FORM_ref4
	.byte	0                               @ EOM(1)
	.byte	0                               @ EOM(2)
	.byte	6                               @ Abbreviation Code
	.byte	22                              @ DW_TAG_typedef
	.byte	0                               @ DW_CHILDREN_no
	.byte	73                              @ DW_AT_type
	.byte	19                              @ DW_FORM_ref4
	.byte	3                               @ DW_AT_name
	.byte	14                              @ DW_FORM_strp
	.byte	58                              @ DW_AT_decl_file
	.byte	11                              @ DW_FORM_data1
	.byte	59                              @ DW_AT_decl_line
	.byte	11                              @ DW_FORM_data1
	.byte	0                               @ EOM(1)
	.byte	0                               @ EOM(2)
	.byte	7                               @ Abbreviation Code
	.byte	19                              @ DW_TAG_structure_type
	.byte	1                               @ DW_CHILDREN_yes
	.byte	3                               @ DW_AT_name
	.byte	14                              @ DW_FORM_strp
	.byte	11                              @ DW_AT_byte_size
	.byte	11                              @ DW_FORM_data1
	.byte	58                              @ DW_AT_decl_file
	.byte	11                              @ DW_FORM_data1
	.byte	59                              @ DW_AT_decl_line
	.byte	11                              @ DW_FORM_data1
	.byte	0                               @ EOM(1)
	.byte	0                               @ EOM(2)
	.byte	8                               @ Abbreviation Code
	.byte	13                              @ DW_TAG_member
	.byte	0                               @ DW_CHILDREN_no
	.byte	3                               @ DW_AT_name
	.byte	14                              @ DW_FORM_strp
	.byte	73                              @ DW_AT_type
	.byte	19                              @ DW_FORM_ref4
	.byte	58                              @ DW_AT_decl_file
	.byte	11                              @ DW_FORM_data1
	.byte	59                              @ DW_AT_decl_line
	.byte	11                              @ DW_FORM_data1
	.byte	56                              @ DW_AT_data_member_location
	.byte	11                              @ DW_FORM_data1
	.byte	0                               @ EOM(1)
	.byte	0                               @ EOM(2)
	.byte	9                               @ Abbreviation Code
	.byte	21                              @ DW_TAG_subroutine_type
	.byte	1                               @ DW_CHILDREN_yes
	.byte	39                              @ DW_AT_prototyped
	.byte	25                              @ DW_FORM_flag_present
	.byte	0                               @ EOM(1)
	.byte	0                               @ EOM(2)
	.byte	10                              @ Abbreviation Code
	.byte	5                               @ DW_TAG_formal_parameter
	.byte	0                               @ DW_CHILDREN_no
	.byte	73                              @ DW_AT_type
	.byte	19                              @ DW_FORM_ref4
	.byte	0                               @ EOM(1)
	.byte	0                               @ EOM(2)
	.byte	11                              @ Abbreviation Code
	.byte	15                              @ DW_TAG_pointer_type
	.byte	0                               @ DW_CHILDREN_no
	.byte	0                               @ EOM(1)
	.byte	0                               @ EOM(2)
	.byte	12                              @ Abbreviation Code
	.byte	46                              @ DW_TAG_subprogram
	.byte	1                               @ DW_CHILDREN_yes
	.byte	17                              @ DW_AT_low_pc
	.byte	1                               @ DW_FORM_addr
	.byte	18                              @ DW_AT_high_pc
	.byte	6                               @ DW_FORM_data4
	.byte	64                              @ DW_AT_frame_base
	.byte	24                              @ DW_FORM_exprloc
	.ascii	"\227B"                         @ DW_AT_GNU_all_call_sites
	.byte	25                              @ DW_FORM_flag_present
	.byte	3                               @ DW_AT_name
	.byte	14                              @ DW_FORM_strp
	.byte	58                              @ DW_AT_decl_file
	.byte	11                              @ DW_FORM_data1
	.byte	59                              @ DW_AT_decl_line
	.byte	11                              @ DW_FORM_data1
	.byte	39                              @ DW_AT_prototyped
	.byte	25                              @ DW_FORM_flag_present
	.byte	73                              @ DW_AT_type
	.byte	19                              @ DW_FORM_ref4
	.byte	63                              @ DW_AT_external
	.byte	25                              @ DW_FORM_flag_present
	.byte	0                               @ EOM(1)
	.byte	0                               @ EOM(2)
	.byte	13                              @ Abbreviation Code
	.byte	5                               @ DW_TAG_formal_parameter
	.byte	0                               @ DW_CHILDREN_no
	.byte	2                               @ DW_AT_location
	.byte	23                              @ DW_FORM_sec_offset
	.byte	3                               @ DW_AT_name
	.byte	14                              @ DW_FORM_strp
	.byte	58                              @ DW_AT_decl_file
	.byte	11                              @ DW_FORM_data1
	.byte	59                              @ DW_AT_decl_line
	.byte	11                              @ DW_FORM_data1
	.byte	73                              @ DW_AT_type
	.byte	19                              @ DW_FORM_ref4
	.byte	0                               @ EOM(1)
	.byte	0                               @ EOM(2)
	.byte	14                              @ Abbreviation Code
	.byte	52                              @ DW_TAG_variable
	.byte	0                               @ DW_CHILDREN_no
	.byte	2                               @ DW_AT_location
	.byte	23                              @ DW_FORM_sec_offset
	.byte	3                               @ DW_AT_name
	.byte	14                              @ DW_FORM_strp
	.byte	58                              @ DW_AT_decl_file
	.byte	11                              @ DW_FORM_data1
	.byte	59                              @ DW_AT_decl_line
	.byte	11                              @ DW_FORM_data1
	.byte	73                              @ DW_AT_type
	.byte	19                              @ DW_FORM_ref4
	.byte	0                               @ EOM(1)
	.byte	0                               @ EOM(2)
	.byte	15                              @ Abbreviation Code
	.byte	46                              @ DW_TAG_subprogram
	.byte	1                               @ DW_CHILDREN_yes
	.byte	17                              @ DW_AT_low_pc
	.byte	1                               @ DW_FORM_addr
	.byte	18                              @ DW_AT_high_pc
	.byte	6                               @ DW_FORM_data4
	.byte	64                              @ DW_AT_frame_base
	.byte	24                              @ DW_FORM_exprloc
	.ascii	"\227B"                         @ DW_AT_GNU_all_call_sites
	.byte	25                              @ DW_FORM_flag_present
	.byte	3                               @ DW_AT_name
	.byte	14                              @ DW_FORM_strp
	.byte	58                              @ DW_AT_decl_file
	.byte	11                              @ DW_FORM_data1
	.byte	59                              @ DW_AT_decl_line
	.byte	11                              @ DW_FORM_data1
	.byte	39                              @ DW_AT_prototyped
	.byte	25                              @ DW_FORM_flag_present
	.byte	0                               @ EOM(1)
	.byte	0                               @ EOM(2)
	.byte	16                              @ Abbreviation Code
	.ascii	"\211\202\001"                  @ DW_TAG_GNU_call_site
	.byte	0                               @ DW_CHILDREN_no
	.byte	49                              @ DW_AT_abstract_origin
	.byte	19                              @ DW_FORM_ref4
	.ascii	"\225B"                         @ DW_AT_GNU_tail_call
	.byte	25                              @ DW_FORM_flag_present
	.byte	17                              @ DW_AT_low_pc
	.byte	1                               @ DW_FORM_addr
	.byte	0                               @ EOM(1)
	.byte	0                               @ EOM(2)
	.byte	17                              @ Abbreviation Code
	.byte	46                              @ DW_TAG_subprogram
	.byte	1                               @ DW_CHILDREN_yes
	.byte	3                               @ DW_AT_name
	.byte	14                              @ DW_FORM_strp
	.byte	58                              @ DW_AT_decl_file
	.byte	11                              @ DW_FORM_data1
	.byte	59                              @ DW_AT_decl_line
	.byte	11                              @ DW_FORM_data1
	.byte	39                              @ DW_AT_prototyped
	.byte	25                              @ DW_FORM_flag_present
	.byte	60                              @ DW_AT_declaration
	.byte	25                              @ DW_FORM_flag_present
	.byte	63                              @ DW_AT_external
	.byte	25                              @ DW_FORM_flag_present
	.byte	0                               @ EOM(1)
	.byte	0                               @ EOM(2)
	.byte	18                              @ Abbreviation Code
	.byte	13                              @ DW_TAG_member
	.byte	0                               @ DW_CHILDREN_no
	.byte	3                               @ DW_AT_name
	.byte	14                              @ DW_FORM_strp
	.byte	73                              @ DW_AT_type
	.byte	19                              @ DW_FORM_ref4
	.byte	58                              @ DW_AT_decl_file
	.byte	11                              @ DW_FORM_data1
	.byte	59                              @ DW_AT_decl_line
	.byte	11                              @ DW_FORM_data1
	.byte	11                              @ DW_AT_byte_size
	.byte	11                              @ DW_FORM_data1
	.byte	13                              @ DW_AT_bit_size
	.byte	11                              @ DW_FORM_data1
	.byte	12                              @ DW_AT_bit_offset
	.byte	11                              @ DW_FORM_data1
	.byte	56                              @ DW_AT_data_member_location
	.byte	11                              @ DW_FORM_data1
	.byte	0                               @ EOM(1)
	.byte	0                               @ EOM(2)
	.byte	0                               @ EOM(3)
	.section	.debug_info,"",%progbits
.Lcu_begin0:
	.long	.Ldebug_info_end0-.Ldebug_info_start0 @ Length of Unit
.Ldebug_info_start0:
	.short	4                               @ DWARF version number
	.long	.debug_abbrev                   @ Offset Into Abbrev. Section
	.byte	4                               @ Address Size (in bytes)
	.byte	1                               @ Abbrev [1] 0xb:0x1d3 DW_TAG_compile_unit
	.long	.Linfo_string0                  @ DW_AT_producer
	.short	12                              @ DW_AT_language
	.long	.Linfo_string1                  @ DW_AT_name
	.long	.Lline_table_start0             @ DW_AT_stmt_list
	.long	.Linfo_string2                  @ DW_AT_comp_dir
	.long	0                               @ DW_AT_low_pc
	.long	.Ldebug_ranges0                 @ DW_AT_ranges
	.byte	2                               @ Abbrev [2] 0x26:0x15 DW_TAG_enumeration_type
	.long	59                              @ DW_AT_type
	.byte	1                               @ DW_AT_byte_size
	.byte	1                               @ DW_AT_decl_file
	.byte	42                              @ DW_AT_decl_line
	.byte	3                               @ Abbrev [3] 0x2e:0x6 DW_TAG_enumerator
	.long	.Linfo_string4                  @ DW_AT_name
	.byte	0                               @ DW_AT_const_value
	.byte	3                               @ Abbrev [3] 0x34:0x6 DW_TAG_enumerator
	.long	.Linfo_string5                  @ DW_AT_name
	.byte	1                               @ DW_AT_const_value
	.byte	0                               @ End Of Children Mark
	.byte	4                               @ Abbrev [4] 0x3b:0x7 DW_TAG_base_type
	.long	.Linfo_string3                  @ DW_AT_name
	.byte	8                               @ DW_AT_encoding
	.byte	1                               @ DW_AT_byte_size
	.byte	5                               @ Abbrev [5] 0x42:0x5 DW_TAG_pointer_type
	.long	71                              @ DW_AT_type
	.byte	6                               @ Abbrev [6] 0x47:0xb DW_TAG_typedef
	.long	82                              @ DW_AT_type
	.long	.Linfo_string10                 @ DW_AT_name
	.byte	3                               @ DW_AT_decl_file
	.byte	25                              @ DW_AT_decl_line
	.byte	7                               @ Abbrev [7] 0x52:0x21 DW_TAG_structure_type
	.long	.Linfo_string9                  @ DW_AT_name
	.byte	8                               @ DW_AT_byte_size
	.byte	3                               @ DW_AT_decl_file
	.byte	22                              @ DW_AT_decl_line
	.byte	8                               @ Abbrev [8] 0x5a:0xc DW_TAG_member
	.long	.Linfo_string6                  @ DW_AT_name
	.long	115                             @ DW_AT_type
	.byte	3                               @ DW_AT_decl_file
	.byte	23                              @ DW_AT_decl_line
	.byte	0                               @ DW_AT_data_member_location
	.byte	8                               @ Abbrev [8] 0x66:0xc DW_TAG_member
	.long	.Linfo_string8                  @ DW_AT_name
	.long	138                             @ DW_AT_type
	.byte	3                               @ DW_AT_decl_file
	.byte	24                              @ DW_AT_decl_line
	.byte	4                               @ DW_AT_data_member_location
	.byte	0                               @ End Of Children Mark
	.byte	6                               @ Abbrev [6] 0x73:0xb DW_TAG_typedef
	.long	126                             @ DW_AT_type
	.long	.Linfo_string7                  @ DW_AT_name
	.byte	2                               @ DW_AT_decl_file
	.byte	30                              @ DW_AT_decl_line
	.byte	5                               @ Abbrev [5] 0x7e:0x5 DW_TAG_pointer_type
	.long	131                             @ DW_AT_type
	.byte	9                               @ Abbrev [9] 0x83:0x7 DW_TAG_subroutine_type
                                        @ DW_AT_prototyped
	.byte	10                              @ Abbrev [10] 0x84:0x5 DW_TAG_formal_parameter
	.long	138                             @ DW_AT_type
	.byte	0                               @ End Of Children Mark
	.byte	11                              @ Abbrev [11] 0x8a:0x1 DW_TAG_pointer_type
	.byte	12                              @ Abbrev [12] 0x8b:0x52 DW_TAG_subprogram
	.long	.Lfunc_begin0                   @ DW_AT_low_pc
	.long	.Lfunc_end0-.Lfunc_begin0       @ DW_AT_high_pc
	.byte	1                               @ DW_AT_frame_base
	.byte	93
                                        @ DW_AT_GNU_all_call_sites
	.long	.Linfo_string12                 @ DW_AT_name
	.byte	3                               @ DW_AT_decl_file
	.byte	45                              @ DW_AT_decl_line
                                        @ DW_AT_prototyped
	.long	291                             @ DW_AT_type
                                        @ DW_AT_external
	.byte	13                              @ Abbrev [13] 0xa0:0xf DW_TAG_formal_parameter
	.long	.Ldebug_loc0                    @ DW_AT_location
	.long	.Linfo_string16                 @ DW_AT_name
	.byte	3                               @ DW_AT_decl_file
	.byte	45                              @ DW_AT_decl_line
	.long	115                             @ DW_AT_type
	.byte	13                              @ Abbrev [13] 0xaf:0xf DW_TAG_formal_parameter
	.long	.Ldebug_loc1                    @ DW_AT_location
	.long	.Linfo_string8                  @ DW_AT_name
	.byte	3                               @ DW_AT_decl_file
	.byte	45                              @ DW_AT_decl_line
	.long	138                             @ DW_AT_type
	.byte	14                              @ Abbrev [14] 0xbe:0xf DW_TAG_variable
	.long	.Ldebug_loc2                    @ DW_AT_location
	.long	.Linfo_string17                 @ DW_AT_name
	.byte	3                               @ DW_AT_decl_file
	.byte	48                              @ DW_AT_decl_line
	.long	66                              @ DW_AT_type
	.byte	14                              @ Abbrev [14] 0xcd:0xf DW_TAG_variable
	.long	.Ldebug_loc3                    @ DW_AT_location
	.long	.Linfo_string18                 @ DW_AT_name
	.byte	3                               @ DW_AT_decl_file
	.byte	54                              @ DW_AT_decl_line
	.long	313                             @ DW_AT_type
	.byte	0                               @ End Of Children Mark
	.byte	15                              @ Abbrev [15] 0xdd:0x39 DW_TAG_subprogram
	.long	.Lfunc_begin1                   @ DW_AT_low_pc
	.long	.Lfunc_end1-.Lfunc_begin1       @ DW_AT_high_pc
	.byte	1                               @ DW_AT_frame_base
	.byte	93
                                        @ DW_AT_GNU_all_call_sites
	.long	.Linfo_string15                 @ DW_AT_name
	.byte	3                               @ DW_AT_decl_file
	.byte	72                              @ DW_AT_decl_line
                                        @ DW_AT_prototyped
	.byte	13                              @ Abbrev [13] 0xee:0xf DW_TAG_formal_parameter
	.long	.Ldebug_loc4                    @ DW_AT_location
	.long	.Linfo_string18                 @ DW_AT_name
	.byte	3                               @ DW_AT_decl_file
	.byte	72                              @ DW_AT_decl_line
	.long	313                             @ DW_AT_type
	.byte	14                              @ Abbrev [14] 0xfd:0xf DW_TAG_variable
	.long	.Ldebug_loc5                    @ DW_AT_location
	.long	.Linfo_string17                 @ DW_AT_name
	.byte	3                               @ DW_AT_decl_file
	.byte	74                              @ DW_AT_decl_line
	.long	66                              @ DW_AT_type
	.byte	16                              @ Abbrev [16] 0x10c:0x9 DW_TAG_GNU_call_site
	.long	278                             @ DW_AT_abstract_origin
                                        @ DW_AT_GNU_tail_call
	.long	.Ltmp18                         @ DW_AT_low_pc
	.byte	0                               @ End Of Children Mark
	.byte	17                              @ Abbrev [17] 0x116:0xd DW_TAG_subprogram
	.long	.Linfo_string11                 @ DW_AT_name
	.byte	4                               @ DW_AT_decl_file
	.byte	80                              @ DW_AT_decl_line
                                        @ DW_AT_prototyped
                                        @ DW_AT_declaration
                                        @ DW_AT_external
	.byte	10                              @ Abbrev [10] 0x11d:0x5 DW_TAG_formal_parameter
	.long	138                             @ DW_AT_type
	.byte	0                               @ End Of Children Mark
	.byte	6                               @ Abbrev [6] 0x123:0xb DW_TAG_typedef
	.long	302                             @ DW_AT_type
	.long	.Linfo_string14                 @ DW_AT_name
	.byte	1                               @ DW_AT_decl_file
	.byte	47                              @ DW_AT_decl_line
	.byte	6                               @ Abbrev [6] 0x12e:0xb DW_TAG_typedef
	.long	59                              @ DW_AT_type
	.long	.Linfo_string13                 @ DW_AT_name
	.byte	5                               @ DW_AT_decl_file
	.byte	62                              @ DW_AT_decl_line
	.byte	5                               @ Abbrev [5] 0x139:0x5 DW_TAG_pointer_type
	.long	318                             @ DW_AT_type
	.byte	6                               @ Abbrev [6] 0x13e:0xb DW_TAG_typedef
	.long	329                             @ DW_AT_type
	.long	.Linfo_string30                 @ DW_AT_name
	.byte	6                               @ DW_AT_decl_file
	.byte	50                              @ DW_AT_decl_line
	.byte	7                               @ Abbrev [7] 0x149:0x54 DW_TAG_structure_type
	.long	.Linfo_string29                 @ DW_AT_name
	.byte	24                              @ DW_AT_byte_size
	.byte	6                               @ DW_AT_decl_file
	.byte	43                              @ DW_AT_decl_line
	.byte	8                               @ Abbrev [8] 0x151:0xc DW_TAG_member
	.long	.Linfo_string19                 @ DW_AT_name
	.long	413                             @ DW_AT_type
	.byte	6                               @ DW_AT_decl_file
	.byte	44                              @ DW_AT_decl_line
	.byte	0                               @ DW_AT_data_member_location
	.byte	8                               @ Abbrev [8] 0x15d:0xc DW_TAG_member
	.long	.Linfo_string22                 @ DW_AT_name
	.long	413                             @ DW_AT_type
	.byte	6                               @ DW_AT_decl_file
	.byte	45                              @ DW_AT_decl_line
	.byte	4                               @ DW_AT_data_member_location
	.byte	8                               @ Abbrev [8] 0x169:0xc DW_TAG_member
	.long	.Linfo_string23                 @ DW_AT_name
	.long	431                             @ DW_AT_type
	.byte	6                               @ DW_AT_decl_file
	.byte	46                              @ DW_AT_decl_line
	.byte	8                               @ DW_AT_data_member_location
	.byte	8                               @ Abbrev [8] 0x175:0xc DW_TAG_member
	.long	.Linfo_string8                  @ DW_AT_name
	.long	138                             @ DW_AT_type
	.byte	6                               @ DW_AT_decl_file
	.byte	47                              @ DW_AT_decl_line
	.byte	12                              @ DW_AT_data_member_location
	.byte	8                               @ Abbrev [8] 0x181:0xc DW_TAG_member
	.long	.Linfo_string25                 @ DW_AT_name
	.long	459                             @ DW_AT_type
	.byte	6                               @ DW_AT_decl_file
	.byte	48                              @ DW_AT_decl_line
	.byte	16                              @ DW_AT_data_member_location
	.byte	18                              @ Abbrev [18] 0x18d:0xf DW_TAG_member
	.long	.Linfo_string28                 @ DW_AT_name
	.long	413                             @ DW_AT_type
	.byte	6                               @ DW_AT_decl_file
	.byte	49                              @ DW_AT_decl_line
	.byte	4                               @ DW_AT_byte_size
	.byte	1                               @ DW_AT_bit_size
	.byte	31                              @ DW_AT_bit_offset
	.byte	20                              @ DW_AT_data_member_location
	.byte	0                               @ End Of Children Mark
	.byte	6                               @ Abbrev [6] 0x19d:0xb DW_TAG_typedef
	.long	424                             @ DW_AT_type
	.long	.Linfo_string21                 @ DW_AT_name
	.byte	5                               @ DW_AT_decl_file
	.byte	64                              @ DW_AT_decl_line
	.byte	4                               @ Abbrev [4] 0x1a8:0x7 DW_TAG_base_type
	.long	.Linfo_string20                 @ DW_AT_name
	.byte	7                               @ DW_AT_encoding
	.byte	4                               @ DW_AT_byte_size
	.byte	6                               @ Abbrev [6] 0x1af:0xb DW_TAG_typedef
	.long	442                             @ DW_AT_type
	.long	.Linfo_string24                 @ DW_AT_name
	.byte	6                               @ DW_AT_decl_file
	.byte	38                              @ DW_AT_decl_line
	.byte	5                               @ Abbrev [5] 0x1ba:0x5 DW_TAG_pointer_type
	.long	447                             @ DW_AT_type
	.byte	9                               @ Abbrev [9] 0x1bf:0x7 DW_TAG_subroutine_type
                                        @ DW_AT_prototyped
	.byte	10                              @ Abbrev [10] 0x1c0:0x5 DW_TAG_formal_parameter
	.long	454                             @ DW_AT_type
	.byte	0                               @ End Of Children Mark
	.byte	5                               @ Abbrev [5] 0x1c6:0x5 DW_TAG_pointer_type
	.long	329                             @ DW_AT_type
	.byte	6                               @ Abbrev [6] 0x1cb:0xb DW_TAG_typedef
	.long	470                             @ DW_AT_type
	.long	.Linfo_string27                 @ DW_AT_name
	.byte	5                               @ DW_AT_decl_file
	.byte	58                              @ DW_AT_decl_line
	.byte	4                               @ Abbrev [4] 0x1d6:0x7 DW_TAG_base_type
	.long	.Linfo_string26                 @ DW_AT_name
	.byte	5                               @ DW_AT_encoding
	.byte	4                               @ DW_AT_byte_size
	.byte	0                               @ End Of Children Mark
.Ldebug_info_end0:
	.section	.debug_ranges,"",%progbits
.Ldebug_ranges0:
	.long	.Lfunc_begin0
	.long	.Lfunc_end0
	.long	.Lfunc_begin1
	.long	.Lfunc_end1
	.long	0
	.long	0
	.section	.debug_str,"MS",%progbits,1
.Linfo_string0:
	.asciz	"Component: ARM Compiler 6.16 Tool: armclang [5dfeb700]" @ string offset=0
.Linfo_string1:
	.asciz	"../GUILib/src/misc\\lv_async.c" @ string offset=55
.Linfo_string2:
	.asciz	"C:\\Users\\Hyacincher\\Desktop\\HyTelectrl\\Code\\Project" @ string offset=85
.Linfo_string3:
	.asciz	"unsigned char"                 @ string offset=137
.Linfo_string4:
	.asciz	"LV_RES_INV"                    @ string offset=151
.Linfo_string5:
	.asciz	"LV_RES_OK"                     @ string offset=162
.Linfo_string6:
	.asciz	"cb"                            @ string offset=172
.Linfo_string7:
	.asciz	"lv_async_cb_t"                 @ string offset=175
.Linfo_string8:
	.asciz	"user_data"                     @ string offset=189
.Linfo_string9:
	.asciz	"_lv_async_info_t"              @ string offset=199
.Linfo_string10:
	.asciz	"lv_async_info_t"               @ string offset=216
.Linfo_string11:
	.asciz	"lv_mem_free"                   @ string offset=232
.Linfo_string12:
	.asciz	"lv_async_call"                 @ string offset=244
.Linfo_string13:
	.asciz	"uint8_t"                       @ string offset=258
.Linfo_string14:
	.asciz	"lv_res_t"                      @ string offset=266
.Linfo_string15:
	.asciz	"lv_async_timer_cb"             @ string offset=275
.Linfo_string16:
	.asciz	"async_xcb"                     @ string offset=293
.Linfo_string17:
	.asciz	"info"                          @ string offset=303
.Linfo_string18:
	.asciz	"timer"                         @ string offset=308
.Linfo_string19:
	.asciz	"period"                        @ string offset=314
.Linfo_string20:
	.asciz	"unsigned int"                  @ string offset=321
.Linfo_string21:
	.asciz	"uint32_t"                      @ string offset=334
.Linfo_string22:
	.asciz	"last_run"                      @ string offset=343
.Linfo_string23:
	.asciz	"timer_cb"                      @ string offset=352
.Linfo_string24:
	.asciz	"lv_timer_cb_t"                 @ string offset=361
.Linfo_string25:
	.asciz	"repeat_count"                  @ string offset=375
.Linfo_string26:
	.asciz	"int"                           @ string offset=388
.Linfo_string27:
	.asciz	"int32_t"                       @ string offset=392
.Linfo_string28:
	.asciz	"paused"                        @ string offset=400
.Linfo_string29:
	.asciz	"_lv_timer_t"                   @ string offset=407
.Linfo_string30:
	.asciz	"lv_timer_t"                    @ string offset=419
	.ident	"Component: ARM Compiler 6.16 Tool: armclang [5dfeb700]"
	.section	".note.GNU-stack","",%progbits
	.eabi_attribute	30, 3	@ Tag_ABI_optimization_goals
	.ARM_attribute	16, 1	@ Tag_AV_eba
	.section	.debug_line,"",%progbits
.Lline_table_start0:
