	.text
	.syntax unified
	.eabi_attribute	67, "2.09"	@ Tag_conformance
	.cpu	cortex-m4
	.eabi_attribute	6, 13	@ Tag_CPU_arch
	.eabi_attribute	7, 77	@ Tag_CPU_arch_profile
	.eabi_attribute	8, 0	@ Tag_ARM_ISA_use
	.eabi_attribute	9, 2	@ Tag_THUMB_ISA_use
	.fpu	fpv4-sp-d16
	.eabi_attribute	27, 1	@ Tag_ABI_HardFP_use
	.eabi_attribute	36, 1	@ Tag_FP_HP_extension
	.eabi_attribute	34, 1	@ Tag_CPU_unaligned_access
	.eabi_attribute	17, 1	@ Tag_ABI_PCS_GOT_use
	.eabi_attribute	20, 2	@ Tag_ABI_FP_denormal
	.eabi_attribute	21, 0	@ Tag_ABI_FP_exceptions
	.eabi_attribute	23, 1	@ Tag_ABI_FP_number_model
	.eabi_attribute	24, 1	@ Tag_ABI_align_needed
	.eabi_attribute	25, 1	@ Tag_ABI_align_preserved
	.eabi_attribute	28, 1	@ Tag_ABI_VFP_args
	.eabi_attribute	38, 1	@ Tag_ABI_FP_16bit_format
	.eabi_attribute	18, 2	@ Tag_ABI_PCS_wchar_t
	.eabi_attribute	26, 1	@ Tag_ABI_enum_size
	.eabi_attribute	14, 0	@ Tag_ABI_PCS_R9_use
	.file	"lv_font.c"
	.section	.text.lv_font_get_glyph_bitmap,"ax",%progbits
	.hidden	lv_font_get_glyph_bitmap        @ -- Begin function lv_font_get_glyph_bitmap
	.globl	lv_font_get_glyph_bitmap
	.p2align	1
	.type	lv_font_get_glyph_bitmap,%function
	.code	16                              @ @lv_font_get_glyph_bitmap
	.thumb_func
lv_font_get_glyph_bitmap:
.Lfunc_begin0:
	.file	1 "C:\\Users\\Hyacincher\\Desktop\\HyTelectrl\\Code\\Project" "../GUILib/src/font/lv_font.c"
	.loc	1 50 0                          @ ../GUILib/src/font/lv_font.c:50:0
	.fnstart
	.cfi_sections .debug_frame
	.cfi_startproc
@ %bb.0:
	@DEBUG_VALUE: lv_font_get_glyph_bitmap:font_p <- $r0
	@DEBUG_VALUE: lv_font_get_glyph_bitmap:font_p <- $r0
	@DEBUG_VALUE: lv_font_get_glyph_bitmap:letter <- $r1
	@DEBUG_VALUE: lv_font_get_glyph_bitmap:letter <- $r1
	.loc	1 51 5 prologue_end             @ ../GUILib/src/font/lv_font.c:51:5
	cbz	r0, .LBB0_2
.Ltmp0:
@ %bb.1:
	@DEBUG_VALUE: lv_font_get_glyph_bitmap:letter <- $r1
	@DEBUG_VALUE: lv_font_get_glyph_bitmap:font_p <- $r0
	.loc	1 52 20                         @ ../GUILib/src/font/lv_font.c:52:20
	ldr	r2, [r0, #4]
.Ltmp1:
	.loc	1 52 12 is_stmt 0               @ ../GUILib/src/font/lv_font.c:52:12
	bx	r2
.Ltmp2:
	.p2align	2
.LBB0_2:                                @ =>This Inner Loop Header: Depth=1
	@DEBUG_VALUE: lv_font_get_glyph_bitmap:letter <- $r1
	@DEBUG_VALUE: lv_font_get_glyph_bitmap:font_p <- $r0
	.loc	1 51 5 is_stmt 1                @ ../GUILib/src/font/lv_font.c:51:5
	b	.LBB0_2
.Ltmp3:
.Lfunc_end0:
	.size	lv_font_get_glyph_bitmap, .Lfunc_end0-lv_font_get_glyph_bitmap
	.cfi_endproc
	.cantunwind
	.fnend
                                        @ -- End function
	.section	.text.lv_font_get_glyph_dsc,"ax",%progbits
	.hidden	lv_font_get_glyph_dsc           @ -- Begin function lv_font_get_glyph_dsc
	.globl	lv_font_get_glyph_dsc
	.p2align	1
	.type	lv_font_get_glyph_dsc,%function
	.code	16                              @ @lv_font_get_glyph_dsc
	.thumb_func
lv_font_get_glyph_dsc:
.Lfunc_begin1:
	.loc	1 65 0                          @ ../GUILib/src/font/lv_font.c:65:0
	.fnstart
	.cfi_startproc
@ %bb.0:
	@DEBUG_VALUE: lv_font_get_glyph_dsc:font_p <- $r0
	@DEBUG_VALUE: lv_font_get_glyph_dsc:font_p <- $r0
	@DEBUG_VALUE: lv_font_get_glyph_dsc:dsc_out <- $r1
	@DEBUG_VALUE: lv_font_get_glyph_dsc:letter <- $r2
	@DEBUG_VALUE: lv_font_get_glyph_dsc:letter <- $r2
	@DEBUG_VALUE: lv_font_get_glyph_dsc:letter_next <- $r3
	@DEBUG_VALUE: lv_font_get_glyph_dsc:letter_next <- $r3
	@DEBUG_VALUE: lv_font_get_glyph_dsc:dsc_out <- $r1
	.loc	1 66 5 prologue_end             @ ../GUILib/src/font/lv_font.c:66:5
	cbz	r0, .LBB1_2
.Ltmp4:
@ %bb.1:
	@DEBUG_VALUE: lv_font_get_glyph_dsc:letter_next <- $r3
	@DEBUG_VALUE: lv_font_get_glyph_dsc:letter <- $r2
	@DEBUG_VALUE: lv_font_get_glyph_dsc:dsc_out <- $r1
	@DEBUG_VALUE: lv_font_get_glyph_dsc:font_p <- $r0
	.loc	1 67 20                         @ ../GUILib/src/font/lv_font.c:67:20
	ldr.w	r12, [r0]
.Ltmp5:
	.loc	1 67 12 is_stmt 0               @ ../GUILib/src/font/lv_font.c:67:12
	bx	r12
.Ltmp6:
	.p2align	2
.LBB1_2:                                @ =>This Inner Loop Header: Depth=1
	@DEBUG_VALUE: lv_font_get_glyph_dsc:letter_next <- $r3
	@DEBUG_VALUE: lv_font_get_glyph_dsc:letter <- $r2
	@DEBUG_VALUE: lv_font_get_glyph_dsc:dsc_out <- $r1
	@DEBUG_VALUE: lv_font_get_glyph_dsc:font_p <- $r0
	.loc	1 66 5 is_stmt 1                @ ../GUILib/src/font/lv_font.c:66:5
	b	.LBB1_2
.Ltmp7:
.Lfunc_end1:
	.size	lv_font_get_glyph_dsc, .Lfunc_end1-lv_font_get_glyph_dsc
	.cfi_endproc
	.cantunwind
	.fnend
                                        @ -- End function
	.section	.text.lv_font_get_glyph_width,"ax",%progbits
	.hidden	lv_font_get_glyph_width         @ -- Begin function lv_font_get_glyph_width
	.globl	lv_font_get_glyph_width
	.p2align	1
	.type	lv_font_get_glyph_width,%function
	.code	16                              @ @lv_font_get_glyph_width
	.thumb_func
lv_font_get_glyph_width:
.Lfunc_begin2:
	.loc	1 78 0                          @ ../GUILib/src/font/lv_font.c:78:0
	.fnstart
	.cfi_startproc
@ %bb.0:
	@DEBUG_VALUE: lv_font_get_glyph_width:font <- $r0
	@DEBUG_VALUE: lv_font_get_glyph_width:letter <- $r1
	@DEBUG_VALUE: lv_font_get_glyph_width:letter_next <- $r2
	@DEBUG_VALUE: lv_font_get_glyph_width:letter_next <- $r2
	@DEBUG_VALUE: lv_font_get_glyph_width:font <- $r0
	@DEBUG_VALUE: lv_font_get_glyph_width:letter <- $r1
	.loc	1 79 5 prologue_end             @ ../GUILib/src/font/lv_font.c:79:5
	cbz	r0, .LBB2_2
.Ltmp8:
@ %bb.1:
	@DEBUG_VALUE: lv_font_get_glyph_width:letter_next <- $r2
	@DEBUG_VALUE: lv_font_get_glyph_width:letter <- $r1
	@DEBUG_VALUE: lv_font_get_glyph_width:font <- $r0
	.save	{r7, lr}
	push	{r7, lr}
	.cfi_def_cfa_offset 8
	.cfi_offset lr, -4
	.cfi_offset r7, -8
	.pad	#16
	sub	sp, #16
	.cfi_def_cfa_offset 24
.Ltmp9:
	.loc	1 67 20                         @ ../GUILib/src/font/lv_font.c:67:20
	ldr.w	r12, [r0]
	mov	r3, r2
.Ltmp10:
	@DEBUG_VALUE: lv_font_get_glyph_width:letter_next <- $r3
	.loc	1 0 20 is_stmt 0                @ ../GUILib/src/font/lv_font.c:0:20
	mov	r2, r1
.Ltmp11:
	@DEBUG_VALUE: lv_font_get_glyph_width:letter <- $r2
	@DEBUG_VALUE: lv_font_get_glyph_dsc:font_p <- $r0
	@DEBUG_VALUE: lv_font_get_glyph_dsc:dsc_out <- [DW_OP_plus_uconst 4, DW_OP_stack_value] $sp
	@DEBUG_VALUE: lv_font_get_glyph_dsc:letter <- $r2
	@DEBUG_VALUE: lv_font_get_glyph_dsc:letter_next <- $r3
	add	r1, sp, #4
	.loc	1 67 12                         @ ../GUILib/src/font/lv_font.c:67:12
	blx	r12
.Ltmp12:
	@DEBUG_VALUE: lv_font_get_glyph_width:font <- [DW_OP_LLVM_entry_value 1] $r0
	@DEBUG_VALUE: lv_font_get_glyph_width:ret <- [DW_OP_LLVM_convert 1 7, DW_OP_LLVM_convert 8 7, DW_OP_stack_value] $r0
	.loc	1 83 8 is_stmt 1                @ ../GUILib/src/font/lv_font.c:83:8
	ldrh.w	r1, [sp, #4]
	cmp	r0, #0
	it	eq
	moveq	r1, r0
	.loc	1 85 1                          @ ../GUILib/src/font/lv_font.c:85:1
	uxth	r0, r1
.Ltmp13:
	add	sp, #16
	pop	{r7, pc}
.Ltmp14:
	.p2align	2
.LBB2_2:                                @ =>This Inner Loop Header: Depth=1
	@DEBUG_VALUE: lv_font_get_glyph_width:letter_next <- $r2
	@DEBUG_VALUE: lv_font_get_glyph_width:letter <- $r1
	@DEBUG_VALUE: lv_font_get_glyph_width:font <- $r0
	.loc	1 79 5                          @ ../GUILib/src/font/lv_font.c:79:5
	b	.LBB2_2
.Ltmp15:
.Lfunc_end2:
	.size	lv_font_get_glyph_width, .Lfunc_end2-lv_font_get_glyph_width
	.cfi_endproc
	.file	2 "D:\\Keil MDK\\ARM\\ARMCLANG\\Bin\\..\\include" "stdint.h"
	.file	3 "C:\\Users\\Hyacincher\\Desktop\\HyTelectrl\\Code\\Project" "../GUILib/src/font/lv_font.h"
	.file	4 "C:\\Users\\Hyacincher\\Desktop\\HyTelectrl\\Code\\Project" "../GUILib/src/font/../misc/lv_area.h"
	.cantunwind
	.fnend
                                        @ -- End function
	.section	.debug_loc,"",%progbits
.Ldebug_loc0:
	.long	-1
	.long	.Lfunc_begin2                   @   base address
	.long	.Lfunc_begin2-.Lfunc_begin2
	.long	.Ltmp12-.Lfunc_begin2
	.short	1                               @ Loc expr size
	.byte	80                              @ DW_OP_reg0
	.long	.Ltmp12-.Lfunc_begin2
	.long	.Ltmp14-.Lfunc_begin2
	.short	4                               @ Loc expr size
	.byte	243                             @ DW_OP_GNU_entry_value
	.byte	1                               @ 1
	.byte	80                              @ DW_OP_reg0
	.byte	159                             @ DW_OP_stack_value
	.long	.Ltmp14-.Lfunc_begin2
	.long	.Lfunc_end2-.Lfunc_begin2
	.short	1                               @ Loc expr size
	.byte	80                              @ DW_OP_reg0
	.long	0
	.long	0
.Ldebug_loc1:
	.long	-1
	.long	.Lfunc_begin2                   @   base address
	.long	.Lfunc_begin2-.Lfunc_begin2
	.long	.Ltmp11-.Lfunc_begin2
	.short	1                               @ Loc expr size
	.byte	81                              @ DW_OP_reg1
	.long	.Ltmp11-.Lfunc_begin2
	.long	.Ltmp12-.Lfunc_begin2
	.short	1                               @ Loc expr size
	.byte	82                              @ DW_OP_reg2
	.long	.Ltmp14-.Lfunc_begin2
	.long	.Lfunc_end2-.Lfunc_begin2
	.short	1                               @ Loc expr size
	.byte	81                              @ DW_OP_reg1
	.long	0
	.long	0
.Ldebug_loc2:
	.long	-1
	.long	.Lfunc_begin2                   @   base address
	.long	.Lfunc_begin2-.Lfunc_begin2
	.long	.Ltmp10-.Lfunc_begin2
	.short	1                               @ Loc expr size
	.byte	82                              @ DW_OP_reg2
	.long	.Ltmp10-.Lfunc_begin2
	.long	.Ltmp12-.Lfunc_begin2
	.short	1                               @ Loc expr size
	.byte	83                              @ DW_OP_reg3
	.long	.Ltmp14-.Lfunc_begin2
	.long	.Lfunc_end2-.Lfunc_begin2
	.short	1                               @ Loc expr size
	.byte	82                              @ DW_OP_reg2
	.long	0
	.long	0
.Ldebug_loc3:
	.long	-1
	.long	.Lfunc_begin2                   @   base address
	.long	.Ltmp11-.Lfunc_begin2
	.long	.Ltmp12-.Lfunc_begin2
	.short	1                               @ Loc expr size
	.byte	80                              @ DW_OP_reg0
	.long	0
	.long	0
.Ldebug_loc4:
	.long	-1
	.long	.Lfunc_begin2                   @   base address
	.long	.Ltmp11-.Lfunc_begin2
	.long	.Ltmp14-.Lfunc_begin2
	.short	3                               @ Loc expr size
	.byte	125                             @ DW_OP_breg13
	.byte	4                               @ 4
	.byte	159                             @ DW_OP_stack_value
	.long	0
	.long	0
.Ldebug_loc5:
	.long	-1
	.long	.Lfunc_begin2                   @   base address
	.long	.Ltmp11-.Lfunc_begin2
	.long	.Ltmp12-.Lfunc_begin2
	.short	1                               @ Loc expr size
	.byte	82                              @ DW_OP_reg2
	.long	0
	.long	0
.Ldebug_loc6:
	.long	-1
	.long	.Lfunc_begin2                   @   base address
	.long	.Ltmp11-.Lfunc_begin2
	.long	.Ltmp12-.Lfunc_begin2
	.short	1                               @ Loc expr size
	.byte	83                              @ DW_OP_reg3
	.long	0
	.long	0
.Ldebug_loc7:
	.long	-1
	.long	.Lfunc_begin2                   @   base address
	.long	.Ltmp12-.Lfunc_begin2
	.long	.Ltmp13-.Lfunc_begin2
	.short	6                               @ Loc expr size
	.byte	112                             @ DW_OP_breg0
	.byte	0                               @ 0
	.byte	16                              @ DW_OP_constu
	.byte	1                               @ 1
	.byte	26                              @ DW_OP_and
	.byte	159                             @ DW_OP_stack_value
	.long	0
	.long	0
	.section	.debug_abbrev,"",%progbits
	.byte	1                               @ Abbreviation Code
	.byte	17                              @ DW_TAG_compile_unit
	.byte	1                               @ DW_CHILDREN_yes
	.byte	37                              @ DW_AT_producer
	.byte	14                              @ DW_FORM_strp
	.byte	19                              @ DW_AT_language
	.byte	5                               @ DW_FORM_data2
	.byte	3                               @ DW_AT_name
	.byte	14                              @ DW_FORM_strp
	.byte	16                              @ DW_AT_stmt_list
	.byte	23                              @ DW_FORM_sec_offset
	.byte	27                              @ DW_AT_comp_dir
	.byte	14                              @ DW_FORM_strp
	.byte	17                              @ DW_AT_low_pc
	.byte	1                               @ DW_FORM_addr
	.byte	85                              @ DW_AT_ranges
	.byte	23                              @ DW_FORM_sec_offset
	.byte	0                               @ EOM(1)
	.byte	0                               @ EOM(2)
	.byte	2                               @ Abbreviation Code
	.byte	46                              @ DW_TAG_subprogram
	.byte	1                               @ DW_CHILDREN_yes
	.byte	17                              @ DW_AT_low_pc
	.byte	1                               @ DW_FORM_addr
	.byte	18                              @ DW_AT_high_pc
	.byte	6                               @ DW_FORM_data4
	.byte	64                              @ DW_AT_frame_base
	.byte	24                              @ DW_FORM_exprloc
	.ascii	"\227B"                         @ DW_AT_GNU_all_call_sites
	.byte	25                              @ DW_FORM_flag_present
	.byte	3                               @ DW_AT_name
	.byte	14                              @ DW_FORM_strp
	.byte	58                              @ DW_AT_decl_file
	.byte	11                              @ DW_FORM_data1
	.byte	59                              @ DW_AT_decl_line
	.byte	11                              @ DW_FORM_data1
	.byte	39                              @ DW_AT_prototyped
	.byte	25                              @ DW_FORM_flag_present
	.byte	73                              @ DW_AT_type
	.byte	19                              @ DW_FORM_ref4
	.byte	63                              @ DW_AT_external
	.byte	25                              @ DW_FORM_flag_present
	.byte	0                               @ EOM(1)
	.byte	0                               @ EOM(2)
	.byte	3                               @ Abbreviation Code
	.byte	5                               @ DW_TAG_formal_parameter
	.byte	0                               @ DW_CHILDREN_no
	.byte	2                               @ DW_AT_location
	.byte	24                              @ DW_FORM_exprloc
	.byte	3                               @ DW_AT_name
	.byte	14                              @ DW_FORM_strp
	.byte	58                              @ DW_AT_decl_file
	.byte	11                              @ DW_FORM_data1
	.byte	59                              @ DW_AT_decl_line
	.byte	11                              @ DW_FORM_data1
	.byte	73                              @ DW_AT_type
	.byte	19                              @ DW_FORM_ref4
	.byte	0                               @ EOM(1)
	.byte	0                               @ EOM(2)
	.byte	4                               @ Abbreviation Code
	.ascii	"\211\202\001"                  @ DW_TAG_GNU_call_site
	.byte	0                               @ DW_CHILDREN_no
	.ascii	"\223B"                         @ DW_AT_GNU_call_site_target
	.byte	24                              @ DW_FORM_exprloc
	.ascii	"\225B"                         @ DW_AT_GNU_tail_call
	.byte	25                              @ DW_FORM_flag_present
	.byte	17                              @ DW_AT_low_pc
	.byte	1                               @ DW_FORM_addr
	.byte	0                               @ EOM(1)
	.byte	0                               @ EOM(2)
	.byte	5                               @ Abbreviation Code
	.byte	46                              @ DW_TAG_subprogram
	.byte	1                               @ DW_CHILDREN_yes
	.byte	17                              @ DW_AT_low_pc
	.byte	1                               @ DW_FORM_addr
	.byte	18                              @ DW_AT_high_pc
	.byte	6                               @ DW_FORM_data4
	.byte	64                              @ DW_AT_frame_base
	.byte	24                              @ DW_FORM_exprloc
	.ascii	"\227B"                         @ DW_AT_GNU_all_call_sites
	.byte	25                              @ DW_FORM_flag_present
	.byte	49                              @ DW_AT_abstract_origin
	.byte	19                              @ DW_FORM_ref4
	.byte	0                               @ EOM(1)
	.byte	0                               @ EOM(2)
	.byte	6                               @ Abbreviation Code
	.byte	5                               @ DW_TAG_formal_parameter
	.byte	0                               @ DW_CHILDREN_no
	.byte	2                               @ DW_AT_location
	.byte	24                              @ DW_FORM_exprloc
	.byte	49                              @ DW_AT_abstract_origin
	.byte	19                              @ DW_FORM_ref4
	.byte	0                               @ EOM(1)
	.byte	0                               @ EOM(2)
	.byte	7                               @ Abbreviation Code
	.byte	46                              @ DW_TAG_subprogram
	.byte	1                               @ DW_CHILDREN_yes
	.byte	3                               @ DW_AT_name
	.byte	14                              @ DW_FORM_strp
	.byte	58                              @ DW_AT_decl_file
	.byte	11                              @ DW_FORM_data1
	.byte	59                              @ DW_AT_decl_line
	.byte	11                              @ DW_FORM_data1
	.byte	39                              @ DW_AT_prototyped
	.byte	25                              @ DW_FORM_flag_present
	.byte	73                              @ DW_AT_type
	.byte	19                              @ DW_FORM_ref4
	.byte	63                              @ DW_AT_external
	.byte	25                              @ DW_FORM_flag_present
	.byte	32                              @ DW_AT_inline
	.byte	11                              @ DW_FORM_data1
	.byte	0                               @ EOM(1)
	.byte	0                               @ EOM(2)
	.byte	8                               @ Abbreviation Code
	.byte	5                               @ DW_TAG_formal_parameter
	.byte	0                               @ DW_CHILDREN_no
	.byte	3                               @ DW_AT_name
	.byte	14                              @ DW_FORM_strp
	.byte	58                              @ DW_AT_decl_file
	.byte	11                              @ DW_FORM_data1
	.byte	59                              @ DW_AT_decl_line
	.byte	11                              @ DW_FORM_data1
	.byte	73                              @ DW_AT_type
	.byte	19                              @ DW_FORM_ref4
	.byte	0                               @ EOM(1)
	.byte	0                               @ EOM(2)
	.byte	9                               @ Abbreviation Code
	.byte	36                              @ DW_TAG_base_type
	.byte	0                               @ DW_CHILDREN_no
	.byte	3                               @ DW_AT_name
	.byte	14                              @ DW_FORM_strp
	.byte	62                              @ DW_AT_encoding
	.byte	11                              @ DW_FORM_data1
	.byte	11                              @ DW_AT_byte_size
	.byte	11                              @ DW_FORM_data1
	.byte	0                               @ EOM(1)
	.byte	0                               @ EOM(2)
	.byte	10                              @ Abbreviation Code
	.byte	15                              @ DW_TAG_pointer_type
	.byte	0                               @ DW_CHILDREN_no
	.byte	73                              @ DW_AT_type
	.byte	19                              @ DW_FORM_ref4
	.byte	0                               @ EOM(1)
	.byte	0                               @ EOM(2)
	.byte	11                              @ Abbreviation Code
	.byte	38                              @ DW_TAG_const_type
	.byte	0                               @ DW_CHILDREN_no
	.byte	73                              @ DW_AT_type
	.byte	19                              @ DW_FORM_ref4
	.byte	0                               @ EOM(1)
	.byte	0                               @ EOM(2)
	.byte	12                              @ Abbreviation Code
	.byte	22                              @ DW_TAG_typedef
	.byte	0                               @ DW_CHILDREN_no
	.byte	73                              @ DW_AT_type
	.byte	19                              @ DW_FORM_ref4
	.byte	3                               @ DW_AT_name
	.byte	14                              @ DW_FORM_strp
	.byte	58                              @ DW_AT_decl_file
	.byte	11                              @ DW_FORM_data1
	.byte	59                              @ DW_AT_decl_line
	.byte	11                              @ DW_FORM_data1
	.byte	0                               @ EOM(1)
	.byte	0                               @ EOM(2)
	.byte	13                              @ Abbreviation Code
	.byte	19                              @ DW_TAG_structure_type
	.byte	1                               @ DW_CHILDREN_yes
	.byte	3                               @ DW_AT_name
	.byte	14                              @ DW_FORM_strp
	.byte	11                              @ DW_AT_byte_size
	.byte	11                              @ DW_FORM_data1
	.byte	58                              @ DW_AT_decl_file
	.byte	11                              @ DW_FORM_data1
	.byte	59                              @ DW_AT_decl_line
	.byte	11                              @ DW_FORM_data1
	.byte	0                               @ EOM(1)
	.byte	0                               @ EOM(2)
	.byte	14                              @ Abbreviation Code
	.byte	13                              @ DW_TAG_member
	.byte	0                               @ DW_CHILDREN_no
	.byte	3                               @ DW_AT_name
	.byte	14                              @ DW_FORM_strp
	.byte	73                              @ DW_AT_type
	.byte	19                              @ DW_FORM_ref4
	.byte	58                              @ DW_AT_decl_file
	.byte	11                              @ DW_FORM_data1
	.byte	59                              @ DW_AT_decl_line
	.byte	11                              @ DW_FORM_data1
	.byte	56                              @ DW_AT_data_member_location
	.byte	11                              @ DW_FORM_data1
	.byte	0                               @ EOM(1)
	.byte	0                               @ EOM(2)
	.byte	15                              @ Abbreviation Code
	.byte	13                              @ DW_TAG_member
	.byte	0                               @ DW_CHILDREN_no
	.byte	3                               @ DW_AT_name
	.byte	14                              @ DW_FORM_strp
	.byte	73                              @ DW_AT_type
	.byte	19                              @ DW_FORM_ref4
	.byte	58                              @ DW_AT_decl_file
	.byte	11                              @ DW_FORM_data1
	.byte	59                              @ DW_AT_decl_line
	.byte	11                              @ DW_FORM_data1
	.byte	11                              @ DW_AT_byte_size
	.byte	11                              @ DW_FORM_data1
	.byte	13                              @ DW_AT_bit_size
	.byte	11                              @ DW_FORM_data1
	.byte	12                              @ DW_AT_bit_offset
	.byte	11                              @ DW_FORM_data1
	.byte	56                              @ DW_AT_data_member_location
	.byte	11                              @ DW_FORM_data1
	.byte	0                               @ EOM(1)
	.byte	0                               @ EOM(2)
	.byte	16                              @ Abbreviation Code
	.byte	21                              @ DW_TAG_subroutine_type
	.byte	1                               @ DW_CHILDREN_yes
	.byte	73                              @ DW_AT_type
	.byte	19                              @ DW_FORM_ref4
	.byte	39                              @ DW_AT_prototyped
	.byte	25                              @ DW_FORM_flag_present
	.byte	0                               @ EOM(1)
	.byte	0                               @ EOM(2)
	.byte	17                              @ Abbreviation Code
	.byte	5                               @ DW_TAG_formal_parameter
	.byte	0                               @ DW_CHILDREN_no
	.byte	73                              @ DW_AT_type
	.byte	19                              @ DW_FORM_ref4
	.byte	0                               @ EOM(1)
	.byte	0                               @ EOM(2)
	.byte	18                              @ Abbreviation Code
	.byte	19                              @ DW_TAG_structure_type
	.byte	1                               @ DW_CHILDREN_yes
	.byte	11                              @ DW_AT_byte_size
	.byte	11                              @ DW_FORM_data1
	.byte	58                              @ DW_AT_decl_file
	.byte	11                              @ DW_FORM_data1
	.byte	59                              @ DW_AT_decl_line
	.byte	11                              @ DW_FORM_data1
	.byte	0                               @ EOM(1)
	.byte	0                               @ EOM(2)
	.byte	19                              @ Abbreviation Code
	.byte	38                              @ DW_TAG_const_type
	.byte	0                               @ DW_CHILDREN_no
	.byte	0                               @ EOM(1)
	.byte	0                               @ EOM(2)
	.byte	20                              @ Abbreviation Code
	.byte	15                              @ DW_TAG_pointer_type
	.byte	0                               @ DW_CHILDREN_no
	.byte	0                               @ EOM(1)
	.byte	0                               @ EOM(2)
	.byte	21                              @ Abbreviation Code
	.byte	5                               @ DW_TAG_formal_parameter
	.byte	0                               @ DW_CHILDREN_no
	.byte	2                               @ DW_AT_location
	.byte	23                              @ DW_FORM_sec_offset
	.byte	3                               @ DW_AT_name
	.byte	14                              @ DW_FORM_strp
	.byte	58                              @ DW_AT_decl_file
	.byte	11                              @ DW_FORM_data1
	.byte	59                              @ DW_AT_decl_line
	.byte	11                              @ DW_FORM_data1
	.byte	73                              @ DW_AT_type
	.byte	19                              @ DW_FORM_ref4
	.byte	0                               @ EOM(1)
	.byte	0                               @ EOM(2)
	.byte	22                              @ Abbreviation Code
	.byte	52                              @ DW_TAG_variable
	.byte	0                               @ DW_CHILDREN_no
	.byte	2                               @ DW_AT_location
	.byte	24                              @ DW_FORM_exprloc
	.byte	3                               @ DW_AT_name
	.byte	14                              @ DW_FORM_strp
	.byte	58                              @ DW_AT_decl_file
	.byte	11                              @ DW_FORM_data1
	.byte	59                              @ DW_AT_decl_line
	.byte	11                              @ DW_FORM_data1
	.byte	73                              @ DW_AT_type
	.byte	19                              @ DW_FORM_ref4
	.byte	0                               @ EOM(1)
	.byte	0                               @ EOM(2)
	.byte	23                              @ Abbreviation Code
	.byte	52                              @ DW_TAG_variable
	.byte	0                               @ DW_CHILDREN_no
	.byte	2                               @ DW_AT_location
	.byte	23                              @ DW_FORM_sec_offset
	.byte	3                               @ DW_AT_name
	.byte	14                              @ DW_FORM_strp
	.byte	58                              @ DW_AT_decl_file
	.byte	11                              @ DW_FORM_data1
	.byte	59                              @ DW_AT_decl_line
	.byte	11                              @ DW_FORM_data1
	.byte	73                              @ DW_AT_type
	.byte	19                              @ DW_FORM_ref4
	.byte	0                               @ EOM(1)
	.byte	0                               @ EOM(2)
	.byte	24                              @ Abbreviation Code
	.byte	29                              @ DW_TAG_inlined_subroutine
	.byte	1                               @ DW_CHILDREN_yes
	.byte	49                              @ DW_AT_abstract_origin
	.byte	19                              @ DW_FORM_ref4
	.byte	17                              @ DW_AT_low_pc
	.byte	1                               @ DW_FORM_addr
	.byte	18                              @ DW_AT_high_pc
	.byte	6                               @ DW_FORM_data4
	.byte	88                              @ DW_AT_call_file
	.byte	11                              @ DW_FORM_data1
	.byte	89                              @ DW_AT_call_line
	.byte	11                              @ DW_FORM_data1
	.byte	87                              @ DW_AT_call_column
	.byte	11                              @ DW_FORM_data1
	.byte	0                               @ EOM(1)
	.byte	0                               @ EOM(2)
	.byte	25                              @ Abbreviation Code
	.byte	5                               @ DW_TAG_formal_parameter
	.byte	0                               @ DW_CHILDREN_no
	.byte	2                               @ DW_AT_location
	.byte	23                              @ DW_FORM_sec_offset
	.byte	49                              @ DW_AT_abstract_origin
	.byte	19                              @ DW_FORM_ref4
	.byte	0                               @ EOM(1)
	.byte	0                               @ EOM(2)
	.byte	0                               @ EOM(3)
	.section	.debug_info,"",%progbits
.Lcu_begin0:
	.long	.Ldebug_info_end0-.Ldebug_info_start0 @ Length of Unit
.Ldebug_info_start0:
	.short	4                               @ DWARF version number
	.long	.debug_abbrev                   @ Offset Into Abbrev. Section
	.byte	4                               @ Address Size (in bytes)
	.byte	1                               @ Abbrev [1] 0xb:0x2f9 DW_TAG_compile_unit
	.long	.Linfo_string0                  @ DW_AT_producer
	.short	12                              @ DW_AT_language
	.long	.Linfo_string1                  @ DW_AT_name
	.long	.Lline_table_start0             @ DW_AT_stmt_list
	.long	.Linfo_string2                  @ DW_AT_comp_dir
	.long	0                               @ DW_AT_low_pc
	.long	.Ldebug_ranges0                 @ DW_AT_ranges
	.byte	2                               @ Abbrev [2] 0x26:0x37 DW_TAG_subprogram
	.long	.Lfunc_begin0                   @ DW_AT_low_pc
	.long	.Lfunc_end0-.Lfunc_begin0       @ DW_AT_high_pc
	.byte	1                               @ DW_AT_frame_base
	.byte	93
                                        @ DW_AT_GNU_all_call_sites
	.long	.Linfo_string38                 @ DW_AT_name
	.byte	1                               @ DW_AT_decl_file
	.byte	49                              @ DW_AT_decl_line
                                        @ DW_AT_prototyped
	.long	576                             @ DW_AT_type
                                        @ DW_AT_external
	.byte	3                               @ Abbrev [3] 0x3b:0xd DW_TAG_formal_parameter
	.byte	1                               @ DW_AT_location
	.byte	80
	.long	.Linfo_string5                  @ DW_AT_name
	.byte	1                               @ DW_AT_decl_file
	.byte	49                              @ DW_AT_decl_line
	.long	208                             @ DW_AT_type
	.byte	3                               @ Abbrev [3] 0x48:0xd DW_TAG_formal_parameter
	.byte	1                               @ DW_AT_location
	.byte	81
	.long	.Linfo_string36                 @ DW_AT_name
	.byte	1                               @ DW_AT_decl_file
	.byte	49                              @ DW_AT_decl_line
	.long	537                             @ DW_AT_type
	.byte	4                               @ Abbrev [4] 0x55:0x7 DW_TAG_GNU_call_site
	.byte	1                               @ DW_AT_GNU_call_site_target
	.byte	82
                                        @ DW_AT_GNU_tail_call
	.long	.Ltmp2                          @ DW_AT_low_pc
	.byte	0                               @ End Of Children Mark
	.byte	5                               @ Abbrev [5] 0x5d:0x33 DW_TAG_subprogram
	.long	.Lfunc_begin1                   @ DW_AT_low_pc
	.long	.Lfunc_end1-.Lfunc_begin1       @ DW_AT_high_pc
	.byte	1                               @ DW_AT_frame_base
	.byte	93
                                        @ DW_AT_GNU_all_call_sites
	.long	144                             @ DW_AT_abstract_origin
	.byte	6                               @ Abbrev [6] 0x6c:0x7 DW_TAG_formal_parameter
	.byte	1                               @ DW_AT_location
	.byte	80
	.long	156                             @ DW_AT_abstract_origin
	.byte	6                               @ Abbrev [6] 0x73:0x7 DW_TAG_formal_parameter
	.byte	1                               @ DW_AT_location
	.byte	81
	.long	167                             @ DW_AT_abstract_origin
	.byte	6                               @ Abbrev [6] 0x7a:0x7 DW_TAG_formal_parameter
	.byte	1                               @ DW_AT_location
	.byte	82
	.long	178                             @ DW_AT_abstract_origin
	.byte	6                               @ Abbrev [6] 0x81:0x7 DW_TAG_formal_parameter
	.byte	1                               @ DW_AT_location
	.byte	83
	.long	189                             @ DW_AT_abstract_origin
	.byte	4                               @ Abbrev [4] 0x88:0x7 DW_TAG_GNU_call_site
	.byte	1                               @ DW_AT_GNU_call_site_target
	.byte	92
                                        @ DW_AT_GNU_tail_call
	.long	.Ltmp6                          @ DW_AT_low_pc
	.byte	0                               @ End Of Children Mark
	.byte	7                               @ Abbrev [7] 0x90:0x39 DW_TAG_subprogram
	.long	.Linfo_string3                  @ DW_AT_name
	.byte	1                               @ DW_AT_decl_file
	.byte	63                              @ DW_AT_decl_line
                                        @ DW_AT_prototyped
	.long	201                             @ DW_AT_type
                                        @ DW_AT_external
	.byte	1                               @ DW_AT_inline
	.byte	8                               @ Abbrev [8] 0x9c:0xb DW_TAG_formal_parameter
	.long	.Linfo_string5                  @ DW_AT_name
	.byte	1                               @ DW_AT_decl_file
	.byte	63                              @ DW_AT_decl_line
	.long	208                             @ DW_AT_type
	.byte	8                               @ Abbrev [8] 0xa7:0xb DW_TAG_formal_parameter
	.long	.Linfo_string35                 @ DW_AT_name
	.byte	1                               @ DW_AT_decl_file
	.byte	63                              @ DW_AT_decl_line
	.long	390                             @ DW_AT_type
	.byte	8                               @ Abbrev [8] 0xb2:0xb DW_TAG_formal_parameter
	.long	.Linfo_string36                 @ DW_AT_name
	.byte	1                               @ DW_AT_decl_file
	.byte	63                              @ DW_AT_decl_line
	.long	537                             @ DW_AT_type
	.byte	8                               @ Abbrev [8] 0xbd:0xb DW_TAG_formal_parameter
	.long	.Linfo_string37                 @ DW_AT_name
	.byte	1                               @ DW_AT_decl_file
	.byte	64                              @ DW_AT_decl_line
	.long	537                             @ DW_AT_type
	.byte	0                               @ End Of Children Mark
	.byte	9                               @ Abbrev [9] 0xc9:0x7 DW_TAG_base_type
	.long	.Linfo_string4                  @ DW_AT_name
	.byte	2                               @ DW_AT_encoding
	.byte	1                               @ DW_AT_byte_size
	.byte	10                              @ Abbrev [10] 0xd0:0x5 DW_TAG_pointer_type
	.long	213                             @ DW_AT_type
	.byte	11                              @ Abbrev [11] 0xd5:0x5 DW_TAG_const_type
	.long	218                             @ DW_AT_type
	.byte	12                              @ Abbrev [12] 0xda:0xb DW_TAG_typedef
	.long	229                             @ DW_AT_type
	.long	.Linfo_string34                 @ DW_AT_name
	.byte	3                               @ DW_AT_decl_file
	.byte	79                              @ DW_AT_decl_line
	.byte	13                              @ Abbrev [13] 0xe5:0x78 DW_TAG_structure_type
	.long	.Linfo_string33                 @ DW_AT_name
	.byte	24                              @ DW_AT_byte_size
	.byte	3                               @ DW_AT_decl_file
	.byte	59                              @ DW_AT_decl_line
	.byte	14                              @ Abbrev [14] 0xed:0xc DW_TAG_member
	.long	.Linfo_string6                  @ DW_AT_name
	.long	349                             @ DW_AT_type
	.byte	3                               @ DW_AT_decl_file
	.byte	61                              @ DW_AT_decl_line
	.byte	0                               @ DW_AT_data_member_location
	.byte	14                              @ Abbrev [14] 0xf9:0xc DW_TAG_member
	.long	.Linfo_string22                 @ DW_AT_name
	.long	555                             @ DW_AT_type
	.byte	3                               @ DW_AT_decl_file
	.byte	64                              @ DW_AT_decl_line
	.byte	4                               @ DW_AT_data_member_location
	.byte	14                              @ Abbrev [14] 0x105:0xc DW_TAG_member
	.long	.Linfo_string23                 @ DW_AT_name
	.long	586                             @ DW_AT_type
	.byte	3                               @ DW_AT_decl_file
	.byte	67                              @ DW_AT_decl_line
	.byte	8                               @ DW_AT_data_member_location
	.byte	14                              @ Abbrev [14] 0x111:0xc DW_TAG_member
	.long	.Linfo_string25                 @ DW_AT_name
	.long	586                             @ DW_AT_type
	.byte	3                               @ DW_AT_decl_file
	.byte	68                              @ DW_AT_decl_line
	.byte	10                              @ DW_AT_data_member_location
	.byte	15                              @ Abbrev [15] 0x11d:0xf DW_TAG_member
	.long	.Linfo_string26                 @ DW_AT_name
	.long	519                             @ DW_AT_type
	.byte	3                               @ DW_AT_decl_file
	.byte	69                              @ DW_AT_decl_line
	.byte	1                               @ DW_AT_byte_size
	.byte	2                               @ DW_AT_bit_size
	.byte	6                               @ DW_AT_bit_offset
	.byte	12                              @ DW_AT_data_member_location
	.byte	14                              @ Abbrev [14] 0x12c:0xc DW_TAG_member
	.long	.Linfo_string27                 @ DW_AT_name
	.long	597                             @ DW_AT_type
	.byte	3                               @ DW_AT_decl_file
	.byte	71                              @ DW_AT_decl_line
	.byte	13                              @ DW_AT_data_member_location
	.byte	14                              @ Abbrev [14] 0x138:0xc DW_TAG_member
	.long	.Linfo_string30                 @ DW_AT_name
	.long	597                             @ DW_AT_type
	.byte	3                               @ DW_AT_decl_file
	.byte	72                              @ DW_AT_decl_line
	.byte	14                              @ DW_AT_data_member_location
	.byte	14                              @ Abbrev [14] 0x144:0xc DW_TAG_member
	.long	.Linfo_string31                 @ DW_AT_name
	.long	615                             @ DW_AT_type
	.byte	3                               @ DW_AT_decl_file
	.byte	74                              @ DW_AT_decl_line
	.byte	16                              @ DW_AT_data_member_location
	.byte	14                              @ Abbrev [14] 0x150:0xc DW_TAG_member
	.long	.Linfo_string32                 @ DW_AT_name
	.long	621                             @ DW_AT_type
	.byte	3                               @ DW_AT_decl_file
	.byte	76                              @ DW_AT_decl_line
	.byte	20                              @ DW_AT_data_member_location
	.byte	0                               @ End Of Children Mark
	.byte	10                              @ Abbrev [10] 0x15d:0x5 DW_TAG_pointer_type
	.long	354                             @ DW_AT_type
	.byte	16                              @ Abbrev [16] 0x162:0x1a DW_TAG_subroutine_type
	.long	201                             @ DW_AT_type
                                        @ DW_AT_prototyped
	.byte	17                              @ Abbrev [17] 0x167:0x5 DW_TAG_formal_parameter
	.long	380                             @ DW_AT_type
	.byte	17                              @ Abbrev [17] 0x16c:0x5 DW_TAG_formal_parameter
	.long	390                             @ DW_AT_type
	.byte	17                              @ Abbrev [17] 0x171:0x5 DW_TAG_formal_parameter
	.long	537                             @ DW_AT_type
	.byte	17                              @ Abbrev [17] 0x176:0x5 DW_TAG_formal_parameter
	.long	537                             @ DW_AT_type
	.byte	0                               @ End Of Children Mark
	.byte	10                              @ Abbrev [10] 0x17c:0x5 DW_TAG_pointer_type
	.long	385                             @ DW_AT_type
	.byte	11                              @ Abbrev [11] 0x181:0x5 DW_TAG_const_type
	.long	229                             @ DW_AT_type
	.byte	10                              @ Abbrev [10] 0x186:0x5 DW_TAG_pointer_type
	.long	395                             @ DW_AT_type
	.byte	12                              @ Abbrev [12] 0x18b:0xb DW_TAG_typedef
	.long	406                             @ DW_AT_type
	.long	.Linfo_string19                 @ DW_AT_name
	.byte	3                               @ DW_AT_decl_file
	.byte	44                              @ DW_AT_decl_line
	.byte	18                              @ Abbrev [18] 0x196:0x4d DW_TAG_structure_type
	.byte	12                              @ DW_AT_byte_size
	.byte	3                               @ DW_AT_decl_file
	.byte	37                              @ DW_AT_decl_line
	.byte	14                              @ Abbrev [14] 0x19a:0xc DW_TAG_member
	.long	.Linfo_string7                  @ DW_AT_name
	.long	483                             @ DW_AT_type
	.byte	3                               @ DW_AT_decl_file
	.byte	38                              @ DW_AT_decl_line
	.byte	0                               @ DW_AT_data_member_location
	.byte	14                              @ Abbrev [14] 0x1a6:0xc DW_TAG_member
	.long	.Linfo_string10                 @ DW_AT_name
	.long	483                             @ DW_AT_type
	.byte	3                               @ DW_AT_decl_file
	.byte	39                              @ DW_AT_decl_line
	.byte	2                               @ DW_AT_data_member_location
	.byte	14                              @ Abbrev [14] 0x1b2:0xc DW_TAG_member
	.long	.Linfo_string11                 @ DW_AT_name
	.long	483                             @ DW_AT_type
	.byte	3                               @ DW_AT_decl_file
	.byte	40                              @ DW_AT_decl_line
	.byte	4                               @ DW_AT_data_member_location
	.byte	14                              @ Abbrev [14] 0x1be:0xc DW_TAG_member
	.long	.Linfo_string12                 @ DW_AT_name
	.long	501                             @ DW_AT_type
	.byte	3                               @ DW_AT_decl_file
	.byte	41                              @ DW_AT_decl_line
	.byte	6                               @ DW_AT_data_member_location
	.byte	14                              @ Abbrev [14] 0x1ca:0xc DW_TAG_member
	.long	.Linfo_string15                 @ DW_AT_name
	.long	501                             @ DW_AT_type
	.byte	3                               @ DW_AT_decl_file
	.byte	42                              @ DW_AT_decl_line
	.byte	8                               @ DW_AT_data_member_location
	.byte	14                              @ Abbrev [14] 0x1d6:0xc DW_TAG_member
	.long	.Linfo_string16                 @ DW_AT_name
	.long	519                             @ DW_AT_type
	.byte	3                               @ DW_AT_decl_file
	.byte	43                              @ DW_AT_decl_line
	.byte	10                              @ DW_AT_data_member_location
	.byte	0                               @ End Of Children Mark
	.byte	12                              @ Abbrev [12] 0x1e3:0xb DW_TAG_typedef
	.long	494                             @ DW_AT_type
	.long	.Linfo_string9                  @ DW_AT_name
	.byte	2                               @ DW_AT_decl_file
	.byte	63                              @ DW_AT_decl_line
	.byte	9                               @ Abbrev [9] 0x1ee:0x7 DW_TAG_base_type
	.long	.Linfo_string8                  @ DW_AT_name
	.byte	7                               @ DW_AT_encoding
	.byte	2                               @ DW_AT_byte_size
	.byte	12                              @ Abbrev [12] 0x1f5:0xb DW_TAG_typedef
	.long	512                             @ DW_AT_type
	.long	.Linfo_string14                 @ DW_AT_name
	.byte	2                               @ DW_AT_decl_file
	.byte	57                              @ DW_AT_decl_line
	.byte	9                               @ Abbrev [9] 0x200:0x7 DW_TAG_base_type
	.long	.Linfo_string13                 @ DW_AT_name
	.byte	5                               @ DW_AT_encoding
	.byte	2                               @ DW_AT_byte_size
	.byte	12                              @ Abbrev [12] 0x207:0xb DW_TAG_typedef
	.long	530                             @ DW_AT_type
	.long	.Linfo_string18                 @ DW_AT_name
	.byte	2                               @ DW_AT_decl_file
	.byte	62                              @ DW_AT_decl_line
	.byte	9                               @ Abbrev [9] 0x212:0x7 DW_TAG_base_type
	.long	.Linfo_string17                 @ DW_AT_name
	.byte	8                               @ DW_AT_encoding
	.byte	1                               @ DW_AT_byte_size
	.byte	12                              @ Abbrev [12] 0x219:0xb DW_TAG_typedef
	.long	548                             @ DW_AT_type
	.long	.Linfo_string21                 @ DW_AT_name
	.byte	2                               @ DW_AT_decl_file
	.byte	64                              @ DW_AT_decl_line
	.byte	9                               @ Abbrev [9] 0x224:0x7 DW_TAG_base_type
	.long	.Linfo_string20                 @ DW_AT_name
	.byte	7                               @ DW_AT_encoding
	.byte	4                               @ DW_AT_byte_size
	.byte	10                              @ Abbrev [10] 0x22b:0x5 DW_TAG_pointer_type
	.long	560                             @ DW_AT_type
	.byte	16                              @ Abbrev [16] 0x230:0x10 DW_TAG_subroutine_type
	.long	576                             @ DW_AT_type
                                        @ DW_AT_prototyped
	.byte	17                              @ Abbrev [17] 0x235:0x5 DW_TAG_formal_parameter
	.long	380                             @ DW_AT_type
	.byte	17                              @ Abbrev [17] 0x23a:0x5 DW_TAG_formal_parameter
	.long	537                             @ DW_AT_type
	.byte	0                               @ End Of Children Mark
	.byte	10                              @ Abbrev [10] 0x240:0x5 DW_TAG_pointer_type
	.long	581                             @ DW_AT_type
	.byte	11                              @ Abbrev [11] 0x245:0x5 DW_TAG_const_type
	.long	519                             @ DW_AT_type
	.byte	12                              @ Abbrev [12] 0x24a:0xb DW_TAG_typedef
	.long	501                             @ DW_AT_type
	.long	.Linfo_string24                 @ DW_AT_name
	.byte	4                               @ DW_AT_decl_file
	.byte	27                              @ DW_AT_decl_line
	.byte	12                              @ Abbrev [12] 0x255:0xb DW_TAG_typedef
	.long	608                             @ DW_AT_type
	.long	.Linfo_string29                 @ DW_AT_name
	.byte	2                               @ DW_AT_decl_file
	.byte	56                              @ DW_AT_decl_line
	.byte	9                               @ Abbrev [9] 0x260:0x7 DW_TAG_base_type
	.long	.Linfo_string28                 @ DW_AT_name
	.byte	6                               @ DW_AT_encoding
	.byte	1                               @ DW_AT_byte_size
	.byte	10                              @ Abbrev [10] 0x267:0x5 DW_TAG_pointer_type
	.long	620                             @ DW_AT_type
	.byte	19                              @ Abbrev [19] 0x26c:0x1 DW_TAG_const_type
	.byte	20                              @ Abbrev [20] 0x26d:0x1 DW_TAG_pointer_type
	.byte	2                               @ Abbrev [2] 0x26e:0x95 DW_TAG_subprogram
	.long	.Lfunc_begin2                   @ DW_AT_low_pc
	.long	.Lfunc_end2-.Lfunc_begin2       @ DW_AT_high_pc
	.byte	1                               @ DW_AT_frame_base
	.byte	93
                                        @ DW_AT_GNU_all_call_sites
	.long	.Linfo_string39                 @ DW_AT_name
	.byte	1                               @ DW_AT_decl_file
	.byte	77                              @ DW_AT_decl_line
                                        @ DW_AT_prototyped
	.long	483                             @ DW_AT_type
                                        @ DW_AT_external
	.byte	21                              @ Abbrev [21] 0x283:0xf DW_TAG_formal_parameter
	.long	.Ldebug_loc0                    @ DW_AT_location
	.long	.Linfo_string41                 @ DW_AT_name
	.byte	1                               @ DW_AT_decl_file
	.byte	77                              @ DW_AT_decl_line
	.long	208                             @ DW_AT_type
	.byte	21                              @ Abbrev [21] 0x292:0xf DW_TAG_formal_parameter
	.long	.Ldebug_loc1                    @ DW_AT_location
	.long	.Linfo_string36                 @ DW_AT_name
	.byte	1                               @ DW_AT_decl_file
	.byte	77                              @ DW_AT_decl_line
	.long	537                             @ DW_AT_type
	.byte	21                              @ Abbrev [21] 0x2a1:0xf DW_TAG_formal_parameter
	.long	.Ldebug_loc2                    @ DW_AT_location
	.long	.Linfo_string37                 @ DW_AT_name
	.byte	1                               @ DW_AT_decl_file
	.byte	77                              @ DW_AT_decl_line
	.long	537                             @ DW_AT_type
	.byte	22                              @ Abbrev [22] 0x2b0:0xe DW_TAG_variable
	.byte	2                               @ DW_AT_location
	.byte	145
	.byte	4
	.long	.Linfo_string40                 @ DW_AT_name
	.byte	1                               @ DW_AT_decl_file
	.byte	80                              @ DW_AT_decl_line
	.long	395                             @ DW_AT_type
	.byte	23                              @ Abbrev [23] 0x2be:0xf DW_TAG_variable
	.long	.Ldebug_loc7                    @ DW_AT_location
	.long	.Linfo_string42                 @ DW_AT_name
	.byte	1                               @ DW_AT_decl_file
	.byte	81                              @ DW_AT_decl_line
	.long	201                             @ DW_AT_type
	.byte	24                              @ Abbrev [24] 0x2cd:0x35 DW_TAG_inlined_subroutine
	.long	144                             @ DW_AT_abstract_origin
	.long	.Ltmp9                          @ DW_AT_low_pc
	.long	.Ltmp12-.Ltmp9                  @ DW_AT_high_pc
	.byte	1                               @ DW_AT_call_file
	.byte	82                              @ DW_AT_call_line
	.byte	11                              @ DW_AT_call_column
	.byte	25                              @ Abbrev [25] 0x2dd:0x9 DW_TAG_formal_parameter
	.long	.Ldebug_loc3                    @ DW_AT_location
	.long	156                             @ DW_AT_abstract_origin
	.byte	25                              @ Abbrev [25] 0x2e6:0x9 DW_TAG_formal_parameter
	.long	.Ldebug_loc4                    @ DW_AT_location
	.long	167                             @ DW_AT_abstract_origin
	.byte	25                              @ Abbrev [25] 0x2ef:0x9 DW_TAG_formal_parameter
	.long	.Ldebug_loc5                    @ DW_AT_location
	.long	178                             @ DW_AT_abstract_origin
	.byte	25                              @ Abbrev [25] 0x2f8:0x9 DW_TAG_formal_parameter
	.long	.Ldebug_loc6                    @ DW_AT_location
	.long	189                             @ DW_AT_abstract_origin
	.byte	0                               @ End Of Children Mark
	.byte	0                               @ End Of Children Mark
	.byte	0                               @ End Of Children Mark
.Ldebug_info_end0:
	.section	.debug_ranges,"",%progbits
.Ldebug_ranges0:
	.long	.Lfunc_begin0
	.long	.Lfunc_end0
	.long	.Lfunc_begin1
	.long	.Lfunc_end1
	.long	.Lfunc_begin2
	.long	.Lfunc_end2
	.long	0
	.long	0
	.section	.debug_str,"MS",%progbits,1
.Linfo_string0:
	.asciz	"Component: ARM Compiler 6.16 Tool: armclang [5dfeb700]" @ string offset=0
.Linfo_string1:
	.asciz	"../GUILib/src/font\\lv_font.c" @ string offset=55
.Linfo_string2:
	.asciz	"C:\\Users\\Hyacincher\\Desktop\\HyTelectrl\\Code\\Project" @ string offset=84
.Linfo_string3:
	.asciz	"lv_font_get_glyph_dsc"         @ string offset=136
.Linfo_string4:
	.asciz	"_Bool"                         @ string offset=158
.Linfo_string5:
	.asciz	"font_p"                        @ string offset=164
.Linfo_string6:
	.asciz	"get_glyph_dsc"                 @ string offset=171
.Linfo_string7:
	.asciz	"adv_w"                         @ string offset=185
.Linfo_string8:
	.asciz	"unsigned short"                @ string offset=191
.Linfo_string9:
	.asciz	"uint16_t"                      @ string offset=206
.Linfo_string10:
	.asciz	"box_w"                         @ string offset=215
.Linfo_string11:
	.asciz	"box_h"                         @ string offset=221
.Linfo_string12:
	.asciz	"ofs_x"                         @ string offset=227
.Linfo_string13:
	.asciz	"short"                         @ string offset=233
.Linfo_string14:
	.asciz	"int16_t"                       @ string offset=239
.Linfo_string15:
	.asciz	"ofs_y"                         @ string offset=247
.Linfo_string16:
	.asciz	"bpp"                           @ string offset=253
.Linfo_string17:
	.asciz	"unsigned char"                 @ string offset=257
.Linfo_string18:
	.asciz	"uint8_t"                       @ string offset=271
.Linfo_string19:
	.asciz	"lv_font_glyph_dsc_t"           @ string offset=279
.Linfo_string20:
	.asciz	"unsigned int"                  @ string offset=299
.Linfo_string21:
	.asciz	"uint32_t"                      @ string offset=312
.Linfo_string22:
	.asciz	"get_glyph_bitmap"              @ string offset=321
.Linfo_string23:
	.asciz	"line_height"                   @ string offset=338
.Linfo_string24:
	.asciz	"lv_coord_t"                    @ string offset=350
.Linfo_string25:
	.asciz	"base_line"                     @ string offset=361
.Linfo_string26:
	.asciz	"subpx"                         @ string offset=371
.Linfo_string27:
	.asciz	"underline_position"            @ string offset=377
.Linfo_string28:
	.asciz	"signed char"                   @ string offset=396
.Linfo_string29:
	.asciz	"int8_t"                        @ string offset=408
.Linfo_string30:
	.asciz	"underline_thickness"           @ string offset=415
.Linfo_string31:
	.asciz	"dsc"                           @ string offset=435
.Linfo_string32:
	.asciz	"user_data"                     @ string offset=439
.Linfo_string33:
	.asciz	"_lv_font_t"                    @ string offset=449
.Linfo_string34:
	.asciz	"lv_font_t"                     @ string offset=460
.Linfo_string35:
	.asciz	"dsc_out"                       @ string offset=470
.Linfo_string36:
	.asciz	"letter"                        @ string offset=478
.Linfo_string37:
	.asciz	"letter_next"                   @ string offset=485
.Linfo_string38:
	.asciz	"lv_font_get_glyph_bitmap"      @ string offset=497
.Linfo_string39:
	.asciz	"lv_font_get_glyph_width"       @ string offset=522
.Linfo_string40:
	.asciz	"g"                             @ string offset=546
.Linfo_string41:
	.asciz	"font"                          @ string offset=548
.Linfo_string42:
	.asciz	"ret"                           @ string offset=553
	.ident	"Component: ARM Compiler 6.16 Tool: armclang [5dfeb700]"
	.section	".note.GNU-stack","",%progbits
	.eabi_attribute	30, 3	@ Tag_ABI_optimization_goals
	.ARM_attribute	16, 1	@ Tag_AV_eba
	.section	.debug_line,"",%progbits
.Lline_table_start0:
