	.text
	.syntax unified
	.eabi_attribute	67, "2.09"	@ Tag_conformance
	.cpu	cortex-m4
	.eabi_attribute	6, 13	@ Tag_CPU_arch
	.eabi_attribute	7, 77	@ Tag_CPU_arch_profile
	.eabi_attribute	8, 0	@ Tag_ARM_ISA_use
	.eabi_attribute	9, 2	@ Tag_THUMB_ISA_use
	.fpu	fpv4-sp-d16
	.eabi_attribute	27, 1	@ Tag_ABI_HardFP_use
	.eabi_attribute	36, 1	@ Tag_FP_HP_extension
	.eabi_attribute	34, 1	@ Tag_CPU_unaligned_access
	.eabi_attribute	17, 1	@ Tag_ABI_PCS_GOT_use
	.eabi_attribute	20, 2	@ Tag_ABI_FP_denormal
	.eabi_attribute	21, 0	@ Tag_ABI_FP_exceptions
	.eabi_attribute	23, 1	@ Tag_ABI_FP_number_model
	.eabi_attribute	24, 1	@ Tag_ABI_align_needed
	.eabi_attribute	25, 1	@ Tag_ABI_align_preserved
	.eabi_attribute	28, 1	@ Tag_ABI_VFP_args
	.eabi_attribute	38, 1	@ Tag_ABI_FP_16bit_format
	.eabi_attribute	18, 2	@ Tag_ABI_PCS_wchar_t
	.eabi_attribute	26, 1	@ Tag_ABI_enum_size
	.eabi_attribute	14, 0	@ Tag_ABI_PCS_R9_use
	.file	"lv_gc.c"
	.file	1 "D:\\Keil MDK\\ARM\\ARMCLANG\\Bin\\..\\include" "stdint.h"
	.file	2 "C:\\Users\\Hyacincher\\Desktop\\HyTelectrl\\Code\\Project" "../GUILib/src/misc/lv_ll.h"
	.file	3 "C:\\Users\\Hyacincher\\Desktop\\HyTelectrl\\Code\\Project" "../GUILib/src/misc/lv_gc.c"
	.file	4 "C:\\Users\\Hyacincher\\Desktop\\HyTelectrl\\Code\\Project" "../GUILib/src/misc/../core/lv_obj_pos.h"
	.file	5 "C:\\Users\\Hyacincher\\Desktop\\HyTelectrl\\Code\\Project" "../GUILib/src/misc/../draw/../misc/lv_types.h"
	.file	6 "C:\\Users\\Hyacincher\\Desktop\\HyTelectrl\\Code\\Project" "../GUILib/src/misc/../draw/lv_img_buf.h"
	.file	7 "C:\\Users\\Hyacincher\\Desktop\\HyTelectrl\\Code\\Project" "../GUILib/src/misc/../draw/lv_img_decoder.h"
	.file	8 "C:\\Users\\Hyacincher\\Desktop\\HyTelectrl\\Code\\Project" "../GUILib/src/misc/../core/../misc/lv_area.h"
	.file	9 "C:\\Users\\Hyacincher\\Desktop\\HyTelectrl\\Code\\Project" "../GUILib/src/misc/../draw/../misc/lv_color.h"
	.file	10 "C:\\Users\\Hyacincher\\Desktop\\HyTelectrl\\Code\\Project" "../GUILib/src/misc/../draw/lv_img_cache.h"
	.file	11 "C:\\Users\\Hyacincher\\Desktop\\HyTelectrl\\Code\\Project" "../GUILib/src/misc/lv_timer.h"
	.file	12 "C:\\Users\\Hyacincher\\Desktop\\HyTelectrl\\Code\\Project" "../GUILib/src/misc/lv_mem.h"
	.file	13 "C:\\Users\\Hyacincher\\Desktop\\HyTelectrl\\Code\\Project" "../GUILib/src/misc/../draw/lv_draw_mask.h"
	.section	.text._lv_gc_clear_roots,"ax",%progbits
	.hidden	_lv_gc_clear_roots              @ -- Begin function _lv_gc_clear_roots
	.globl	_lv_gc_clear_roots
	.p2align	1
	.type	_lv_gc_clear_roots,%function
	.code	16                              @ @_lv_gc_clear_roots
	.thumb_func
_lv_gc_clear_roots:
.Lfunc_begin0:
	.loc	3 40 0                          @ ../GUILib/src/misc/lv_gc.c:40:0
	.fnstart
	.cfi_sections .debug_frame
	.cfi_startproc
@ %bb.0:
	.save	{r7, lr}
	push	{r7, lr}
	.cfi_def_cfa_offset 8
	.cfi_offset lr, -4
	.cfi_offset r7, -8
.Ltmp0:
	.loc	3 42 5 prologue_end             @ ../GUILib/src/misc/lv_gc.c:42:5
	movw	r0, :lower16:_lv_timer_ll
	movt	r0, :upper16:_lv_timer_ll
	movs	r1, #12
	bl	lv_memset_00
.Ltmp1:
	movw	r0, :lower16:_lv_disp_ll
	movt	r0, :upper16:_lv_disp_ll
	movs	r1, #12
	bl	lv_memset_00
.Ltmp2:
	movw	r0, :lower16:_lv_indev_ll
	movt	r0, :upper16:_lv_indev_ll
	movs	r1, #12
	bl	lv_memset_00
.Ltmp3:
	movw	r0, :lower16:_lv_fsdrv_ll
	movt	r0, :upper16:_lv_fsdrv_ll
	movs	r1, #12
	bl	lv_memset_00
.Ltmp4:
	movw	r0, :lower16:_lv_anim_ll
	movt	r0, :upper16:_lv_anim_ll
	movs	r1, #12
	bl	lv_memset_00
.Ltmp5:
	movw	r0, :lower16:_lv_group_ll
	movt	r0, :upper16:_lv_group_ll
	movs	r1, #12
	bl	lv_memset_00
.Ltmp6:
	movw	r0, :lower16:_lv_img_decoder_ll
	movt	r0, :upper16:_lv_img_decoder_ll
	movs	r1, #12
	bl	lv_memset_00
.Ltmp7:
	movw	r0, :lower16:_lv_obj_style_trans_ll
	movt	r0, :upper16:_lv_obj_style_trans_ll
	movs	r1, #12
	bl	lv_memset_00
.Ltmp8:
	movw	r0, :lower16:_lv_layout_list
	movt	r0, :upper16:_lv_layout_list
	movs	r1, #4
	bl	lv_memset_00
.Ltmp9:
	movw	r0, :lower16:_lv_img_cache_single
	movt	r0, :upper16:_lv_img_cache_single
	movs	r1, #44
	bl	lv_memset_00
.Ltmp10:
	movw	r0, :lower16:_lv_timer_act
	movt	r0, :upper16:_lv_timer_act
	movs	r1, #4
	bl	lv_memset_00
.Ltmp11:
	movw	r0, :lower16:lv_mem_buf
	movt	r0, :upper16:lv_mem_buf
	movs	r1, #128
	bl	lv_memset_00
.Ltmp12:
	movw	r0, :lower16:_lv_circle_cache
	movt	r0, :upper16:_lv_circle_cache
	movs	r1, #112
	bl	lv_memset_00
.Ltmp13:
	movw	r0, :lower16:_lv_draw_mask_list
	movt	r0, :upper16:_lv_draw_mask_list
	movs	r1, #128
	bl	lv_memset_00
.Ltmp14:
	movw	r0, :lower16:_lv_theme_default_styles
	movt	r0, :upper16:_lv_theme_default_styles
	movs	r1, #4
	pop.w	{r7, lr}
.Ltmp15:
	b	lv_memset_00
.Ltmp16:
.Lfunc_end0:
	.size	_lv_gc_clear_roots, .Lfunc_end0-_lv_gc_clear_roots
	.cfi_endproc
	.cantunwind
	.fnend
                                        @ -- End function
	.hidden	_lv_timer_ll                    @ @_lv_timer_ll
	.type	_lv_timer_ll,%object
	.section	.bss._lv_timer_ll,"aw",%nobits
	.globl	_lv_timer_ll
	.p2align	2
_lv_timer_ll:
	.zero	12
	.size	_lv_timer_ll, 12

	.hidden	_lv_disp_ll                     @ @_lv_disp_ll
	.type	_lv_disp_ll,%object
	.section	.bss._lv_disp_ll,"aw",%nobits
	.globl	_lv_disp_ll
	.p2align	2
_lv_disp_ll:
	.zero	12
	.size	_lv_disp_ll, 12

	.hidden	_lv_indev_ll                    @ @_lv_indev_ll
	.type	_lv_indev_ll,%object
	.section	.bss._lv_indev_ll,"aw",%nobits
	.globl	_lv_indev_ll
	.p2align	2
_lv_indev_ll:
	.zero	12
	.size	_lv_indev_ll, 12

	.hidden	_lv_fsdrv_ll                    @ @_lv_fsdrv_ll
	.type	_lv_fsdrv_ll,%object
	.section	.bss._lv_fsdrv_ll,"aw",%nobits
	.globl	_lv_fsdrv_ll
	.p2align	2
_lv_fsdrv_ll:
	.zero	12
	.size	_lv_fsdrv_ll, 12

	.hidden	_lv_anim_ll                     @ @_lv_anim_ll
	.type	_lv_anim_ll,%object
	.section	.bss._lv_anim_ll,"aw",%nobits
	.globl	_lv_anim_ll
	.p2align	2
_lv_anim_ll:
	.zero	12
	.size	_lv_anim_ll, 12

	.hidden	_lv_group_ll                    @ @_lv_group_ll
	.type	_lv_group_ll,%object
	.section	.bss._lv_group_ll,"aw",%nobits
	.globl	_lv_group_ll
	.p2align	2
_lv_group_ll:
	.zero	12
	.size	_lv_group_ll, 12

	.hidden	_lv_img_decoder_ll              @ @_lv_img_decoder_ll
	.type	_lv_img_decoder_ll,%object
	.section	.bss._lv_img_decoder_ll,"aw",%nobits
	.globl	_lv_img_decoder_ll
	.p2align	2
_lv_img_decoder_ll:
	.zero	12
	.size	_lv_img_decoder_ll, 12

	.hidden	_lv_obj_style_trans_ll          @ @_lv_obj_style_trans_ll
	.type	_lv_obj_style_trans_ll,%object
	.section	.bss._lv_obj_style_trans_ll,"aw",%nobits
	.globl	_lv_obj_style_trans_ll
	.p2align	2
_lv_obj_style_trans_ll:
	.zero	12
	.size	_lv_obj_style_trans_ll, 12

	.hidden	_lv_layout_list                 @ @_lv_layout_list
	.type	_lv_layout_list,%object
	.section	.bss._lv_layout_list,"aw",%nobits
	.globl	_lv_layout_list
	.p2align	2
_lv_layout_list:
	.long	0
	.size	_lv_layout_list, 4

	.hidden	_lv_img_cache_single            @ @_lv_img_cache_single
	.type	_lv_img_cache_single,%object
	.section	.bss._lv_img_cache_single,"aw",%nobits
	.globl	_lv_img_cache_single
	.p2align	2
_lv_img_cache_single:
	.zero	44
	.size	_lv_img_cache_single, 44

	.hidden	_lv_timer_act                   @ @_lv_timer_act
	.type	_lv_timer_act,%object
	.section	.bss._lv_timer_act,"aw",%nobits
	.globl	_lv_timer_act
	.p2align	2
_lv_timer_act:
	.long	0
	.size	_lv_timer_act, 4

	.hidden	lv_mem_buf                      @ @lv_mem_buf
	.type	lv_mem_buf,%object
	.section	.bss.lv_mem_buf,"aw",%nobits
	.globl	lv_mem_buf
	.p2align	2
lv_mem_buf:
	.zero	128
	.size	lv_mem_buf, 128

	.hidden	_lv_circle_cache                @ @_lv_circle_cache
	.type	_lv_circle_cache,%object
	.section	.bss._lv_circle_cache,"aw",%nobits
	.globl	_lv_circle_cache
	.p2align	2
_lv_circle_cache:
	.zero	112
	.size	_lv_circle_cache, 112

	.hidden	_lv_draw_mask_list              @ @_lv_draw_mask_list
	.type	_lv_draw_mask_list,%object
	.section	.bss._lv_draw_mask_list,"aw",%nobits
	.globl	_lv_draw_mask_list
	.p2align	2
_lv_draw_mask_list:
	.zero	128
	.size	_lv_draw_mask_list, 128

	.hidden	_lv_theme_default_styles        @ @_lv_theme_default_styles
	.type	_lv_theme_default_styles,%object
	.section	.bss._lv_theme_default_styles,"aw",%nobits
	.globl	_lv_theme_default_styles
	.p2align	2
_lv_theme_default_styles:
	.long	0
	.size	_lv_theme_default_styles, 4

	.section	.debug_abbrev,"",%progbits
	.byte	1                               @ Abbreviation Code
	.byte	17                              @ DW_TAG_compile_unit
	.byte	1                               @ DW_CHILDREN_yes
	.byte	37                              @ DW_AT_producer
	.byte	14                              @ DW_FORM_strp
	.byte	19                              @ DW_AT_language
	.byte	5                               @ DW_FORM_data2
	.byte	3                               @ DW_AT_name
	.byte	14                              @ DW_FORM_strp
	.byte	16                              @ DW_AT_stmt_list
	.byte	23                              @ DW_FORM_sec_offset
	.byte	27                              @ DW_AT_comp_dir
	.byte	14                              @ DW_FORM_strp
	.byte	17                              @ DW_AT_low_pc
	.byte	1                               @ DW_FORM_addr
	.byte	18                              @ DW_AT_high_pc
	.byte	6                               @ DW_FORM_data4
	.byte	0                               @ EOM(1)
	.byte	0                               @ EOM(2)
	.byte	2                               @ Abbreviation Code
	.byte	52                              @ DW_TAG_variable
	.byte	0                               @ DW_CHILDREN_no
	.byte	3                               @ DW_AT_name
	.byte	14                              @ DW_FORM_strp
	.byte	73                              @ DW_AT_type
	.byte	19                              @ DW_FORM_ref4
	.byte	63                              @ DW_AT_external
	.byte	25                              @ DW_FORM_flag_present
	.byte	58                              @ DW_AT_decl_file
	.byte	11                              @ DW_FORM_data1
	.byte	59                              @ DW_AT_decl_line
	.byte	11                              @ DW_FORM_data1
	.byte	2                               @ DW_AT_location
	.byte	24                              @ DW_FORM_exprloc
	.byte	0                               @ EOM(1)
	.byte	0                               @ EOM(2)
	.byte	3                               @ Abbreviation Code
	.byte	22                              @ DW_TAG_typedef
	.byte	0                               @ DW_CHILDREN_no
	.byte	73                              @ DW_AT_type
	.byte	19                              @ DW_FORM_ref4
	.byte	3                               @ DW_AT_name
	.byte	14                              @ DW_FORM_strp
	.byte	58                              @ DW_AT_decl_file
	.byte	11                              @ DW_FORM_data1
	.byte	59                              @ DW_AT_decl_line
	.byte	11                              @ DW_FORM_data1
	.byte	0                               @ EOM(1)
	.byte	0                               @ EOM(2)
	.byte	4                               @ Abbreviation Code
	.byte	19                              @ DW_TAG_structure_type
	.byte	1                               @ DW_CHILDREN_yes
	.byte	11                              @ DW_AT_byte_size
	.byte	11                              @ DW_FORM_data1
	.byte	58                              @ DW_AT_decl_file
	.byte	11                              @ DW_FORM_data1
	.byte	59                              @ DW_AT_decl_line
	.byte	11                              @ DW_FORM_data1
	.byte	0                               @ EOM(1)
	.byte	0                               @ EOM(2)
	.byte	5                               @ Abbreviation Code
	.byte	13                              @ DW_TAG_member
	.byte	0                               @ DW_CHILDREN_no
	.byte	3                               @ DW_AT_name
	.byte	14                              @ DW_FORM_strp
	.byte	73                              @ DW_AT_type
	.byte	19                              @ DW_FORM_ref4
	.byte	58                              @ DW_AT_decl_file
	.byte	11                              @ DW_FORM_data1
	.byte	59                              @ DW_AT_decl_line
	.byte	11                              @ DW_FORM_data1
	.byte	56                              @ DW_AT_data_member_location
	.byte	11                              @ DW_FORM_data1
	.byte	0                               @ EOM(1)
	.byte	0                               @ EOM(2)
	.byte	6                               @ Abbreviation Code
	.byte	36                              @ DW_TAG_base_type
	.byte	0                               @ DW_CHILDREN_no
	.byte	3                               @ DW_AT_name
	.byte	14                              @ DW_FORM_strp
	.byte	62                              @ DW_AT_encoding
	.byte	11                              @ DW_FORM_data1
	.byte	11                              @ DW_AT_byte_size
	.byte	11                              @ DW_FORM_data1
	.byte	0                               @ EOM(1)
	.byte	0                               @ EOM(2)
	.byte	7                               @ Abbreviation Code
	.byte	15                              @ DW_TAG_pointer_type
	.byte	0                               @ DW_CHILDREN_no
	.byte	73                              @ DW_AT_type
	.byte	19                              @ DW_FORM_ref4
	.byte	0                               @ EOM(1)
	.byte	0                               @ EOM(2)
	.byte	8                               @ Abbreviation Code
	.byte	21                              @ DW_TAG_subroutine_type
	.byte	1                               @ DW_CHILDREN_yes
	.byte	39                              @ DW_AT_prototyped
	.byte	25                              @ DW_FORM_flag_present
	.byte	0                               @ EOM(1)
	.byte	0                               @ EOM(2)
	.byte	9                               @ Abbreviation Code
	.byte	5                               @ DW_TAG_formal_parameter
	.byte	0                               @ DW_CHILDREN_no
	.byte	73                              @ DW_AT_type
	.byte	19                              @ DW_FORM_ref4
	.byte	0                               @ EOM(1)
	.byte	0                               @ EOM(2)
	.byte	10                              @ Abbreviation Code
	.byte	19                              @ DW_TAG_structure_type
	.byte	0                               @ DW_CHILDREN_no
	.byte	3                               @ DW_AT_name
	.byte	14                              @ DW_FORM_strp
	.byte	60                              @ DW_AT_declaration
	.byte	25                              @ DW_FORM_flag_present
	.byte	0                               @ EOM(1)
	.byte	0                               @ EOM(2)
	.byte	11                              @ Abbreviation Code
	.byte	15                              @ DW_TAG_pointer_type
	.byte	0                               @ DW_CHILDREN_no
	.byte	0                               @ EOM(1)
	.byte	0                               @ EOM(2)
	.byte	12                              @ Abbreviation Code
	.byte	19                              @ DW_TAG_structure_type
	.byte	1                               @ DW_CHILDREN_yes
	.byte	3                               @ DW_AT_name
	.byte	14                              @ DW_FORM_strp
	.byte	11                              @ DW_AT_byte_size
	.byte	11                              @ DW_FORM_data1
	.byte	58                              @ DW_AT_decl_file
	.byte	11                              @ DW_FORM_data1
	.byte	59                              @ DW_AT_decl_line
	.byte	11                              @ DW_FORM_data1
	.byte	0                               @ EOM(1)
	.byte	0                               @ EOM(2)
	.byte	13                              @ Abbreviation Code
	.byte	21                              @ DW_TAG_subroutine_type
	.byte	1                               @ DW_CHILDREN_yes
	.byte	73                              @ DW_AT_type
	.byte	19                              @ DW_FORM_ref4
	.byte	39                              @ DW_AT_prototyped
	.byte	25                              @ DW_FORM_flag_present
	.byte	0                               @ EOM(1)
	.byte	0                               @ EOM(2)
	.byte	14                              @ Abbreviation Code
	.byte	38                              @ DW_TAG_const_type
	.byte	0                               @ DW_CHILDREN_no
	.byte	0                               @ EOM(1)
	.byte	0                               @ EOM(2)
	.byte	15                              @ Abbreviation Code
	.byte	13                              @ DW_TAG_member
	.byte	0                               @ DW_CHILDREN_no
	.byte	3                               @ DW_AT_name
	.byte	14                              @ DW_FORM_strp
	.byte	73                              @ DW_AT_type
	.byte	19                              @ DW_FORM_ref4
	.byte	58                              @ DW_AT_decl_file
	.byte	11                              @ DW_FORM_data1
	.byte	59                              @ DW_AT_decl_line
	.byte	11                              @ DW_FORM_data1
	.byte	11                              @ DW_AT_byte_size
	.byte	11                              @ DW_FORM_data1
	.byte	13                              @ DW_AT_bit_size
	.byte	11                              @ DW_FORM_data1
	.byte	12                              @ DW_AT_bit_offset
	.byte	11                              @ DW_FORM_data1
	.byte	56                              @ DW_AT_data_member_location
	.byte	11                              @ DW_FORM_data1
	.byte	0                               @ EOM(1)
	.byte	0                               @ EOM(2)
	.byte	16                              @ Abbreviation Code
	.byte	23                              @ DW_TAG_union_type
	.byte	1                               @ DW_CHILDREN_yes
	.byte	11                              @ DW_AT_byte_size
	.byte	11                              @ DW_FORM_data1
	.byte	58                              @ DW_AT_decl_file
	.byte	11                              @ DW_FORM_data1
	.byte	59                              @ DW_AT_decl_line
	.byte	11                              @ DW_FORM_data1
	.byte	0                               @ EOM(1)
	.byte	0                               @ EOM(2)
	.byte	17                              @ Abbreviation Code
	.byte	38                              @ DW_TAG_const_type
	.byte	0                               @ DW_CHILDREN_no
	.byte	73                              @ DW_AT_type
	.byte	19                              @ DW_FORM_ref4
	.byte	0                               @ EOM(1)
	.byte	0                               @ EOM(2)
	.byte	18                              @ Abbreviation Code
	.byte	1                               @ DW_TAG_array_type
	.byte	1                               @ DW_CHILDREN_yes
	.byte	73                              @ DW_AT_type
	.byte	19                              @ DW_FORM_ref4
	.byte	0                               @ EOM(1)
	.byte	0                               @ EOM(2)
	.byte	19                              @ Abbreviation Code
	.byte	33                              @ DW_TAG_subrange_type
	.byte	0                               @ DW_CHILDREN_no
	.byte	73                              @ DW_AT_type
	.byte	19                              @ DW_FORM_ref4
	.byte	55                              @ DW_AT_count
	.byte	11                              @ DW_FORM_data1
	.byte	0                               @ EOM(1)
	.byte	0                               @ EOM(2)
	.byte	20                              @ Abbreviation Code
	.byte	36                              @ DW_TAG_base_type
	.byte	0                               @ DW_CHILDREN_no
	.byte	3                               @ DW_AT_name
	.byte	14                              @ DW_FORM_strp
	.byte	11                              @ DW_AT_byte_size
	.byte	11                              @ DW_FORM_data1
	.byte	62                              @ DW_AT_encoding
	.byte	11                              @ DW_FORM_data1
	.byte	0                               @ EOM(1)
	.byte	0                               @ EOM(2)
	.byte	21                              @ Abbreviation Code
	.byte	46                              @ DW_TAG_subprogram
	.byte	1                               @ DW_CHILDREN_yes
	.byte	17                              @ DW_AT_low_pc
	.byte	1                               @ DW_FORM_addr
	.byte	18                              @ DW_AT_high_pc
	.byte	6                               @ DW_FORM_data4
	.byte	64                              @ DW_AT_frame_base
	.byte	24                              @ DW_FORM_exprloc
	.ascii	"\227B"                         @ DW_AT_GNU_all_call_sites
	.byte	25                              @ DW_FORM_flag_present
	.byte	3                               @ DW_AT_name
	.byte	14                              @ DW_FORM_strp
	.byte	58                              @ DW_AT_decl_file
	.byte	11                              @ DW_FORM_data1
	.byte	59                              @ DW_AT_decl_line
	.byte	11                              @ DW_FORM_data1
	.byte	39                              @ DW_AT_prototyped
	.byte	25                              @ DW_FORM_flag_present
	.byte	63                              @ DW_AT_external
	.byte	25                              @ DW_FORM_flag_present
	.byte	0                               @ EOM(1)
	.byte	0                               @ EOM(2)
	.byte	22                              @ Abbreviation Code
	.ascii	"\211\202\001"                  @ DW_TAG_GNU_call_site
	.byte	0                               @ DW_CHILDREN_no
	.byte	49                              @ DW_AT_abstract_origin
	.byte	19                              @ DW_FORM_ref4
	.ascii	"\225B"                         @ DW_AT_GNU_tail_call
	.byte	25                              @ DW_FORM_flag_present
	.byte	17                              @ DW_AT_low_pc
	.byte	1                               @ DW_FORM_addr
	.byte	0                               @ EOM(1)
	.byte	0                               @ EOM(2)
	.byte	23                              @ Abbreviation Code
	.byte	46                              @ DW_TAG_subprogram
	.byte	1                               @ DW_CHILDREN_yes
	.byte	3                               @ DW_AT_name
	.byte	14                              @ DW_FORM_strp
	.byte	58                              @ DW_AT_decl_file
	.byte	11                              @ DW_FORM_data1
	.byte	59                              @ DW_AT_decl_line
	.byte	11                              @ DW_FORM_data1
	.byte	39                              @ DW_AT_prototyped
	.byte	25                              @ DW_FORM_flag_present
	.byte	60                              @ DW_AT_declaration
	.byte	25                              @ DW_FORM_flag_present
	.byte	63                              @ DW_AT_external
	.byte	25                              @ DW_FORM_flag_present
	.byte	0                               @ EOM(1)
	.byte	0                               @ EOM(2)
	.byte	0                               @ EOM(3)
	.section	.debug_info,"",%progbits
.Lcu_begin0:
	.long	.Ldebug_info_end0-.Ldebug_info_start0 @ Length of Unit
.Ldebug_info_start0:
	.short	4                               @ DWARF version number
	.long	.debug_abbrev                   @ Offset Into Abbrev. Section
	.byte	4                               @ Address Size (in bytes)
	.byte	1                               @ Abbrev [1] 0xb:0x692 DW_TAG_compile_unit
	.long	.Linfo_string0                  @ DW_AT_producer
	.short	12                              @ DW_AT_language
	.long	.Linfo_string1                  @ DW_AT_name
	.long	.Lline_table_start0             @ DW_AT_stmt_list
	.long	.Linfo_string2                  @ DW_AT_comp_dir
	.long	.Lfunc_begin0                   @ DW_AT_low_pc
	.long	.Lfunc_end0-.Lfunc_begin0       @ DW_AT_high_pc
	.byte	2                               @ Abbrev [2] 0x26:0x11 DW_TAG_variable
	.long	.Linfo_string3                  @ DW_AT_name
	.long	55                              @ DW_AT_type
                                        @ DW_AT_external
	.byte	3                               @ DW_AT_decl_file
	.byte	28                              @ DW_AT_decl_line
	.byte	5                               @ DW_AT_location
	.byte	3
	.long	_lv_timer_ll
	.byte	3                               @ Abbrev [3] 0x37:0xb DW_TAG_typedef
	.long	66                              @ DW_AT_type
	.long	.Linfo_string12                 @ DW_AT_name
	.byte	2                               @ DW_AT_decl_file
	.byte	36                              @ DW_AT_decl_line
	.byte	4                               @ Abbrev [4] 0x42:0x29 DW_TAG_structure_type
	.byte	12                              @ DW_AT_byte_size
	.byte	2                               @ DW_AT_decl_file
	.byte	32                              @ DW_AT_decl_line
	.byte	5                               @ Abbrev [5] 0x46:0xc DW_TAG_member
	.long	.Linfo_string4                  @ DW_AT_name
	.long	107                             @ DW_AT_type
	.byte	2                               @ DW_AT_decl_file
	.byte	33                              @ DW_AT_decl_line
	.byte	0                               @ DW_AT_data_member_location
	.byte	5                               @ Abbrev [5] 0x52:0xc DW_TAG_member
	.long	.Linfo_string7                  @ DW_AT_name
	.long	125                             @ DW_AT_type
	.byte	2                               @ DW_AT_decl_file
	.byte	34                              @ DW_AT_decl_line
	.byte	4                               @ DW_AT_data_member_location
	.byte	5                               @ Abbrev [5] 0x5e:0xc DW_TAG_member
	.long	.Linfo_string11                 @ DW_AT_name
	.long	125                             @ DW_AT_type
	.byte	2                               @ DW_AT_decl_file
	.byte	35                              @ DW_AT_decl_line
	.byte	8                               @ DW_AT_data_member_location
	.byte	0                               @ End Of Children Mark
	.byte	3                               @ Abbrev [3] 0x6b:0xb DW_TAG_typedef
	.long	118                             @ DW_AT_type
	.long	.Linfo_string6                  @ DW_AT_name
	.byte	1                               @ DW_AT_decl_file
	.byte	64                              @ DW_AT_decl_line
	.byte	6                               @ Abbrev [6] 0x76:0x7 DW_TAG_base_type
	.long	.Linfo_string5                  @ DW_AT_name
	.byte	7                               @ DW_AT_encoding
	.byte	4                               @ DW_AT_byte_size
	.byte	7                               @ Abbrev [7] 0x7d:0x5 DW_TAG_pointer_type
	.long	130                             @ DW_AT_type
	.byte	3                               @ Abbrev [3] 0x82:0xb DW_TAG_typedef
	.long	141                             @ DW_AT_type
	.long	.Linfo_string10                 @ DW_AT_name
	.byte	2                               @ DW_AT_decl_file
	.byte	29                              @ DW_AT_decl_line
	.byte	3                               @ Abbrev [3] 0x8d:0xb DW_TAG_typedef
	.long	152                             @ DW_AT_type
	.long	.Linfo_string9                  @ DW_AT_name
	.byte	1                               @ DW_AT_decl_file
	.byte	62                              @ DW_AT_decl_line
	.byte	6                               @ Abbrev [6] 0x98:0x7 DW_TAG_base_type
	.long	.Linfo_string8                  @ DW_AT_name
	.byte	8                               @ DW_AT_encoding
	.byte	1                               @ DW_AT_byte_size
	.byte	2                               @ Abbrev [2] 0x9f:0x11 DW_TAG_variable
	.long	.Linfo_string13                 @ DW_AT_name
	.long	55                              @ DW_AT_type
                                        @ DW_AT_external
	.byte	3                               @ DW_AT_decl_file
	.byte	28                              @ DW_AT_decl_line
	.byte	5                               @ DW_AT_location
	.byte	3
	.long	_lv_disp_ll
	.byte	2                               @ Abbrev [2] 0xb0:0x11 DW_TAG_variable
	.long	.Linfo_string14                 @ DW_AT_name
	.long	55                              @ DW_AT_type
                                        @ DW_AT_external
	.byte	3                               @ DW_AT_decl_file
	.byte	28                              @ DW_AT_decl_line
	.byte	5                               @ DW_AT_location
	.byte	3
	.long	_lv_indev_ll
	.byte	2                               @ Abbrev [2] 0xc1:0x11 DW_TAG_variable
	.long	.Linfo_string15                 @ DW_AT_name
	.long	55                              @ DW_AT_type
                                        @ DW_AT_external
	.byte	3                               @ DW_AT_decl_file
	.byte	28                              @ DW_AT_decl_line
	.byte	5                               @ DW_AT_location
	.byte	3
	.long	_lv_fsdrv_ll
	.byte	2                               @ Abbrev [2] 0xd2:0x11 DW_TAG_variable
	.long	.Linfo_string16                 @ DW_AT_name
	.long	55                              @ DW_AT_type
                                        @ DW_AT_external
	.byte	3                               @ DW_AT_decl_file
	.byte	28                              @ DW_AT_decl_line
	.byte	5                               @ DW_AT_location
	.byte	3
	.long	_lv_anim_ll
	.byte	2                               @ Abbrev [2] 0xe3:0x11 DW_TAG_variable
	.long	.Linfo_string17                 @ DW_AT_name
	.long	55                              @ DW_AT_type
                                        @ DW_AT_external
	.byte	3                               @ DW_AT_decl_file
	.byte	28                              @ DW_AT_decl_line
	.byte	5                               @ DW_AT_location
	.byte	3
	.long	_lv_group_ll
	.byte	2                               @ Abbrev [2] 0xf4:0x11 DW_TAG_variable
	.long	.Linfo_string18                 @ DW_AT_name
	.long	55                              @ DW_AT_type
                                        @ DW_AT_external
	.byte	3                               @ DW_AT_decl_file
	.byte	28                              @ DW_AT_decl_line
	.byte	5                               @ DW_AT_location
	.byte	3
	.long	_lv_img_decoder_ll
	.byte	2                               @ Abbrev [2] 0x105:0x11 DW_TAG_variable
	.long	.Linfo_string19                 @ DW_AT_name
	.long	55                              @ DW_AT_type
                                        @ DW_AT_external
	.byte	3                               @ DW_AT_decl_file
	.byte	28                              @ DW_AT_decl_line
	.byte	5                               @ DW_AT_location
	.byte	3
	.long	_lv_obj_style_trans_ll
	.byte	2                               @ Abbrev [2] 0x116:0x11 DW_TAG_variable
	.long	.Linfo_string20                 @ DW_AT_name
	.long	295                             @ DW_AT_type
                                        @ DW_AT_external
	.byte	3                               @ DW_AT_decl_file
	.byte	28                              @ DW_AT_decl_line
	.byte	5                               @ DW_AT_location
	.byte	3
	.long	_lv_layout_list
	.byte	7                               @ Abbrev [7] 0x127:0x5 DW_TAG_pointer_type
	.long	300                             @ DW_AT_type
	.byte	3                               @ Abbrev [3] 0x12c:0xb DW_TAG_typedef
	.long	311                             @ DW_AT_type
	.long	.Linfo_string25                 @ DW_AT_name
	.byte	4                               @ DW_AT_decl_file
	.byte	31                              @ DW_AT_decl_line
	.byte	4                               @ Abbrev [4] 0x137:0x1d DW_TAG_structure_type
	.byte	8                               @ DW_AT_byte_size
	.byte	4                               @ DW_AT_decl_file
	.byte	28                              @ DW_AT_decl_line
	.byte	5                               @ Abbrev [5] 0x13b:0xc DW_TAG_member
	.long	.Linfo_string21                 @ DW_AT_name
	.long	340                             @ DW_AT_type
	.byte	4                               @ DW_AT_decl_file
	.byte	29                              @ DW_AT_decl_line
	.byte	0                               @ DW_AT_data_member_location
	.byte	5                               @ Abbrev [5] 0x147:0xc DW_TAG_member
	.long	.Linfo_string24                 @ DW_AT_name
	.long	378                             @ DW_AT_type
	.byte	4                               @ DW_AT_decl_file
	.byte	30                              @ DW_AT_decl_line
	.byte	4                               @ DW_AT_data_member_location
	.byte	0                               @ End Of Children Mark
	.byte	3                               @ Abbrev [3] 0x154:0xb DW_TAG_typedef
	.long	351                             @ DW_AT_type
	.long	.Linfo_string23                 @ DW_AT_name
	.byte	4                               @ DW_AT_decl_file
	.byte	27                              @ DW_AT_decl_line
	.byte	7                               @ Abbrev [7] 0x15f:0x5 DW_TAG_pointer_type
	.long	356                             @ DW_AT_type
	.byte	8                               @ Abbrev [8] 0x164:0xc DW_TAG_subroutine_type
                                        @ DW_AT_prototyped
	.byte	9                               @ Abbrev [9] 0x165:0x5 DW_TAG_formal_parameter
	.long	368                             @ DW_AT_type
	.byte	9                               @ Abbrev [9] 0x16a:0x5 DW_TAG_formal_parameter
	.long	378                             @ DW_AT_type
	.byte	0                               @ End Of Children Mark
	.byte	7                               @ Abbrev [7] 0x170:0x5 DW_TAG_pointer_type
	.long	373                             @ DW_AT_type
	.byte	10                              @ Abbrev [10] 0x175:0x5 DW_TAG_structure_type
	.long	.Linfo_string22                 @ DW_AT_name
                                        @ DW_AT_declaration
	.byte	11                              @ Abbrev [11] 0x17a:0x1 DW_TAG_pointer_type
	.byte	2                               @ Abbrev [2] 0x17b:0x11 DW_TAG_variable
	.long	.Linfo_string26                 @ DW_AT_name
	.long	396                             @ DW_AT_type
                                        @ DW_AT_external
	.byte	3                               @ DW_AT_decl_file
	.byte	28                              @ DW_AT_decl_line
	.byte	5                               @ DW_AT_location
	.byte	3
	.long	_lv_img_cache_single
	.byte	3                               @ Abbrev [3] 0x18c:0xb DW_TAG_typedef
	.long	407                             @ DW_AT_type
	.long	.Linfo_string73                 @ DW_AT_name
	.byte	10                              @ DW_AT_decl_file
	.byte	38                              @ DW_AT_decl_line
	.byte	4                               @ Abbrev [4] 0x197:0x1d DW_TAG_structure_type
	.byte	44                              @ DW_AT_byte_size
	.byte	10                              @ DW_AT_decl_file
	.byte	31                              @ DW_AT_decl_line
	.byte	5                               @ Abbrev [5] 0x19b:0xc DW_TAG_member
	.long	.Linfo_string27                 @ DW_AT_name
	.long	436                             @ DW_AT_type
	.byte	10                              @ DW_AT_decl_file
	.byte	32                              @ DW_AT_decl_line
	.byte	0                               @ DW_AT_data_member_location
	.byte	5                               @ Abbrev [5] 0x1a7:0xc DW_TAG_member
	.long	.Linfo_string72                 @ DW_AT_name
	.long	1086                            @ DW_AT_type
	.byte	10                              @ DW_AT_decl_file
	.byte	37                              @ DW_AT_decl_line
	.byte	40                              @ DW_AT_data_member_location
	.byte	0                               @ End Of Children Mark
	.byte	3                               @ Abbrev [3] 0x1b4:0xb DW_TAG_typedef
	.long	447                             @ DW_AT_type
	.long	.Linfo_string71                 @ DW_AT_name
	.byte	7                               @ DW_AT_decl_file
	.byte	132                             @ DW_AT_decl_line
	.byte	12                              @ Abbrev [12] 0x1bf:0x81 DW_TAG_structure_type
	.long	.Linfo_string70                 @ DW_AT_name
	.byte	40                              @ DW_AT_byte_size
	.byte	7                               @ DW_AT_decl_file
	.byte	99                              @ DW_AT_decl_line
	.byte	5                               @ Abbrev [5] 0x1c7:0xc DW_TAG_member
	.long	.Linfo_string28                 @ DW_AT_name
	.long	576                             @ DW_AT_type
	.byte	7                               @ DW_AT_decl_file
	.byte	101                             @ DW_AT_decl_line
	.byte	0                               @ DW_AT_data_member_location
	.byte	5                               @ Abbrev [5] 0x1d3:0xc DW_TAG_member
	.long	.Linfo_string49                 @ DW_AT_name
	.long	714                             @ DW_AT_type
	.byte	7                               @ DW_AT_decl_file
	.byte	104                             @ DW_AT_decl_line
	.byte	4                               @ DW_AT_data_member_location
	.byte	5                               @ Abbrev [5] 0x1df:0xc DW_TAG_member
	.long	.Linfo_string50                 @ DW_AT_name
	.long	967                             @ DW_AT_type
	.byte	7                               @ DW_AT_decl_file
	.byte	107                             @ DW_AT_decl_line
	.byte	8                               @ DW_AT_data_member_location
	.byte	5                               @ Abbrev [5] 0x1eb:0xc DW_TAG_member
	.long	.Linfo_string60                 @ DW_AT_name
	.long	1086                            @ DW_AT_type
	.byte	7                               @ DW_AT_decl_file
	.byte	110                             @ DW_AT_decl_line
	.byte	12                              @ DW_AT_data_member_location
	.byte	5                               @ Abbrev [5] 0x1f7:0xc DW_TAG_member
	.long	.Linfo_string63                 @ DW_AT_name
	.long	1104                            @ DW_AT_type
	.byte	7                               @ DW_AT_decl_file
	.byte	113                             @ DW_AT_decl_line
	.byte	16                              @ DW_AT_data_member_location
	.byte	5                               @ Abbrev [5] 0x203:0xc DW_TAG_member
	.long	.Linfo_string65                 @ DW_AT_name
	.long	725                             @ DW_AT_type
	.byte	7                               @ DW_AT_decl_file
	.byte	116                             @ DW_AT_decl_line
	.byte	20                              @ DW_AT_data_member_location
	.byte	5                               @ Abbrev [5] 0x20f:0xc DW_TAG_member
	.long	.Linfo_string66                 @ DW_AT_name
	.long	1115                            @ DW_AT_type
	.byte	7                               @ DW_AT_decl_file
	.byte	120                             @ DW_AT_decl_line
	.byte	24                              @ DW_AT_data_member_location
	.byte	5                               @ Abbrev [5] 0x21b:0xc DW_TAG_member
	.long	.Linfo_string67                 @ DW_AT_name
	.long	107                             @ DW_AT_type
	.byte	7                               @ DW_AT_decl_file
	.byte	124                             @ DW_AT_decl_line
	.byte	28                              @ DW_AT_data_member_location
	.byte	5                               @ Abbrev [5] 0x227:0xc DW_TAG_member
	.long	.Linfo_string68                 @ DW_AT_name
	.long	1125                            @ DW_AT_type
	.byte	7                               @ DW_AT_decl_file
	.byte	128                             @ DW_AT_decl_line
	.byte	32                              @ DW_AT_data_member_location
	.byte	5                               @ Abbrev [5] 0x233:0xc DW_TAG_member
	.long	.Linfo_string24                 @ DW_AT_name
	.long	378                             @ DW_AT_type
	.byte	7                               @ DW_AT_decl_file
	.byte	131                             @ DW_AT_decl_line
	.byte	36                              @ DW_AT_data_member_location
	.byte	0                               @ End Of Children Mark
	.byte	7                               @ Abbrev [7] 0x240:0x5 DW_TAG_pointer_type
	.long	581                             @ DW_AT_type
	.byte	3                               @ Abbrev [3] 0x245:0xb DW_TAG_typedef
	.long	592                             @ DW_AT_type
	.long	.Linfo_string48                 @ DW_AT_name
	.byte	7                               @ DW_AT_decl_file
	.byte	95                              @ DW_AT_decl_line
	.byte	12                              @ Abbrev [12] 0x250:0x45 DW_TAG_structure_type
	.long	.Linfo_string47                 @ DW_AT_name
	.byte	20                              @ DW_AT_byte_size
	.byte	7                               @ DW_AT_decl_file
	.byte	86                              @ DW_AT_decl_line
	.byte	5                               @ Abbrev [5] 0x258:0xc DW_TAG_member
	.long	.Linfo_string29                 @ DW_AT_name
	.long	661                             @ DW_AT_type
	.byte	7                               @ DW_AT_decl_file
	.byte	87                              @ DW_AT_decl_line
	.byte	0                               @ DW_AT_data_member_location
	.byte	5                               @ Abbrev [5] 0x264:0xc DW_TAG_member
	.long	.Linfo_string38                 @ DW_AT_name
	.long	816                             @ DW_AT_type
	.byte	7                               @ DW_AT_decl_file
	.byte	88                              @ DW_AT_decl_line
	.byte	4                               @ DW_AT_data_member_location
	.byte	5                               @ Abbrev [5] 0x270:0xc DW_TAG_member
	.long	.Linfo_string40                 @ DW_AT_name
	.long	853                             @ DW_AT_type
	.byte	7                               @ DW_AT_decl_file
	.byte	89                              @ DW_AT_decl_line
	.byte	8                               @ DW_AT_data_member_location
	.byte	5                               @ Abbrev [5] 0x27c:0xc DW_TAG_member
	.long	.Linfo_string45                 @ DW_AT_name
	.long	939                             @ DW_AT_type
	.byte	7                               @ DW_AT_decl_file
	.byte	90                              @ DW_AT_decl_line
	.byte	12                              @ DW_AT_data_member_location
	.byte	5                               @ Abbrev [5] 0x288:0xc DW_TAG_member
	.long	.Linfo_string24                 @ DW_AT_name
	.long	378                             @ DW_AT_type
	.byte	7                               @ DW_AT_decl_file
	.byte	93                              @ DW_AT_decl_line
	.byte	16                              @ DW_AT_data_member_location
	.byte	0                               @ End Of Children Mark
	.byte	3                               @ Abbrev [3] 0x295:0xb DW_TAG_typedef
	.long	672                             @ DW_AT_type
	.long	.Linfo_string37                 @ DW_AT_name
	.byte	7                               @ DW_AT_decl_file
	.byte	54                              @ DW_AT_decl_line
	.byte	7                               @ Abbrev [7] 0x2a0:0x5 DW_TAG_pointer_type
	.long	677                             @ DW_AT_type
	.byte	13                              @ Abbrev [13] 0x2a5:0x15 DW_TAG_subroutine_type
	.long	698                             @ DW_AT_type
                                        @ DW_AT_prototyped
	.byte	9                               @ Abbrev [9] 0x2aa:0x5 DW_TAG_formal_parameter
	.long	709                             @ DW_AT_type
	.byte	9                               @ Abbrev [9] 0x2af:0x5 DW_TAG_formal_parameter
	.long	714                             @ DW_AT_type
	.byte	9                               @ Abbrev [9] 0x2b4:0x5 DW_TAG_formal_parameter
	.long	720                             @ DW_AT_type
	.byte	0                               @ End Of Children Mark
	.byte	3                               @ Abbrev [3] 0x2ba:0xb DW_TAG_typedef
	.long	141                             @ DW_AT_type
	.long	.Linfo_string30                 @ DW_AT_name
	.byte	5                               @ DW_AT_decl_file
	.byte	47                              @ DW_AT_decl_line
	.byte	7                               @ Abbrev [7] 0x2c5:0x5 DW_TAG_pointer_type
	.long	592                             @ DW_AT_type
	.byte	7                               @ Abbrev [7] 0x2ca:0x5 DW_TAG_pointer_type
	.long	719                             @ DW_AT_type
	.byte	14                              @ Abbrev [14] 0x2cf:0x1 DW_TAG_const_type
	.byte	7                               @ Abbrev [7] 0x2d0:0x5 DW_TAG_pointer_type
	.long	725                             @ DW_AT_type
	.byte	3                               @ Abbrev [3] 0x2d5:0xb DW_TAG_typedef
	.long	736                             @ DW_AT_type
	.long	.Linfo_string36                 @ DW_AT_name
	.byte	6                               @ DW_AT_decl_file
	.byte	130                             @ DW_AT_decl_line
	.byte	4                               @ Abbrev [4] 0x2e0:0x50 DW_TAG_structure_type
	.byte	4                               @ DW_AT_byte_size
	.byte	6                               @ DW_AT_decl_file
	.byte	120                             @ DW_AT_decl_line
	.byte	15                              @ Abbrev [15] 0x2e4:0xf DW_TAG_member
	.long	.Linfo_string31                 @ DW_AT_name
	.long	107                             @ DW_AT_type
	.byte	6                               @ DW_AT_decl_file
	.byte	122                             @ DW_AT_decl_line
	.byte	4                               @ DW_AT_byte_size
	.byte	5                               @ DW_AT_bit_size
	.byte	27                              @ DW_AT_bit_offset
	.byte	0                               @ DW_AT_data_member_location
	.byte	15                              @ Abbrev [15] 0x2f3:0xf DW_TAG_member
	.long	.Linfo_string32                 @ DW_AT_name
	.long	107                             @ DW_AT_type
	.byte	6                               @ DW_AT_decl_file
	.byte	123                             @ DW_AT_decl_line
	.byte	4                               @ DW_AT_byte_size
	.byte	3                               @ DW_AT_bit_size
	.byte	24                              @ DW_AT_bit_offset
	.byte	0                               @ DW_AT_data_member_location
	.byte	15                              @ Abbrev [15] 0x302:0xf DW_TAG_member
	.long	.Linfo_string33                 @ DW_AT_name
	.long	107                             @ DW_AT_type
	.byte	6                               @ DW_AT_decl_file
	.byte	126                             @ DW_AT_decl_line
	.byte	4                               @ DW_AT_byte_size
	.byte	2                               @ DW_AT_bit_size
	.byte	22                              @ DW_AT_bit_offset
	.byte	0                               @ DW_AT_data_member_location
	.byte	15                              @ Abbrev [15] 0x311:0xf DW_TAG_member
	.long	.Linfo_string34                 @ DW_AT_name
	.long	107                             @ DW_AT_type
	.byte	6                               @ DW_AT_decl_file
	.byte	128                             @ DW_AT_decl_line
	.byte	4                               @ DW_AT_byte_size
	.byte	11                              @ DW_AT_bit_size
	.byte	11                              @ DW_AT_bit_offset
	.byte	0                               @ DW_AT_data_member_location
	.byte	15                              @ Abbrev [15] 0x320:0xf DW_TAG_member
	.long	.Linfo_string35                 @ DW_AT_name
	.long	107                             @ DW_AT_type
	.byte	6                               @ DW_AT_decl_file
	.byte	129                             @ DW_AT_decl_line
	.byte	4                               @ DW_AT_byte_size
	.byte	11                              @ DW_AT_bit_size
	.byte	0                               @ DW_AT_bit_offset
	.byte	0                               @ DW_AT_data_member_location
	.byte	0                               @ End Of Children Mark
	.byte	3                               @ Abbrev [3] 0x330:0xb DW_TAG_typedef
	.long	827                             @ DW_AT_type
	.long	.Linfo_string39                 @ DW_AT_name
	.byte	7                               @ DW_AT_decl_file
	.byte	62                              @ DW_AT_decl_line
	.byte	7                               @ Abbrev [7] 0x33b:0x5 DW_TAG_pointer_type
	.long	832                             @ DW_AT_type
	.byte	13                              @ Abbrev [13] 0x340:0x10 DW_TAG_subroutine_type
	.long	698                             @ DW_AT_type
                                        @ DW_AT_prototyped
	.byte	9                               @ Abbrev [9] 0x345:0x5 DW_TAG_formal_parameter
	.long	709                             @ DW_AT_type
	.byte	9                               @ Abbrev [9] 0x34a:0x5 DW_TAG_formal_parameter
	.long	848                             @ DW_AT_type
	.byte	0                               @ End Of Children Mark
	.byte	7                               @ Abbrev [7] 0x350:0x5 DW_TAG_pointer_type
	.long	447                             @ DW_AT_type
	.byte	3                               @ Abbrev [3] 0x355:0xb DW_TAG_typedef
	.long	864                             @ DW_AT_type
	.long	.Linfo_string44                 @ DW_AT_name
	.byte	7                               @ DW_AT_decl_file
	.byte	75                              @ DW_AT_decl_line
	.byte	7                               @ Abbrev [7] 0x360:0x5 DW_TAG_pointer_type
	.long	869                             @ DW_AT_type
	.byte	13                              @ Abbrev [13] 0x365:0x24 DW_TAG_subroutine_type
	.long	698                             @ DW_AT_type
                                        @ DW_AT_prototyped
	.byte	9                               @ Abbrev [9] 0x36a:0x5 DW_TAG_formal_parameter
	.long	709                             @ DW_AT_type
	.byte	9                               @ Abbrev [9] 0x36f:0x5 DW_TAG_formal_parameter
	.long	848                             @ DW_AT_type
	.byte	9                               @ Abbrev [9] 0x374:0x5 DW_TAG_formal_parameter
	.long	905                             @ DW_AT_type
	.byte	9                               @ Abbrev [9] 0x379:0x5 DW_TAG_formal_parameter
	.long	905                             @ DW_AT_type
	.byte	9                               @ Abbrev [9] 0x37e:0x5 DW_TAG_formal_parameter
	.long	905                             @ DW_AT_type
	.byte	9                               @ Abbrev [9] 0x383:0x5 DW_TAG_formal_parameter
	.long	934                             @ DW_AT_type
	.byte	0                               @ End Of Children Mark
	.byte	3                               @ Abbrev [3] 0x389:0xb DW_TAG_typedef
	.long	916                             @ DW_AT_type
	.long	.Linfo_string43                 @ DW_AT_name
	.byte	8                               @ DW_AT_decl_file
	.byte	27                              @ DW_AT_decl_line
	.byte	3                               @ Abbrev [3] 0x394:0xb DW_TAG_typedef
	.long	927                             @ DW_AT_type
	.long	.Linfo_string42                 @ DW_AT_name
	.byte	1                               @ DW_AT_decl_file
	.byte	57                              @ DW_AT_decl_line
	.byte	6                               @ Abbrev [6] 0x39f:0x7 DW_TAG_base_type
	.long	.Linfo_string41                 @ DW_AT_name
	.byte	5                               @ DW_AT_encoding
	.byte	2                               @ DW_AT_byte_size
	.byte	7                               @ Abbrev [7] 0x3a6:0x5 DW_TAG_pointer_type
	.long	141                             @ DW_AT_type
	.byte	3                               @ Abbrev [3] 0x3ab:0xb DW_TAG_typedef
	.long	950                             @ DW_AT_type
	.long	.Linfo_string46                 @ DW_AT_name
	.byte	7                               @ DW_AT_decl_file
	.byte	83                              @ DW_AT_decl_line
	.byte	7                               @ Abbrev [7] 0x3b6:0x5 DW_TAG_pointer_type
	.long	955                             @ DW_AT_type
	.byte	8                               @ Abbrev [8] 0x3bb:0xc DW_TAG_subroutine_type
                                        @ DW_AT_prototyped
	.byte	9                               @ Abbrev [9] 0x3bc:0x5 DW_TAG_formal_parameter
	.long	709                             @ DW_AT_type
	.byte	9                               @ Abbrev [9] 0x3c1:0x5 DW_TAG_formal_parameter
	.long	848                             @ DW_AT_type
	.byte	0                               @ End Of Children Mark
	.byte	3                               @ Abbrev [3] 0x3c7:0xb DW_TAG_typedef
	.long	978                             @ DW_AT_type
	.long	.Linfo_string59                 @ DW_AT_name
	.byte	9                               @ DW_AT_decl_file
	.byte	239                             @ DW_AT_decl_line
	.byte	3                               @ Abbrev [3] 0x3d2:0xb DW_TAG_typedef
	.long	989                             @ DW_AT_type
	.long	.Linfo_string58                 @ DW_AT_name
	.byte	9                               @ DW_AT_decl_file
	.byte	226                             @ DW_AT_decl_line
	.byte	16                              @ Abbrev [16] 0x3dd:0x4f DW_TAG_union_type
	.byte	2                               @ DW_AT_byte_size
	.byte	9                               @ DW_AT_decl_file
	.byte	212                             @ DW_AT_decl_line
	.byte	5                               @ Abbrev [5] 0x3e1:0xc DW_TAG_member
	.long	.Linfo_string51                 @ DW_AT_name
	.long	1005                            @ DW_AT_type
	.byte	9                               @ DW_AT_decl_file
	.byte	224                             @ DW_AT_decl_line
	.byte	0                               @ DW_AT_data_member_location
	.byte	4                               @ Abbrev [4] 0x3ed:0x32 DW_TAG_structure_type
	.byte	2                               @ DW_AT_byte_size
	.byte	9                               @ DW_AT_decl_file
	.byte	213                             @ DW_AT_decl_line
	.byte	15                              @ Abbrev [15] 0x3f1:0xf DW_TAG_member
	.long	.Linfo_string52                 @ DW_AT_name
	.long	1068                            @ DW_AT_type
	.byte	9                               @ DW_AT_decl_file
	.byte	215                             @ DW_AT_decl_line
	.byte	2                               @ DW_AT_byte_size
	.byte	5                               @ DW_AT_bit_size
	.byte	11                              @ DW_AT_bit_offset
	.byte	0                               @ DW_AT_data_member_location
	.byte	15                              @ Abbrev [15] 0x400:0xf DW_TAG_member
	.long	.Linfo_string55                 @ DW_AT_name
	.long	1068                            @ DW_AT_type
	.byte	9                               @ DW_AT_decl_file
	.byte	216                             @ DW_AT_decl_line
	.byte	2                               @ DW_AT_byte_size
	.byte	6                               @ DW_AT_bit_size
	.byte	5                               @ DW_AT_bit_offset
	.byte	0                               @ DW_AT_data_member_location
	.byte	15                              @ Abbrev [15] 0x40f:0xf DW_TAG_member
	.long	.Linfo_string56                 @ DW_AT_name
	.long	1068                            @ DW_AT_type
	.byte	9                               @ DW_AT_decl_file
	.byte	217                             @ DW_AT_decl_line
	.byte	2                               @ DW_AT_byte_size
	.byte	5                               @ DW_AT_bit_size
	.byte	0                               @ DW_AT_bit_offset
	.byte	0                               @ DW_AT_data_member_location
	.byte	0                               @ End Of Children Mark
	.byte	5                               @ Abbrev [5] 0x41f:0xc DW_TAG_member
	.long	.Linfo_string57                 @ DW_AT_name
	.long	1068                            @ DW_AT_type
	.byte	9                               @ DW_AT_decl_file
	.byte	225                             @ DW_AT_decl_line
	.byte	0                               @ DW_AT_data_member_location
	.byte	0                               @ End Of Children Mark
	.byte	3                               @ Abbrev [3] 0x42c:0xb DW_TAG_typedef
	.long	1079                            @ DW_AT_type
	.long	.Linfo_string54                 @ DW_AT_name
	.byte	1                               @ DW_AT_decl_file
	.byte	63                              @ DW_AT_decl_line
	.byte	6                               @ Abbrev [6] 0x437:0x7 DW_TAG_base_type
	.long	.Linfo_string53                 @ DW_AT_name
	.byte	7                               @ DW_AT_encoding
	.byte	2                               @ DW_AT_byte_size
	.byte	3                               @ Abbrev [3] 0x43e:0xb DW_TAG_typedef
	.long	1097                            @ DW_AT_type
	.long	.Linfo_string62                 @ DW_AT_name
	.byte	1                               @ DW_AT_decl_file
	.byte	58                              @ DW_AT_decl_line
	.byte	6                               @ Abbrev [6] 0x449:0x7 DW_TAG_base_type
	.long	.Linfo_string61                 @ DW_AT_name
	.byte	5                               @ DW_AT_encoding
	.byte	4                               @ DW_AT_byte_size
	.byte	3                               @ Abbrev [3] 0x450:0xb DW_TAG_typedef
	.long	141                             @ DW_AT_type
	.long	.Linfo_string64                 @ DW_AT_name
	.byte	7                               @ DW_AT_decl_file
	.byte	41                              @ DW_AT_decl_line
	.byte	7                               @ Abbrev [7] 0x45b:0x5 DW_TAG_pointer_type
	.long	1120                            @ DW_AT_type
	.byte	17                              @ Abbrev [17] 0x460:0x5 DW_TAG_const_type
	.long	141                             @ DW_AT_type
	.byte	7                               @ Abbrev [7] 0x465:0x5 DW_TAG_pointer_type
	.long	1130                            @ DW_AT_type
	.byte	17                              @ Abbrev [17] 0x46a:0x5 DW_TAG_const_type
	.long	1135                            @ DW_AT_type
	.byte	6                               @ Abbrev [6] 0x46f:0x7 DW_TAG_base_type
	.long	.Linfo_string69                 @ DW_AT_name
	.byte	8                               @ DW_AT_encoding
	.byte	1                               @ DW_AT_byte_size
	.byte	2                               @ Abbrev [2] 0x476:0x11 DW_TAG_variable
	.long	.Linfo_string74                 @ DW_AT_name
	.long	1159                            @ DW_AT_type
                                        @ DW_AT_external
	.byte	3                               @ DW_AT_decl_file
	.byte	28                              @ DW_AT_decl_line
	.byte	5                               @ DW_AT_location
	.byte	3
	.long	_lv_timer_act
	.byte	7                               @ Abbrev [7] 0x487:0x5 DW_TAG_pointer_type
	.long	1164                            @ DW_AT_type
	.byte	3                               @ Abbrev [3] 0x48c:0xb DW_TAG_typedef
	.long	1175                            @ DW_AT_type
	.long	.Linfo_string82                 @ DW_AT_name
	.byte	11                              @ DW_AT_decl_file
	.byte	50                              @ DW_AT_decl_line
	.byte	12                              @ Abbrev [12] 0x497:0x54 DW_TAG_structure_type
	.long	.Linfo_string81                 @ DW_AT_name
	.byte	24                              @ DW_AT_byte_size
	.byte	11                              @ DW_AT_decl_file
	.byte	43                              @ DW_AT_decl_line
	.byte	5                               @ Abbrev [5] 0x49f:0xc DW_TAG_member
	.long	.Linfo_string75                 @ DW_AT_name
	.long	107                             @ DW_AT_type
	.byte	11                              @ DW_AT_decl_file
	.byte	44                              @ DW_AT_decl_line
	.byte	0                               @ DW_AT_data_member_location
	.byte	5                               @ Abbrev [5] 0x4ab:0xc DW_TAG_member
	.long	.Linfo_string76                 @ DW_AT_name
	.long	107                             @ DW_AT_type
	.byte	11                              @ DW_AT_decl_file
	.byte	45                              @ DW_AT_decl_line
	.byte	4                               @ DW_AT_data_member_location
	.byte	5                               @ Abbrev [5] 0x4b7:0xc DW_TAG_member
	.long	.Linfo_string77                 @ DW_AT_name
	.long	1259                            @ DW_AT_type
	.byte	11                              @ DW_AT_decl_file
	.byte	46                              @ DW_AT_decl_line
	.byte	8                               @ DW_AT_data_member_location
	.byte	5                               @ Abbrev [5] 0x4c3:0xc DW_TAG_member
	.long	.Linfo_string24                 @ DW_AT_name
	.long	378                             @ DW_AT_type
	.byte	11                              @ DW_AT_decl_file
	.byte	47                              @ DW_AT_decl_line
	.byte	12                              @ DW_AT_data_member_location
	.byte	5                               @ Abbrev [5] 0x4cf:0xc DW_TAG_member
	.long	.Linfo_string79                 @ DW_AT_name
	.long	1086                            @ DW_AT_type
	.byte	11                              @ DW_AT_decl_file
	.byte	48                              @ DW_AT_decl_line
	.byte	16                              @ DW_AT_data_member_location
	.byte	15                              @ Abbrev [15] 0x4db:0xf DW_TAG_member
	.long	.Linfo_string80                 @ DW_AT_name
	.long	107                             @ DW_AT_type
	.byte	11                              @ DW_AT_decl_file
	.byte	49                              @ DW_AT_decl_line
	.byte	4                               @ DW_AT_byte_size
	.byte	1                               @ DW_AT_bit_size
	.byte	31                              @ DW_AT_bit_offset
	.byte	20                              @ DW_AT_data_member_location
	.byte	0                               @ End Of Children Mark
	.byte	3                               @ Abbrev [3] 0x4eb:0xb DW_TAG_typedef
	.long	1270                            @ DW_AT_type
	.long	.Linfo_string78                 @ DW_AT_name
	.byte	11                              @ DW_AT_decl_file
	.byte	38                              @ DW_AT_decl_line
	.byte	7                               @ Abbrev [7] 0x4f6:0x5 DW_TAG_pointer_type
	.long	1275                            @ DW_AT_type
	.byte	8                               @ Abbrev [8] 0x4fb:0x7 DW_TAG_subroutine_type
                                        @ DW_AT_prototyped
	.byte	9                               @ Abbrev [9] 0x4fc:0x5 DW_TAG_formal_parameter
	.long	1282                            @ DW_AT_type
	.byte	0                               @ End Of Children Mark
	.byte	7                               @ Abbrev [7] 0x502:0x5 DW_TAG_pointer_type
	.long	1175                            @ DW_AT_type
	.byte	2                               @ Abbrev [2] 0x507:0x11 DW_TAG_variable
	.long	.Linfo_string83                 @ DW_AT_name
	.long	1304                            @ DW_AT_type
                                        @ DW_AT_external
	.byte	3                               @ DW_AT_decl_file
	.byte	28                              @ DW_AT_decl_line
	.byte	5                               @ DW_AT_location
	.byte	3
	.long	lv_mem_buf
	.byte	3                               @ Abbrev [3] 0x518:0xb DW_TAG_typedef
	.long	1315                            @ DW_AT_type
	.long	.Linfo_string89                 @ DW_AT_name
	.byte	12                              @ DW_AT_decl_file
	.byte	52                              @ DW_AT_decl_line
	.byte	18                              @ Abbrev [18] 0x523:0xc DW_TAG_array_type
	.long	1327                            @ DW_AT_type
	.byte	19                              @ Abbrev [19] 0x528:0x6 DW_TAG_subrange_type
	.long	1382                            @ DW_AT_type
	.byte	16                              @ DW_AT_count
	.byte	0                               @ End Of Children Mark
	.byte	3                               @ Abbrev [3] 0x52f:0xb DW_TAG_typedef
	.long	1338                            @ DW_AT_type
	.long	.Linfo_string87                 @ DW_AT_name
	.byte	12                              @ DW_AT_decl_file
	.byte	50                              @ DW_AT_decl_line
	.byte	4                               @ Abbrev [4] 0x53a:0x2c DW_TAG_structure_type
	.byte	8                               @ DW_AT_byte_size
	.byte	12                              @ DW_AT_decl_file
	.byte	46                              @ DW_AT_decl_line
	.byte	5                               @ Abbrev [5] 0x53e:0xc DW_TAG_member
	.long	.Linfo_string84                 @ DW_AT_name
	.long	378                             @ DW_AT_type
	.byte	12                              @ DW_AT_decl_file
	.byte	47                              @ DW_AT_decl_line
	.byte	0                               @ DW_AT_data_member_location
	.byte	5                               @ Abbrev [5] 0x54a:0xc DW_TAG_member
	.long	.Linfo_string85                 @ DW_AT_name
	.long	1068                            @ DW_AT_type
	.byte	12                              @ DW_AT_decl_file
	.byte	48                              @ DW_AT_decl_line
	.byte	4                               @ DW_AT_data_member_location
	.byte	15                              @ Abbrev [15] 0x556:0xf DW_TAG_member
	.long	.Linfo_string86                 @ DW_AT_name
	.long	141                             @ DW_AT_type
	.byte	12                              @ DW_AT_decl_file
	.byte	49                              @ DW_AT_decl_line
	.byte	1                               @ DW_AT_byte_size
	.byte	1                               @ DW_AT_bit_size
	.byte	7                               @ DW_AT_bit_offset
	.byte	6                               @ DW_AT_data_member_location
	.byte	0                               @ End Of Children Mark
	.byte	20                              @ Abbrev [20] 0x566:0x7 DW_TAG_base_type
	.long	.Linfo_string88                 @ DW_AT_name
	.byte	8                               @ DW_AT_byte_size
	.byte	7                               @ DW_AT_encoding
	.byte	2                               @ Abbrev [2] 0x56d:0x11 DW_TAG_variable
	.long	.Linfo_string90                 @ DW_AT_name
	.long	1406                            @ DW_AT_type
                                        @ DW_AT_external
	.byte	3                               @ DW_AT_decl_file
	.byte	28                              @ DW_AT_decl_line
	.byte	5                               @ DW_AT_location
	.byte	3
	.long	_lv_circle_cache
	.byte	3                               @ Abbrev [3] 0x57e:0xb DW_TAG_typedef
	.long	1417                            @ DW_AT_type
	.long	.Linfo_string99                 @ DW_AT_name
	.byte	13                              @ DW_AT_decl_file
	.byte	168                             @ DW_AT_decl_line
	.byte	18                              @ Abbrev [18] 0x589:0xc DW_TAG_array_type
	.long	1429                            @ DW_AT_type
	.byte	19                              @ Abbrev [19] 0x58e:0x6 DW_TAG_subrange_type
	.long	1382                            @ DW_AT_type
	.byte	4                               @ DW_AT_count
	.byte	0                               @ End Of Children Mark
	.byte	3                               @ Abbrev [3] 0x595:0xb DW_TAG_typedef
	.long	1440                            @ DW_AT_type
	.long	.Linfo_string98                 @ DW_AT_name
	.byte	13                              @ DW_AT_decl_file
	.byte	166                             @ DW_AT_decl_line
	.byte	4                               @ Abbrev [4] 0x5a0:0x59 DW_TAG_structure_type
	.byte	28                              @ DW_AT_byte_size
	.byte	13                              @ DW_AT_decl_file
	.byte	158                             @ DW_AT_decl_line
	.byte	5                               @ Abbrev [5] 0x5a4:0xc DW_TAG_member
	.long	.Linfo_string91                 @ DW_AT_name
	.long	934                             @ DW_AT_type
	.byte	13                              @ DW_AT_decl_file
	.byte	159                             @ DW_AT_decl_line
	.byte	0                               @ DW_AT_data_member_location
	.byte	5                               @ Abbrev [5] 0x5b0:0xc DW_TAG_member
	.long	.Linfo_string92                 @ DW_AT_name
	.long	1529                            @ DW_AT_type
	.byte	13                              @ DW_AT_decl_file
	.byte	160                             @ DW_AT_decl_line
	.byte	4                               @ DW_AT_data_member_location
	.byte	5                               @ Abbrev [5] 0x5bc:0xc DW_TAG_member
	.long	.Linfo_string94                 @ DW_AT_name
	.long	1545                            @ DW_AT_type
	.byte	13                              @ DW_AT_decl_file
	.byte	161                             @ DW_AT_decl_line
	.byte	8                               @ DW_AT_data_member_location
	.byte	5                               @ Abbrev [5] 0x5c8:0xc DW_TAG_member
	.long	.Linfo_string95                 @ DW_AT_name
	.long	1545                            @ DW_AT_type
	.byte	13                              @ DW_AT_decl_file
	.byte	162                             @ DW_AT_decl_line
	.byte	12                              @ DW_AT_data_member_location
	.byte	5                               @ Abbrev [5] 0x5d4:0xc DW_TAG_member
	.long	.Linfo_string72                 @ DW_AT_name
	.long	1086                            @ DW_AT_type
	.byte	13                              @ DW_AT_decl_file
	.byte	163                             @ DW_AT_decl_line
	.byte	16                              @ DW_AT_data_member_location
	.byte	5                               @ Abbrev [5] 0x5e0:0xc DW_TAG_member
	.long	.Linfo_string96                 @ DW_AT_name
	.long	107                             @ DW_AT_type
	.byte	13                              @ DW_AT_decl_file
	.byte	164                             @ DW_AT_decl_line
	.byte	20                              @ DW_AT_data_member_location
	.byte	5                               @ Abbrev [5] 0x5ec:0xc DW_TAG_member
	.long	.Linfo_string97                 @ DW_AT_name
	.long	905                             @ DW_AT_type
	.byte	13                              @ DW_AT_decl_file
	.byte	165                             @ DW_AT_decl_line
	.byte	24                              @ DW_AT_data_member_location
	.byte	0                               @ End Of Children Mark
	.byte	7                               @ Abbrev [7] 0x5f9:0x5 DW_TAG_pointer_type
	.long	1534                            @ DW_AT_type
	.byte	3                               @ Abbrev [3] 0x5fe:0xb DW_TAG_typedef
	.long	141                             @ DW_AT_type
	.long	.Linfo_string93                 @ DW_AT_name
	.byte	9                               @ DW_AT_decl_file
	.byte	249                             @ DW_AT_decl_line
	.byte	7                               @ Abbrev [7] 0x609:0x5 DW_TAG_pointer_type
	.long	1068                            @ DW_AT_type
	.byte	2                               @ Abbrev [2] 0x60e:0x11 DW_TAG_variable
	.long	.Linfo_string100                @ DW_AT_name
	.long	1567                            @ DW_AT_type
                                        @ DW_AT_external
	.byte	3                               @ DW_AT_decl_file
	.byte	28                              @ DW_AT_decl_line
	.byte	5                               @ DW_AT_location
	.byte	3
	.long	_lv_draw_mask_list
	.byte	3                               @ Abbrev [3] 0x61f:0xb DW_TAG_typedef
	.long	1578                            @ DW_AT_type
	.long	.Linfo_string104                @ DW_AT_name
	.byte	13                              @ DW_AT_decl_file
	.byte	53                              @ DW_AT_decl_line
	.byte	18                              @ Abbrev [18] 0x62a:0xc DW_TAG_array_type
	.long	1590                            @ DW_AT_type
	.byte	19                              @ Abbrev [19] 0x62f:0x6 DW_TAG_subrange_type
	.long	1382                            @ DW_AT_type
	.byte	16                              @ DW_AT_count
	.byte	0                               @ End Of Children Mark
	.byte	3                               @ Abbrev [3] 0x636:0xb DW_TAG_typedef
	.long	1601                            @ DW_AT_type
	.long	.Linfo_string103                @ DW_AT_name
	.byte	13                              @ DW_AT_decl_file
	.byte	51                              @ DW_AT_decl_line
	.byte	4                               @ Abbrev [4] 0x641:0x1d DW_TAG_structure_type
	.byte	8                               @ DW_AT_byte_size
	.byte	13                              @ DW_AT_decl_file
	.byte	48                              @ DW_AT_decl_line
	.byte	5                               @ Abbrev [5] 0x645:0xc DW_TAG_member
	.long	.Linfo_string101                @ DW_AT_name
	.long	378                             @ DW_AT_type
	.byte	13                              @ DW_AT_decl_file
	.byte	49                              @ DW_AT_decl_line
	.byte	0                               @ DW_AT_data_member_location
	.byte	5                               @ Abbrev [5] 0x651:0xc DW_TAG_member
	.long	.Linfo_string102                @ DW_AT_name
	.long	378                             @ DW_AT_type
	.byte	13                              @ DW_AT_decl_file
	.byte	50                              @ DW_AT_decl_line
	.byte	4                               @ DW_AT_data_member_location
	.byte	0                               @ End Of Children Mark
	.byte	2                               @ Abbrev [2] 0x65e:0x11 DW_TAG_variable
	.long	.Linfo_string105                @ DW_AT_name
	.long	378                             @ DW_AT_type
                                        @ DW_AT_external
	.byte	3                               @ DW_AT_decl_file
	.byte	28                              @ DW_AT_decl_line
	.byte	5                               @ DW_AT_location
	.byte	3
	.long	_lv_theme_default_styles
	.byte	21                              @ Abbrev [21] 0x66f:0x1b DW_TAG_subprogram
	.long	.Lfunc_begin0                   @ DW_AT_low_pc
	.long	.Lfunc_end0-.Lfunc_begin0       @ DW_AT_high_pc
	.byte	1                               @ DW_AT_frame_base
	.byte	93
                                        @ DW_AT_GNU_all_call_sites
	.long	.Linfo_string107                @ DW_AT_name
	.byte	3                               @ DW_AT_decl_file
	.byte	39                              @ DW_AT_decl_line
                                        @ DW_AT_prototyped
                                        @ DW_AT_external
	.byte	22                              @ Abbrev [22] 0x680:0x9 DW_TAG_GNU_call_site
	.long	1674                            @ DW_AT_abstract_origin
                                        @ DW_AT_GNU_tail_call
	.long	.Ltmp16                         @ DW_AT_low_pc
	.byte	0                               @ End Of Children Mark
	.byte	23                              @ Abbrev [23] 0x68a:0x12 DW_TAG_subprogram
	.long	.Linfo_string106                @ DW_AT_name
	.byte	12                              @ DW_AT_decl_file
	.byte	222                             @ DW_AT_decl_line
                                        @ DW_AT_prototyped
                                        @ DW_AT_declaration
                                        @ DW_AT_external
	.byte	9                               @ Abbrev [9] 0x691:0x5 DW_TAG_formal_parameter
	.long	378                             @ DW_AT_type
	.byte	9                               @ Abbrev [9] 0x696:0x5 DW_TAG_formal_parameter
	.long	118                             @ DW_AT_type
	.byte	0                               @ End Of Children Mark
	.byte	0                               @ End Of Children Mark
.Ldebug_info_end0:
	.section	.debug_str,"MS",%progbits,1
.Linfo_string0:
	.asciz	"Component: ARM Compiler 6.16 Tool: armclang [5dfeb700]" @ string offset=0
.Linfo_string1:
	.asciz	"../GUILib/src/misc\\lv_gc.c"   @ string offset=55
.Linfo_string2:
	.asciz	"C:\\Users\\Hyacincher\\Desktop\\HyTelectrl\\Code\\Project" @ string offset=82
.Linfo_string3:
	.asciz	"_lv_timer_ll"                  @ string offset=134
.Linfo_string4:
	.asciz	"n_size"                        @ string offset=147
.Linfo_string5:
	.asciz	"unsigned int"                  @ string offset=154
.Linfo_string6:
	.asciz	"uint32_t"                      @ string offset=167
.Linfo_string7:
	.asciz	"head"                          @ string offset=176
.Linfo_string8:
	.asciz	"unsigned char"                 @ string offset=181
.Linfo_string9:
	.asciz	"uint8_t"                       @ string offset=195
.Linfo_string10:
	.asciz	"lv_ll_node_t"                  @ string offset=203
.Linfo_string11:
	.asciz	"tail"                          @ string offset=216
.Linfo_string12:
	.asciz	"lv_ll_t"                       @ string offset=221
.Linfo_string13:
	.asciz	"_lv_disp_ll"                   @ string offset=229
.Linfo_string14:
	.asciz	"_lv_indev_ll"                  @ string offset=241
.Linfo_string15:
	.asciz	"_lv_fsdrv_ll"                  @ string offset=254
.Linfo_string16:
	.asciz	"_lv_anim_ll"                   @ string offset=267
.Linfo_string17:
	.asciz	"_lv_group_ll"                  @ string offset=279
.Linfo_string18:
	.asciz	"_lv_img_decoder_ll"            @ string offset=292
.Linfo_string19:
	.asciz	"_lv_obj_style_trans_ll"        @ string offset=311
.Linfo_string20:
	.asciz	"_lv_layout_list"               @ string offset=334
.Linfo_string21:
	.asciz	"cb"                            @ string offset=350
.Linfo_string22:
	.asciz	"_lv_obj_t"                     @ string offset=353
.Linfo_string23:
	.asciz	"lv_layout_update_cb_t"         @ string offset=363
.Linfo_string24:
	.asciz	"user_data"                     @ string offset=385
.Linfo_string25:
	.asciz	"lv_layout_dsc_t"               @ string offset=395
.Linfo_string26:
	.asciz	"_lv_img_cache_single"          @ string offset=411
.Linfo_string27:
	.asciz	"dec_dsc"                       @ string offset=432
.Linfo_string28:
	.asciz	"decoder"                       @ string offset=440
.Linfo_string29:
	.asciz	"info_cb"                       @ string offset=448
.Linfo_string30:
	.asciz	"lv_res_t"                      @ string offset=456
.Linfo_string31:
	.asciz	"cf"                            @ string offset=465
.Linfo_string32:
	.asciz	"always_zero"                   @ string offset=468
.Linfo_string33:
	.asciz	"reserved"                      @ string offset=480
.Linfo_string34:
	.asciz	"w"                             @ string offset=489
.Linfo_string35:
	.asciz	"h"                             @ string offset=491
.Linfo_string36:
	.asciz	"lv_img_header_t"               @ string offset=493
.Linfo_string37:
	.asciz	"lv_img_decoder_info_f_t"       @ string offset=509
.Linfo_string38:
	.asciz	"open_cb"                       @ string offset=533
.Linfo_string39:
	.asciz	"lv_img_decoder_open_f_t"       @ string offset=541
.Linfo_string40:
	.asciz	"read_line_cb"                  @ string offset=565
.Linfo_string41:
	.asciz	"short"                         @ string offset=578
.Linfo_string42:
	.asciz	"int16_t"                       @ string offset=584
.Linfo_string43:
	.asciz	"lv_coord_t"                    @ string offset=592
.Linfo_string44:
	.asciz	"lv_img_decoder_read_line_f_t"  @ string offset=603
.Linfo_string45:
	.asciz	"close_cb"                      @ string offset=632
.Linfo_string46:
	.asciz	"lv_img_decoder_close_f_t"      @ string offset=641
.Linfo_string47:
	.asciz	"_lv_img_decoder_t"             @ string offset=666
.Linfo_string48:
	.asciz	"lv_img_decoder_t"              @ string offset=684
.Linfo_string49:
	.asciz	"src"                           @ string offset=701
.Linfo_string50:
	.asciz	"color"                         @ string offset=705
.Linfo_string51:
	.asciz	"ch"                            @ string offset=711
.Linfo_string52:
	.asciz	"blue"                          @ string offset=714
.Linfo_string53:
	.asciz	"unsigned short"                @ string offset=719
.Linfo_string54:
	.asciz	"uint16_t"                      @ string offset=734
.Linfo_string55:
	.asciz	"green"                         @ string offset=743
.Linfo_string56:
	.asciz	"red"                           @ string offset=749
.Linfo_string57:
	.asciz	"full"                          @ string offset=753
.Linfo_string58:
	.asciz	"lv_color16_t"                  @ string offset=758
.Linfo_string59:
	.asciz	"lv_color_t"                    @ string offset=771
.Linfo_string60:
	.asciz	"frame_id"                      @ string offset=782
.Linfo_string61:
	.asciz	"int"                           @ string offset=791
.Linfo_string62:
	.asciz	"int32_t"                       @ string offset=795
.Linfo_string63:
	.asciz	"src_type"                      @ string offset=803
.Linfo_string64:
	.asciz	"lv_img_src_t"                  @ string offset=812
.Linfo_string65:
	.asciz	"header"                        @ string offset=825
.Linfo_string66:
	.asciz	"img_data"                      @ string offset=832
.Linfo_string67:
	.asciz	"time_to_open"                  @ string offset=841
.Linfo_string68:
	.asciz	"error_msg"                     @ string offset=854
.Linfo_string69:
	.asciz	"char"                          @ string offset=864
.Linfo_string70:
	.asciz	"_lv_img_decoder_dsc_t"         @ string offset=869
.Linfo_string71:
	.asciz	"lv_img_decoder_dsc_t"          @ string offset=891
.Linfo_string72:
	.asciz	"life"                          @ string offset=912
.Linfo_string73:
	.asciz	"_lv_img_cache_entry_t"         @ string offset=917
.Linfo_string74:
	.asciz	"_lv_timer_act"                 @ string offset=939
.Linfo_string75:
	.asciz	"period"                        @ string offset=953
.Linfo_string76:
	.asciz	"last_run"                      @ string offset=960
.Linfo_string77:
	.asciz	"timer_cb"                      @ string offset=969
.Linfo_string78:
	.asciz	"lv_timer_cb_t"                 @ string offset=978
.Linfo_string79:
	.asciz	"repeat_count"                  @ string offset=992
.Linfo_string80:
	.asciz	"paused"                        @ string offset=1005
.Linfo_string81:
	.asciz	"_lv_timer_t"                   @ string offset=1012
.Linfo_string82:
	.asciz	"lv_timer_t"                    @ string offset=1024
.Linfo_string83:
	.asciz	"lv_mem_buf"                    @ string offset=1035
.Linfo_string84:
	.asciz	"p"                             @ string offset=1046
.Linfo_string85:
	.asciz	"size"                          @ string offset=1048
.Linfo_string86:
	.asciz	"used"                          @ string offset=1053
.Linfo_string87:
	.asciz	"lv_mem_buf_t"                  @ string offset=1058
.Linfo_string88:
	.asciz	"__ARRAY_SIZE_TYPE__"           @ string offset=1071
.Linfo_string89:
	.asciz	"lv_mem_buf_arr_t"              @ string offset=1091
.Linfo_string90:
	.asciz	"_lv_circle_cache"              @ string offset=1108
.Linfo_string91:
	.asciz	"buf"                           @ string offset=1125
.Linfo_string92:
	.asciz	"cir_opa"                       @ string offset=1129
.Linfo_string93:
	.asciz	"lv_opa_t"                      @ string offset=1137
.Linfo_string94:
	.asciz	"x_start_on_y"                  @ string offset=1146
.Linfo_string95:
	.asciz	"opa_start_on_y"                @ string offset=1159
.Linfo_string96:
	.asciz	"used_cnt"                      @ string offset=1174
.Linfo_string97:
	.asciz	"radius"                        @ string offset=1183
.Linfo_string98:
	.asciz	"_lv_draw_mask_radius_circle_dsc_t" @ string offset=1190
.Linfo_string99:
	.asciz	"_lv_draw_mask_radius_circle_dsc_arr_t" @ string offset=1224
.Linfo_string100:
	.asciz	"_lv_draw_mask_list"            @ string offset=1262
.Linfo_string101:
	.asciz	"param"                         @ string offset=1281
.Linfo_string102:
	.asciz	"custom_id"                     @ string offset=1287
.Linfo_string103:
	.asciz	"_lv_draw_mask_saved_t"         @ string offset=1297
.Linfo_string104:
	.asciz	"_lv_draw_mask_saved_arr_t"     @ string offset=1319
.Linfo_string105:
	.asciz	"_lv_theme_default_styles"      @ string offset=1345
.Linfo_string106:
	.asciz	"lv_memset_00"                  @ string offset=1370
.Linfo_string107:
	.asciz	"_lv_gc_clear_roots"            @ string offset=1383
	.ident	"Component: ARM Compiler 6.16 Tool: armclang [5dfeb700]"
	.section	".note.GNU-stack","",%progbits
	.eabi_attribute	30, 3	@ Tag_ABI_optimization_goals
	.ARM_attribute	16, 1	@ Tag_AV_eba
	.section	.debug_line,"",%progbits
.Lline_table_start0:
