	.text
	.syntax unified
	.eabi_attribute	67, "2.09"	@ Tag_conformance
	.cpu	cortex-m4
	.eabi_attribute	6, 13	@ Tag_CPU_arch
	.eabi_attribute	7, 77	@ Tag_CPU_arch_profile
	.eabi_attribute	8, 0	@ Tag_ARM_ISA_use
	.eabi_attribute	9, 2	@ Tag_THUMB_ISA_use
	.fpu	fpv4-sp-d16
	.eabi_attribute	27, 1	@ Tag_ABI_HardFP_use
	.eabi_attribute	36, 1	@ Tag_FP_HP_extension
	.eabi_attribute	34, 1	@ Tag_CPU_unaligned_access
	.eabi_attribute	17, 1	@ Tag_ABI_PCS_GOT_use
	.eabi_attribute	20, 2	@ Tag_ABI_FP_denormal
	.eabi_attribute	21, 0	@ Tag_ABI_FP_exceptions
	.eabi_attribute	23, 1	@ Tag_ABI_FP_number_model
	.eabi_attribute	24, 1	@ Tag_ABI_align_needed
	.eabi_attribute	25, 1	@ Tag_ABI_align_preserved
	.eabi_attribute	28, 1	@ Tag_ABI_VFP_args
	.eabi_attribute	38, 1	@ Tag_ABI_FP_16bit_format
	.eabi_attribute	18, 2	@ Tag_ABI_PCS_wchar_t
	.eabi_attribute	26, 1	@ Tag_ABI_enum_size
	.eabi_attribute	14, 0	@ Tag_ABI_PCS_R9_use
	.file	"lv_img_cache.c"
	.file	1 "C:\\Users\\Hyacincher\\Desktop\\HyTelectrl\\Code\\Project" "../GUILib/src/draw/../misc/lv_types.h"
	.section	.text._lv_img_cache_open,"ax",%progbits
	.hidden	_lv_img_cache_open              @ -- Begin function _lv_img_cache_open
	.globl	_lv_img_cache_open
	.p2align	1
	.type	_lv_img_cache_open,%function
	.code	16                              @ @_lv_img_cache_open
	.thumb_func
_lv_img_cache_open:
.Lfunc_begin0:
	.file	2 "C:\\Users\\Hyacincher\\Desktop\\HyTelectrl\\Code\\Project" "../GUILib/src/draw/lv_img_cache.c"
	.loc	2 64 0                          @ ../GUILib/src/draw/lv_img_cache.c:64:0
	.fnstart
	.cfi_sections .debug_frame
	.cfi_startproc
@ %bb.0:
	@DEBUG_VALUE: _lv_img_cache_open:src <- $r0
	@DEBUG_VALUE: _lv_img_cache_open:frame_id <- $r2
	.save	{r4, r5, r6, r7, lr}
	push	{r4, r5, r6, r7, lr}
	.cfi_def_cfa_offset 20
	.cfi_offset lr, -4
	.cfi_offset r7, -8
	.cfi_offset r6, -12
	.cfi_offset r5, -16
	.cfi_offset r4, -20
	.pad	#4
	sub	sp, #4
	.cfi_def_cfa_offset 24
	mov	r6, r2
.Ltmp0:
	@DEBUG_VALUE: _lv_img_cache_open:frame_id <- $r6
	mov	r4, r1
	mov	r7, r0
.Ltmp1:
	@DEBUG_VALUE: _lv_img_cache_open:src <- $r7
	@DEBUG_VALUE: _lv_img_cache_open:cached_src <- 0
	@DEBUG_VALUE: _lv_img_cache_open:color <- [DW_OP_LLVM_convert 32 7, DW_OP_LLVM_convert 16 7, DW_OP_stack_value] $r4
	@DEBUG_VALUE: _lv_img_cache_open:frame_id <- $r6
	@DEBUG_VALUE: _lv_img_cache_open:src <- $r7
	.loc	2 122 25 prologue_end           @ ../GUILib/src/draw/lv_img_cache.c:122:25
	bl	lv_tick_get
.Ltmp2:
	.loc	2 123 25                        @ ../GUILib/src/draw/lv_img_cache.c:123:25
	uxth	r2, r4
	movw	r4, :lower16:_lv_img_cache_single
.Ltmp3:
	movt	r4, :upper16:_lv_img_cache_single
.Ltmp4:
	@DEBUG_VALUE: _lv_img_cache_open:cached_src <- $r4
	.loc	2 122 25                        @ ../GUILib/src/draw/lv_img_cache.c:122:25
	mov	r5, r0
.Ltmp5:
	@DEBUG_VALUE: _lv_img_cache_open:t_start <- $r5
	.loc	2 123 25                        @ ../GUILib/src/draw/lv_img_cache.c:123:25
	mov	r0, r4
	mov	r1, r7
.Ltmp6:
	@DEBUG_VALUE: _lv_img_cache_open:src <- $r1
	mov	r3, r6
.Ltmp7:
	@DEBUG_VALUE: _lv_img_cache_open:frame_id <- $r3
	bl	lv_img_decoder_open
.Ltmp8:
	@DEBUG_VALUE: _lv_img_cache_open:open_res <- $r0
	.loc	2 124 8                         @ ../GUILib/src/draw/lv_img_cache.c:124:8
	cbz	r0, .LBB0_3
.Ltmp9:
@ %bb.1:
	@DEBUG_VALUE: _lv_img_cache_open:t_start <- $r5
	@DEBUG_VALUE: _lv_img_cache_open:cached_src <- $r4
	@DEBUG_VALUE: _lv_img_cache_open:open_res <- $r0
	.loc	2 134 28                        @ ../GUILib/src/draw/lv_img_cache.c:134:28
	ldr	r0, [r4, #28]
.Ltmp10:
	.loc	2 0 28 is_stmt 0                @ ../GUILib/src/draw/lv_img_cache.c:0:28
	movs	r1, #0
.Ltmp11:
	.loc	2 131 22 is_stmt 1              @ ../GUILib/src/draw/lv_img_cache.c:131:22
	str	r1, [r4, #40]
	.loc	2 134 8                         @ ../GUILib/src/draw/lv_img_cache.c:134:8
	cbnz	r0, .LBB0_4
.Ltmp12:
@ %bb.2:
	@DEBUG_VALUE: _lv_img_cache_open:t_start <- $r5
	@DEBUG_VALUE: _lv_img_cache_open:cached_src <- $r4
	.loc	2 135 44                        @ ../GUILib/src/draw/lv_img_cache.c:135:44
	mov	r0, r5
	bl	lv_tick_elaps
.Ltmp13:
	mov	r1, r0
.Ltmp14:
	.loc	2 138 8                         @ ../GUILib/src/draw/lv_img_cache.c:138:8
	cmp	r0, #0
	it	eq
	moveq	r1, #1
	mov	r0, r4
	.loc	2 0 0 is_stmt 0                 @ ../GUILib/src/draw/lv_img_cache.c:0:0
	str	r1, [r4, #28]
	b	.LBB0_5
.Ltmp15:
.LBB0_3:
	@DEBUG_VALUE: _lv_img_cache_open:t_start <- $r5
	@DEBUG_VALUE: _lv_img_cache_open:cached_src <- $r4
	@DEBUG_VALUE: _lv_img_cache_open:open_res <- $r0
	.loc	2 126 9 is_stmt 1               @ ../GUILib/src/draw/lv_img_cache.c:126:9
	mov	r0, r4
.Ltmp16:
	movs	r1, #44
	bl	lv_memset_00
.Ltmp17:
	.loc	2 0 9 is_stmt 0                 @ ../GUILib/src/draw/lv_img_cache.c:0:9
	mov.w	r0, #-2147483648
	.loc	2 127 26 is_stmt 1              @ ../GUILib/src/draw/lv_img_cache.c:127:26
	str	r0, [r4, #40]
	movs	r4, #0
.Ltmp18:
.LBB0_4:
	@DEBUG_VALUE: _lv_img_cache_open:t_start <- $r5
	.loc	2 141 1                         @ ../GUILib/src/draw/lv_img_cache.c:141:1
	mov	r0, r4
.Ltmp19:
.LBB0_5:
	@DEBUG_VALUE: _lv_img_cache_open:t_start <- $r5
	.loc	2 0 0 is_stmt 0                 @ ../GUILib/src/draw/lv_img_cache.c:0:0
	add	sp, #4
	pop	{r4, r5, r6, r7, pc}
.Ltmp20:
.Lfunc_end0:
	.size	_lv_img_cache_open, .Lfunc_end0-_lv_img_cache_open
	.cfi_endproc
	.cantunwind
	.fnend
                                        @ -- End function
	.section	.text.lv_img_cache_set_size,"ax",%progbits
	.hidden	lv_img_cache_set_size           @ -- Begin function lv_img_cache_set_size
	.globl	lv_img_cache_set_size
	.p2align	1
	.type	lv_img_cache_set_size,%function
	.code	16                              @ @lv_img_cache_set_size
	.thumb_func
lv_img_cache_set_size:
.Lfunc_begin1:
	.loc	2 150 0 is_stmt 1               @ ../GUILib/src/draw/lv_img_cache.c:150:0
	.fnstart
	.cfi_startproc
@ %bb.0:
	@DEBUG_VALUE: lv_img_cache_set_size:new_entry_cnt <- $r0
	.loc	2 173 1 prologue_end            @ ../GUILib/src/draw/lv_img_cache.c:173:1
	bx	lr
.Ltmp21:
.Lfunc_end1:
	.size	lv_img_cache_set_size, .Lfunc_end1-lv_img_cache_set_size
	.cfi_endproc
	.cantunwind
	.fnend
                                        @ -- End function
	.section	.text.lv_img_cache_invalidate_src,"ax",%progbits
	.hidden	lv_img_cache_invalidate_src     @ -- Begin function lv_img_cache_invalidate_src
	.globl	lv_img_cache_invalidate_src
	.p2align	1
	.type	lv_img_cache_invalidate_src,%function
	.code	16                              @ @lv_img_cache_invalidate_src
	.thumb_func
lv_img_cache_invalidate_src:
.Lfunc_begin2:
	.loc	2 181 0                         @ ../GUILib/src/draw/lv_img_cache.c:181:0
	.fnstart
	.cfi_startproc
@ %bb.0:
	@DEBUG_VALUE: lv_img_cache_invalidate_src:src <- $r0
	.loc	2 197 1 prologue_end            @ ../GUILib/src/draw/lv_img_cache.c:197:1
	bx	lr
.Ltmp22:
.Lfunc_end2:
	.size	lv_img_cache_invalidate_src, .Lfunc_end2-lv_img_cache_invalidate_src
	.cfi_endproc
	.cantunwind
	.fnend
                                        @ -- End function
	.file	3 "D:\\Keil MDK\\ARM\\ARMCLANG\\Bin\\..\\include" "stdint.h"
	.file	4 "C:\\Users\\Hyacincher\\Desktop\\HyTelectrl\\Code\\Project" "../GUILib/src/draw/lv_img_buf.h"
	.file	5 "C:\\Users\\Hyacincher\\Desktop\\HyTelectrl\\Code\\Project" "../GUILib/src/draw/lv_img_decoder.h"
	.file	6 "C:\\Users\\Hyacincher\\Desktop\\HyTelectrl\\Code\\Project" "../GUILib/src/draw/../misc/../core/../misc/lv_area.h"
	.file	7 "C:\\Users\\Hyacincher\\Desktop\\HyTelectrl\\Code\\Project" "../GUILib/src/draw/../misc/lv_color.h"
	.file	8 "C:\\Users\\Hyacincher\\Desktop\\HyTelectrl\\Code\\Project" "../GUILib/src/draw/../misc/../draw/lv_img_cache.h"
	.section	.debug_loc,"",%progbits
.Ldebug_loc0:
	.long	-1
	.long	.Lfunc_begin0                   @   base address
	.long	.Lfunc_begin0-.Lfunc_begin0
	.long	.Ltmp1-.Lfunc_begin0
	.short	1                               @ Loc expr size
	.byte	80                              @ DW_OP_reg0
	.long	.Ltmp1-.Lfunc_begin0
	.long	.Ltmp6-.Lfunc_begin0
	.short	1                               @ Loc expr size
	.byte	87                              @ DW_OP_reg7
	.long	.Ltmp6-.Lfunc_begin0
	.long	.Ltmp8-.Lfunc_begin0
	.short	1                               @ Loc expr size
	.byte	81                              @ DW_OP_reg1
	.long	0
	.long	0
.Ldebug_loc1:
	.long	-1
	.long	.Lfunc_begin0                   @   base address
	.long	.Lfunc_begin0-.Lfunc_begin0
	.long	.Ltmp0-.Lfunc_begin0
	.short	1                               @ Loc expr size
	.byte	82                              @ DW_OP_reg2
	.long	.Ltmp0-.Lfunc_begin0
	.long	.Ltmp7-.Lfunc_begin0
	.short	1                               @ Loc expr size
	.byte	86                              @ DW_OP_reg6
	.long	.Ltmp7-.Lfunc_begin0
	.long	.Ltmp8-.Lfunc_begin0
	.short	1                               @ Loc expr size
	.byte	83                              @ DW_OP_reg3
	.long	0
	.long	0
.Ldebug_loc2:
	.long	-1
	.long	.Lfunc_begin0                   @   base address
	.long	.Ltmp1-.Lfunc_begin0
	.long	.Ltmp4-.Lfunc_begin0
	.short	2                               @ Loc expr size
	.byte	48                              @ DW_OP_lit0
	.byte	159                             @ DW_OP_stack_value
	.long	.Ltmp4-.Lfunc_begin0
	.long	.Ltmp18-.Lfunc_begin0
	.short	1                               @ Loc expr size
	.byte	84                              @ DW_OP_reg4
	.long	0
	.long	0
.Ldebug_loc3:
	.long	-1
	.long	.Lfunc_begin0                   @   base address
	.long	.Ltmp1-.Lfunc_begin0
	.long	.Ltmp3-.Lfunc_begin0
	.short	3                               @ Loc expr size
	.byte	116                             @ DW_OP_breg4
	.byte	0                               @ 0
	.byte	159                             @ DW_OP_stack_value
	.long	0
	.long	0
.Ldebug_loc4:
	.long	-1
	.long	.Lfunc_begin0                   @   base address
	.long	.Ltmp5-.Lfunc_begin0
	.long	.Ltmp20-.Lfunc_begin0
	.short	1                               @ Loc expr size
	.byte	85                              @ DW_OP_reg5
	.long	0
	.long	0
.Ldebug_loc5:
	.long	-1
	.long	.Lfunc_begin0                   @   base address
	.long	.Ltmp8-.Lfunc_begin0
	.long	.Ltmp10-.Lfunc_begin0
	.short	1                               @ Loc expr size
	.byte	80                              @ DW_OP_reg0
	.long	.Ltmp15-.Lfunc_begin0
	.long	.Ltmp16-.Lfunc_begin0
	.short	1                               @ Loc expr size
	.byte	80                              @ DW_OP_reg0
	.long	0
	.long	0
	.section	.debug_abbrev,"",%progbits
	.byte	1                               @ Abbreviation Code
	.byte	17                              @ DW_TAG_compile_unit
	.byte	1                               @ DW_CHILDREN_yes
	.byte	37                              @ DW_AT_producer
	.byte	14                              @ DW_FORM_strp
	.byte	19                              @ DW_AT_language
	.byte	5                               @ DW_FORM_data2
	.byte	3                               @ DW_AT_name
	.byte	14                              @ DW_FORM_strp
	.byte	16                              @ DW_AT_stmt_list
	.byte	23                              @ DW_FORM_sec_offset
	.byte	27                              @ DW_AT_comp_dir
	.byte	14                              @ DW_FORM_strp
	.byte	17                              @ DW_AT_low_pc
	.byte	1                               @ DW_FORM_addr
	.byte	85                              @ DW_AT_ranges
	.byte	23                              @ DW_FORM_sec_offset
	.byte	0                               @ EOM(1)
	.byte	0                               @ EOM(2)
	.byte	2                               @ Abbreviation Code
	.byte	4                               @ DW_TAG_enumeration_type
	.byte	1                               @ DW_CHILDREN_yes
	.byte	73                              @ DW_AT_type
	.byte	19                              @ DW_FORM_ref4
	.byte	11                              @ DW_AT_byte_size
	.byte	11                              @ DW_FORM_data1
	.byte	58                              @ DW_AT_decl_file
	.byte	11                              @ DW_FORM_data1
	.byte	59                              @ DW_AT_decl_line
	.byte	11                              @ DW_FORM_data1
	.byte	0                               @ EOM(1)
	.byte	0                               @ EOM(2)
	.byte	3                               @ Abbreviation Code
	.byte	40                              @ DW_TAG_enumerator
	.byte	0                               @ DW_CHILDREN_no
	.byte	3                               @ DW_AT_name
	.byte	14                              @ DW_FORM_strp
	.byte	28                              @ DW_AT_const_value
	.byte	15                              @ DW_FORM_udata
	.byte	0                               @ EOM(1)
	.byte	0                               @ EOM(2)
	.byte	4                               @ Abbreviation Code
	.byte	36                              @ DW_TAG_base_type
	.byte	0                               @ DW_CHILDREN_no
	.byte	3                               @ DW_AT_name
	.byte	14                              @ DW_FORM_strp
	.byte	62                              @ DW_AT_encoding
	.byte	11                              @ DW_FORM_data1
	.byte	11                              @ DW_AT_byte_size
	.byte	11                              @ DW_FORM_data1
	.byte	0                               @ EOM(1)
	.byte	0                               @ EOM(2)
	.byte	5                               @ Abbreviation Code
	.byte	46                              @ DW_TAG_subprogram
	.byte	1                               @ DW_CHILDREN_yes
	.byte	17                              @ DW_AT_low_pc
	.byte	1                               @ DW_FORM_addr
	.byte	18                              @ DW_AT_high_pc
	.byte	6                               @ DW_FORM_data4
	.byte	64                              @ DW_AT_frame_base
	.byte	24                              @ DW_FORM_exprloc
	.ascii	"\227B"                         @ DW_AT_GNU_all_call_sites
	.byte	25                              @ DW_FORM_flag_present
	.byte	3                               @ DW_AT_name
	.byte	14                              @ DW_FORM_strp
	.byte	58                              @ DW_AT_decl_file
	.byte	11                              @ DW_FORM_data1
	.byte	59                              @ DW_AT_decl_line
	.byte	11                              @ DW_FORM_data1
	.byte	39                              @ DW_AT_prototyped
	.byte	25                              @ DW_FORM_flag_present
	.byte	73                              @ DW_AT_type
	.byte	19                              @ DW_FORM_ref4
	.byte	63                              @ DW_AT_external
	.byte	25                              @ DW_FORM_flag_present
	.byte	0                               @ EOM(1)
	.byte	0                               @ EOM(2)
	.byte	6                               @ Abbreviation Code
	.byte	5                               @ DW_TAG_formal_parameter
	.byte	0                               @ DW_CHILDREN_no
	.byte	2                               @ DW_AT_location
	.byte	23                              @ DW_FORM_sec_offset
	.byte	3                               @ DW_AT_name
	.byte	14                              @ DW_FORM_strp
	.byte	58                              @ DW_AT_decl_file
	.byte	11                              @ DW_FORM_data1
	.byte	59                              @ DW_AT_decl_line
	.byte	11                              @ DW_FORM_data1
	.byte	73                              @ DW_AT_type
	.byte	19                              @ DW_FORM_ref4
	.byte	0                               @ EOM(1)
	.byte	0                               @ EOM(2)
	.byte	7                               @ Abbreviation Code
	.byte	52                              @ DW_TAG_variable
	.byte	0                               @ DW_CHILDREN_no
	.byte	2                               @ DW_AT_location
	.byte	23                              @ DW_FORM_sec_offset
	.byte	3                               @ DW_AT_name
	.byte	14                              @ DW_FORM_strp
	.byte	58                              @ DW_AT_decl_file
	.byte	11                              @ DW_FORM_data1
	.byte	59                              @ DW_AT_decl_line
	.byte	11                              @ DW_FORM_data1
	.byte	73                              @ DW_AT_type
	.byte	19                              @ DW_FORM_ref4
	.byte	0                               @ EOM(1)
	.byte	0                               @ EOM(2)
	.byte	8                               @ Abbreviation Code
	.byte	46                              @ DW_TAG_subprogram
	.byte	1                               @ DW_CHILDREN_yes
	.byte	17                              @ DW_AT_low_pc
	.byte	1                               @ DW_FORM_addr
	.byte	18                              @ DW_AT_high_pc
	.byte	6                               @ DW_FORM_data4
	.byte	64                              @ DW_AT_frame_base
	.byte	24                              @ DW_FORM_exprloc
	.ascii	"\227B"                         @ DW_AT_GNU_all_call_sites
	.byte	25                              @ DW_FORM_flag_present
	.byte	3                               @ DW_AT_name
	.byte	14                              @ DW_FORM_strp
	.byte	58                              @ DW_AT_decl_file
	.byte	11                              @ DW_FORM_data1
	.byte	59                              @ DW_AT_decl_line
	.byte	11                              @ DW_FORM_data1
	.byte	39                              @ DW_AT_prototyped
	.byte	25                              @ DW_FORM_flag_present
	.byte	63                              @ DW_AT_external
	.byte	25                              @ DW_FORM_flag_present
	.byte	0                               @ EOM(1)
	.byte	0                               @ EOM(2)
	.byte	9                               @ Abbreviation Code
	.byte	5                               @ DW_TAG_formal_parameter
	.byte	0                               @ DW_CHILDREN_no
	.byte	2                               @ DW_AT_location
	.byte	24                              @ DW_FORM_exprloc
	.byte	3                               @ DW_AT_name
	.byte	14                              @ DW_FORM_strp
	.byte	58                              @ DW_AT_decl_file
	.byte	11                              @ DW_FORM_data1
	.byte	59                              @ DW_AT_decl_line
	.byte	11                              @ DW_FORM_data1
	.byte	73                              @ DW_AT_type
	.byte	19                              @ DW_FORM_ref4
	.byte	0                               @ EOM(1)
	.byte	0                               @ EOM(2)
	.byte	10                              @ Abbreviation Code
	.byte	15                              @ DW_TAG_pointer_type
	.byte	0                               @ DW_CHILDREN_no
	.byte	73                              @ DW_AT_type
	.byte	19                              @ DW_FORM_ref4
	.byte	0                               @ EOM(1)
	.byte	0                               @ EOM(2)
	.byte	11                              @ Abbreviation Code
	.byte	22                              @ DW_TAG_typedef
	.byte	0                               @ DW_CHILDREN_no
	.byte	73                              @ DW_AT_type
	.byte	19                              @ DW_FORM_ref4
	.byte	3                               @ DW_AT_name
	.byte	14                              @ DW_FORM_strp
	.byte	58                              @ DW_AT_decl_file
	.byte	11                              @ DW_FORM_data1
	.byte	59                              @ DW_AT_decl_line
	.byte	11                              @ DW_FORM_data1
	.byte	0                               @ EOM(1)
	.byte	0                               @ EOM(2)
	.byte	12                              @ Abbreviation Code
	.byte	19                              @ DW_TAG_structure_type
	.byte	1                               @ DW_CHILDREN_yes
	.byte	11                              @ DW_AT_byte_size
	.byte	11                              @ DW_FORM_data1
	.byte	58                              @ DW_AT_decl_file
	.byte	11                              @ DW_FORM_data1
	.byte	59                              @ DW_AT_decl_line
	.byte	11                              @ DW_FORM_data1
	.byte	0                               @ EOM(1)
	.byte	0                               @ EOM(2)
	.byte	13                              @ Abbreviation Code
	.byte	13                              @ DW_TAG_member
	.byte	0                               @ DW_CHILDREN_no
	.byte	3                               @ DW_AT_name
	.byte	14                              @ DW_FORM_strp
	.byte	73                              @ DW_AT_type
	.byte	19                              @ DW_FORM_ref4
	.byte	58                              @ DW_AT_decl_file
	.byte	11                              @ DW_FORM_data1
	.byte	59                              @ DW_AT_decl_line
	.byte	11                              @ DW_FORM_data1
	.byte	56                              @ DW_AT_data_member_location
	.byte	11                              @ DW_FORM_data1
	.byte	0                               @ EOM(1)
	.byte	0                               @ EOM(2)
	.byte	14                              @ Abbreviation Code
	.byte	19                              @ DW_TAG_structure_type
	.byte	1                               @ DW_CHILDREN_yes
	.byte	3                               @ DW_AT_name
	.byte	14                              @ DW_FORM_strp
	.byte	11                              @ DW_AT_byte_size
	.byte	11                              @ DW_FORM_data1
	.byte	58                              @ DW_AT_decl_file
	.byte	11                              @ DW_FORM_data1
	.byte	59                              @ DW_AT_decl_line
	.byte	11                              @ DW_FORM_data1
	.byte	0                               @ EOM(1)
	.byte	0                               @ EOM(2)
	.byte	15                              @ Abbreviation Code
	.byte	21                              @ DW_TAG_subroutine_type
	.byte	1                               @ DW_CHILDREN_yes
	.byte	73                              @ DW_AT_type
	.byte	19                              @ DW_FORM_ref4
	.byte	39                              @ DW_AT_prototyped
	.byte	25                              @ DW_FORM_flag_present
	.byte	0                               @ EOM(1)
	.byte	0                               @ EOM(2)
	.byte	16                              @ Abbreviation Code
	.byte	5                               @ DW_TAG_formal_parameter
	.byte	0                               @ DW_CHILDREN_no
	.byte	73                              @ DW_AT_type
	.byte	19                              @ DW_FORM_ref4
	.byte	0                               @ EOM(1)
	.byte	0                               @ EOM(2)
	.byte	17                              @ Abbreviation Code
	.byte	38                              @ DW_TAG_const_type
	.byte	0                               @ DW_CHILDREN_no
	.byte	0                               @ EOM(1)
	.byte	0                               @ EOM(2)
	.byte	18                              @ Abbreviation Code
	.byte	13                              @ DW_TAG_member
	.byte	0                               @ DW_CHILDREN_no
	.byte	3                               @ DW_AT_name
	.byte	14                              @ DW_FORM_strp
	.byte	73                              @ DW_AT_type
	.byte	19                              @ DW_FORM_ref4
	.byte	58                              @ DW_AT_decl_file
	.byte	11                              @ DW_FORM_data1
	.byte	59                              @ DW_AT_decl_line
	.byte	11                              @ DW_FORM_data1
	.byte	11                              @ DW_AT_byte_size
	.byte	11                              @ DW_FORM_data1
	.byte	13                              @ DW_AT_bit_size
	.byte	11                              @ DW_FORM_data1
	.byte	12                              @ DW_AT_bit_offset
	.byte	11                              @ DW_FORM_data1
	.byte	56                              @ DW_AT_data_member_location
	.byte	11                              @ DW_FORM_data1
	.byte	0                               @ EOM(1)
	.byte	0                               @ EOM(2)
	.byte	19                              @ Abbreviation Code
	.byte	21                              @ DW_TAG_subroutine_type
	.byte	1                               @ DW_CHILDREN_yes
	.byte	39                              @ DW_AT_prototyped
	.byte	25                              @ DW_FORM_flag_present
	.byte	0                               @ EOM(1)
	.byte	0                               @ EOM(2)
	.byte	20                              @ Abbreviation Code
	.byte	15                              @ DW_TAG_pointer_type
	.byte	0                               @ DW_CHILDREN_no
	.byte	0                               @ EOM(1)
	.byte	0                               @ EOM(2)
	.byte	21                              @ Abbreviation Code
	.byte	23                              @ DW_TAG_union_type
	.byte	1                               @ DW_CHILDREN_yes
	.byte	11                              @ DW_AT_byte_size
	.byte	11                              @ DW_FORM_data1
	.byte	58                              @ DW_AT_decl_file
	.byte	11                              @ DW_FORM_data1
	.byte	59                              @ DW_AT_decl_line
	.byte	11                              @ DW_FORM_data1
	.byte	0                               @ EOM(1)
	.byte	0                               @ EOM(2)
	.byte	22                              @ Abbreviation Code
	.byte	38                              @ DW_TAG_const_type
	.byte	0                               @ DW_CHILDREN_no
	.byte	73                              @ DW_AT_type
	.byte	19                              @ DW_FORM_ref4
	.byte	0                               @ EOM(1)
	.byte	0                               @ EOM(2)
	.byte	0                               @ EOM(3)
	.section	.debug_info,"",%progbits
.Lcu_begin0:
	.long	.Ldebug_info_end0-.Ldebug_info_start0 @ Length of Unit
.Ldebug_info_start0:
	.short	4                               @ DWARF version number
	.long	.debug_abbrev                   @ Offset Into Abbrev. Section
	.byte	4                               @ Address Size (in bytes)
	.byte	1                               @ Abbrev [1] 0xb:0x3f3 DW_TAG_compile_unit
	.long	.Linfo_string0                  @ DW_AT_producer
	.short	12                              @ DW_AT_language
	.long	.Linfo_string1                  @ DW_AT_name
	.long	.Lline_table_start0             @ DW_AT_stmt_list
	.long	.Linfo_string2                  @ DW_AT_comp_dir
	.long	0                               @ DW_AT_low_pc
	.long	.Ldebug_ranges0                 @ DW_AT_ranges
	.byte	2                               @ Abbrev [2] 0x26:0x15 DW_TAG_enumeration_type
	.long	59                              @ DW_AT_type
	.byte	1                               @ DW_AT_byte_size
	.byte	1                               @ DW_AT_decl_file
	.byte	42                              @ DW_AT_decl_line
	.byte	3                               @ Abbrev [3] 0x2e:0x6 DW_TAG_enumerator
	.long	.Linfo_string4                  @ DW_AT_name
	.byte	0                               @ DW_AT_const_value
	.byte	3                               @ Abbrev [3] 0x34:0x6 DW_TAG_enumerator
	.long	.Linfo_string5                  @ DW_AT_name
	.byte	1                               @ DW_AT_const_value
	.byte	0                               @ End Of Children Mark
	.byte	4                               @ Abbrev [4] 0x3b:0x7 DW_TAG_base_type
	.long	.Linfo_string3                  @ DW_AT_name
	.byte	8                               @ DW_AT_encoding
	.byte	1                               @ DW_AT_byte_size
	.byte	5                               @ Abbrev [5] 0x42:0x70 DW_TAG_subprogram
	.long	.Lfunc_begin0                   @ DW_AT_low_pc
	.long	.Lfunc_end0-.Lfunc_begin0       @ DW_AT_high_pc
	.byte	1                               @ DW_AT_frame_base
	.byte	93
                                        @ DW_AT_GNU_all_call_sites
	.long	.Linfo_string6                  @ DW_AT_name
	.byte	2                               @ DW_AT_decl_file
	.byte	63                              @ DW_AT_decl_line
                                        @ DW_AT_prototyped
	.long	240                             @ DW_AT_type
                                        @ DW_AT_external
	.byte	6                               @ Abbrev [6] 0x57:0xf DW_TAG_formal_parameter
	.long	.Ldebug_loc0                    @ DW_AT_location
	.long	.Linfo_string33                 @ DW_AT_name
	.byte	2                               @ DW_AT_decl_file
	.byte	63                              @ DW_AT_decl_line
	.long	574                             @ DW_AT_type
	.byte	6                               @ Abbrev [6] 0x66:0xf DW_TAG_formal_parameter
	.long	.Ldebug_loc3                    @ DW_AT_location
	.long	.Linfo_string34                 @ DW_AT_name
	.byte	2                               @ DW_AT_decl_file
	.byte	63                              @ DW_AT_decl_line
	.long	846                             @ DW_AT_type
	.byte	6                               @ Abbrev [6] 0x75:0xf DW_TAG_formal_parameter
	.long	.Ldebug_loc1                    @ DW_AT_location
	.long	.Linfo_string44                 @ DW_AT_name
	.byte	2                               @ DW_AT_decl_file
	.byte	63                              @ DW_AT_decl_line
	.long	965                             @ DW_AT_type
	.byte	7                               @ Abbrev [7] 0x84:0xf DW_TAG_variable
	.long	.Ldebug_loc2                    @ DW_AT_location
	.long	.Linfo_string60                 @ DW_AT_name
	.byte	2                               @ DW_AT_decl_file
	.byte	66                              @ DW_AT_decl_line
	.long	240                             @ DW_AT_type
	.byte	7                               @ Abbrev [7] 0x93:0xf DW_TAG_variable
	.long	.Ldebug_loc4                    @ DW_AT_location
	.long	.Linfo_string61                 @ DW_AT_name
	.byte	2                               @ DW_AT_decl_file
	.byte	122                             @ DW_AT_decl_line
	.long	676                             @ DW_AT_type
	.byte	7                               @ Abbrev [7] 0xa2:0xf DW_TAG_variable
	.long	.Ldebug_loc5                    @ DW_AT_location
	.long	.Linfo_string62                 @ DW_AT_name
	.byte	2                               @ DW_AT_decl_file
	.byte	123                             @ DW_AT_decl_line
	.long	547                             @ DW_AT_type
	.byte	0                               @ End Of Children Mark
	.byte	8                               @ Abbrev [8] 0xb2:0x1f DW_TAG_subprogram
	.long	.Lfunc_begin1                   @ DW_AT_low_pc
	.long	.Lfunc_end1-.Lfunc_begin1       @ DW_AT_high_pc
	.byte	1                               @ DW_AT_frame_base
	.byte	93
                                        @ DW_AT_GNU_all_call_sites
	.long	.Linfo_string58                 @ DW_AT_name
	.byte	2                               @ DW_AT_decl_file
	.byte	149                             @ DW_AT_decl_line
                                        @ DW_AT_prototyped
                                        @ DW_AT_external
	.byte	9                               @ Abbrev [9] 0xc3:0xd DW_TAG_formal_parameter
	.byte	1                               @ DW_AT_location
	.byte	80
	.long	.Linfo_string63                 @ DW_AT_name
	.byte	2                               @ DW_AT_decl_file
	.byte	149                             @ DW_AT_decl_line
	.long	947                             @ DW_AT_type
	.byte	0                               @ End Of Children Mark
	.byte	8                               @ Abbrev [8] 0xd1:0x1f DW_TAG_subprogram
	.long	.Lfunc_begin2                   @ DW_AT_low_pc
	.long	.Lfunc_end2-.Lfunc_begin2       @ DW_AT_high_pc
	.byte	1                               @ DW_AT_frame_base
	.byte	93
                                        @ DW_AT_GNU_all_call_sites
	.long	.Linfo_string59                 @ DW_AT_name
	.byte	2                               @ DW_AT_decl_file
	.byte	180                             @ DW_AT_decl_line
                                        @ DW_AT_prototyped
                                        @ DW_AT_external
	.byte	9                               @ Abbrev [9] 0xe2:0xd DW_TAG_formal_parameter
	.byte	1                               @ DW_AT_location
	.byte	80
	.long	.Linfo_string33                 @ DW_AT_name
	.byte	2                               @ DW_AT_decl_file
	.byte	180                             @ DW_AT_decl_line
	.long	574                             @ DW_AT_type
	.byte	0                               @ End Of Children Mark
	.byte	10                              @ Abbrev [10] 0xf0:0x5 DW_TAG_pointer_type
	.long	245                             @ DW_AT_type
	.byte	11                              @ Abbrev [11] 0xf5:0xb DW_TAG_typedef
	.long	256                             @ DW_AT_type
	.long	.Linfo_string57                 @ DW_AT_name
	.byte	8                               @ DW_AT_decl_file
	.byte	38                              @ DW_AT_decl_line
	.byte	12                              @ Abbrev [12] 0x100:0x1d DW_TAG_structure_type
	.byte	44                              @ DW_AT_byte_size
	.byte	8                               @ DW_AT_decl_file
	.byte	31                              @ DW_AT_decl_line
	.byte	13                              @ Abbrev [13] 0x104:0xc DW_TAG_member
	.long	.Linfo_string7                  @ DW_AT_name
	.long	285                             @ DW_AT_type
	.byte	8                               @ DW_AT_decl_file
	.byte	32                              @ DW_AT_decl_line
	.byte	0                               @ DW_AT_data_member_location
	.byte	13                              @ Abbrev [13] 0x110:0xc DW_TAG_member
	.long	.Linfo_string56                 @ DW_AT_name
	.long	965                             @ DW_AT_type
	.byte	8                               @ DW_AT_decl_file
	.byte	37                              @ DW_AT_decl_line
	.byte	40                              @ DW_AT_data_member_location
	.byte	0                               @ End Of Children Mark
	.byte	11                              @ Abbrev [11] 0x11d:0xb DW_TAG_typedef
	.long	296                             @ DW_AT_type
	.long	.Linfo_string55                 @ DW_AT_name
	.byte	5                               @ DW_AT_decl_file
	.byte	132                             @ DW_AT_decl_line
	.byte	14                              @ Abbrev [14] 0x128:0x81 DW_TAG_structure_type
	.long	.Linfo_string54                 @ DW_AT_name
	.byte	40                              @ DW_AT_byte_size
	.byte	5                               @ DW_AT_decl_file
	.byte	99                              @ DW_AT_decl_line
	.byte	13                              @ Abbrev [13] 0x130:0xc DW_TAG_member
	.long	.Linfo_string8                  @ DW_AT_name
	.long	425                             @ DW_AT_type
	.byte	5                               @ DW_AT_decl_file
	.byte	101                             @ DW_AT_decl_line
	.byte	0                               @ DW_AT_data_member_location
	.byte	13                              @ Abbrev [13] 0x13c:0xc DW_TAG_member
	.long	.Linfo_string33                 @ DW_AT_name
	.long	574                             @ DW_AT_type
	.byte	5                               @ DW_AT_decl_file
	.byte	104                             @ DW_AT_decl_line
	.byte	4                               @ DW_AT_data_member_location
	.byte	13                              @ Abbrev [13] 0x148:0xc DW_TAG_member
	.long	.Linfo_string34                 @ DW_AT_name
	.long	846                             @ DW_AT_type
	.byte	5                               @ DW_AT_decl_file
	.byte	107                             @ DW_AT_decl_line
	.byte	8                               @ DW_AT_data_member_location
	.byte	13                              @ Abbrev [13] 0x154:0xc DW_TAG_member
	.long	.Linfo_string44                 @ DW_AT_name
	.long	965                             @ DW_AT_type
	.byte	5                               @ DW_AT_decl_file
	.byte	110                             @ DW_AT_decl_line
	.byte	12                              @ DW_AT_data_member_location
	.byte	13                              @ Abbrev [13] 0x160:0xc DW_TAG_member
	.long	.Linfo_string47                 @ DW_AT_name
	.long	983                             @ DW_AT_type
	.byte	5                               @ DW_AT_decl_file
	.byte	113                             @ DW_AT_decl_line
	.byte	16                              @ DW_AT_data_member_location
	.byte	13                              @ Abbrev [13] 0x16c:0xc DW_TAG_member
	.long	.Linfo_string49                 @ DW_AT_name
	.long	585                             @ DW_AT_type
	.byte	5                               @ DW_AT_decl_file
	.byte	116                             @ DW_AT_decl_line
	.byte	20                              @ DW_AT_data_member_location
	.byte	13                              @ Abbrev [13] 0x178:0xc DW_TAG_member
	.long	.Linfo_string50                 @ DW_AT_name
	.long	994                             @ DW_AT_type
	.byte	5                               @ DW_AT_decl_file
	.byte	120                             @ DW_AT_decl_line
	.byte	24                              @ DW_AT_data_member_location
	.byte	13                              @ Abbrev [13] 0x184:0xc DW_TAG_member
	.long	.Linfo_string51                 @ DW_AT_name
	.long	676                             @ DW_AT_type
	.byte	5                               @ DW_AT_decl_file
	.byte	124                             @ DW_AT_decl_line
	.byte	28                              @ DW_AT_data_member_location
	.byte	13                              @ Abbrev [13] 0x190:0xc DW_TAG_member
	.long	.Linfo_string52                 @ DW_AT_name
	.long	1004                            @ DW_AT_type
	.byte	5                               @ DW_AT_decl_file
	.byte	128                             @ DW_AT_decl_line
	.byte	32                              @ DW_AT_data_member_location
	.byte	13                              @ Abbrev [13] 0x19c:0xc DW_TAG_member
	.long	.Linfo_string30                 @ DW_AT_name
	.long	845                             @ DW_AT_type
	.byte	5                               @ DW_AT_decl_file
	.byte	131                             @ DW_AT_decl_line
	.byte	36                              @ DW_AT_data_member_location
	.byte	0                               @ End Of Children Mark
	.byte	10                              @ Abbrev [10] 0x1a9:0x5 DW_TAG_pointer_type
	.long	430                             @ DW_AT_type
	.byte	11                              @ Abbrev [11] 0x1ae:0xb DW_TAG_typedef
	.long	441                             @ DW_AT_type
	.long	.Linfo_string32                 @ DW_AT_name
	.byte	5                               @ DW_AT_decl_file
	.byte	95                              @ DW_AT_decl_line
	.byte	14                              @ Abbrev [14] 0x1b9:0x45 DW_TAG_structure_type
	.long	.Linfo_string31                 @ DW_AT_name
	.byte	20                              @ DW_AT_byte_size
	.byte	5                               @ DW_AT_decl_file
	.byte	86                              @ DW_AT_decl_line
	.byte	13                              @ Abbrev [13] 0x1c1:0xc DW_TAG_member
	.long	.Linfo_string9                  @ DW_AT_name
	.long	510                             @ DW_AT_type
	.byte	5                               @ DW_AT_decl_file
	.byte	87                              @ DW_AT_decl_line
	.byte	0                               @ DW_AT_data_member_location
	.byte	13                              @ Abbrev [13] 0x1cd:0xc DW_TAG_member
	.long	.Linfo_string21                 @ DW_AT_name
	.long	694                             @ DW_AT_type
	.byte	5                               @ DW_AT_decl_file
	.byte	88                              @ DW_AT_decl_line
	.byte	4                               @ DW_AT_data_member_location
	.byte	13                              @ Abbrev [13] 0x1d9:0xc DW_TAG_member
	.long	.Linfo_string23                 @ DW_AT_name
	.long	731                             @ DW_AT_type
	.byte	5                               @ DW_AT_decl_file
	.byte	89                              @ DW_AT_decl_line
	.byte	8                               @ DW_AT_data_member_location
	.byte	13                              @ Abbrev [13] 0x1e5:0xc DW_TAG_member
	.long	.Linfo_string28                 @ DW_AT_name
	.long	817                             @ DW_AT_type
	.byte	5                               @ DW_AT_decl_file
	.byte	90                              @ DW_AT_decl_line
	.byte	12                              @ DW_AT_data_member_location
	.byte	13                              @ Abbrev [13] 0x1f1:0xc DW_TAG_member
	.long	.Linfo_string30                 @ DW_AT_name
	.long	845                             @ DW_AT_type
	.byte	5                               @ DW_AT_decl_file
	.byte	93                              @ DW_AT_decl_line
	.byte	16                              @ DW_AT_data_member_location
	.byte	0                               @ End Of Children Mark
	.byte	11                              @ Abbrev [11] 0x1fe:0xb DW_TAG_typedef
	.long	521                             @ DW_AT_type
	.long	.Linfo_string20                 @ DW_AT_name
	.byte	5                               @ DW_AT_decl_file
	.byte	54                              @ DW_AT_decl_line
	.byte	10                              @ Abbrev [10] 0x209:0x5 DW_TAG_pointer_type
	.long	526                             @ DW_AT_type
	.byte	15                              @ Abbrev [15] 0x20e:0x15 DW_TAG_subroutine_type
	.long	547                             @ DW_AT_type
                                        @ DW_AT_prototyped
	.byte	16                              @ Abbrev [16] 0x213:0x5 DW_TAG_formal_parameter
	.long	569                             @ DW_AT_type
	.byte	16                              @ Abbrev [16] 0x218:0x5 DW_TAG_formal_parameter
	.long	574                             @ DW_AT_type
	.byte	16                              @ Abbrev [16] 0x21d:0x5 DW_TAG_formal_parameter
	.long	580                             @ DW_AT_type
	.byte	0                               @ End Of Children Mark
	.byte	11                              @ Abbrev [11] 0x223:0xb DW_TAG_typedef
	.long	558                             @ DW_AT_type
	.long	.Linfo_string11                 @ DW_AT_name
	.byte	1                               @ DW_AT_decl_file
	.byte	47                              @ DW_AT_decl_line
	.byte	11                              @ Abbrev [11] 0x22e:0xb DW_TAG_typedef
	.long	59                              @ DW_AT_type
	.long	.Linfo_string10                 @ DW_AT_name
	.byte	3                               @ DW_AT_decl_file
	.byte	62                              @ DW_AT_decl_line
	.byte	10                              @ Abbrev [10] 0x239:0x5 DW_TAG_pointer_type
	.long	441                             @ DW_AT_type
	.byte	10                              @ Abbrev [10] 0x23e:0x5 DW_TAG_pointer_type
	.long	579                             @ DW_AT_type
	.byte	17                              @ Abbrev [17] 0x243:0x1 DW_TAG_const_type
	.byte	10                              @ Abbrev [10] 0x244:0x5 DW_TAG_pointer_type
	.long	585                             @ DW_AT_type
	.byte	11                              @ Abbrev [11] 0x249:0xb DW_TAG_typedef
	.long	596                             @ DW_AT_type
	.long	.Linfo_string19                 @ DW_AT_name
	.byte	4                               @ DW_AT_decl_file
	.byte	130                             @ DW_AT_decl_line
	.byte	12                              @ Abbrev [12] 0x254:0x50 DW_TAG_structure_type
	.byte	4                               @ DW_AT_byte_size
	.byte	4                               @ DW_AT_decl_file
	.byte	120                             @ DW_AT_decl_line
	.byte	18                              @ Abbrev [18] 0x258:0xf DW_TAG_member
	.long	.Linfo_string12                 @ DW_AT_name
	.long	676                             @ DW_AT_type
	.byte	4                               @ DW_AT_decl_file
	.byte	122                             @ DW_AT_decl_line
	.byte	4                               @ DW_AT_byte_size
	.byte	5                               @ DW_AT_bit_size
	.byte	27                              @ DW_AT_bit_offset
	.byte	0                               @ DW_AT_data_member_location
	.byte	18                              @ Abbrev [18] 0x267:0xf DW_TAG_member
	.long	.Linfo_string15                 @ DW_AT_name
	.long	676                             @ DW_AT_type
	.byte	4                               @ DW_AT_decl_file
	.byte	123                             @ DW_AT_decl_line
	.byte	4                               @ DW_AT_byte_size
	.byte	3                               @ DW_AT_bit_size
	.byte	24                              @ DW_AT_bit_offset
	.byte	0                               @ DW_AT_data_member_location
	.byte	18                              @ Abbrev [18] 0x276:0xf DW_TAG_member
	.long	.Linfo_string16                 @ DW_AT_name
	.long	676                             @ DW_AT_type
	.byte	4                               @ DW_AT_decl_file
	.byte	126                             @ DW_AT_decl_line
	.byte	4                               @ DW_AT_byte_size
	.byte	2                               @ DW_AT_bit_size
	.byte	22                              @ DW_AT_bit_offset
	.byte	0                               @ DW_AT_data_member_location
	.byte	18                              @ Abbrev [18] 0x285:0xf DW_TAG_member
	.long	.Linfo_string17                 @ DW_AT_name
	.long	676                             @ DW_AT_type
	.byte	4                               @ DW_AT_decl_file
	.byte	128                             @ DW_AT_decl_line
	.byte	4                               @ DW_AT_byte_size
	.byte	11                              @ DW_AT_bit_size
	.byte	11                              @ DW_AT_bit_offset
	.byte	0                               @ DW_AT_data_member_location
	.byte	18                              @ Abbrev [18] 0x294:0xf DW_TAG_member
	.long	.Linfo_string18                 @ DW_AT_name
	.long	676                             @ DW_AT_type
	.byte	4                               @ DW_AT_decl_file
	.byte	129                             @ DW_AT_decl_line
	.byte	4                               @ DW_AT_byte_size
	.byte	11                              @ DW_AT_bit_size
	.byte	0                               @ DW_AT_bit_offset
	.byte	0                               @ DW_AT_data_member_location
	.byte	0                               @ End Of Children Mark
	.byte	11                              @ Abbrev [11] 0x2a4:0xb DW_TAG_typedef
	.long	687                             @ DW_AT_type
	.long	.Linfo_string14                 @ DW_AT_name
	.byte	3                               @ DW_AT_decl_file
	.byte	64                              @ DW_AT_decl_line
	.byte	4                               @ Abbrev [4] 0x2af:0x7 DW_TAG_base_type
	.long	.Linfo_string13                 @ DW_AT_name
	.byte	7                               @ DW_AT_encoding
	.byte	4                               @ DW_AT_byte_size
	.byte	11                              @ Abbrev [11] 0x2b6:0xb DW_TAG_typedef
	.long	705                             @ DW_AT_type
	.long	.Linfo_string22                 @ DW_AT_name
	.byte	5                               @ DW_AT_decl_file
	.byte	62                              @ DW_AT_decl_line
	.byte	10                              @ Abbrev [10] 0x2c1:0x5 DW_TAG_pointer_type
	.long	710                             @ DW_AT_type
	.byte	15                              @ Abbrev [15] 0x2c6:0x10 DW_TAG_subroutine_type
	.long	547                             @ DW_AT_type
                                        @ DW_AT_prototyped
	.byte	16                              @ Abbrev [16] 0x2cb:0x5 DW_TAG_formal_parameter
	.long	569                             @ DW_AT_type
	.byte	16                              @ Abbrev [16] 0x2d0:0x5 DW_TAG_formal_parameter
	.long	726                             @ DW_AT_type
	.byte	0                               @ End Of Children Mark
	.byte	10                              @ Abbrev [10] 0x2d6:0x5 DW_TAG_pointer_type
	.long	296                             @ DW_AT_type
	.byte	11                              @ Abbrev [11] 0x2db:0xb DW_TAG_typedef
	.long	742                             @ DW_AT_type
	.long	.Linfo_string27                 @ DW_AT_name
	.byte	5                               @ DW_AT_decl_file
	.byte	75                              @ DW_AT_decl_line
	.byte	10                              @ Abbrev [10] 0x2e6:0x5 DW_TAG_pointer_type
	.long	747                             @ DW_AT_type
	.byte	15                              @ Abbrev [15] 0x2eb:0x24 DW_TAG_subroutine_type
	.long	547                             @ DW_AT_type
                                        @ DW_AT_prototyped
	.byte	16                              @ Abbrev [16] 0x2f0:0x5 DW_TAG_formal_parameter
	.long	569                             @ DW_AT_type
	.byte	16                              @ Abbrev [16] 0x2f5:0x5 DW_TAG_formal_parameter
	.long	726                             @ DW_AT_type
	.byte	16                              @ Abbrev [16] 0x2fa:0x5 DW_TAG_formal_parameter
	.long	783                             @ DW_AT_type
	.byte	16                              @ Abbrev [16] 0x2ff:0x5 DW_TAG_formal_parameter
	.long	783                             @ DW_AT_type
	.byte	16                              @ Abbrev [16] 0x304:0x5 DW_TAG_formal_parameter
	.long	783                             @ DW_AT_type
	.byte	16                              @ Abbrev [16] 0x309:0x5 DW_TAG_formal_parameter
	.long	812                             @ DW_AT_type
	.byte	0                               @ End Of Children Mark
	.byte	11                              @ Abbrev [11] 0x30f:0xb DW_TAG_typedef
	.long	794                             @ DW_AT_type
	.long	.Linfo_string26                 @ DW_AT_name
	.byte	6                               @ DW_AT_decl_file
	.byte	27                              @ DW_AT_decl_line
	.byte	11                              @ Abbrev [11] 0x31a:0xb DW_TAG_typedef
	.long	805                             @ DW_AT_type
	.long	.Linfo_string25                 @ DW_AT_name
	.byte	3                               @ DW_AT_decl_file
	.byte	57                              @ DW_AT_decl_line
	.byte	4                               @ Abbrev [4] 0x325:0x7 DW_TAG_base_type
	.long	.Linfo_string24                 @ DW_AT_name
	.byte	5                               @ DW_AT_encoding
	.byte	2                               @ DW_AT_byte_size
	.byte	10                              @ Abbrev [10] 0x32c:0x5 DW_TAG_pointer_type
	.long	558                             @ DW_AT_type
	.byte	11                              @ Abbrev [11] 0x331:0xb DW_TAG_typedef
	.long	828                             @ DW_AT_type
	.long	.Linfo_string29                 @ DW_AT_name
	.byte	5                               @ DW_AT_decl_file
	.byte	83                              @ DW_AT_decl_line
	.byte	10                              @ Abbrev [10] 0x33c:0x5 DW_TAG_pointer_type
	.long	833                             @ DW_AT_type
	.byte	19                              @ Abbrev [19] 0x341:0xc DW_TAG_subroutine_type
                                        @ DW_AT_prototyped
	.byte	16                              @ Abbrev [16] 0x342:0x5 DW_TAG_formal_parameter
	.long	569                             @ DW_AT_type
	.byte	16                              @ Abbrev [16] 0x347:0x5 DW_TAG_formal_parameter
	.long	726                             @ DW_AT_type
	.byte	0                               @ End Of Children Mark
	.byte	20                              @ Abbrev [20] 0x34d:0x1 DW_TAG_pointer_type
	.byte	11                              @ Abbrev [11] 0x34e:0xb DW_TAG_typedef
	.long	857                             @ DW_AT_type
	.long	.Linfo_string43                 @ DW_AT_name
	.byte	7                               @ DW_AT_decl_file
	.byte	239                             @ DW_AT_decl_line
	.byte	11                              @ Abbrev [11] 0x359:0xb DW_TAG_typedef
	.long	868                             @ DW_AT_type
	.long	.Linfo_string42                 @ DW_AT_name
	.byte	7                               @ DW_AT_decl_file
	.byte	226                             @ DW_AT_decl_line
	.byte	21                              @ Abbrev [21] 0x364:0x4f DW_TAG_union_type
	.byte	2                               @ DW_AT_byte_size
	.byte	7                               @ DW_AT_decl_file
	.byte	212                             @ DW_AT_decl_line
	.byte	13                              @ Abbrev [13] 0x368:0xc DW_TAG_member
	.long	.Linfo_string35                 @ DW_AT_name
	.long	884                             @ DW_AT_type
	.byte	7                               @ DW_AT_decl_file
	.byte	224                             @ DW_AT_decl_line
	.byte	0                               @ DW_AT_data_member_location
	.byte	12                              @ Abbrev [12] 0x374:0x32 DW_TAG_structure_type
	.byte	2                               @ DW_AT_byte_size
	.byte	7                               @ DW_AT_decl_file
	.byte	213                             @ DW_AT_decl_line
	.byte	18                              @ Abbrev [18] 0x378:0xf DW_TAG_member
	.long	.Linfo_string36                 @ DW_AT_name
	.long	947                             @ DW_AT_type
	.byte	7                               @ DW_AT_decl_file
	.byte	215                             @ DW_AT_decl_line
	.byte	2                               @ DW_AT_byte_size
	.byte	5                               @ DW_AT_bit_size
	.byte	11                              @ DW_AT_bit_offset
	.byte	0                               @ DW_AT_data_member_location
	.byte	18                              @ Abbrev [18] 0x387:0xf DW_TAG_member
	.long	.Linfo_string39                 @ DW_AT_name
	.long	947                             @ DW_AT_type
	.byte	7                               @ DW_AT_decl_file
	.byte	216                             @ DW_AT_decl_line
	.byte	2                               @ DW_AT_byte_size
	.byte	6                               @ DW_AT_bit_size
	.byte	5                               @ DW_AT_bit_offset
	.byte	0                               @ DW_AT_data_member_location
	.byte	18                              @ Abbrev [18] 0x396:0xf DW_TAG_member
	.long	.Linfo_string40                 @ DW_AT_name
	.long	947                             @ DW_AT_type
	.byte	7                               @ DW_AT_decl_file
	.byte	217                             @ DW_AT_decl_line
	.byte	2                               @ DW_AT_byte_size
	.byte	5                               @ DW_AT_bit_size
	.byte	0                               @ DW_AT_bit_offset
	.byte	0                               @ DW_AT_data_member_location
	.byte	0                               @ End Of Children Mark
	.byte	13                              @ Abbrev [13] 0x3a6:0xc DW_TAG_member
	.long	.Linfo_string41                 @ DW_AT_name
	.long	947                             @ DW_AT_type
	.byte	7                               @ DW_AT_decl_file
	.byte	225                             @ DW_AT_decl_line
	.byte	0                               @ DW_AT_data_member_location
	.byte	0                               @ End Of Children Mark
	.byte	11                              @ Abbrev [11] 0x3b3:0xb DW_TAG_typedef
	.long	958                             @ DW_AT_type
	.long	.Linfo_string38                 @ DW_AT_name
	.byte	3                               @ DW_AT_decl_file
	.byte	63                              @ DW_AT_decl_line
	.byte	4                               @ Abbrev [4] 0x3be:0x7 DW_TAG_base_type
	.long	.Linfo_string37                 @ DW_AT_name
	.byte	7                               @ DW_AT_encoding
	.byte	2                               @ DW_AT_byte_size
	.byte	11                              @ Abbrev [11] 0x3c5:0xb DW_TAG_typedef
	.long	976                             @ DW_AT_type
	.long	.Linfo_string46                 @ DW_AT_name
	.byte	3                               @ DW_AT_decl_file
	.byte	58                              @ DW_AT_decl_line
	.byte	4                               @ Abbrev [4] 0x3d0:0x7 DW_TAG_base_type
	.long	.Linfo_string45                 @ DW_AT_name
	.byte	5                               @ DW_AT_encoding
	.byte	4                               @ DW_AT_byte_size
	.byte	11                              @ Abbrev [11] 0x3d7:0xb DW_TAG_typedef
	.long	558                             @ DW_AT_type
	.long	.Linfo_string48                 @ DW_AT_name
	.byte	5                               @ DW_AT_decl_file
	.byte	41                              @ DW_AT_decl_line
	.byte	10                              @ Abbrev [10] 0x3e2:0x5 DW_TAG_pointer_type
	.long	999                             @ DW_AT_type
	.byte	22                              @ Abbrev [22] 0x3e7:0x5 DW_TAG_const_type
	.long	558                             @ DW_AT_type
	.byte	10                              @ Abbrev [10] 0x3ec:0x5 DW_TAG_pointer_type
	.long	1009                            @ DW_AT_type
	.byte	22                              @ Abbrev [22] 0x3f1:0x5 DW_TAG_const_type
	.long	1014                            @ DW_AT_type
	.byte	4                               @ Abbrev [4] 0x3f6:0x7 DW_TAG_base_type
	.long	.Linfo_string53                 @ DW_AT_name
	.byte	8                               @ DW_AT_encoding
	.byte	1                               @ DW_AT_byte_size
	.byte	0                               @ End Of Children Mark
.Ldebug_info_end0:
	.section	.debug_ranges,"",%progbits
.Ldebug_ranges0:
	.long	.Lfunc_begin0
	.long	.Lfunc_end0
	.long	.Lfunc_begin1
	.long	.Lfunc_end1
	.long	.Lfunc_begin2
	.long	.Lfunc_end2
	.long	0
	.long	0
	.section	.debug_str,"MS",%progbits,1
.Linfo_string0:
	.asciz	"Component: ARM Compiler 6.16 Tool: armclang [5dfeb700]" @ string offset=0
.Linfo_string1:
	.asciz	"../GUILib/src/draw\\lv_img_cache.c" @ string offset=55
.Linfo_string2:
	.asciz	"C:\\Users\\Hyacincher\\Desktop\\HyTelectrl\\Code\\Project" @ string offset=89
.Linfo_string3:
	.asciz	"unsigned char"                 @ string offset=141
.Linfo_string4:
	.asciz	"LV_RES_INV"                    @ string offset=155
.Linfo_string5:
	.asciz	"LV_RES_OK"                     @ string offset=166
.Linfo_string6:
	.asciz	"_lv_img_cache_open"            @ string offset=176
.Linfo_string7:
	.asciz	"dec_dsc"                       @ string offset=195
.Linfo_string8:
	.asciz	"decoder"                       @ string offset=203
.Linfo_string9:
	.asciz	"info_cb"                       @ string offset=211
.Linfo_string10:
	.asciz	"uint8_t"                       @ string offset=219
.Linfo_string11:
	.asciz	"lv_res_t"                      @ string offset=227
.Linfo_string12:
	.asciz	"cf"                            @ string offset=236
.Linfo_string13:
	.asciz	"unsigned int"                  @ string offset=239
.Linfo_string14:
	.asciz	"uint32_t"                      @ string offset=252
.Linfo_string15:
	.asciz	"always_zero"                   @ string offset=261
.Linfo_string16:
	.asciz	"reserved"                      @ string offset=273
.Linfo_string17:
	.asciz	"w"                             @ string offset=282
.Linfo_string18:
	.asciz	"h"                             @ string offset=284
.Linfo_string19:
	.asciz	"lv_img_header_t"               @ string offset=286
.Linfo_string20:
	.asciz	"lv_img_decoder_info_f_t"       @ string offset=302
.Linfo_string21:
	.asciz	"open_cb"                       @ string offset=326
.Linfo_string22:
	.asciz	"lv_img_decoder_open_f_t"       @ string offset=334
.Linfo_string23:
	.asciz	"read_line_cb"                  @ string offset=358
.Linfo_string24:
	.asciz	"short"                         @ string offset=371
.Linfo_string25:
	.asciz	"int16_t"                       @ string offset=377
.Linfo_string26:
	.asciz	"lv_coord_t"                    @ string offset=385
.Linfo_string27:
	.asciz	"lv_img_decoder_read_line_f_t"  @ string offset=396
.Linfo_string28:
	.asciz	"close_cb"                      @ string offset=425
.Linfo_string29:
	.asciz	"lv_img_decoder_close_f_t"      @ string offset=434
.Linfo_string30:
	.asciz	"user_data"                     @ string offset=459
.Linfo_string31:
	.asciz	"_lv_img_decoder_t"             @ string offset=469
.Linfo_string32:
	.asciz	"lv_img_decoder_t"              @ string offset=487
.Linfo_string33:
	.asciz	"src"                           @ string offset=504
.Linfo_string34:
	.asciz	"color"                         @ string offset=508
.Linfo_string35:
	.asciz	"ch"                            @ string offset=514
.Linfo_string36:
	.asciz	"blue"                          @ string offset=517
.Linfo_string37:
	.asciz	"unsigned short"                @ string offset=522
.Linfo_string38:
	.asciz	"uint16_t"                      @ string offset=537
.Linfo_string39:
	.asciz	"green"                         @ string offset=546
.Linfo_string40:
	.asciz	"red"                           @ string offset=552
.Linfo_string41:
	.asciz	"full"                          @ string offset=556
.Linfo_string42:
	.asciz	"lv_color16_t"                  @ string offset=561
.Linfo_string43:
	.asciz	"lv_color_t"                    @ string offset=574
.Linfo_string44:
	.asciz	"frame_id"                      @ string offset=585
.Linfo_string45:
	.asciz	"int"                           @ string offset=594
.Linfo_string46:
	.asciz	"int32_t"                       @ string offset=598
.Linfo_string47:
	.asciz	"src_type"                      @ string offset=606
.Linfo_string48:
	.asciz	"lv_img_src_t"                  @ string offset=615
.Linfo_string49:
	.asciz	"header"                        @ string offset=628
.Linfo_string50:
	.asciz	"img_data"                      @ string offset=635
.Linfo_string51:
	.asciz	"time_to_open"                  @ string offset=644
.Linfo_string52:
	.asciz	"error_msg"                     @ string offset=657
.Linfo_string53:
	.asciz	"char"                          @ string offset=667
.Linfo_string54:
	.asciz	"_lv_img_decoder_dsc_t"         @ string offset=672
.Linfo_string55:
	.asciz	"lv_img_decoder_dsc_t"          @ string offset=694
.Linfo_string56:
	.asciz	"life"                          @ string offset=715
.Linfo_string57:
	.asciz	"_lv_img_cache_entry_t"         @ string offset=720
.Linfo_string58:
	.asciz	"lv_img_cache_set_size"         @ string offset=742
.Linfo_string59:
	.asciz	"lv_img_cache_invalidate_src"   @ string offset=764
.Linfo_string60:
	.asciz	"cached_src"                    @ string offset=792
.Linfo_string61:
	.asciz	"t_start"                       @ string offset=803
.Linfo_string62:
	.asciz	"open_res"                      @ string offset=811
.Linfo_string63:
	.asciz	"new_entry_cnt"                 @ string offset=820
	.ident	"Component: ARM Compiler 6.16 Tool: armclang [5dfeb700]"
	.section	".note.GNU-stack","",%progbits
	.eabi_attribute	30, 3	@ Tag_ABI_optimization_goals
	.ARM_attribute	16, 1	@ Tag_AV_eba
	.section	.debug_line,"",%progbits
.Lline_table_start0:
