	.text
	.syntax unified
	.eabi_attribute	67, "2.09"	@ Tag_conformance
	.cpu	cortex-m4
	.eabi_attribute	6, 13	@ Tag_CPU_arch
	.eabi_attribute	7, 77	@ Tag_CPU_arch_profile
	.eabi_attribute	8, 0	@ Tag_ARM_ISA_use
	.eabi_attribute	9, 2	@ Tag_THUMB_ISA_use
	.fpu	fpv4-sp-d16
	.eabi_attribute	27, 1	@ Tag_ABI_HardFP_use
	.eabi_attribute	36, 1	@ Tag_FP_HP_extension
	.eabi_attribute	34, 1	@ Tag_CPU_unaligned_access
	.eabi_attribute	17, 1	@ Tag_ABI_PCS_GOT_use
	.eabi_attribute	20, 2	@ Tag_ABI_FP_denormal
	.eabi_attribute	21, 0	@ Tag_ABI_FP_exceptions
	.eabi_attribute	23, 1	@ Tag_ABI_FP_number_model
	.eabi_attribute	24, 1	@ Tag_ABI_align_needed
	.eabi_attribute	25, 1	@ Tag_ABI_align_preserved
	.eabi_attribute	28, 1	@ Tag_ABI_VFP_args
	.eabi_attribute	38, 1	@ Tag_ABI_FP_16bit_format
	.eabi_attribute	18, 2	@ Tag_ABI_PCS_wchar_t
	.eabi_attribute	26, 1	@ Tag_ABI_enum_size
	.eabi_attribute	14, 0	@ Tag_ABI_PCS_R9_use
	.file	"lv_math.c"
	.file	1 "D:\\Keil MDK\\ARM\\ARMCLANG\\Bin\\..\\include" "stdint.h"
	.file	2 "C:\\Users\\Hyacincher\\Desktop\\HyTelectrl\\Code\\Project" "../GUILib/src/misc/lv_math.c"
	.section	.text.lv_trigo_sin,"ax",%progbits
	.hidden	lv_trigo_sin                    @ -- Begin function lv_trigo_sin
	.globl	lv_trigo_sin
	.p2align	1
	.type	lv_trigo_sin,%function
	.code	16                              @ @lv_trigo_sin
	.thumb_func
lv_trigo_sin:
.Lfunc_begin0:
	.loc	2 49 0                          @ ../GUILib/src/misc/lv_math.c:49:0
	.fnstart
	.cfi_sections .debug_frame
	.cfi_startproc
@ %bb.0:
	@DEBUG_VALUE: lv_trigo_sin:angle <- $r0
	movw	r1, #24759
	movt	r1, #46603
.Ltmp0:
	@DEBUG_VALUE: lv_trigo_sin:ret <- 0
	@DEBUG_VALUE: lv_trigo_sin:angle <- $r0
	.loc	2 51 25 prologue_end            @ ../GUILib/src/misc/lv_math.c:51:25
	smmla	r1, r1, r0, r0
	lsrs	r2, r1, #8
	add.w	r1, r2, r1, lsr #31
	mov.w	r2, #360
	mls	r0, r1, r2, r0
.Ltmp1:
	@DEBUG_VALUE: lv_trigo_sin:angle <- [DW_OP_LLVM_entry_value 1] $r0
	sxth	r0, r0
.Ltmp2:
	@DEBUG_VALUE: lv_trigo_sin:angle <- [DW_OP_LLVM_convert 32 7, DW_OP_LLVM_convert 16 7, DW_OP_stack_value] $r0
	.loc	2 53 8                          @ ../GUILib/src/misc/lv_math.c:53:8
	cmp	r0, #0
	it	mi
	addmi.w	r0, r0, #360
.Ltmp3:
	@DEBUG_VALUE: lv_trigo_sin:angle <- [DW_OP_LLVM_convert 32 7, DW_OP_LLVM_convert 16 7, DW_OP_stack_value] $r0
	.loc	2 55 8                          @ ../GUILib/src/misc/lv_math.c:55:8
	cmp	r0, #89
	ble	.LBB0_3
.Ltmp4:
@ %bb.1:
	@DEBUG_VALUE: lv_trigo_sin:angle <- [DW_OP_LLVM_convert 32 7, DW_OP_LLVM_convert 16 7, DW_OP_stack_value] $r0
	@DEBUG_VALUE: lv_trigo_sin:ret <- 0
	.loc	2 58 13                         @ ../GUILib/src/misc/lv_math.c:58:13
	cmp	r0, #179
	bgt	.LBB0_4
.Ltmp5:
@ %bb.2:
	@DEBUG_VALUE: lv_trigo_sin:angle <- [DW_OP_LLVM_convert 32 7, DW_OP_LLVM_convert 16 7, DW_OP_stack_value] $r0
	@DEBUG_VALUE: lv_trigo_sin:ret <- 0
	.loc	2 59 17                         @ ../GUILib/src/misc/lv_math.c:59:17
	rsb.w	r0, r0, #180
.Ltmp6:
	@DEBUG_VALUE: lv_trigo_sin:angle <- $r0
.LBB0_3:
	@DEBUG_VALUE: lv_trigo_sin:ret <- 0
	.loc	2 0 0 is_stmt 0                 @ ../GUILib/src/misc/lv_math.c:0:0
	movw	r1, :lower16:sin0_90_table
	movt	r1, :upper16:sin0_90_table
	ldrh.w	r0, [r1, r0, lsl #1]
.Ltmp7:
	@DEBUG_VALUE: lv_trigo_sin:ret <- undef
	b	.LBB0_5
.Ltmp8:
.LBB0_4:
	@DEBUG_VALUE: lv_trigo_sin:angle <- [DW_OP_LLVM_convert 32 7, DW_OP_LLVM_convert 16 7, DW_OP_stack_value] $r0
	@DEBUG_VALUE: lv_trigo_sin:ret <- 0
	.loc	2 62 13 is_stmt 1               @ ../GUILib/src/misc/lv_math.c:62:13
	cmp.w	r0, #270
.Ltmp9:
	.loc	2 67 17                         @ ../GUILib/src/misc/lv_math.c:67:17
	itee	ge
	rsbge.w	r0, r0, #360
.Ltmp10:
	.loc	2 0 17 is_stmt 0                @ ../GUILib/src/misc/lv_math.c:0:17
	movwlt	r1, #65356
.Ltmp11:
	.loc	2 63 17 is_stmt 1               @ ../GUILib/src/misc/lv_math.c:63:17
	addlt	r0, r1
.Ltmp12:
	.loc	2 0 0 is_stmt 0                 @ ../GUILib/src/misc/lv_math.c:0:0
	movw	r1, :lower16:sin0_90_table
	uxth	r0, r0
.Ltmp13:
	@DEBUG_VALUE: lv_trigo_sin:angle <- undef
	movt	r1, :upper16:sin0_90_table
	ldrh.w	r0, [r1, r0, lsl #1]
	rsbs	r0, r0, #0
.Ltmp14:
	@DEBUG_VALUE: lv_trigo_sin:ret <- $r0
.LBB0_5:
	@DEBUG_VALUE: lv_trigo_sin:ret <- $r0
	.loc	2 71 5 is_stmt 1                @ ../GUILib/src/misc/lv_math.c:71:5
	sxth	r0, r0
.Ltmp15:
	bx	lr
.Ltmp16:
.Lfunc_end0:
	.size	lv_trigo_sin, .Lfunc_end0-lv_trigo_sin
	.cfi_endproc
	.cantunwind
	.fnend
                                        @ -- End function
	.section	.text.lv_bezier3,"ax",%progbits
	.hidden	lv_bezier3                      @ -- Begin function lv_bezier3
	.globl	lv_bezier3
	.p2align	1
	.type	lv_bezier3,%function
	.code	16                              @ @lv_bezier3
	.thumb_func
lv_bezier3:
.Lfunc_begin1:
	.loc	2 84 0                          @ ../GUILib/src/misc/lv_math.c:84:0
	.fnstart
	.cfi_startproc
@ %bb.0:
	@DEBUG_VALUE: lv_bezier3:t <- $r0
	@DEBUG_VALUE: lv_bezier3:u0 <- $r1
	@DEBUG_VALUE: lv_bezier3:u1 <- $r2
	@DEBUG_VALUE: lv_bezier3:u2 <- $r3
	.save	{r4, r5, r6, r7, lr}
	push	{r4, r5, r6, r7, lr}
	.cfi_def_cfa_offset 20
	.cfi_offset lr, -4
	.cfi_offset r7, -8
	.cfi_offset r6, -12
	.cfi_offset r5, -16
	.cfi_offset r4, -20
.Ltmp17:
	.loc	2 88 26 prologue_end            @ ../GUILib/src/misc/lv_math.c:88:26
	mul	r6, r0, r0
	.loc	2 88 31 is_stmt 0               @ ../GUILib/src/misc/lv_math.c:88:31
	lsrs	r6, r6, #10
.Ltmp18:
	@DEBUG_VALUE: lv_bezier3:t2 <- $r6
	.loc	2 0 31                          @ ../GUILib/src/misc/lv_math.c:0:31
	ldr.w	r12, [sp, #20]
.Ltmp19:
	@DEBUG_VALUE: lv_bezier3:u3 <- [DW_OP_plus_uconst 20] [$sp+0]
	@DEBUG_VALUE: lv_bezier3:u2 <- $r3
	@DEBUG_VALUE: lv_bezier3:u1 <- $r2
	@DEBUG_VALUE: lv_bezier3:u0 <- $r1
	@DEBUG_VALUE: lv_bezier3:t <- $r0
	.loc	2 85 28 is_stmt 1               @ ../GUILib/src/misc/lv_math.c:85:28
	rsb.w	lr, r0, #1024
.Ltmp20:
	@DEBUG_VALUE: lv_bezier3:t_rem <- $lr
	.loc	2 89 27                         @ ../GUILib/src/misc/lv_math.c:89:27
	mul	r7, r6, r0
	.loc	2 86 30                         @ ../GUILib/src/misc/lv_math.c:86:30
	mul	r4, lr, lr
	.loc	2 89 32                         @ ../GUILib/src/misc/lv_math.c:89:32
	lsrs	r7, r7, #10
.Ltmp21:
	@DEBUG_VALUE: lv_bezier3:t3 <- $r7
	.loc	2 92 22                         @ ../GUILib/src/misc/lv_math.c:92:22
	muls	r0, r2, r0
.Ltmp22:
	@DEBUG_VALUE: lv_bezier3:t <- [DW_OP_LLVM_entry_value 1] $r0
	.loc	2 93 22                         @ ../GUILib/src/misc/lv_math.c:93:22
	mul	r2, lr, r6
.Ltmp23:
	@DEBUG_VALUE: lv_bezier3:u1 <- [DW_OP_LLVM_entry_value 1] $r2
	.loc	2 86 39                         @ ../GUILib/src/misc/lv_math.c:86:39
	lsrs	r4, r4, #10
.Ltmp24:
	@DEBUG_VALUE: lv_bezier3:t_rem2 <- $r4
	.loc	2 93 30                         @ ../GUILib/src/misc/lv_math.c:93:30
	muls	r2, r3, r2
	.loc	2 94 23                         @ ../GUILib/src/misc/lv_math.c:94:23
	mul	r3, r7, r12
.Ltmp25:
	@DEBUG_VALUE: lv_bezier3:u2 <- [DW_OP_LLVM_entry_value 1] $r3
	.loc	2 87 31                         @ ../GUILib/src/misc/lv_math.c:87:31
	mul	r5, r4, lr
	.loc	2 92 31                         @ ../GUILib/src/misc/lv_math.c:92:31
	muls	r0, r4, r0
	.loc	2 93 35                         @ ../GUILib/src/misc/lv_math.c:93:35
	add.w	r2, r2, r2, lsl #1
.Ltmp26:
	@DEBUG_VALUE: lv_bezier3:v3 <- undef
	.loc	2 94 29                         @ ../GUILib/src/misc/lv_math.c:94:29
	lsrs	r3, r3, #10
.Ltmp27:
	@DEBUG_VALUE: lv_bezier3:v4 <- $r3
	.loc	2 87 40                         @ ../GUILib/src/misc/lv_math.c:87:40
	lsrs	r5, r5, #10
.Ltmp28:
	@DEBUG_VALUE: lv_bezier3:t_rem3 <- $r5
	.loc	2 92 35                         @ ../GUILib/src/misc/lv_math.c:92:35
	add.w	r0, r0, r0, lsl #1
.Ltmp29:
	@DEBUG_VALUE: lv_bezier3:v2 <- undef
	.loc	2 96 15                         @ ../GUILib/src/misc/lv_math.c:96:15
	add.w	r2, r3, r2, lsr #20
	.loc	2 91 27                         @ ../GUILib/src/misc/lv_math.c:91:27
	muls	r1, r5, r1
.Ltmp30:
	@DEBUG_VALUE: lv_bezier3:u0 <- [DW_OP_LLVM_entry_value 1] $r1
	@DEBUG_VALUE: lv_bezier3:v1 <- undef
	.loc	2 96 20                         @ ../GUILib/src/misc/lv_math.c:96:20
	add.w	r0, r2, r0, lsr #20
	.loc	2 96 25 is_stmt 0               @ ../GUILib/src/misc/lv_math.c:96:25
	add.w	r0, r0, r1, lsr #10
	.loc	2 96 5                          @ ../GUILib/src/misc/lv_math.c:96:5
	pop	{r4, r5, r6, r7, pc}
.Ltmp31:
.Lfunc_end1:
	.size	lv_bezier3, .Lfunc_end1-lv_bezier3
	.cfi_endproc
	.cantunwind
	.fnend
                                        @ -- End function
	.section	.text.lv_sqrt,"ax",%progbits
	.hidden	lv_sqrt                         @ -- Begin function lv_sqrt
	.globl	lv_sqrt
	.p2align	1
	.type	lv_sqrt,%function
	.code	16                              @ @lv_sqrt
	.thumb_func
lv_sqrt:
.Lfunc_begin2:
	.loc	2 110 0 is_stmt 1               @ ../GUILib/src/misc/lv_math.c:110:0
	.fnstart
	.cfi_startproc
@ %bb.0:
	@DEBUG_VALUE: lv_sqrt:x <- $r0
	@DEBUG_VALUE: lv_sqrt:x <- $r0
	@DEBUG_VALUE: lv_sqrt:q <- $r1
	@DEBUG_VALUE: lv_sqrt:q <- $r1
	@DEBUG_VALUE: lv_sqrt:mask <- $r2
	@DEBUG_VALUE: lv_sqrt:mask <- $r2
	.save	{r4, lr}
	push	{r4, lr}
	.cfi_def_cfa_offset 8
	.cfi_offset lr, -4
	.cfi_offset r4, -8
.Ltmp32:
	.loc	2 111 11 prologue_end           @ ../GUILib/src/misc/lv_math.c:111:11
	lsl.w	lr, r0, #8
.Ltmp33:
	@DEBUG_VALUE: lv_sqrt:x <- $lr
	.loc	2 0 11 is_stmt 0                @ ../GUILib/src/misc/lv_math.c:0:11
	mov.w	r12, #0
.Ltmp34:
	@DEBUG_VALUE: lv_sqrt:root <- 0
	movs	r3, #0
.Ltmp35:
	.p2align	2
.LBB2_1:                                @ =>This Inner Loop Header: Depth=1
	@DEBUG_VALUE: lv_sqrt:mask <- $r2
	@DEBUG_VALUE: lv_sqrt:q <- $r1
	@DEBUG_VALUE: lv_sqrt:x <- $lr
	@DEBUG_VALUE: lv_sqrt:mask <- $r2
	@DEBUG_VALUE: lv_sqrt:root <- $r3
	.loc	2 117 22 is_stmt 1              @ ../GUILib/src/misc/lv_math.c:117:22
	adds	r0, r3, r2
.Ltmp36:
	@DEBUG_VALUE: lv_sqrt:trial <- $r3
	.loc	2 118 18                        @ ../GUILib/src/misc/lv_math.c:118:18
	mul	r4, r0, r0
.Ltmp37:
	.loc	2 118 12 is_stmt 0              @ ../GUILib/src/misc/lv_math.c:118:12
	cmp	r4, lr
	it	ls
	movls	r3, r0
.Ltmp38:
	@DEBUG_VALUE: lv_sqrt:root <- $r3
	.loc	2 120 5 is_stmt 1               @ ../GUILib/src/misc/lv_math.c:120:5
	cmp.w	r12, r2, lsr #1
	.loc	2 119 21                        @ ../GUILib/src/misc/lv_math.c:119:21
	lsr.w	r2, r2, #1
.Ltmp39:
	@DEBUG_VALUE: lv_sqrt:mask <- [DW_OP_LLVM_entry_value 1] $r2
	@DEBUG_VALUE: lv_sqrt:mask <- [DW_OP_LLVM_entry_value 1] $r2
	@DEBUG_VALUE: lv_sqrt:mask <- $r2
	@DEBUG_VALUE: lv_sqrt:mask <- $r2
	.loc	2 120 5                         @ ../GUILib/src/misc/lv_math.c:120:5
	bne	.LBB2_1
.Ltmp40:
@ %bb.2:
	@DEBUG_VALUE: lv_sqrt:root <- $r3
	@DEBUG_VALUE: lv_sqrt:mask <- $r2
	@DEBUG_VALUE: lv_sqrt:q <- $r1
	@DEBUG_VALUE: lv_sqrt:x <- $lr
	.loc	2 122 17                        @ ../GUILib/src/misc/lv_math.c:122:17
	lsrs	r0, r3, #4
	.loc	2 122 10 is_stmt 0              @ ../GUILib/src/misc/lv_math.c:122:10
	strh	r0, [r1]
	.loc	2 123 12 is_stmt 1              @ ../GUILib/src/misc/lv_math.c:123:12
	lsls	r0, r3, #4
	uxtb	r0, r0
	.loc	2 123 10 is_stmt 0              @ ../GUILib/src/misc/lv_math.c:123:10
	strh	r0, [r1, #2]
	.loc	2 124 1 is_stmt 1               @ ../GUILib/src/misc/lv_math.c:124:1
	pop	{r4, pc}
.Ltmp41:
.Lfunc_end2:
	.size	lv_sqrt, .Lfunc_end2-lv_sqrt
	.cfi_endproc
	.cantunwind
	.fnend
                                        @ -- End function
	.section	.text.lv_atan2,"ax",%progbits
	.hidden	lv_atan2                        @ -- Begin function lv_atan2
	.globl	lv_atan2
	.p2align	1
	.type	lv_atan2,%function
	.code	16                              @ @lv_atan2
	.thumb_func
lv_atan2:
.Lfunc_begin3:
	.loc	2 133 0                         @ ../GUILib/src/misc/lv_math.c:133:0
	.fnstart
	.cfi_startproc
@ %bb.0:
	@DEBUG_VALUE: lv_atan2:x <- $r0
	@DEBUG_VALUE: lv_atan2:x <- $r0
	@DEBUG_VALUE: lv_atan2:y <- $r1
	@DEBUG_VALUE: lv_atan2:y <- $r1
	.save	{r7, lr}
	push	{r7, lr}
	.cfi_def_cfa_offset 8
	.cfi_offset lr, -4
	.cfi_offset r7, -8
.Ltmp42:
	@DEBUG_VALUE: lv_atan2:negflag <- 0
	.loc	2 153 8 prologue_end            @ ../GUILib/src/misc/lv_math.c:153:8
	cmp	r0, #0
	lsr.w	lr, r0, #31
	bpl	.LBB3_2
.Ltmp43:
@ %bb.1:
	@DEBUG_VALUE: lv_atan2:y <- $r1
	@DEBUG_VALUE: lv_atan2:x <- $r0
	@DEBUG_VALUE: lv_atan2:negflag <- 0
	rsbs	r0, r0, #0
.Ltmp44:
	@DEBUG_VALUE: lv_atan2:x <- [DW_OP_LLVM_entry_value 1] $r0
.LBB3_2:
	@DEBUG_VALUE: lv_atan2:y <- $r1
	@DEBUG_VALUE: lv_atan2:negflag <- 0
	@DEBUG_VALUE: lv_atan2:x <- $r0
	@DEBUG_VALUE: lv_atan2:negflag <- $lr
	@DEBUG_VALUE: lv_atan2:ux <- $r0
	.loc	2 158 8                         @ ../GUILib/src/misc/lv_math.c:158:8
	cmp	r1, #0
	itt	mi
	addmi.w	lr, lr, #2
.Ltmp45:
	@DEBUG_VALUE: lv_atan2:negflag <- $lr
	rsbmi	r1, r1, #0
.Ltmp46:
	@DEBUG_VALUE: lv_atan2:y <- [DW_OP_LLVM_entry_value 1] $r1
	@DEBUG_VALUE: lv_atan2:y <- $r1
	@DEBUG_VALUE: lv_atan2:uy <- $r1
	.loc	2 0 8 is_stmt 0                 @ ../GUILib/src/misc/lv_math.c:0:8
	movs	r2, #45
	.loc	2 165 8 is_stmt 1               @ ../GUILib/src/misc/lv_math.c:165:8
	cmp	r0, r1
	bls	.LBB3_4
.Ltmp47:
@ %bb.3:
	@DEBUG_VALUE: lv_atan2:uy <- $r1
	@DEBUG_VALUE: lv_atan2:y <- $r1
	@DEBUG_VALUE: lv_atan2:ux <- $r0
	@DEBUG_VALUE: lv_atan2:x <- $r0
	@DEBUG_VALUE: lv_atan2:negflag <- $lr
	.loc	2 166 22                        @ ../GUILib/src/misc/lv_math.c:166:22
	muls	r1, r2, r1
.Ltmp48:
	@DEBUG_VALUE: lv_atan2:y <- [DW_OP_LLVM_entry_value 1] $r1
	.loc	2 166 28 is_stmt 0              @ ../GUILib/src/misc/lv_math.c:166:28
	udiv	r12, r1, r0
.Ltmp49:
	@DEBUG_VALUE: lv_atan2:degree <- $r12
	.loc	2 167 17 is_stmt 1              @ ../GUILib/src/misc/lv_math.c:167:17
	add.w	lr, lr, #16
.Ltmp50:
	@DEBUG_VALUE: lv_atan2:negflag <- $lr
	.loc	2 0 17 is_stmt 0                @ ../GUILib/src/misc/lv_math.c:0:17
	b	.LBB3_5
.Ltmp51:
.LBB3_4:
	@DEBUG_VALUE: lv_atan2:uy <- $r1
	@DEBUG_VALUE: lv_atan2:y <- $r1
	@DEBUG_VALUE: lv_atan2:ux <- $r0
	@DEBUG_VALUE: lv_atan2:x <- $r0
	@DEBUG_VALUE: lv_atan2:negflag <- $lr
	.loc	2 170 22 is_stmt 1              @ ../GUILib/src/misc/lv_math.c:170:22
	muls	r0, r2, r0
.Ltmp52:
	@DEBUG_VALUE: lv_atan2:x <- [DW_OP_LLVM_entry_value 1] $r0
	.loc	2 170 28 is_stmt 0              @ ../GUILib/src/misc/lv_math.c:170:28
	udiv	r12, r0, r1
.Ltmp53:
	@DEBUG_VALUE: lv_atan2:degree <- $r12
.LBB3_5:
	@DEBUG_VALUE: lv_atan2:degree <- $r12
	@DEBUG_VALUE: lv_atan2:negflag <- $lr
	@DEBUG_VALUE: lv_atan2:negflag <- $lr
	@DEBUG_VALUE: lv_atan2:degree <- $r12
	@DEBUG_VALUE: lv_atan2:comp <- 0
	.loc	2 176 8 is_stmt 1               @ ../GUILib/src/misc/lv_math.c:176:8
	uxtb.w	r0, r12
.Ltmp54:
	@DEBUG_VALUE: lv_atan2:tempdegree <- $r12
	.loc	2 0 8 is_stmt 0                 @ ../GUILib/src/misc/lv_math.c:0:8
	movs	r1, #0
.Ltmp55:
	.loc	2 176 8                         @ ../GUILib/src/misc/lv_math.c:176:8
	cmp	r0, #23
	blo	.LBB3_7
.Ltmp56:
@ %bb.6:
	@DEBUG_VALUE: lv_atan2:tempdegree <- $r12
	@DEBUG_VALUE: lv_atan2:degree <- $r12
	@DEBUG_VALUE: lv_atan2:negflag <- $lr
	@DEBUG_VALUE: lv_atan2:comp <- 0
	.loc	2 177 23 is_stmt 1              @ ../GUILib/src/misc/lv_math.c:177:23
	cmp	r0, #45
	mov.w	r2, #0
	mov.w	r3, #1
	it	lo
	movlo	r2, #1
.Ltmp57:
	@DEBUG_VALUE: lv_atan2:comp <- [DW_OP_LLVM_convert 1 7, DW_OP_LLVM_convert 8 7, DW_OP_stack_value] $r2
	.loc	2 178 12                        @ ../GUILib/src/misc/lv_math.c:178:12
	it	lo
	movlo	r3, #2
	cmp	r0, #42
	it	hs
	movhs	r3, r2
.Ltmp58:
	@DEBUG_VALUE: lv_atan2:comp <- undef
	.loc	2 179 23                        @ ../GUILib/src/misc/lv_math.c:179:23
	cmp	r0, #38
	mov.w	r2, #0
	it	lo
	movlo	r2, #1
.Ltmp59:
	@DEBUG_VALUE: lv_atan2:comp <- undef
	.loc	2 180 23                        @ ../GUILib/src/misc/lv_math.c:180:23
	cmp	r0, #33
	it	lo
	movlo	r1, #1
	b	.LBB3_8
.Ltmp60:
.LBB3_7:
	@DEBUG_VALUE: lv_atan2:tempdegree <- $r12
	@DEBUG_VALUE: lv_atan2:degree <- $r12
	@DEBUG_VALUE: lv_atan2:negflag <- $lr
	@DEBUG_VALUE: lv_atan2:comp <- 0
	.loc	2 183 23                        @ ../GUILib/src/misc/lv_math.c:183:23
	cmp	r0, #1
	mov.w	r2, #0
	mov.w	r3, #1
	it	hi
	movhi	r2, #1
.Ltmp61:
	@DEBUG_VALUE: lv_atan2:comp <- [DW_OP_LLVM_convert 1 7, DW_OP_LLVM_convert 8 7, DW_OP_stack_value] $r2
	.loc	2 184 12                        @ ../GUILib/src/misc/lv_math.c:184:12
	it	hi
	movhi	r3, #2
	cmp	r0, #5
	it	ls
	movls	r3, r2
.Ltmp62:
	@DEBUG_VALUE: lv_atan2:comp <- undef
	.loc	2 185 23                        @ ../GUILib/src/misc/lv_math.c:185:23
	cmp	r0, #9
	mov.w	r2, #0
	it	hi
	movhi	r2, #1
.Ltmp63:
	@DEBUG_VALUE: lv_atan2:comp <- undef
	.loc	2 186 23                        @ ../GUILib/src/misc/lv_math.c:186:23
	cmp	r0, #14
	it	hi
	movhi	r1, #1
.Ltmp64:
.LBB3_8:
	@DEBUG_VALUE: lv_atan2:tempdegree <- $r12
	@DEBUG_VALUE: lv_atan2:degree <- $r12
	@DEBUG_VALUE: lv_atan2:negflag <- $lr
	.loc	2 0 0 is_stmt 0                 @ ../GUILib/src/misc/lv_math.c:0:0
	adds	r0, r1, r2
	add	r0, r3
.Ltmp65:
	@DEBUG_VALUE: lv_atan2:comp <- $r0
	.loc	2 188 12 is_stmt 1              @ ../GUILib/src/misc/lv_math.c:188:12
	add	r0, r12
.Ltmp66:
	@DEBUG_VALUE: lv_atan2:degree <- $r0
	.loc	2 191 8                         @ ../GUILib/src/misc/lv_math.c:191:8
	lsls.w	r1, lr, #27
	it	mi
	rsbmi.w	r0, r0, #90
.Ltmp67:
	@DEBUG_VALUE: lv_atan2:degree <- $r0
	.loc	2 195 8                         @ ../GUILib/src/misc/lv_math.c:195:8
	lsls.w	r1, lr, #30
.Ltmp68:
	.loc	2 0 0 is_stmt 0                 @ ../GUILib/src/misc/lv_math.c:0:0
	and	r1, lr, #1
.Ltmp69:
	.loc	2 195 8                         @ ../GUILib/src/misc/lv_math.c:195:8
	bmi	.LBB3_10
.Ltmp70:
@ %bb.9:
	@DEBUG_VALUE: lv_atan2:tempdegree <- $r12
	@DEBUG_VALUE: lv_atan2:degree <- $r0
	@DEBUG_VALUE: lv_atan2:negflag <- $lr
	.loc	2 202 12 is_stmt 1              @ ../GUILib/src/misc/lv_math.c:202:12
	cmp	r1, #0
	it	ne
	rsbne.w	r0, r0, #360
.Ltmp71:
	.loc	2 0 12 is_stmt 0                @ ../GUILib/src/misc/lv_math.c:0:12
	b	.LBB3_11
.Ltmp72:
.LBB3_10:
	@DEBUG_VALUE: lv_atan2:tempdegree <- $r12
	@DEBUG_VALUE: lv_atan2:degree <- $r0
	@DEBUG_VALUE: lv_atan2:negflag <- $lr
	.loc	2 196 12 is_stmt 1              @ ../GUILib/src/misc/lv_math.c:196:12
	cmp	r1, #0
.Ltmp73:
	.loc	2 199 27                        @ ../GUILib/src/misc/lv_math.c:199:27
	ite	eq
	rsbeq.w	r0, r0, #180
.Ltmp74:
	.loc	2 197 27                        @ ../GUILib/src/misc/lv_math.c:197:27
	addne	r0, #180
.Ltmp75:
	@DEBUG_VALUE: lv_atan2:degree <- $r0
.LBB3_11:
	@DEBUG_VALUE: lv_atan2:tempdegree <- $r12
	@DEBUG_VALUE: lv_atan2:negflag <- $lr
	@DEBUG_VALUE: lv_atan2:degree <- $r0
	.loc	2 205 5                         @ ../GUILib/src/misc/lv_math.c:205:5
	uxth	r0, r0
.Ltmp76:
	pop	{r7, pc}
.Ltmp77:
.Lfunc_end3:
	.size	lv_atan2, .Lfunc_end3-lv_atan2
	.cfi_endproc
	.cantunwind
	.fnend
                                        @ -- End function
	.section	.text.lv_pow,"ax",%progbits
	.hidden	lv_pow                          @ -- Begin function lv_pow
	.globl	lv_pow
	.p2align	1
	.type	lv_pow,%function
	.code	16                              @ @lv_pow
	.thumb_func
lv_pow:
.Lfunc_begin4:
	.loc	2 215 0                         @ ../GUILib/src/misc/lv_math.c:215:0
	.fnstart
	.cfi_startproc
@ %bb.0:
	@DEBUG_VALUE: lv_pow:exp <- $r2
	@DEBUG_VALUE: lv_pow:exp <- $r2
	@DEBUG_VALUE: lv_pow:base <- [DW_OP_LLVM_fragment 32 32] $r1
	@DEBUG_VALUE: lv_pow:base <- [DW_OP_LLVM_fragment 0 32] $r0
	.save	{r4, r5, r6, r7, r8, r9, lr}
	push.w	{r4, r5, r6, r7, r8, r9, lr}
	.cfi_def_cfa_offset 28
	.cfi_offset lr, -4
	.cfi_offset r9, -8
	.cfi_offset r8, -12
	.cfi_offset r7, -16
	.cfi_offset r6, -20
	.cfi_offset r5, -24
	.cfi_offset r4, -28
	mov.w	lr, #0
.Ltmp78:
	@DEBUG_VALUE: lv_pow:result <- 1
	.loc	2 217 5 prologue_end            @ ../GUILib/src/misc/lv_math.c:217:5
	cbz	r2, .LBB4_3
.Ltmp79:
@ %bb.1:
	@DEBUG_VALUE: lv_pow:exp <- $r2
	@DEBUG_VALUE: lv_pow:base <- [DW_OP_LLVM_fragment 32 32] $r1
	@DEBUG_VALUE: lv_pow:base <- [DW_OP_LLVM_fragment 0 32] $r0
	@DEBUG_VALUE: lv_pow:result <- 1
	@DEBUG_VALUE: lv_pow:base <- [DW_OP_LLVM_fragment 32 32] $r1
	@DEBUG_VALUE: lv_pow:base <- [DW_OP_LLVM_fragment 0 32] $r0
	.loc	2 0 5 is_stmt 0                 @ ../GUILib/src/misc/lv_math.c:0:5
	movs	r4, #1
	mov.w	r12, #0
.Ltmp80:
	.p2align	2
.LBB4_2:                                @ =>This Inner Loop Header: Depth=1
	@DEBUG_VALUE: lv_pow:exp <- $r2
	@DEBUG_VALUE: lv_pow:base <- [DW_OP_LLVM_fragment 32 32] $r1
	@DEBUG_VALUE: lv_pow:base <- [DW_OP_LLVM_fragment 0 32] $r0
	@DEBUG_VALUE: lv_pow:exp <- $r2
	@DEBUG_VALUE: lv_pow:base <- [DW_OP_LLVM_fragment 32 32] $r1
	@DEBUG_VALUE: lv_pow:base <- [DW_OP_LLVM_fragment 0 32] $r0
	@DEBUG_VALUE: lv_pow:result <- [DW_OP_LLVM_fragment 0 32] $r4
	@DEBUG_VALUE: lv_pow:result <- [DW_OP_LLVM_fragment 32 32] $r12
	.loc	2 221 14 is_stmt 1              @ ../GUILib/src/misc/lv_math.c:221:14
	umull	r8, r6, r0, r0
.Ltmp81:
	@DEBUG_VALUE: lv_pow:base <- [DW_OP_LLVM_fragment 0 32] $r8
	.loc	2 218 16                        @ ../GUILib/src/misc/lv_math.c:218:16
	ands	r7, r2, #1
.Ltmp82:
	.loc	2 218 12 is_stmt 0              @ ../GUILib/src/misc/lv_math.c:218:12
	mov	r5, r0
	.loc	2 221 14 is_stmt 1              @ ../GUILib/src/misc/lv_math.c:221:14
	mla	r6, r0, r1, r6
	.loc	2 218 12                        @ ../GUILib/src/misc/lv_math.c:218:12
	it	eq
	moveq	r5, #1
	umull	r3, r9, r5, r4
.Ltmp83:
	@DEBUG_VALUE: lv_pow:result <- [DW_OP_LLVM_fragment 0 32] $r3
	.loc	2 218 16 is_stmt 0              @ ../GUILib/src/misc/lv_math.c:218:16
	rsbs	r7, r7, #0
.Ltmp84:
	.loc	2 218 12                        @ ../GUILib/src/misc/lv_math.c:218:12
	ands	r7, r1
	.loc	2 221 14 is_stmt 1              @ ../GUILib/src/misc/lv_math.c:221:14
	mla	r1, r0, r1, r6
.Ltmp85:
	@DEBUG_VALUE: lv_pow:base <- [DW_OP_LLVM_fragment 32 32] $r1
	.loc	2 218 12                        @ ../GUILib/src/misc/lv_math.c:218:12
	mla	r0, r5, r12, r9
.Ltmp86:
	.loc	2 218 16 is_stmt 0              @ ../GUILib/src/misc/lv_math.c:218:16
	sxtb	r5, r2
.Ltmp87:
	.loc	2 218 12                        @ ../GUILib/src/misc/lv_math.c:218:12
	mla	r12, r7, r4, r0
.Ltmp88:
	@DEBUG_VALUE: lv_pow:result <- [DW_OP_LLVM_fragment 32 32] $r12
	.loc	2 220 13 is_stmt 1              @ ../GUILib/src/misc/lv_math.c:220:13
	asrs	r2, r5, #1
.Ltmp89:
	@DEBUG_VALUE: lv_pow:exp <- [DW_OP_LLVM_entry_value 1] $r2
	@DEBUG_VALUE: lv_pow:exp <- [DW_OP_LLVM_entry_value 1] $r2
	@DEBUG_VALUE: lv_pow:exp <- $r2
	.loc	2 217 5                         @ ../GUILib/src/misc/lv_math.c:217:5
	cmp.w	lr, r5, asr #1
	mov	r4, r3
	mov	r0, r8
.Ltmp90:
	@DEBUG_VALUE: lv_pow:base <- [DW_OP_LLVM_fragment 0 32] $r0
	bne	.LBB4_2
	b	.LBB4_4
.Ltmp91:
.LBB4_3:
	@DEBUG_VALUE: lv_pow:exp <- $r2
	@DEBUG_VALUE: lv_pow:base <- [DW_OP_LLVM_fragment 32 32] $r1
	@DEBUG_VALUE: lv_pow:base <- [DW_OP_LLVM_fragment 0 32] $r0
	@DEBUG_VALUE: lv_pow:result <- 1
	.loc	2 0 5 is_stmt 0                 @ ../GUILib/src/misc/lv_math.c:0:5
	movs	r3, #1
	mov.w	r12, #0
.Ltmp92:
.LBB4_4:
	@DEBUG_VALUE: lv_pow:exp <- $r2
	@DEBUG_VALUE: lv_pow:base <- [DW_OP_LLVM_fragment 32 32] $r1
	@DEBUG_VALUE: lv_pow:base <- [DW_OP_LLVM_fragment 0 32] $r0
	.loc	2 224 5 is_stmt 1               @ ../GUILib/src/misc/lv_math.c:224:5
	mov	r0, r3
.Ltmp93:
	mov	r1, r12
.Ltmp94:
	pop.w	{r4, r5, r6, r7, r8, r9, pc}
.Ltmp95:
.Lfunc_end4:
	.size	lv_pow, .Lfunc_end4-lv_pow
	.cfi_endproc
	.cantunwind
	.fnend
                                        @ -- End function
	.section	.text.lv_map,"ax",%progbits
	.hidden	lv_map                          @ -- Begin function lv_map
	.globl	lv_map
	.p2align	1
	.type	lv_map,%function
	.code	16                              @ @lv_map
	.thumb_func
lv_map:
.Lfunc_begin5:
	.loc	2 237 0                         @ ../GUILib/src/misc/lv_math.c:237:0
	.fnstart
	.cfi_startproc
@ %bb.0:
	@DEBUG_VALUE: lv_map:x <- $r0
	@DEBUG_VALUE: lv_map:min_in <- $r1
	@DEBUG_VALUE: lv_map:max_in <- $r2
	@DEBUG_VALUE: lv_map:min_out <- $r3
	mov	r12, r0
	ldr	r0, [sp]
.Ltmp96:
	@DEBUG_VALUE: lv_map:x <- [DW_OP_LLVM_entry_value 1] $r0
	@DEBUG_VALUE: lv_map:max_out <- [$sp+0]
	@DEBUG_VALUE: lv_map:min_out <- $r3
	@DEBUG_VALUE: lv_map:max_in <- $r2
	@DEBUG_VALUE: lv_map:x <- $r12
	.loc	2 238 8 prologue_end            @ ../GUILib/src/misc/lv_math.c:238:8
	cmp	r12, r2
	@DEBUG_VALUE: lv_map:min_in <- $r1
	.loc	2 252 1                         @ ../GUILib/src/misc/lv_math.c:252:1
	it	ge
	bxge	lr
.Ltmp97:
.LBB5_1:
	@DEBUG_VALUE: lv_map:x <- $r12
	@DEBUG_VALUE: lv_map:min_out <- $r3
	@DEBUG_VALUE: lv_map:max_in <- $r2
	@DEBUG_VALUE: lv_map:min_in <- $r1
	@DEBUG_VALUE: lv_map:max_out <- [$sp+0]
	.loc	2 239 8                         @ ../GUILib/src/misc/lv_math.c:239:8
	cmp	r12, r1
	.loc	2 0 0 is_stmt 0                 @ ../GUILib/src/misc/lv_math.c:0:0
	itt	le
	movle	r0, r3
	.loc	2 252 1 is_stmt 1               @ ../GUILib/src/misc/lv_math.c:252:1
	bxle	lr
.Ltmp98:
.LBB5_2:
	@DEBUG_VALUE: lv_map:x <- $r12
	@DEBUG_VALUE: lv_map:min_out <- $r3
	@DEBUG_VALUE: lv_map:max_in <- $r2
	@DEBUG_VALUE: lv_map:min_in <- $r1
	@DEBUG_VALUE: lv_map:max_out <- [$sp+0]
	.loc	2 248 31                        @ ../GUILib/src/misc/lv_math.c:248:31
	subs	r2, r2, r1
.Ltmp99:
	@DEBUG_VALUE: lv_map:max_in <- [DW_OP_LLVM_entry_value 1] $r2
	@DEBUG_VALUE: lv_map:delta_in <- $r2
	.loc	2 249 33                        @ ../GUILib/src/misc/lv_math.c:249:33
	subs	r0, r0, r3
.Ltmp100:
	@DEBUG_VALUE: lv_map:delta_out <- $r0
	.loc	2 251 16                        @ ../GUILib/src/misc/lv_math.c:251:16
	sub.w	r1, r12, r1
.Ltmp101:
	@DEBUG_VALUE: lv_map:min_in <- [DW_OP_LLVM_entry_value 1] $r1
	.loc	2 251 26 is_stmt 0              @ ../GUILib/src/misc/lv_math.c:251:26
	muls	r0, r1, r0
.Ltmp102:
	.loc	2 251 39                        @ ../GUILib/src/misc/lv_math.c:251:39
	sdiv	r0, r0, r2
	.loc	2 251 50                        @ ../GUILib/src/misc/lv_math.c:251:50
	add	r0, r3
	.loc	2 252 1 is_stmt 1               @ ../GUILib/src/misc/lv_math.c:252:1
	bx	lr
.Ltmp103:
.Lfunc_end5:
	.size	lv_map, .Lfunc_end5-lv_map
	.cfi_endproc
	.cantunwind
	.fnend
                                        @ -- End function
	.section	.text.lv_rand,"ax",%progbits
	.hidden	lv_rand                         @ -- Begin function lv_rand
	.globl	lv_rand
	.p2align	1
	.type	lv_rand,%function
	.code	16                              @ @lv_rand
	.thumb_func
lv_rand:
.Lfunc_begin6:
	.loc	2 255 0                         @ ../GUILib/src/misc/lv_math.c:255:0
	.fnstart
	.cfi_startproc
@ %bb.0:
	@DEBUG_VALUE: lv_rand:min <- $r0
	@DEBUG_VALUE: lv_rand:max <- $r1
	@DEBUG_VALUE: lv_rand:max <- $r1
	.loc	2 259 18 prologue_end           @ ../GUILib/src/misc/lv_math.c:259:18
	movw	r12, :lower16:lv_rand.a
	movt	r12, :upper16:lv_rand.a
	ldr.w	r3, [r12]
.Ltmp104:
	@DEBUG_VALUE: lv_rand:x <- $r3
	@DEBUG_VALUE: lv_rand:min <- $r0
	.loc	2 265 28                        @ ../GUILib/src/misc/lv_math.c:265:28
	subs	r1, r1, r0
.Ltmp105:
	@DEBUG_VALUE: lv_rand:max <- [DW_OP_LLVM_entry_value 1] $r1
	.loc	2 260 7                         @ ../GUILib/src/misc/lv_math.c:260:7
	eor.w	r3, r3, r3, lsl #13
.Ltmp106:
	@DEBUG_VALUE: lv_rand:x <- $r3
	.loc	2 261 7                         @ ../GUILib/src/misc/lv_math.c:261:7
	eor.w	r3, r3, r3, lsr #17
.Ltmp107:
	@DEBUG_VALUE: lv_rand:x <- $r3
	.loc	2 262 7                         @ ../GUILib/src/misc/lv_math.c:262:7
	eor.w	r3, r3, r3, lsl #5
.Ltmp108:
	@DEBUG_VALUE: lv_rand:x <- $r3
	.loc	2 265 28                        @ ../GUILib/src/misc/lv_math.c:265:28
	adds	r1, #1
	.loc	2 265 15 is_stmt 0              @ ../GUILib/src/misc/lv_math.c:265:15
	udiv	r2, r3, r1
	.loc	2 263 7 is_stmt 1               @ ../GUILib/src/misc/lv_math.c:263:7
	str.w	r3, [r12]
	.loc	2 265 15                        @ ../GUILib/src/misc/lv_math.c:265:15
	mls	r1, r2, r1, r3
	.loc	2 265 34 is_stmt 0              @ ../GUILib/src/misc/lv_math.c:265:34
	add	r0, r1
.Ltmp109:
	@DEBUG_VALUE: lv_rand:min <- [DW_OP_LLVM_entry_value 1] $r0
	.loc	2 265 5                         @ ../GUILib/src/misc/lv_math.c:265:5
	bx	lr
.Ltmp110:
.Lfunc_end6:
	.size	lv_rand, .Lfunc_end6-lv_rand
	.cfi_endproc
	.cantunwind
	.fnend
                                        @ -- End function
	.type	sin0_90_table,%object           @ @sin0_90_table
	.section	.rodata.sin0_90_table,"a",%progbits
	.p2align	1
sin0_90_table:
	.short	0                               @ 0x0
	.short	572                             @ 0x23c
	.short	1144                            @ 0x478
	.short	1715                            @ 0x6b3
	.short	2286                            @ 0x8ee
	.short	2856                            @ 0xb28
	.short	3425                            @ 0xd61
	.short	3993                            @ 0xf99
	.short	4560                            @ 0x11d0
	.short	5126                            @ 0x1406
	.short	5690                            @ 0x163a
	.short	6252                            @ 0x186c
	.short	6813                            @ 0x1a9d
	.short	7371                            @ 0x1ccb
	.short	7927                            @ 0x1ef7
	.short	8481                            @ 0x2121
	.short	9032                            @ 0x2348
	.short	9580                            @ 0x256c
	.short	10126                           @ 0x278e
	.short	10668                           @ 0x29ac
	.short	11207                           @ 0x2bc7
	.short	11743                           @ 0x2ddf
	.short	12275                           @ 0x2ff3
	.short	12803                           @ 0x3203
	.short	13328                           @ 0x3410
	.short	13848                           @ 0x3618
	.short	14364                           @ 0x381c
	.short	14876                           @ 0x3a1c
	.short	15383                           @ 0x3c17
	.short	15886                           @ 0x3e0e
	.short	16383                           @ 0x3fff
	.short	16876                           @ 0x41ec
	.short	17364                           @ 0x43d4
	.short	17846                           @ 0x45b6
	.short	18323                           @ 0x4793
	.short	18794                           @ 0x496a
	.short	19260                           @ 0x4b3c
	.short	19720                           @ 0x4d08
	.short	20173                           @ 0x4ecd
	.short	20621                           @ 0x508d
	.short	21062                           @ 0x5246
	.short	21497                           @ 0x53f9
	.short	21925                           @ 0x55a5
	.short	22347                           @ 0x574b
	.short	22762                           @ 0x58ea
	.short	23170                           @ 0x5a82
	.short	23571                           @ 0x5c13
	.short	23964                           @ 0x5d9c
	.short	24351                           @ 0x5f1f
	.short	24730                           @ 0x609a
	.short	25101                           @ 0x620d
	.short	25465                           @ 0x6379
	.short	25821                           @ 0x64dd
	.short	26169                           @ 0x6639
	.short	26509                           @ 0x678d
	.short	26841                           @ 0x68d9
	.short	27165                           @ 0x6a1d
	.short	27481                           @ 0x6b59
	.short	27788                           @ 0x6c8c
	.short	28087                           @ 0x6db7
	.short	28377                           @ 0x6ed9
	.short	28659                           @ 0x6ff3
	.short	28932                           @ 0x7104
	.short	29196                           @ 0x720c
	.short	29451                           @ 0x730b
	.short	29697                           @ 0x7401
	.short	29934                           @ 0x74ee
	.short	30162                           @ 0x75d2
	.short	30381                           @ 0x76ad
	.short	30591                           @ 0x777f
	.short	30791                           @ 0x7847
	.short	30982                           @ 0x7906
	.short	31163                           @ 0x79bb
	.short	31335                           @ 0x7a67
	.short	31498                           @ 0x7b0a
	.short	31650                           @ 0x7ba2
	.short	31794                           @ 0x7c32
	.short	31927                           @ 0x7cb7
	.short	32051                           @ 0x7d33
	.short	32165                           @ 0x7da5
	.short	32269                           @ 0x7e0d
	.short	32364                           @ 0x7e6c
	.short	32448                           @ 0x7ec0
	.short	32523                           @ 0x7f0b
	.short	32587                           @ 0x7f4b
	.short	32642                           @ 0x7f82
	.short	32687                           @ 0x7faf
	.short	32722                           @ 0x7fd2
	.short	32747                           @ 0x7feb
	.short	32762                           @ 0x7ffa
	.short	32767                           @ 0x7fff
	.size	sin0_90_table, 182

	.type	lv_rand.a,%object               @ @lv_rand.a
	.section	.data.lv_rand.a,"aw",%progbits
	.p2align	2
lv_rand.a:
	.long	305441741                       @ 0x1234abcd
	.size	lv_rand.a, 4

	.file	3 "C:\\Users\\Hyacincher\\Desktop\\HyTelectrl\\Code\\Project" "../GUILib/src/misc/lv_math.h"
	.section	.debug_loc,"",%progbits
.Ldebug_loc0:
	.long	-1
	.long	.Lfunc_begin0                   @   base address
	.long	.Lfunc_begin0-.Lfunc_begin0
	.long	.Ltmp1-.Lfunc_begin0
	.short	1                               @ Loc expr size
	.byte	80                              @ DW_OP_reg0
	.long	.Ltmp1-.Lfunc_begin0
	.long	.Ltmp2-.Lfunc_begin0
	.short	4                               @ Loc expr size
	.byte	243                             @ DW_OP_GNU_entry_value
	.byte	1                               @ 1
	.byte	80                              @ DW_OP_reg0
	.byte	159                             @ DW_OP_stack_value
	.long	.Ltmp2-.Lfunc_begin0
	.long	.Ltmp6-.Lfunc_begin0
	.short	3                               @ Loc expr size
	.byte	112                             @ DW_OP_breg0
	.byte	0                               @ 0
	.byte	159                             @ DW_OP_stack_value
	.long	.Ltmp8-.Lfunc_begin0
	.long	.Ltmp10-.Lfunc_begin0
	.short	3                               @ Loc expr size
	.byte	112                             @ DW_OP_breg0
	.byte	0                               @ 0
	.byte	159                             @ DW_OP_stack_value
	.long	0
	.long	0
.Ldebug_loc1:
	.long	-1
	.long	.Lfunc_begin0                   @   base address
	.long	.Ltmp0-.Lfunc_begin0
	.long	.Ltmp7-.Lfunc_begin0
	.short	2                               @ Loc expr size
	.byte	48                              @ DW_OP_lit0
	.byte	159                             @ DW_OP_stack_value
	.long	.Ltmp8-.Lfunc_begin0
	.long	.Ltmp14-.Lfunc_begin0
	.short	2                               @ Loc expr size
	.byte	48                              @ DW_OP_lit0
	.byte	159                             @ DW_OP_stack_value
	.long	.Ltmp14-.Lfunc_begin0
	.long	.Ltmp15-.Lfunc_begin0
	.short	1                               @ Loc expr size
	.byte	80                              @ DW_OP_reg0
	.long	0
	.long	0
.Ldebug_loc2:
	.long	-1
	.long	.Lfunc_begin1                   @   base address
	.long	.Lfunc_begin1-.Lfunc_begin1
	.long	.Ltmp22-.Lfunc_begin1
	.short	1                               @ Loc expr size
	.byte	80                              @ DW_OP_reg0
	.long	.Ltmp22-.Lfunc_begin1
	.long	.Lfunc_end1-.Lfunc_begin1
	.short	4                               @ Loc expr size
	.byte	243                             @ DW_OP_GNU_entry_value
	.byte	1                               @ 1
	.byte	80                              @ DW_OP_reg0
	.byte	159                             @ DW_OP_stack_value
	.long	0
	.long	0
.Ldebug_loc3:
	.long	-1
	.long	.Lfunc_begin1                   @   base address
	.long	.Lfunc_begin1-.Lfunc_begin1
	.long	.Ltmp30-.Lfunc_begin1
	.short	1                               @ Loc expr size
	.byte	81                              @ DW_OP_reg1
	.long	.Ltmp30-.Lfunc_begin1
	.long	.Lfunc_end1-.Lfunc_begin1
	.short	4                               @ Loc expr size
	.byte	243                             @ DW_OP_GNU_entry_value
	.byte	1                               @ 1
	.byte	81                              @ DW_OP_reg1
	.byte	159                             @ DW_OP_stack_value
	.long	0
	.long	0
.Ldebug_loc4:
	.long	-1
	.long	.Lfunc_begin1                   @   base address
	.long	.Lfunc_begin1-.Lfunc_begin1
	.long	.Ltmp23-.Lfunc_begin1
	.short	1                               @ Loc expr size
	.byte	82                              @ DW_OP_reg2
	.long	.Ltmp23-.Lfunc_begin1
	.long	.Lfunc_end1-.Lfunc_begin1
	.short	4                               @ Loc expr size
	.byte	243                             @ DW_OP_GNU_entry_value
	.byte	1                               @ 1
	.byte	82                              @ DW_OP_reg2
	.byte	159                             @ DW_OP_stack_value
	.long	0
	.long	0
.Ldebug_loc5:
	.long	-1
	.long	.Lfunc_begin1                   @   base address
	.long	.Lfunc_begin1-.Lfunc_begin1
	.long	.Ltmp25-.Lfunc_begin1
	.short	1                               @ Loc expr size
	.byte	83                              @ DW_OP_reg3
	.long	.Ltmp25-.Lfunc_begin1
	.long	.Lfunc_end1-.Lfunc_begin1
	.short	4                               @ Loc expr size
	.byte	243                             @ DW_OP_GNU_entry_value
	.byte	1                               @ 1
	.byte	83                              @ DW_OP_reg3
	.byte	159                             @ DW_OP_stack_value
	.long	0
	.long	0
.Ldebug_loc6:
	.long	-1
	.long	.Lfunc_begin1                   @   base address
	.long	.Ltmp18-.Lfunc_begin1
	.long	.Ltmp31-.Lfunc_begin1
	.short	1                               @ Loc expr size
	.byte	86                              @ DW_OP_reg6
	.long	0
	.long	0
.Ldebug_loc7:
	.long	-1
	.long	.Lfunc_begin1                   @   base address
	.long	.Ltmp19-.Lfunc_begin1
	.long	.Lfunc_end1-.Lfunc_begin1
	.short	2                               @ Loc expr size
	.byte	125                             @ DW_OP_breg13
	.byte	20                              @ 20
	.long	0
	.long	0
.Ldebug_loc8:
	.long	-1
	.long	.Lfunc_begin1                   @   base address
	.long	.Ltmp20-.Lfunc_begin1
	.long	.Lfunc_end1-.Lfunc_begin1
	.short	1                               @ Loc expr size
	.byte	94                              @ DW_OP_reg14
	.long	0
	.long	0
.Ldebug_loc9:
	.long	-1
	.long	.Lfunc_begin1                   @   base address
	.long	.Ltmp21-.Lfunc_begin1
	.long	.Ltmp31-.Lfunc_begin1
	.short	1                               @ Loc expr size
	.byte	87                              @ DW_OP_reg7
	.long	0
	.long	0
.Ldebug_loc10:
	.long	-1
	.long	.Lfunc_begin1                   @   base address
	.long	.Ltmp24-.Lfunc_begin1
	.long	.Ltmp31-.Lfunc_begin1
	.short	1                               @ Loc expr size
	.byte	84                              @ DW_OP_reg4
	.long	0
	.long	0
.Ldebug_loc11:
	.long	-1
	.long	.Lfunc_begin1                   @   base address
	.long	.Ltmp27-.Lfunc_begin1
	.long	.Lfunc_end1-.Lfunc_begin1
	.short	1                               @ Loc expr size
	.byte	83                              @ DW_OP_reg3
	.long	0
	.long	0
.Ldebug_loc12:
	.long	-1
	.long	.Lfunc_begin1                   @   base address
	.long	.Ltmp28-.Lfunc_begin1
	.long	.Ltmp31-.Lfunc_begin1
	.short	1                               @ Loc expr size
	.byte	85                              @ DW_OP_reg5
	.long	0
	.long	0
.Ldebug_loc13:
	.long	-1
	.long	.Lfunc_begin2                   @   base address
	.long	.Lfunc_begin2-.Lfunc_begin2
	.long	.Ltmp33-.Lfunc_begin2
	.short	1                               @ Loc expr size
	.byte	80                              @ DW_OP_reg0
	.long	.Ltmp33-.Lfunc_begin2
	.long	.Lfunc_end2-.Lfunc_begin2
	.short	1                               @ Loc expr size
	.byte	94                              @ DW_OP_reg14
	.long	0
	.long	0
.Ldebug_loc14:
	.long	-1
	.long	.Lfunc_begin2                   @   base address
	.long	.Ltmp34-.Lfunc_begin2
	.long	.Ltmp35-.Lfunc_begin2
	.short	2                               @ Loc expr size
	.byte	48                              @ DW_OP_lit0
	.byte	159                             @ DW_OP_stack_value
	.long	.Ltmp35-.Lfunc_begin2
	.long	.Lfunc_end2-.Lfunc_begin2
	.short	1                               @ Loc expr size
	.byte	83                              @ DW_OP_reg3
	.long	0
	.long	0
.Ldebug_loc15:
	.long	-1
	.long	.Lfunc_begin2                   @   base address
	.long	.Ltmp36-.Lfunc_begin2
	.long	.Ltmp38-.Lfunc_begin2
	.short	1                               @ Loc expr size
	.byte	83                              @ DW_OP_reg3
	.long	0
	.long	0
.Ldebug_loc16:
	.long	-1
	.long	.Lfunc_begin3                   @   base address
	.long	.Lfunc_begin3-.Lfunc_begin3
	.long	.Ltmp52-.Lfunc_begin3
	.short	1                               @ Loc expr size
	.byte	80                              @ DW_OP_reg0
	.long	.Ltmp52-.Lfunc_begin3
	.long	.Ltmp53-.Lfunc_begin3
	.short	4                               @ Loc expr size
	.byte	243                             @ DW_OP_GNU_entry_value
	.byte	1                               @ 1
	.byte	80                              @ DW_OP_reg0
	.byte	159                             @ DW_OP_stack_value
	.long	0
	.long	0
.Ldebug_loc17:
	.long	-1
	.long	.Lfunc_begin3                   @   base address
	.long	.Lfunc_begin3-.Lfunc_begin3
	.long	.Ltmp48-.Lfunc_begin3
	.short	1                               @ Loc expr size
	.byte	81                              @ DW_OP_reg1
	.long	.Ltmp48-.Lfunc_begin3
	.long	.Ltmp51-.Lfunc_begin3
	.short	4                               @ Loc expr size
	.byte	243                             @ DW_OP_GNU_entry_value
	.byte	1                               @ 1
	.byte	81                              @ DW_OP_reg1
	.byte	159                             @ DW_OP_stack_value
	.long	.Ltmp51-.Lfunc_begin3
	.long	.Ltmp53-.Lfunc_begin3
	.short	1                               @ Loc expr size
	.byte	81                              @ DW_OP_reg1
	.long	0
	.long	0
.Ldebug_loc18:
	.long	-1
	.long	.Lfunc_begin3                   @   base address
	.long	.Ltmp42-.Lfunc_begin3
	.long	.Ltmp44-.Lfunc_begin3
	.short	2                               @ Loc expr size
	.byte	48                              @ DW_OP_lit0
	.byte	159                             @ DW_OP_stack_value
	.long	.Ltmp44-.Lfunc_begin3
	.long	.Lfunc_end3-.Lfunc_begin3
	.short	1                               @ Loc expr size
	.byte	94                              @ DW_OP_reg14
	.long	0
	.long	0
.Ldebug_loc19:
	.long	-1
	.long	.Lfunc_begin3                   @   base address
	.long	.Ltmp44-.Lfunc_begin3
	.long	.Ltmp52-.Lfunc_begin3
	.short	1                               @ Loc expr size
	.byte	80                              @ DW_OP_reg0
	.long	0
	.long	0
.Ldebug_loc20:
	.long	-1
	.long	.Lfunc_begin3                   @   base address
	.long	.Ltmp46-.Lfunc_begin3
	.long	.Ltmp48-.Lfunc_begin3
	.short	1                               @ Loc expr size
	.byte	81                              @ DW_OP_reg1
	.long	.Ltmp51-.Lfunc_begin3
	.long	.Ltmp53-.Lfunc_begin3
	.short	1                               @ Loc expr size
	.byte	81                              @ DW_OP_reg1
	.long	0
	.long	0
.Ldebug_loc21:
	.long	-1
	.long	.Lfunc_begin3                   @   base address
	.long	.Ltmp49-.Lfunc_begin3
	.long	.Ltmp51-.Lfunc_begin3
	.short	1                               @ Loc expr size
	.byte	92                              @ DW_OP_reg12
	.long	.Ltmp53-.Lfunc_begin3
	.long	.Ltmp66-.Lfunc_begin3
	.short	1                               @ Loc expr size
	.byte	92                              @ DW_OP_reg12
	.long	.Ltmp66-.Lfunc_begin3
	.long	.Ltmp71-.Lfunc_begin3
	.short	1                               @ Loc expr size
	.byte	80                              @ DW_OP_reg0
	.long	.Ltmp72-.Lfunc_begin3
	.long	.Ltmp74-.Lfunc_begin3
	.short	1                               @ Loc expr size
	.byte	80                              @ DW_OP_reg0
	.long	.Ltmp75-.Lfunc_begin3
	.long	.Ltmp76-.Lfunc_begin3
	.short	1                               @ Loc expr size
	.byte	80                              @ DW_OP_reg0
	.long	0
	.long	0
.Ldebug_loc22:
	.long	-1
	.long	.Lfunc_begin3                   @   base address
	.long	.Ltmp53-.Lfunc_begin3
	.long	.Ltmp57-.Lfunc_begin3
	.short	2                               @ Loc expr size
	.byte	48                              @ DW_OP_lit0
	.byte	159                             @ DW_OP_stack_value
	.long	.Ltmp57-.Lfunc_begin3
	.long	.Ltmp58-.Lfunc_begin3
	.short	6                               @ Loc expr size
	.byte	114                             @ DW_OP_breg2
	.byte	0                               @ 0
	.byte	16                              @ DW_OP_constu
	.byte	1                               @ 1
	.byte	26                              @ DW_OP_and
	.byte	159                             @ DW_OP_stack_value
	.long	.Ltmp60-.Lfunc_begin3
	.long	.Ltmp61-.Lfunc_begin3
	.short	2                               @ Loc expr size
	.byte	48                              @ DW_OP_lit0
	.byte	159                             @ DW_OP_stack_value
	.long	.Ltmp61-.Lfunc_begin3
	.long	.Ltmp62-.Lfunc_begin3
	.short	6                               @ Loc expr size
	.byte	114                             @ DW_OP_breg2
	.byte	0                               @ 0
	.byte	16                              @ DW_OP_constu
	.byte	1                               @ 1
	.byte	26                              @ DW_OP_and
	.byte	159                             @ DW_OP_stack_value
	.long	.Ltmp65-.Lfunc_begin3
	.long	.Ltmp66-.Lfunc_begin3
	.short	1                               @ Loc expr size
	.byte	80                              @ DW_OP_reg0
	.long	0
	.long	0
.Ldebug_loc23:
	.long	-1
	.long	.Lfunc_begin3                   @   base address
	.long	.Ltmp54-.Lfunc_begin3
	.long	.Lfunc_end3-.Lfunc_begin3
	.short	1                               @ Loc expr size
	.byte	92                              @ DW_OP_reg12
	.long	0
	.long	0
.Ldebug_loc24:
	.long	-1
	.long	.Lfunc_begin4                   @   base address
	.long	.Lfunc_begin4-.Lfunc_begin4
	.long	.Ltmp81-.Lfunc_begin4
	.short	6                               @ Loc expr size
	.byte	80                              @ DW_OP_reg0
	.byte	147                             @ DW_OP_piece
	.byte	4                               @ 4
	.byte	81                              @ DW_OP_reg1
	.byte	147                             @ DW_OP_piece
	.byte	4                               @ 4
	.long	.Ltmp81-.Lfunc_begin4
	.long	.Ltmp90-.Lfunc_begin4
	.short	6                               @ Loc expr size
	.byte	88                              @ DW_OP_reg8
	.byte	147                             @ DW_OP_piece
	.byte	4                               @ 4
	.byte	81                              @ DW_OP_reg1
	.byte	147                             @ DW_OP_piece
	.byte	4                               @ 4
	.long	.Ltmp90-.Lfunc_begin4
	.long	.Ltmp93-.Lfunc_begin4
	.short	6                               @ Loc expr size
	.byte	80                              @ DW_OP_reg0
	.byte	147                             @ DW_OP_piece
	.byte	4                               @ 4
	.byte	81                              @ DW_OP_reg1
	.byte	147                             @ DW_OP_piece
	.byte	4                               @ 4
	.long	.Ltmp93-.Lfunc_begin4
	.long	.Ltmp94-.Lfunc_begin4
	.short	5                               @ Loc expr size
	.byte	147                             @ DW_OP_piece
	.byte	4                               @ 4
	.byte	81                              @ DW_OP_reg1
	.byte	147                             @ DW_OP_piece
	.byte	4                               @ 4
	.long	0
	.long	0
.Ldebug_loc25:
	.long	-1
	.long	.Lfunc_begin4                   @   base address
	.long	.Ltmp78-.Lfunc_begin4
	.long	.Ltmp80-.Lfunc_begin4
	.short	2                               @ Loc expr size
	.byte	49                              @ DW_OP_lit1
	.byte	159                             @ DW_OP_stack_value
	.long	.Ltmp80-.Lfunc_begin4
	.long	.Ltmp83-.Lfunc_begin4
	.short	6                               @ Loc expr size
	.byte	84                              @ DW_OP_reg4
	.byte	147                             @ DW_OP_piece
	.byte	4                               @ 4
	.byte	92                              @ DW_OP_reg12
	.byte	147                             @ DW_OP_piece
	.byte	4                               @ 4
	.long	.Ltmp83-.Lfunc_begin4
	.long	.Ltmp91-.Lfunc_begin4
	.short	6                               @ Loc expr size
	.byte	83                              @ DW_OP_reg3
	.byte	147                             @ DW_OP_piece
	.byte	4                               @ 4
	.byte	92                              @ DW_OP_reg12
	.byte	147                             @ DW_OP_piece
	.byte	4                               @ 4
	.long	.Ltmp91-.Lfunc_begin4
	.long	.Ltmp92-.Lfunc_begin4
	.short	2                               @ Loc expr size
	.byte	49                              @ DW_OP_lit1
	.byte	159                             @ DW_OP_stack_value
	.long	0
	.long	0
.Ldebug_loc26:
	.long	-1
	.long	.Lfunc_begin5                   @   base address
	.long	.Lfunc_begin5-.Lfunc_begin5
	.long	.Ltmp96-.Lfunc_begin5
	.short	1                               @ Loc expr size
	.byte	80                              @ DW_OP_reg0
	.long	.Ltmp96-.Lfunc_begin5
	.long	.Lfunc_end5-.Lfunc_begin5
	.short	1                               @ Loc expr size
	.byte	92                              @ DW_OP_reg12
	.long	0
	.long	0
.Ldebug_loc27:
	.long	-1
	.long	.Lfunc_begin5                   @   base address
	.long	.Lfunc_begin5-.Lfunc_begin5
	.long	.Ltmp101-.Lfunc_begin5
	.short	1                               @ Loc expr size
	.byte	81                              @ DW_OP_reg1
	.long	.Ltmp101-.Lfunc_begin5
	.long	.Lfunc_end5-.Lfunc_begin5
	.short	4                               @ Loc expr size
	.byte	243                             @ DW_OP_GNU_entry_value
	.byte	1                               @ 1
	.byte	81                              @ DW_OP_reg1
	.byte	159                             @ DW_OP_stack_value
	.long	0
	.long	0
.Ldebug_loc28:
	.long	-1
	.long	.Lfunc_begin5                   @   base address
	.long	.Lfunc_begin5-.Lfunc_begin5
	.long	.Ltmp99-.Lfunc_begin5
	.short	1                               @ Loc expr size
	.byte	82                              @ DW_OP_reg2
	.long	.Ltmp99-.Lfunc_begin5
	.long	.Lfunc_end5-.Lfunc_begin5
	.short	4                               @ Loc expr size
	.byte	243                             @ DW_OP_GNU_entry_value
	.byte	1                               @ 1
	.byte	82                              @ DW_OP_reg2
	.byte	159                             @ DW_OP_stack_value
	.long	0
	.long	0
.Ldebug_loc29:
	.long	-1
	.long	.Lfunc_begin5                   @   base address
	.long	.Ltmp99-.Lfunc_begin5
	.long	.Lfunc_end5-.Lfunc_begin5
	.short	1                               @ Loc expr size
	.byte	82                              @ DW_OP_reg2
	.long	0
	.long	0
.Ldebug_loc30:
	.long	-1
	.long	.Lfunc_begin5                   @   base address
	.long	.Ltmp100-.Lfunc_begin5
	.long	.Ltmp102-.Lfunc_begin5
	.short	1                               @ Loc expr size
	.byte	80                              @ DW_OP_reg0
	.long	0
	.long	0
.Ldebug_loc31:
	.long	-1
	.long	.Lfunc_begin6                   @   base address
	.long	.Lfunc_begin6-.Lfunc_begin6
	.long	.Ltmp109-.Lfunc_begin6
	.short	1                               @ Loc expr size
	.byte	80                              @ DW_OP_reg0
	.long	.Ltmp109-.Lfunc_begin6
	.long	.Lfunc_end6-.Lfunc_begin6
	.short	4                               @ Loc expr size
	.byte	243                             @ DW_OP_GNU_entry_value
	.byte	1                               @ 1
	.byte	80                              @ DW_OP_reg0
	.byte	159                             @ DW_OP_stack_value
	.long	0
	.long	0
.Ldebug_loc32:
	.long	-1
	.long	.Lfunc_begin6                   @   base address
	.long	.Lfunc_begin6-.Lfunc_begin6
	.long	.Ltmp105-.Lfunc_begin6
	.short	1                               @ Loc expr size
	.byte	81                              @ DW_OP_reg1
	.long	.Ltmp105-.Lfunc_begin6
	.long	.Lfunc_end6-.Lfunc_begin6
	.short	4                               @ Loc expr size
	.byte	243                             @ DW_OP_GNU_entry_value
	.byte	1                               @ 1
	.byte	81                              @ DW_OP_reg1
	.byte	159                             @ DW_OP_stack_value
	.long	0
	.long	0
.Ldebug_loc33:
	.long	-1
	.long	.Lfunc_begin6                   @   base address
	.long	.Ltmp104-.Lfunc_begin6
	.long	.Lfunc_end6-.Lfunc_begin6
	.short	1                               @ Loc expr size
	.byte	83                              @ DW_OP_reg3
	.long	0
	.long	0
	.section	.debug_abbrev,"",%progbits
	.byte	1                               @ Abbreviation Code
	.byte	17                              @ DW_TAG_compile_unit
	.byte	1                               @ DW_CHILDREN_yes
	.byte	37                              @ DW_AT_producer
	.byte	14                              @ DW_FORM_strp
	.byte	19                              @ DW_AT_language
	.byte	5                               @ DW_FORM_data2
	.byte	3                               @ DW_AT_name
	.byte	14                              @ DW_FORM_strp
	.byte	16                              @ DW_AT_stmt_list
	.byte	23                              @ DW_FORM_sec_offset
	.byte	27                              @ DW_AT_comp_dir
	.byte	14                              @ DW_FORM_strp
	.byte	17                              @ DW_AT_low_pc
	.byte	1                               @ DW_FORM_addr
	.byte	85                              @ DW_AT_ranges
	.byte	23                              @ DW_FORM_sec_offset
	.byte	0                               @ EOM(1)
	.byte	0                               @ EOM(2)
	.byte	2                               @ Abbreviation Code
	.byte	46                              @ DW_TAG_subprogram
	.byte	1                               @ DW_CHILDREN_yes
	.byte	17                              @ DW_AT_low_pc
	.byte	1                               @ DW_FORM_addr
	.byte	18                              @ DW_AT_high_pc
	.byte	6                               @ DW_FORM_data4
	.byte	64                              @ DW_AT_frame_base
	.byte	24                              @ DW_FORM_exprloc
	.ascii	"\227B"                         @ DW_AT_GNU_all_call_sites
	.byte	25                              @ DW_FORM_flag_present
	.byte	3                               @ DW_AT_name
	.byte	14                              @ DW_FORM_strp
	.byte	58                              @ DW_AT_decl_file
	.byte	11                              @ DW_FORM_data1
	.byte	59                              @ DW_AT_decl_line
	.byte	11                              @ DW_FORM_data1
	.byte	39                              @ DW_AT_prototyped
	.byte	25                              @ DW_FORM_flag_present
	.byte	73                              @ DW_AT_type
	.byte	19                              @ DW_FORM_ref4
	.byte	63                              @ DW_AT_external
	.byte	25                              @ DW_FORM_flag_present
	.byte	0                               @ EOM(1)
	.byte	0                               @ EOM(2)
	.byte	3                               @ Abbreviation Code
	.byte	52                              @ DW_TAG_variable
	.byte	0                               @ DW_CHILDREN_no
	.byte	3                               @ DW_AT_name
	.byte	14                              @ DW_FORM_strp
	.byte	73                              @ DW_AT_type
	.byte	19                              @ DW_FORM_ref4
	.byte	58                              @ DW_AT_decl_file
	.byte	11                              @ DW_FORM_data1
	.byte	59                              @ DW_AT_decl_line
	.byte	5                               @ DW_FORM_data2
	.byte	2                               @ DW_AT_location
	.byte	24                              @ DW_FORM_exprloc
	.byte	0                               @ EOM(1)
	.byte	0                               @ EOM(2)
	.byte	4                               @ Abbreviation Code
	.byte	5                               @ DW_TAG_formal_parameter
	.byte	0                               @ DW_CHILDREN_no
	.byte	2                               @ DW_AT_location
	.byte	23                              @ DW_FORM_sec_offset
	.byte	3                               @ DW_AT_name
	.byte	14                              @ DW_FORM_strp
	.byte	58                              @ DW_AT_decl_file
	.byte	11                              @ DW_FORM_data1
	.byte	59                              @ DW_AT_decl_line
	.byte	11                              @ DW_FORM_data1
	.byte	73                              @ DW_AT_type
	.byte	19                              @ DW_FORM_ref4
	.byte	0                               @ EOM(1)
	.byte	0                               @ EOM(2)
	.byte	5                               @ Abbreviation Code
	.byte	52                              @ DW_TAG_variable
	.byte	0                               @ DW_CHILDREN_no
	.byte	2                               @ DW_AT_location
	.byte	23                              @ DW_FORM_sec_offset
	.byte	3                               @ DW_AT_name
	.byte	14                              @ DW_FORM_strp
	.byte	58                              @ DW_AT_decl_file
	.byte	11                              @ DW_FORM_data1
	.byte	59                              @ DW_AT_decl_line
	.byte	5                               @ DW_FORM_data2
	.byte	73                              @ DW_AT_type
	.byte	19                              @ DW_FORM_ref4
	.byte	0                               @ EOM(1)
	.byte	0                               @ EOM(2)
	.byte	6                               @ Abbreviation Code
	.byte	22                              @ DW_TAG_typedef
	.byte	0                               @ DW_CHILDREN_no
	.byte	73                              @ DW_AT_type
	.byte	19                              @ DW_FORM_ref4
	.byte	3                               @ DW_AT_name
	.byte	14                              @ DW_FORM_strp
	.byte	58                              @ DW_AT_decl_file
	.byte	11                              @ DW_FORM_data1
	.byte	59                              @ DW_AT_decl_line
	.byte	11                              @ DW_FORM_data1
	.byte	0                               @ EOM(1)
	.byte	0                               @ EOM(2)
	.byte	7                               @ Abbreviation Code
	.byte	36                              @ DW_TAG_base_type
	.byte	0                               @ DW_CHILDREN_no
	.byte	3                               @ DW_AT_name
	.byte	14                              @ DW_FORM_strp
	.byte	62                              @ DW_AT_encoding
	.byte	11                              @ DW_FORM_data1
	.byte	11                              @ DW_AT_byte_size
	.byte	11                              @ DW_FORM_data1
	.byte	0                               @ EOM(1)
	.byte	0                               @ EOM(2)
	.byte	8                               @ Abbreviation Code
	.byte	52                              @ DW_TAG_variable
	.byte	0                               @ DW_CHILDREN_no
	.byte	3                               @ DW_AT_name
	.byte	14                              @ DW_FORM_strp
	.byte	73                              @ DW_AT_type
	.byte	19                              @ DW_FORM_ref4
	.byte	58                              @ DW_AT_decl_file
	.byte	11                              @ DW_FORM_data1
	.byte	59                              @ DW_AT_decl_line
	.byte	11                              @ DW_FORM_data1
	.byte	2                               @ DW_AT_location
	.byte	24                              @ DW_FORM_exprloc
	.byte	0                               @ EOM(1)
	.byte	0                               @ EOM(2)
	.byte	9                               @ Abbreviation Code
	.byte	1                               @ DW_TAG_array_type
	.byte	1                               @ DW_CHILDREN_yes
	.byte	73                              @ DW_AT_type
	.byte	19                              @ DW_FORM_ref4
	.byte	0                               @ EOM(1)
	.byte	0                               @ EOM(2)
	.byte	10                              @ Abbreviation Code
	.byte	33                              @ DW_TAG_subrange_type
	.byte	0                               @ DW_CHILDREN_no
	.byte	73                              @ DW_AT_type
	.byte	19                              @ DW_FORM_ref4
	.byte	55                              @ DW_AT_count
	.byte	11                              @ DW_FORM_data1
	.byte	0                               @ EOM(1)
	.byte	0                               @ EOM(2)
	.byte	11                              @ Abbreviation Code
	.byte	38                              @ DW_TAG_const_type
	.byte	0                               @ DW_CHILDREN_no
	.byte	73                              @ DW_AT_type
	.byte	19                              @ DW_FORM_ref4
	.byte	0                               @ EOM(1)
	.byte	0                               @ EOM(2)
	.byte	12                              @ Abbreviation Code
	.byte	36                              @ DW_TAG_base_type
	.byte	0                               @ DW_CHILDREN_no
	.byte	3                               @ DW_AT_name
	.byte	14                              @ DW_FORM_strp
	.byte	11                              @ DW_AT_byte_size
	.byte	11                              @ DW_FORM_data1
	.byte	62                              @ DW_AT_encoding
	.byte	11                              @ DW_FORM_data1
	.byte	0                               @ EOM(1)
	.byte	0                               @ EOM(2)
	.byte	13                              @ Abbreviation Code
	.byte	52                              @ DW_TAG_variable
	.byte	0                               @ DW_CHILDREN_no
	.byte	2                               @ DW_AT_location
	.byte	23                              @ DW_FORM_sec_offset
	.byte	3                               @ DW_AT_name
	.byte	14                              @ DW_FORM_strp
	.byte	58                              @ DW_AT_decl_file
	.byte	11                              @ DW_FORM_data1
	.byte	59                              @ DW_AT_decl_line
	.byte	11                              @ DW_FORM_data1
	.byte	73                              @ DW_AT_type
	.byte	19                              @ DW_FORM_ref4
	.byte	0                               @ EOM(1)
	.byte	0                               @ EOM(2)
	.byte	14                              @ Abbreviation Code
	.byte	52                              @ DW_TAG_variable
	.byte	0                               @ DW_CHILDREN_no
	.byte	3                               @ DW_AT_name
	.byte	14                              @ DW_FORM_strp
	.byte	58                              @ DW_AT_decl_file
	.byte	11                              @ DW_FORM_data1
	.byte	59                              @ DW_AT_decl_line
	.byte	11                              @ DW_FORM_data1
	.byte	73                              @ DW_AT_type
	.byte	19                              @ DW_FORM_ref4
	.byte	0                               @ EOM(1)
	.byte	0                               @ EOM(2)
	.byte	15                              @ Abbreviation Code
	.byte	46                              @ DW_TAG_subprogram
	.byte	1                               @ DW_CHILDREN_yes
	.byte	17                              @ DW_AT_low_pc
	.byte	1                               @ DW_FORM_addr
	.byte	18                              @ DW_AT_high_pc
	.byte	6                               @ DW_FORM_data4
	.byte	64                              @ DW_AT_frame_base
	.byte	24                              @ DW_FORM_exprloc
	.ascii	"\227B"                         @ DW_AT_GNU_all_call_sites
	.byte	25                              @ DW_FORM_flag_present
	.byte	3                               @ DW_AT_name
	.byte	14                              @ DW_FORM_strp
	.byte	58                              @ DW_AT_decl_file
	.byte	11                              @ DW_FORM_data1
	.byte	59                              @ DW_AT_decl_line
	.byte	11                              @ DW_FORM_data1
	.byte	39                              @ DW_AT_prototyped
	.byte	25                              @ DW_FORM_flag_present
	.byte	63                              @ DW_AT_external
	.byte	25                              @ DW_FORM_flag_present
	.byte	0                               @ EOM(1)
	.byte	0                               @ EOM(2)
	.byte	16                              @ Abbreviation Code
	.byte	5                               @ DW_TAG_formal_parameter
	.byte	0                               @ DW_CHILDREN_no
	.byte	2                               @ DW_AT_location
	.byte	24                              @ DW_FORM_exprloc
	.byte	3                               @ DW_AT_name
	.byte	14                              @ DW_FORM_strp
	.byte	58                              @ DW_AT_decl_file
	.byte	11                              @ DW_FORM_data1
	.byte	59                              @ DW_AT_decl_line
	.byte	11                              @ DW_FORM_data1
	.byte	73                              @ DW_AT_type
	.byte	19                              @ DW_FORM_ref4
	.byte	0                               @ EOM(1)
	.byte	0                               @ EOM(2)
	.byte	17                              @ Abbreviation Code
	.byte	15                              @ DW_TAG_pointer_type
	.byte	0                               @ DW_CHILDREN_no
	.byte	73                              @ DW_AT_type
	.byte	19                              @ DW_FORM_ref4
	.byte	0                               @ EOM(1)
	.byte	0                               @ EOM(2)
	.byte	18                              @ Abbreviation Code
	.byte	19                              @ DW_TAG_structure_type
	.byte	1                               @ DW_CHILDREN_yes
	.byte	11                              @ DW_AT_byte_size
	.byte	11                              @ DW_FORM_data1
	.byte	58                              @ DW_AT_decl_file
	.byte	11                              @ DW_FORM_data1
	.byte	59                              @ DW_AT_decl_line
	.byte	11                              @ DW_FORM_data1
	.byte	0                               @ EOM(1)
	.byte	0                               @ EOM(2)
	.byte	19                              @ Abbreviation Code
	.byte	13                              @ DW_TAG_member
	.byte	0                               @ DW_CHILDREN_no
	.byte	3                               @ DW_AT_name
	.byte	14                              @ DW_FORM_strp
	.byte	73                              @ DW_AT_type
	.byte	19                              @ DW_FORM_ref4
	.byte	58                              @ DW_AT_decl_file
	.byte	11                              @ DW_FORM_data1
	.byte	59                              @ DW_AT_decl_line
	.byte	11                              @ DW_FORM_data1
	.byte	56                              @ DW_AT_data_member_location
	.byte	11                              @ DW_FORM_data1
	.byte	0                               @ EOM(1)
	.byte	0                               @ EOM(2)
	.byte	0                               @ EOM(3)
	.section	.debug_info,"",%progbits
.Lcu_begin0:
	.long	.Ldebug_info_end0-.Ldebug_info_start0 @ Length of Unit
.Ldebug_info_start0:
	.short	4                               @ DWARF version number
	.long	.debug_abbrev                   @ Offset Into Abbrev. Section
	.byte	4                               @ Address Size (in bytes)
	.byte	1                               @ Abbrev [1] 0xb:0x3ef DW_TAG_compile_unit
	.long	.Linfo_string0                  @ DW_AT_producer
	.short	12                              @ DW_AT_language
	.long	.Linfo_string1                  @ DW_AT_name
	.long	.Lline_table_start0             @ DW_AT_stmt_list
	.long	.Linfo_string2                  @ DW_AT_comp_dir
	.long	0                               @ DW_AT_low_pc
	.long	.Ldebug_ranges0                 @ DW_AT_ranges
	.byte	2                               @ Abbrev [2] 0x26:0x56 DW_TAG_subprogram
	.long	.Lfunc_begin6                   @ DW_AT_low_pc
	.long	.Lfunc_end6-.Lfunc_begin6       @ DW_AT_high_pc
	.byte	1                               @ DW_AT_frame_base
	.byte	93
                                        @ DW_AT_GNU_all_call_sites
	.long	.Linfo_string22                 @ DW_AT_name
	.byte	2                               @ DW_AT_decl_file
	.byte	254                             @ DW_AT_decl_line
                                        @ DW_AT_prototyped
	.long	124                             @ DW_AT_type
                                        @ DW_AT_external
	.byte	3                               @ Abbrev [3] 0x3b:0x12 DW_TAG_variable
	.long	.Linfo_string3                  @ DW_AT_name
	.long	124                             @ DW_AT_type
	.byte	2                               @ DW_AT_decl_file
	.short	256                             @ DW_AT_decl_line
	.byte	5                               @ DW_AT_location
	.byte	3
	.long	lv_rand.a
	.byte	4                               @ Abbrev [4] 0x4d:0xf DW_TAG_formal_parameter
	.long	.Ldebug_loc31                   @ DW_AT_location
	.long	.Linfo_string66                 @ DW_AT_name
	.byte	2                               @ DW_AT_decl_file
	.byte	254                             @ DW_AT_decl_line
	.long	124                             @ DW_AT_type
	.byte	4                               @ Abbrev [4] 0x5c:0xf DW_TAG_formal_parameter
	.long	.Ldebug_loc32                   @ DW_AT_location
	.long	.Linfo_string67                 @ DW_AT_name
	.byte	2                               @ DW_AT_decl_file
	.byte	254                             @ DW_AT_decl_line
	.long	124                             @ DW_AT_type
	.byte	5                               @ Abbrev [5] 0x6b:0x10 DW_TAG_variable
	.long	.Ldebug_loc33                   @ DW_AT_location
	.long	.Linfo_string39                 @ DW_AT_name
	.byte	2                               @ DW_AT_decl_file
	.short	259                             @ DW_AT_decl_line
	.long	124                             @ DW_AT_type
	.byte	0                               @ End Of Children Mark
	.byte	6                               @ Abbrev [6] 0x7c:0xb DW_TAG_typedef
	.long	135                             @ DW_AT_type
	.long	.Linfo_string5                  @ DW_AT_name
	.byte	1                               @ DW_AT_decl_file
	.byte	64                              @ DW_AT_decl_line
	.byte	7                               @ Abbrev [7] 0x87:0x7 DW_TAG_base_type
	.long	.Linfo_string4                  @ DW_AT_name
	.byte	7                               @ DW_AT_encoding
	.byte	4                               @ DW_AT_byte_size
	.byte	8                               @ Abbrev [8] 0x8e:0x11 DW_TAG_variable
	.long	.Linfo_string6                  @ DW_AT_name
	.long	159                             @ DW_AT_type
	.byte	2                               @ DW_AT_decl_file
	.byte	26                              @ DW_AT_decl_line
	.byte	5                               @ DW_AT_location
	.byte	3
	.long	sin0_90_table
	.byte	9                               @ Abbrev [9] 0x9f:0xc DW_TAG_array_type
	.long	171                             @ DW_AT_type
	.byte	10                              @ Abbrev [10] 0xa4:0x6 DW_TAG_subrange_type
	.long	194                             @ DW_AT_type
	.byte	91                              @ DW_AT_count
	.byte	0                               @ End Of Children Mark
	.byte	11                              @ Abbrev [11] 0xab:0x5 DW_TAG_const_type
	.long	176                             @ DW_AT_type
	.byte	6                               @ Abbrev [6] 0xb0:0xb DW_TAG_typedef
	.long	187                             @ DW_AT_type
	.long	.Linfo_string8                  @ DW_AT_name
	.byte	1                               @ DW_AT_decl_file
	.byte	57                              @ DW_AT_decl_line
	.byte	7                               @ Abbrev [7] 0xbb:0x7 DW_TAG_base_type
	.long	.Linfo_string7                  @ DW_AT_name
	.byte	5                               @ DW_AT_encoding
	.byte	2                               @ DW_AT_byte_size
	.byte	12                              @ Abbrev [12] 0xc2:0x7 DW_TAG_base_type
	.long	.Linfo_string9                  @ DW_AT_name
	.byte	8                               @ DW_AT_byte_size
	.byte	7                               @ DW_AT_encoding
	.byte	2                               @ Abbrev [2] 0xc9:0x34 DW_TAG_subprogram
	.long	.Lfunc_begin0                   @ DW_AT_low_pc
	.long	.Lfunc_end0-.Lfunc_begin0       @ DW_AT_high_pc
	.byte	1                               @ DW_AT_frame_base
	.byte	93
                                        @ DW_AT_GNU_all_call_sites
	.long	.Linfo_string10                 @ DW_AT_name
	.byte	2                               @ DW_AT_decl_file
	.byte	48                              @ DW_AT_decl_line
                                        @ DW_AT_prototyped
	.long	176                             @ DW_AT_type
                                        @ DW_AT_external
	.byte	4                               @ Abbrev [4] 0xde:0xf DW_TAG_formal_parameter
	.long	.Ldebug_loc0                    @ DW_AT_location
	.long	.Linfo_string23                 @ DW_AT_name
	.byte	2                               @ DW_AT_decl_file
	.byte	48                              @ DW_AT_decl_line
	.long	176                             @ DW_AT_type
	.byte	13                              @ Abbrev [13] 0xed:0xf DW_TAG_variable
	.long	.Ldebug_loc1                    @ DW_AT_location
	.long	.Linfo_string24                 @ DW_AT_name
	.byte	2                               @ DW_AT_decl_file
	.byte	50                              @ DW_AT_decl_line
	.long	176                             @ DW_AT_type
	.byte	0                               @ End Of Children Mark
	.byte	2                               @ Abbrev [2] 0xfd:0xdc DW_TAG_subprogram
	.long	.Lfunc_begin1                   @ DW_AT_low_pc
	.long	.Lfunc_end1-.Lfunc_begin1       @ DW_AT_high_pc
	.byte	1                               @ DW_AT_frame_base
	.byte	93
                                        @ DW_AT_GNU_all_call_sites
	.long	.Linfo_string11                 @ DW_AT_name
	.byte	2                               @ DW_AT_decl_file
	.byte	83                              @ DW_AT_decl_line
                                        @ DW_AT_prototyped
	.long	124                             @ DW_AT_type
                                        @ DW_AT_external
	.byte	4                               @ Abbrev [4] 0x112:0xf DW_TAG_formal_parameter
	.long	.Ldebug_loc2                    @ DW_AT_location
	.long	.Linfo_string25                 @ DW_AT_name
	.byte	2                               @ DW_AT_decl_file
	.byte	83                              @ DW_AT_decl_line
	.long	124                             @ DW_AT_type
	.byte	4                               @ Abbrev [4] 0x121:0xf DW_TAG_formal_parameter
	.long	.Ldebug_loc3                    @ DW_AT_location
	.long	.Linfo_string26                 @ DW_AT_name
	.byte	2                               @ DW_AT_decl_file
	.byte	83                              @ DW_AT_decl_line
	.long	124                             @ DW_AT_type
	.byte	4                               @ Abbrev [4] 0x130:0xf DW_TAG_formal_parameter
	.long	.Ldebug_loc4                    @ DW_AT_location
	.long	.Linfo_string27                 @ DW_AT_name
	.byte	2                               @ DW_AT_decl_file
	.byte	83                              @ DW_AT_decl_line
	.long	124                             @ DW_AT_type
	.byte	4                               @ Abbrev [4] 0x13f:0xf DW_TAG_formal_parameter
	.long	.Ldebug_loc5                    @ DW_AT_location
	.long	.Linfo_string28                 @ DW_AT_name
	.byte	2                               @ DW_AT_decl_file
	.byte	83                              @ DW_AT_decl_line
	.long	124                             @ DW_AT_type
	.byte	4                               @ Abbrev [4] 0x14e:0xf DW_TAG_formal_parameter
	.long	.Ldebug_loc7                    @ DW_AT_location
	.long	.Linfo_string30                 @ DW_AT_name
	.byte	2                               @ DW_AT_decl_file
	.byte	83                              @ DW_AT_decl_line
	.long	124                             @ DW_AT_type
	.byte	13                              @ Abbrev [13] 0x15d:0xf DW_TAG_variable
	.long	.Ldebug_loc6                    @ DW_AT_location
	.long	.Linfo_string29                 @ DW_AT_name
	.byte	2                               @ DW_AT_decl_file
	.byte	88                              @ DW_AT_decl_line
	.long	124                             @ DW_AT_type
	.byte	13                              @ Abbrev [13] 0x16c:0xf DW_TAG_variable
	.long	.Ldebug_loc8                    @ DW_AT_location
	.long	.Linfo_string31                 @ DW_AT_name
	.byte	2                               @ DW_AT_decl_file
	.byte	85                              @ DW_AT_decl_line
	.long	124                             @ DW_AT_type
	.byte	13                              @ Abbrev [13] 0x17b:0xf DW_TAG_variable
	.long	.Ldebug_loc9                    @ DW_AT_location
	.long	.Linfo_string32                 @ DW_AT_name
	.byte	2                               @ DW_AT_decl_file
	.byte	89                              @ DW_AT_decl_line
	.long	124                             @ DW_AT_type
	.byte	13                              @ Abbrev [13] 0x18a:0xf DW_TAG_variable
	.long	.Ldebug_loc10                   @ DW_AT_location
	.long	.Linfo_string33                 @ DW_AT_name
	.byte	2                               @ DW_AT_decl_file
	.byte	86                              @ DW_AT_decl_line
	.long	124                             @ DW_AT_type
	.byte	14                              @ Abbrev [14] 0x199:0xb DW_TAG_variable
	.long	.Linfo_string34                 @ DW_AT_name
	.byte	2                               @ DW_AT_decl_file
	.byte	93                              @ DW_AT_decl_line
	.long	124                             @ DW_AT_type
	.byte	13                              @ Abbrev [13] 0x1a4:0xf DW_TAG_variable
	.long	.Ldebug_loc11                   @ DW_AT_location
	.long	.Linfo_string35                 @ DW_AT_name
	.byte	2                               @ DW_AT_decl_file
	.byte	94                              @ DW_AT_decl_line
	.long	124                             @ DW_AT_type
	.byte	13                              @ Abbrev [13] 0x1b3:0xf DW_TAG_variable
	.long	.Ldebug_loc12                   @ DW_AT_location
	.long	.Linfo_string36                 @ DW_AT_name
	.byte	2                               @ DW_AT_decl_file
	.byte	87                              @ DW_AT_decl_line
	.long	124                             @ DW_AT_type
	.byte	14                              @ Abbrev [14] 0x1c2:0xb DW_TAG_variable
	.long	.Linfo_string37                 @ DW_AT_name
	.byte	2                               @ DW_AT_decl_file
	.byte	92                              @ DW_AT_decl_line
	.long	124                             @ DW_AT_type
	.byte	14                              @ Abbrev [14] 0x1cd:0xb DW_TAG_variable
	.long	.Linfo_string38                 @ DW_AT_name
	.byte	2                               @ DW_AT_decl_file
	.byte	91                              @ DW_AT_decl_line
	.long	124                             @ DW_AT_type
	.byte	0                               @ End Of Children Mark
	.byte	15                              @ Abbrev [15] 0x1d9:0x59 DW_TAG_subprogram
	.long	.Lfunc_begin2                   @ DW_AT_low_pc
	.long	.Lfunc_end2-.Lfunc_begin2       @ DW_AT_high_pc
	.byte	1                               @ DW_AT_frame_base
	.byte	93
                                        @ DW_AT_GNU_all_call_sites
	.long	.Linfo_string12                 @ DW_AT_name
	.byte	2                               @ DW_AT_decl_file
	.byte	109                             @ DW_AT_decl_line
                                        @ DW_AT_prototyped
                                        @ DW_AT_external
	.byte	4                               @ Abbrev [4] 0x1ea:0xf DW_TAG_formal_parameter
	.long	.Ldebug_loc13                   @ DW_AT_location
	.long	.Linfo_string39                 @ DW_AT_name
	.byte	2                               @ DW_AT_decl_file
	.byte	109                             @ DW_AT_decl_line
	.long	124                             @ DW_AT_type
	.byte	16                              @ Abbrev [16] 0x1f9:0xd DW_TAG_formal_parameter
	.byte	1                               @ DW_AT_location
	.byte	81
	.long	.Linfo_string40                 @ DW_AT_name
	.byte	2                               @ DW_AT_decl_file
	.byte	109                             @ DW_AT_decl_line
	.long	947                             @ DW_AT_type
	.byte	16                              @ Abbrev [16] 0x206:0xd DW_TAG_formal_parameter
	.byte	1                               @ DW_AT_location
	.byte	82
	.long	.Linfo_string44                 @ DW_AT_name
	.byte	2                               @ DW_AT_decl_file
	.byte	109                             @ DW_AT_decl_line
	.long	124                             @ DW_AT_type
	.byte	13                              @ Abbrev [13] 0x213:0xf DW_TAG_variable
	.long	.Ldebug_loc14                   @ DW_AT_location
	.long	.Linfo_string45                 @ DW_AT_name
	.byte	2                               @ DW_AT_decl_file
	.byte	113                             @ DW_AT_decl_line
	.long	124                             @ DW_AT_type
	.byte	13                              @ Abbrev [13] 0x222:0xf DW_TAG_variable
	.long	.Ldebug_loc15                   @ DW_AT_location
	.long	.Linfo_string46                 @ DW_AT_name
	.byte	2                               @ DW_AT_decl_file
	.byte	114                             @ DW_AT_decl_line
	.long	124                             @ DW_AT_type
	.byte	0                               @ End Of Children Mark
	.byte	2                               @ Abbrev [2] 0x232:0x8e DW_TAG_subprogram
	.long	.Lfunc_begin3                   @ DW_AT_low_pc
	.long	.Lfunc_end3-.Lfunc_begin3       @ DW_AT_high_pc
	.byte	1                               @ DW_AT_frame_base
	.byte	93
                                        @ DW_AT_GNU_all_call_sites
	.long	.Linfo_string13                 @ DW_AT_name
	.byte	2                               @ DW_AT_decl_file
	.byte	132                             @ DW_AT_decl_line
                                        @ DW_AT_prototyped
	.long	893                             @ DW_AT_type
                                        @ DW_AT_external
	.byte	4                               @ Abbrev [4] 0x247:0xf DW_TAG_formal_parameter
	.long	.Ldebug_loc16                   @ DW_AT_location
	.long	.Linfo_string39                 @ DW_AT_name
	.byte	2                               @ DW_AT_decl_file
	.byte	132                             @ DW_AT_decl_line
	.long	940                             @ DW_AT_type
	.byte	4                               @ Abbrev [4] 0x256:0xf DW_TAG_formal_parameter
	.long	.Ldebug_loc17                   @ DW_AT_location
	.long	.Linfo_string47                 @ DW_AT_name
	.byte	2                               @ DW_AT_decl_file
	.byte	132                             @ DW_AT_decl_line
	.long	940                             @ DW_AT_type
	.byte	13                              @ Abbrev [13] 0x265:0xf DW_TAG_variable
	.long	.Ldebug_loc18                   @ DW_AT_location
	.long	.Linfo_string48                 @ DW_AT_name
	.byte	2                               @ DW_AT_decl_file
	.byte	144                             @ DW_AT_decl_line
	.long	992                             @ DW_AT_type
	.byte	13                              @ Abbrev [13] 0x274:0xf DW_TAG_variable
	.long	.Ldebug_loc19                   @ DW_AT_location
	.long	.Linfo_string50                 @ DW_AT_name
	.byte	2                               @ DW_AT_decl_file
	.byte	148                             @ DW_AT_decl_line
	.long	135                             @ DW_AT_type
	.byte	13                              @ Abbrev [13] 0x283:0xf DW_TAG_variable
	.long	.Ldebug_loc20                   @ DW_AT_location
	.long	.Linfo_string51                 @ DW_AT_name
	.byte	2                               @ DW_AT_decl_file
	.byte	149                             @ DW_AT_decl_line
	.long	135                             @ DW_AT_type
	.byte	13                              @ Abbrev [13] 0x292:0xf DW_TAG_variable
	.long	.Ldebug_loc21                   @ DW_AT_location
	.long	.Linfo_string52                 @ DW_AT_name
	.byte	2                               @ DW_AT_decl_file
	.byte	147                             @ DW_AT_decl_line
	.long	135                             @ DW_AT_type
	.byte	13                              @ Abbrev [13] 0x2a1:0xf DW_TAG_variable
	.long	.Ldebug_loc22                   @ DW_AT_location
	.long	.Linfo_string53                 @ DW_AT_name
	.byte	2                               @ DW_AT_decl_file
	.byte	146                             @ DW_AT_decl_line
	.long	992                             @ DW_AT_type
	.byte	13                              @ Abbrev [13] 0x2b0:0xf DW_TAG_variable
	.long	.Ldebug_loc23                   @ DW_AT_location
	.long	.Linfo_string54                 @ DW_AT_name
	.byte	2                               @ DW_AT_decl_file
	.byte	145                             @ DW_AT_decl_line
	.long	992                             @ DW_AT_type
	.byte	0                               @ End Of Children Mark
	.byte	2                               @ Abbrev [2] 0x2c0:0x41 DW_TAG_subprogram
	.long	.Lfunc_begin4                   @ DW_AT_low_pc
	.long	.Lfunc_end4-.Lfunc_begin4       @ DW_AT_high_pc
	.byte	1                               @ DW_AT_frame_base
	.byte	93
                                        @ DW_AT_GNU_all_call_sites
	.long	.Linfo_string16                 @ DW_AT_name
	.byte	2                               @ DW_AT_decl_file
	.byte	214                             @ DW_AT_decl_line
                                        @ DW_AT_prototyped
	.long	911                             @ DW_AT_type
                                        @ DW_AT_external
	.byte	4                               @ Abbrev [4] 0x2d5:0xf DW_TAG_formal_parameter
	.long	.Ldebug_loc24                   @ DW_AT_location
	.long	.Linfo_string58                 @ DW_AT_name
	.byte	2                               @ DW_AT_decl_file
	.byte	214                             @ DW_AT_decl_line
	.long	911                             @ DW_AT_type
	.byte	16                              @ Abbrev [16] 0x2e4:0xd DW_TAG_formal_parameter
	.byte	1                               @ DW_AT_location
	.byte	82
	.long	.Linfo_string55                 @ DW_AT_name
	.byte	2                               @ DW_AT_decl_file
	.byte	214                             @ DW_AT_decl_line
	.long	999                             @ DW_AT_type
	.byte	13                              @ Abbrev [13] 0x2f1:0xf DW_TAG_variable
	.long	.Ldebug_loc25                   @ DW_AT_location
	.long	.Linfo_string59                 @ DW_AT_name
	.byte	2                               @ DW_AT_decl_file
	.byte	216                             @ DW_AT_decl_line
	.long	911                             @ DW_AT_type
	.byte	0                               @ End Of Children Mark
	.byte	2                               @ Abbrev [2] 0x301:0x7c DW_TAG_subprogram
	.long	.Lfunc_begin5                   @ DW_AT_low_pc
	.long	.Lfunc_end5-.Lfunc_begin5       @ DW_AT_high_pc
	.byte	1                               @ DW_AT_frame_base
	.byte	93
                                        @ DW_AT_GNU_all_call_sites
	.long	.Linfo_string19                 @ DW_AT_name
	.byte	2                               @ DW_AT_decl_file
	.byte	236                             @ DW_AT_decl_line
                                        @ DW_AT_prototyped
	.long	929                             @ DW_AT_type
                                        @ DW_AT_external
	.byte	4                               @ Abbrev [4] 0x316:0xf DW_TAG_formal_parameter
	.long	.Ldebug_loc26                   @ DW_AT_location
	.long	.Linfo_string39                 @ DW_AT_name
	.byte	2                               @ DW_AT_decl_file
	.byte	236                             @ DW_AT_decl_line
	.long	929                             @ DW_AT_type
	.byte	4                               @ Abbrev [4] 0x325:0xf DW_TAG_formal_parameter
	.long	.Ldebug_loc27                   @ DW_AT_location
	.long	.Linfo_string60                 @ DW_AT_name
	.byte	2                               @ DW_AT_decl_file
	.byte	236                             @ DW_AT_decl_line
	.long	929                             @ DW_AT_type
	.byte	4                               @ Abbrev [4] 0x334:0xf DW_TAG_formal_parameter
	.long	.Ldebug_loc28                   @ DW_AT_location
	.long	.Linfo_string61                 @ DW_AT_name
	.byte	2                               @ DW_AT_decl_file
	.byte	236                             @ DW_AT_decl_line
	.long	929                             @ DW_AT_type
	.byte	16                              @ Abbrev [16] 0x343:0xd DW_TAG_formal_parameter
	.byte	1                               @ DW_AT_location
	.byte	83
	.long	.Linfo_string62                 @ DW_AT_name
	.byte	2                               @ DW_AT_decl_file
	.byte	236                             @ DW_AT_decl_line
	.long	929                             @ DW_AT_type
	.byte	16                              @ Abbrev [16] 0x350:0xe DW_TAG_formal_parameter
	.byte	2                               @ DW_AT_location
	.byte	145
	.byte	0
	.long	.Linfo_string63                 @ DW_AT_name
	.byte	2                               @ DW_AT_decl_file
	.byte	236                             @ DW_AT_decl_line
	.long	929                             @ DW_AT_type
	.byte	13                              @ Abbrev [13] 0x35e:0xf DW_TAG_variable
	.long	.Ldebug_loc29                   @ DW_AT_location
	.long	.Linfo_string64                 @ DW_AT_name
	.byte	2                               @ DW_AT_decl_file
	.byte	248                             @ DW_AT_decl_line
	.long	929                             @ DW_AT_type
	.byte	13                              @ Abbrev [13] 0x36d:0xf DW_TAG_variable
	.long	.Ldebug_loc30                   @ DW_AT_location
	.long	.Linfo_string65                 @ DW_AT_name
	.byte	2                               @ DW_AT_decl_file
	.byte	249                             @ DW_AT_decl_line
	.long	929                             @ DW_AT_type
	.byte	0                               @ End Of Children Mark
	.byte	6                               @ Abbrev [6] 0x37d:0xb DW_TAG_typedef
	.long	904                             @ DW_AT_type
	.long	.Linfo_string15                 @ DW_AT_name
	.byte	1                               @ DW_AT_decl_file
	.byte	63                              @ DW_AT_decl_line
	.byte	7                               @ Abbrev [7] 0x388:0x7 DW_TAG_base_type
	.long	.Linfo_string14                 @ DW_AT_name
	.byte	7                               @ DW_AT_encoding
	.byte	2                               @ DW_AT_byte_size
	.byte	6                               @ Abbrev [6] 0x38f:0xb DW_TAG_typedef
	.long	922                             @ DW_AT_type
	.long	.Linfo_string18                 @ DW_AT_name
	.byte	1                               @ DW_AT_decl_file
	.byte	59                              @ DW_AT_decl_line
	.byte	7                               @ Abbrev [7] 0x39a:0x7 DW_TAG_base_type
	.long	.Linfo_string17                 @ DW_AT_name
	.byte	5                               @ DW_AT_encoding
	.byte	8                               @ DW_AT_byte_size
	.byte	6                               @ Abbrev [6] 0x3a1:0xb DW_TAG_typedef
	.long	940                             @ DW_AT_type
	.long	.Linfo_string21                 @ DW_AT_name
	.byte	1                               @ DW_AT_decl_file
	.byte	58                              @ DW_AT_decl_line
	.byte	7                               @ Abbrev [7] 0x3ac:0x7 DW_TAG_base_type
	.long	.Linfo_string20                 @ DW_AT_name
	.byte	5                               @ DW_AT_encoding
	.byte	4                               @ DW_AT_byte_size
	.byte	17                              @ Abbrev [17] 0x3b3:0x5 DW_TAG_pointer_type
	.long	952                             @ DW_AT_type
	.byte	6                               @ Abbrev [6] 0x3b8:0xb DW_TAG_typedef
	.long	963                             @ DW_AT_type
	.long	.Linfo_string43                 @ DW_AT_name
	.byte	3                               @ DW_AT_decl_file
	.byte	35                              @ DW_AT_decl_line
	.byte	18                              @ Abbrev [18] 0x3c3:0x1d DW_TAG_structure_type
	.byte	4                               @ DW_AT_byte_size
	.byte	3                               @ DW_AT_decl_file
	.byte	32                              @ DW_AT_decl_line
	.byte	19                              @ Abbrev [19] 0x3c7:0xc DW_TAG_member
	.long	.Linfo_string41                 @ DW_AT_name
	.long	893                             @ DW_AT_type
	.byte	3                               @ DW_AT_decl_file
	.byte	33                              @ DW_AT_decl_line
	.byte	0                               @ DW_AT_data_member_location
	.byte	19                              @ Abbrev [19] 0x3d3:0xc DW_TAG_member
	.long	.Linfo_string42                 @ DW_AT_name
	.long	893                             @ DW_AT_type
	.byte	3                               @ DW_AT_decl_file
	.byte	34                              @ DW_AT_decl_line
	.byte	2                               @ DW_AT_data_member_location
	.byte	0                               @ End Of Children Mark
	.byte	7                               @ Abbrev [7] 0x3e0:0x7 DW_TAG_base_type
	.long	.Linfo_string49                 @ DW_AT_name
	.byte	8                               @ DW_AT_encoding
	.byte	1                               @ DW_AT_byte_size
	.byte	6                               @ Abbrev [6] 0x3e7:0xb DW_TAG_typedef
	.long	1010                            @ DW_AT_type
	.long	.Linfo_string57                 @ DW_AT_name
	.byte	1                               @ DW_AT_decl_file
	.byte	56                              @ DW_AT_decl_line
	.byte	7                               @ Abbrev [7] 0x3f2:0x7 DW_TAG_base_type
	.long	.Linfo_string56                 @ DW_AT_name
	.byte	6                               @ DW_AT_encoding
	.byte	1                               @ DW_AT_byte_size
	.byte	0                               @ End Of Children Mark
.Ldebug_info_end0:
	.section	.debug_ranges,"",%progbits
.Ldebug_ranges0:
	.long	.Lfunc_begin0
	.long	.Lfunc_end0
	.long	.Lfunc_begin1
	.long	.Lfunc_end1
	.long	.Lfunc_begin2
	.long	.Lfunc_end2
	.long	.Lfunc_begin3
	.long	.Lfunc_end3
	.long	.Lfunc_begin4
	.long	.Lfunc_end4
	.long	.Lfunc_begin5
	.long	.Lfunc_end5
	.long	.Lfunc_begin6
	.long	.Lfunc_end6
	.long	0
	.long	0
	.section	.debug_str,"MS",%progbits,1
.Linfo_string0:
	.asciz	"Component: ARM Compiler 6.16 Tool: armclang [5dfeb700]" @ string offset=0
.Linfo_string1:
	.asciz	"../GUILib/src/misc\\lv_math.c" @ string offset=55
.Linfo_string2:
	.asciz	"C:\\Users\\Hyacincher\\Desktop\\HyTelectrl\\Code\\Project" @ string offset=84
.Linfo_string3:
	.asciz	"a"                             @ string offset=136
.Linfo_string4:
	.asciz	"unsigned int"                  @ string offset=138
.Linfo_string5:
	.asciz	"uint32_t"                      @ string offset=151
.Linfo_string6:
	.asciz	"sin0_90_table"                 @ string offset=160
.Linfo_string7:
	.asciz	"short"                         @ string offset=174
.Linfo_string8:
	.asciz	"int16_t"                       @ string offset=180
.Linfo_string9:
	.asciz	"__ARRAY_SIZE_TYPE__"           @ string offset=188
.Linfo_string10:
	.asciz	"lv_trigo_sin"                  @ string offset=208
.Linfo_string11:
	.asciz	"lv_bezier3"                    @ string offset=221
.Linfo_string12:
	.asciz	"lv_sqrt"                       @ string offset=232
.Linfo_string13:
	.asciz	"lv_atan2"                      @ string offset=240
.Linfo_string14:
	.asciz	"unsigned short"                @ string offset=249
.Linfo_string15:
	.asciz	"uint16_t"                      @ string offset=264
.Linfo_string16:
	.asciz	"lv_pow"                        @ string offset=273
.Linfo_string17:
	.asciz	"long long int"                 @ string offset=280
.Linfo_string18:
	.asciz	"int64_t"                       @ string offset=294
.Linfo_string19:
	.asciz	"lv_map"                        @ string offset=302
.Linfo_string20:
	.asciz	"int"                           @ string offset=309
.Linfo_string21:
	.asciz	"int32_t"                       @ string offset=313
.Linfo_string22:
	.asciz	"lv_rand"                       @ string offset=321
.Linfo_string23:
	.asciz	"angle"                         @ string offset=329
.Linfo_string24:
	.asciz	"ret"                           @ string offset=335
.Linfo_string25:
	.asciz	"t"                             @ string offset=339
.Linfo_string26:
	.asciz	"u0"                            @ string offset=341
.Linfo_string27:
	.asciz	"u1"                            @ string offset=344
.Linfo_string28:
	.asciz	"u2"                            @ string offset=347
.Linfo_string29:
	.asciz	"t2"                            @ string offset=350
.Linfo_string30:
	.asciz	"u3"                            @ string offset=353
.Linfo_string31:
	.asciz	"t_rem"                         @ string offset=356
.Linfo_string32:
	.asciz	"t3"                            @ string offset=362
.Linfo_string33:
	.asciz	"t_rem2"                        @ string offset=365
.Linfo_string34:
	.asciz	"v3"                            @ string offset=372
.Linfo_string35:
	.asciz	"v4"                            @ string offset=375
.Linfo_string36:
	.asciz	"t_rem3"                        @ string offset=378
.Linfo_string37:
	.asciz	"v2"                            @ string offset=385
.Linfo_string38:
	.asciz	"v1"                            @ string offset=388
.Linfo_string39:
	.asciz	"x"                             @ string offset=391
.Linfo_string40:
	.asciz	"q"                             @ string offset=393
.Linfo_string41:
	.asciz	"i"                             @ string offset=395
.Linfo_string42:
	.asciz	"f"                             @ string offset=397
.Linfo_string43:
	.asciz	"lv_sqrt_res_t"                 @ string offset=399
.Linfo_string44:
	.asciz	"mask"                          @ string offset=413
.Linfo_string45:
	.asciz	"root"                          @ string offset=418
.Linfo_string46:
	.asciz	"trial"                         @ string offset=423
.Linfo_string47:
	.asciz	"y"                             @ string offset=429
.Linfo_string48:
	.asciz	"negflag"                       @ string offset=431
.Linfo_string49:
	.asciz	"unsigned char"                 @ string offset=439
.Linfo_string50:
	.asciz	"ux"                            @ string offset=453
.Linfo_string51:
	.asciz	"uy"                            @ string offset=456
.Linfo_string52:
	.asciz	"degree"                        @ string offset=459
.Linfo_string53:
	.asciz	"comp"                          @ string offset=466
.Linfo_string54:
	.asciz	"tempdegree"                    @ string offset=471
.Linfo_string55:
	.asciz	"exp"                           @ string offset=482
.Linfo_string56:
	.asciz	"signed char"                   @ string offset=486
.Linfo_string57:
	.asciz	"int8_t"                        @ string offset=498
.Linfo_string58:
	.asciz	"base"                          @ string offset=505
.Linfo_string59:
	.asciz	"result"                        @ string offset=510
.Linfo_string60:
	.asciz	"min_in"                        @ string offset=517
.Linfo_string61:
	.asciz	"max_in"                        @ string offset=524
.Linfo_string62:
	.asciz	"min_out"                       @ string offset=531
.Linfo_string63:
	.asciz	"max_out"                       @ string offset=539
.Linfo_string64:
	.asciz	"delta_in"                      @ string offset=547
.Linfo_string65:
	.asciz	"delta_out"                     @ string offset=556
.Linfo_string66:
	.asciz	"min"                           @ string offset=566
.Linfo_string67:
	.asciz	"max"                           @ string offset=570
	.ident	"Component: ARM Compiler 6.16 Tool: armclang [5dfeb700]"
	.section	".note.GNU-stack","",%progbits
	.eabi_attribute	30, 3	@ Tag_ABI_optimization_goals
	.ARM_attribute	16, 1	@ Tag_AV_eba
	.section	.debug_line,"",%progbits
.Lline_table_start0:
