	.text
	.syntax unified
	.eabi_attribute	67, "2.09"	@ Tag_conformance
	.cpu	cortex-m4
	.eabi_attribute	6, 13	@ Tag_CPU_arch
	.eabi_attribute	7, 77	@ Tag_CPU_arch_profile
	.eabi_attribute	8, 0	@ Tag_ARM_ISA_use
	.eabi_attribute	9, 2	@ Tag_THUMB_ISA_use
	.fpu	fpv4-sp-d16
	.eabi_attribute	27, 1	@ Tag_ABI_HardFP_use
	.eabi_attribute	36, 1	@ Tag_FP_HP_extension
	.eabi_attribute	34, 1	@ Tag_CPU_unaligned_access
	.eabi_attribute	17, 1	@ Tag_ABI_PCS_GOT_use
	.eabi_attribute	20, 2	@ Tag_ABI_FP_denormal
	.eabi_attribute	21, 0	@ Tag_ABI_FP_exceptions
	.eabi_attribute	23, 1	@ Tag_ABI_FP_number_model
	.eabi_attribute	24, 1	@ Tag_ABI_align_needed
	.eabi_attribute	25, 1	@ Tag_ABI_align_preserved
	.eabi_attribute	28, 1	@ Tag_ABI_VFP_args
	.eabi_attribute	38, 1	@ Tag_ABI_FP_16bit_format
	.eabi_attribute	18, 2	@ Tag_ABI_PCS_wchar_t
	.eabi_attribute	26, 1	@ Tag_ABI_enum_size
	.eabi_attribute	14, 0	@ Tag_ABI_PCS_R9_use
	.file	"lv_utils.c"
	.section	.text._lv_utils_bsearch,"ax",%progbits
	.hidden	_lv_utils_bsearch               @ -- Begin function _lv_utils_bsearch
	.globl	_lv_utils_bsearch
	.p2align	1
	.type	_lv_utils_bsearch,%function
	.code	16                              @ @_lv_utils_bsearch
	.thumb_func
_lv_utils_bsearch:
.Lfunc_begin0:
	.file	1 "C:\\Users\\Hyacincher\\Desktop\\HyTelectrl\\Code\\Project" "../GUILib/src/misc/lv_utils.c"
	.loc	1 56 0                          @ ../GUILib/src/misc/lv_utils.c:56:0
	.fnstart
	.cfi_sections .debug_frame
	.cfi_startproc
@ %bb.0:
	@DEBUG_VALUE: _lv_utils_bsearch:key <- $r0
	@DEBUG_VALUE: _lv_utils_bsearch:base <- $r1
	@DEBUG_VALUE: _lv_utils_bsearch:n <- $r2
	@DEBUG_VALUE: _lv_utils_bsearch:size <- $r3
	@DEBUG_VALUE: _lv_utils_bsearch:size <- $r3
	@DEBUG_VALUE: _lv_utils_bsearch:n <- $r2
	@DEBUG_VALUE: _lv_utils_bsearch:base <- $r1
	.save	{r4, r5, r6, r7, r8, r9, r10, lr}
	push.w	{r4, r5, r6, r7, r8, r9, r10, lr}
	.cfi_def_cfa_offset 32
	.cfi_offset lr, -4
	.cfi_offset r10, -8
	.cfi_offset r9, -12
	.cfi_offset r8, -16
	.cfi_offset r7, -20
	.cfi_offset r6, -24
	.cfi_offset r5, -28
	.cfi_offset r4, -32
.Ltmp0:
	@DEBUG_VALUE: _lv_utils_bsearch:middle <- $r1
	@DEBUG_VALUE: _lv_utils_bsearch:middle <- $r1
	@DEBUG_VALUE: _lv_utils_bsearch:cmp <- [DW_OP_plus_uconst 32] [$sp+0]
	@DEBUG_VALUE: _lv_utils_bsearch:key <- $r0
	.loc	1 60 5 prologue_end             @ ../GUILib/src/misc/lv_utils.c:60:5
	cbz	r2, .LBB0_6
.Ltmp1:
@ %bb.1:
	@DEBUG_VALUE: _lv_utils_bsearch:size <- $r3
	@DEBUG_VALUE: _lv_utils_bsearch:n <- $r2
	@DEBUG_VALUE: _lv_utils_bsearch:middle <- $r1
	@DEBUG_VALUE: _lv_utils_bsearch:base <- $r1
	@DEBUG_VALUE: _lv_utils_bsearch:key <- $r0
	@DEBUG_VALUE: _lv_utils_bsearch:cmp <- [DW_OP_plus_uconst 32] [$sp+0]
	.loc	1 0 5 is_stmt 0                 @ ../GUILib/src/misc/lv_utils.c:0:5
	ldr.w	r9, [sp, #32]
	mov	r10, r3
.Ltmp2:
	@DEBUG_VALUE: _lv_utils_bsearch:size <- $r10
	@DEBUG_VALUE: _lv_utils_bsearch:size <- $r10
	mov	r4, r2
.Ltmp3:
	@DEBUG_VALUE: _lv_utils_bsearch:n <- $r4
	@DEBUG_VALUE: _lv_utils_bsearch:n <- $r4
	mov	r7, r1
.Ltmp4:
	@DEBUG_VALUE: _lv_utils_bsearch:base <- $r7
	@DEBUG_VALUE: _lv_utils_bsearch:base <- $r7
	@DEBUG_VALUE: _lv_utils_bsearch:middle <- $r7
	mov	r8, r0
.Ltmp5:
	@DEBUG_VALUE: _lv_utils_bsearch:key <- $r8
	@DEBUG_VALUE: _lv_utils_bsearch:key <- $r8
	.p2align	2
.LBB0_2:                                @ =>This Inner Loop Header: Depth=1
	@DEBUG_VALUE: _lv_utils_bsearch:size <- $r10
	@DEBUG_VALUE: _lv_utils_bsearch:key <- $r8
	@DEBUG_VALUE: _lv_utils_bsearch:middle <- $r7
	@DEBUG_VALUE: _lv_utils_bsearch:base <- $r7
	@DEBUG_VALUE: _lv_utils_bsearch:n <- $r4
	@DEBUG_VALUE: _lv_utils_bsearch:cmp <- [DW_OP_plus_uconst 32] [$sp+0]
	@DEBUG_VALUE: _lv_utils_bsearch:n <- $r4
	@DEBUG_VALUE: _lv_utils_bsearch:middle <- $r7
	.loc	1 61 22 is_stmt 1               @ ../GUILib/src/misc/lv_utils.c:61:22
	lsrs	r6, r4, #1
	.loc	1 61 16 is_stmt 0               @ ../GUILib/src/misc/lv_utils.c:61:16
	mla	r5, r6, r10, r7
.Ltmp6:
	@DEBUG_VALUE: _lv_utils_bsearch:middle <- $r5
	.loc	1 62 17 is_stmt 1               @ ../GUILib/src/misc/lv_utils.c:62:17
	mov	r0, r8
	mov	r1, r5
	blx	r9
.Ltmp7:
	@DEBUG_VALUE: _lv_utils_bsearch:c <- $r0
	.loc	1 62 12 is_stmt 0               @ ../GUILib/src/misc/lv_utils.c:62:12
	cmp	r0, #1
	blt	.LBB0_4
.Ltmp8:
@ %bb.3:                                @   in Loop: Header=BB0_2 Depth=1
	@DEBUG_VALUE: _lv_utils_bsearch:size <- $r10
	@DEBUG_VALUE: _lv_utils_bsearch:key <- $r8
	@DEBUG_VALUE: _lv_utils_bsearch:base <- $r7
	@DEBUG_VALUE: _lv_utils_bsearch:middle <- $r5
	@DEBUG_VALUE: _lv_utils_bsearch:n <- $r4
	@DEBUG_VALUE: _lv_utils_bsearch:c <- $r0
	@DEBUG_VALUE: _lv_utils_bsearch:cmp <- [DW_OP_plus_uconst 32] [$sp+0]
	.loc	1 63 39 is_stmt 1               @ ../GUILib/src/misc/lv_utils.c:63:39
	orn	r0, r4, #1
.Ltmp9:
	add	r0, r6
	.loc	1 63 28 is_stmt 0               @ ../GUILib/src/misc/lv_utils.c:63:28
	adds	r4, r0, #1
.Ltmp10:
	@DEBUG_VALUE: _lv_utils_bsearch:n <- $r4
	.loc	1 64 28 is_stmt 1               @ ../GUILib/src/misc/lv_utils.c:64:28
	add.w	r7, r5, r10
.Ltmp11:
	@DEBUG_VALUE: _lv_utils_bsearch:base <- [DW_OP_LLVM_entry_value 1] $r1
	@DEBUG_VALUE: _lv_utils_bsearch:middle <- $r7
	@DEBUG_VALUE: _lv_utils_bsearch:base <- $r7
	.loc	1 0 28 is_stmt 0                @ ../GUILib/src/misc/lv_utils.c:0:28
	b	.LBB0_5
.Ltmp12:
	.p2align	2
.LBB0_4:                                @   in Loop: Header=BB0_2 Depth=1
	@DEBUG_VALUE: _lv_utils_bsearch:size <- $r10
	@DEBUG_VALUE: _lv_utils_bsearch:key <- $r8
	@DEBUG_VALUE: _lv_utils_bsearch:base <- $r7
	@DEBUG_VALUE: _lv_utils_bsearch:middle <- $r5
	@DEBUG_VALUE: _lv_utils_bsearch:n <- $r4
	@DEBUG_VALUE: _lv_utils_bsearch:c <- $r0
	@DEBUG_VALUE: _lv_utils_bsearch:cmp <- [DW_OP_plus_uconst 32] [$sp+0]
	.loc	1 66 17 is_stmt 1               @ ../GUILib/src/misc/lv_utils.c:66:17
	cmp.w	r0, #-1
	.loc	1 0 0 is_stmt 0                 @ ../GUILib/src/misc/lv_utils.c:0:0
	mov	r4, r6
.Ltmp13:
	.loc	1 66 17                         @ ../GUILib/src/misc/lv_utils.c:66:17
	bgt	.LBB0_7
.Ltmp14:
.LBB0_5:                                @   in Loop: Header=BB0_2 Depth=1
	@DEBUG_VALUE: _lv_utils_bsearch:size <- $r10
	@DEBUG_VALUE: _lv_utils_bsearch:key <- $r8
	@DEBUG_VALUE: _lv_utils_bsearch:base <- $r7
	@DEBUG_VALUE: _lv_utils_bsearch:cmp <- [DW_OP_plus_uconst 32] [$sp+0]
	@DEBUG_VALUE: _lv_utils_bsearch:base <- $r7
	@DEBUG_VALUE: _lv_utils_bsearch:n <- $r4
	@DEBUG_VALUE: _lv_utils_bsearch:middle <- $r7
	.loc	1 60 5 is_stmt 1                @ ../GUILib/src/misc/lv_utils.c:60:5
	cmp	r4, #0
	bne	.LBB0_2
.Ltmp15:
.LBB0_6:
	@DEBUG_VALUE: _lv_utils_bsearch:cmp <- [DW_OP_plus_uconst 32] [$sp+0]
	.loc	1 0 5 is_stmt 0                 @ ../GUILib/src/misc/lv_utils.c:0:5
	movs	r5, #0
.Ltmp16:
.LBB0_7:
	@DEBUG_VALUE: _lv_utils_bsearch:cmp <- [DW_OP_plus_uconst 32] [$sp+0]
	.loc	1 75 1 is_stmt 1                @ ../GUILib/src/misc/lv_utils.c:75:1
	mov	r0, r5
	pop.w	{r4, r5, r6, r7, r8, r9, r10, pc}
.Ltmp17:
.Lfunc_end0:
	.size	_lv_utils_bsearch, .Lfunc_end0-_lv_utils_bsearch
	.cfi_endproc
	.cantunwind
	.fnend
                                        @ -- End function
	.file	2 "D:\\Keil MDK\\ARM\\ARMCLANG\\Bin\\..\\include" "stdint.h"
	.section	.debug_loc,"",%progbits
.Ldebug_loc0:
	.long	.Lfunc_begin0-.Lfunc_begin0
	.long	.Ltmp5-.Lfunc_begin0
	.short	1                               @ Loc expr size
	.byte	80                              @ DW_OP_reg0
	.long	.Ltmp5-.Lfunc_begin0
	.long	.Ltmp15-.Lfunc_begin0
	.short	1                               @ Loc expr size
	.byte	88                              @ DW_OP_reg8
	.long	0
	.long	0
.Ldebug_loc1:
	.long	.Lfunc_begin0-.Lfunc_begin0
	.long	.Ltmp4-.Lfunc_begin0
	.short	1                               @ Loc expr size
	.byte	81                              @ DW_OP_reg1
	.long	.Ltmp4-.Lfunc_begin0
	.long	.Ltmp15-.Lfunc_begin0
	.short	1                               @ Loc expr size
	.byte	87                              @ DW_OP_reg7
	.long	0
	.long	0
.Ldebug_loc2:
	.long	.Lfunc_begin0-.Lfunc_begin0
	.long	.Ltmp3-.Lfunc_begin0
	.short	1                               @ Loc expr size
	.byte	82                              @ DW_OP_reg2
	.long	.Ltmp3-.Lfunc_begin0
	.long	.Ltmp13-.Lfunc_begin0
	.short	1                               @ Loc expr size
	.byte	84                              @ DW_OP_reg4
	.long	.Ltmp14-.Lfunc_begin0
	.long	.Ltmp15-.Lfunc_begin0
	.short	1                               @ Loc expr size
	.byte	84                              @ DW_OP_reg4
	.long	0
	.long	0
.Ldebug_loc3:
	.long	.Lfunc_begin0-.Lfunc_begin0
	.long	.Ltmp2-.Lfunc_begin0
	.short	1                               @ Loc expr size
	.byte	83                              @ DW_OP_reg3
	.long	.Ltmp2-.Lfunc_begin0
	.long	.Ltmp15-.Lfunc_begin0
	.short	1                               @ Loc expr size
	.byte	90                              @ DW_OP_reg10
	.long	0
	.long	0
.Ldebug_loc4:
	.long	.Ltmp0-.Lfunc_begin0
	.long	.Ltmp4-.Lfunc_begin0
	.short	1                               @ Loc expr size
	.byte	81                              @ DW_OP_reg1
	.long	.Ltmp4-.Lfunc_begin0
	.long	.Ltmp6-.Lfunc_begin0
	.short	1                               @ Loc expr size
	.byte	87                              @ DW_OP_reg7
	.long	.Ltmp6-.Lfunc_begin0
	.long	.Ltmp11-.Lfunc_begin0
	.short	1                               @ Loc expr size
	.byte	85                              @ DW_OP_reg5
	.long	.Ltmp11-.Lfunc_begin0
	.long	.Ltmp12-.Lfunc_begin0
	.short	1                               @ Loc expr size
	.byte	87                              @ DW_OP_reg7
	.long	.Ltmp12-.Lfunc_begin0
	.long	.Ltmp14-.Lfunc_begin0
	.short	1                               @ Loc expr size
	.byte	85                              @ DW_OP_reg5
	.long	.Ltmp14-.Lfunc_begin0
	.long	.Ltmp15-.Lfunc_begin0
	.short	1                               @ Loc expr size
	.byte	87                              @ DW_OP_reg7
	.long	0
	.long	0
.Ldebug_loc5:
	.long	.Ltmp7-.Lfunc_begin0
	.long	.Ltmp9-.Lfunc_begin0
	.short	1                               @ Loc expr size
	.byte	80                              @ DW_OP_reg0
	.long	.Ltmp12-.Lfunc_begin0
	.long	.Ltmp14-.Lfunc_begin0
	.short	1                               @ Loc expr size
	.byte	80                              @ DW_OP_reg0
	.long	0
	.long	0
	.section	.debug_abbrev,"",%progbits
	.byte	1                               @ Abbreviation Code
	.byte	17                              @ DW_TAG_compile_unit
	.byte	1                               @ DW_CHILDREN_yes
	.byte	37                              @ DW_AT_producer
	.byte	14                              @ DW_FORM_strp
	.byte	19                              @ DW_AT_language
	.byte	5                               @ DW_FORM_data2
	.byte	3                               @ DW_AT_name
	.byte	14                              @ DW_FORM_strp
	.byte	16                              @ DW_AT_stmt_list
	.byte	23                              @ DW_FORM_sec_offset
	.byte	27                              @ DW_AT_comp_dir
	.byte	14                              @ DW_FORM_strp
	.byte	17                              @ DW_AT_low_pc
	.byte	1                               @ DW_FORM_addr
	.byte	18                              @ DW_AT_high_pc
	.byte	6                               @ DW_FORM_data4
	.byte	0                               @ EOM(1)
	.byte	0                               @ EOM(2)
	.byte	2                               @ Abbreviation Code
	.byte	15                              @ DW_TAG_pointer_type
	.byte	0                               @ DW_CHILDREN_no
	.byte	73                              @ DW_AT_type
	.byte	19                              @ DW_FORM_ref4
	.byte	0                               @ EOM(1)
	.byte	0                               @ EOM(2)
	.byte	3                               @ Abbreviation Code
	.byte	36                              @ DW_TAG_base_type
	.byte	0                               @ DW_CHILDREN_no
	.byte	3                               @ DW_AT_name
	.byte	14                              @ DW_FORM_strp
	.byte	62                              @ DW_AT_encoding
	.byte	11                              @ DW_FORM_data1
	.byte	11                              @ DW_AT_byte_size
	.byte	11                              @ DW_FORM_data1
	.byte	0                               @ EOM(1)
	.byte	0                               @ EOM(2)
	.byte	4                               @ Abbreviation Code
	.byte	46                              @ DW_TAG_subprogram
	.byte	1                               @ DW_CHILDREN_yes
	.byte	17                              @ DW_AT_low_pc
	.byte	1                               @ DW_FORM_addr
	.byte	18                              @ DW_AT_high_pc
	.byte	6                               @ DW_FORM_data4
	.byte	64                              @ DW_AT_frame_base
	.byte	24                              @ DW_FORM_exprloc
	.ascii	"\227B"                         @ DW_AT_GNU_all_call_sites
	.byte	25                              @ DW_FORM_flag_present
	.byte	3                               @ DW_AT_name
	.byte	14                              @ DW_FORM_strp
	.byte	58                              @ DW_AT_decl_file
	.byte	11                              @ DW_FORM_data1
	.byte	59                              @ DW_AT_decl_line
	.byte	11                              @ DW_FORM_data1
	.byte	39                              @ DW_AT_prototyped
	.byte	25                              @ DW_FORM_flag_present
	.byte	73                              @ DW_AT_type
	.byte	19                              @ DW_FORM_ref4
	.byte	63                              @ DW_AT_external
	.byte	25                              @ DW_FORM_flag_present
	.byte	0                               @ EOM(1)
	.byte	0                               @ EOM(2)
	.byte	5                               @ Abbreviation Code
	.byte	5                               @ DW_TAG_formal_parameter
	.byte	0                               @ DW_CHILDREN_no
	.byte	2                               @ DW_AT_location
	.byte	23                              @ DW_FORM_sec_offset
	.byte	3                               @ DW_AT_name
	.byte	14                              @ DW_FORM_strp
	.byte	58                              @ DW_AT_decl_file
	.byte	11                              @ DW_FORM_data1
	.byte	59                              @ DW_AT_decl_line
	.byte	11                              @ DW_FORM_data1
	.byte	73                              @ DW_AT_type
	.byte	19                              @ DW_FORM_ref4
	.byte	0                               @ EOM(1)
	.byte	0                               @ EOM(2)
	.byte	6                               @ Abbreviation Code
	.byte	5                               @ DW_TAG_formal_parameter
	.byte	0                               @ DW_CHILDREN_no
	.byte	2                               @ DW_AT_location
	.byte	24                              @ DW_FORM_exprloc
	.byte	3                               @ DW_AT_name
	.byte	14                              @ DW_FORM_strp
	.byte	58                              @ DW_AT_decl_file
	.byte	11                              @ DW_FORM_data1
	.byte	59                              @ DW_AT_decl_line
	.byte	11                              @ DW_FORM_data1
	.byte	73                              @ DW_AT_type
	.byte	19                              @ DW_FORM_ref4
	.byte	0                               @ EOM(1)
	.byte	0                               @ EOM(2)
	.byte	7                               @ Abbreviation Code
	.byte	52                              @ DW_TAG_variable
	.byte	0                               @ DW_CHILDREN_no
	.byte	2                               @ DW_AT_location
	.byte	23                              @ DW_FORM_sec_offset
	.byte	3                               @ DW_AT_name
	.byte	14                              @ DW_FORM_strp
	.byte	58                              @ DW_AT_decl_file
	.byte	11                              @ DW_FORM_data1
	.byte	59                              @ DW_AT_decl_line
	.byte	11                              @ DW_FORM_data1
	.byte	73                              @ DW_AT_type
	.byte	19                              @ DW_FORM_ref4
	.byte	0                               @ EOM(1)
	.byte	0                               @ EOM(2)
	.byte	8                               @ Abbreviation Code
	.byte	15                              @ DW_TAG_pointer_type
	.byte	0                               @ DW_CHILDREN_no
	.byte	0                               @ EOM(1)
	.byte	0                               @ EOM(2)
	.byte	9                               @ Abbreviation Code
	.byte	38                              @ DW_TAG_const_type
	.byte	0                               @ DW_CHILDREN_no
	.byte	0                               @ EOM(1)
	.byte	0                               @ EOM(2)
	.byte	10                              @ Abbreviation Code
	.byte	22                              @ DW_TAG_typedef
	.byte	0                               @ DW_CHILDREN_no
	.byte	73                              @ DW_AT_type
	.byte	19                              @ DW_FORM_ref4
	.byte	3                               @ DW_AT_name
	.byte	14                              @ DW_FORM_strp
	.byte	58                              @ DW_AT_decl_file
	.byte	11                              @ DW_FORM_data1
	.byte	59                              @ DW_AT_decl_line
	.byte	11                              @ DW_FORM_data1
	.byte	0                               @ EOM(1)
	.byte	0                               @ EOM(2)
	.byte	11                              @ Abbreviation Code
	.byte	38                              @ DW_TAG_const_type
	.byte	0                               @ DW_CHILDREN_no
	.byte	73                              @ DW_AT_type
	.byte	19                              @ DW_FORM_ref4
	.byte	0                               @ EOM(1)
	.byte	0                               @ EOM(2)
	.byte	12                              @ Abbreviation Code
	.byte	21                              @ DW_TAG_subroutine_type
	.byte	1                               @ DW_CHILDREN_yes
	.byte	73                              @ DW_AT_type
	.byte	19                              @ DW_FORM_ref4
	.byte	39                              @ DW_AT_prototyped
	.byte	25                              @ DW_FORM_flag_present
	.byte	0                               @ EOM(1)
	.byte	0                               @ EOM(2)
	.byte	13                              @ Abbreviation Code
	.byte	5                               @ DW_TAG_formal_parameter
	.byte	0                               @ DW_CHILDREN_no
	.byte	73                              @ DW_AT_type
	.byte	19                              @ DW_FORM_ref4
	.byte	0                               @ EOM(1)
	.byte	0                               @ EOM(2)
	.byte	0                               @ EOM(3)
	.section	.debug_info,"",%progbits
.Lcu_begin0:
	.long	.Ldebug_info_end0-.Ldebug_info_start0 @ Length of Unit
.Ldebug_info_start0:
	.short	4                               @ DWARF version number
	.long	.debug_abbrev                   @ Offset Into Abbrev. Section
	.byte	4                               @ Address Size (in bytes)
	.byte	1                               @ Abbrev [1] 0xb:0xf0 DW_TAG_compile_unit
	.long	.Linfo_string0                  @ DW_AT_producer
	.short	12                              @ DW_AT_language
	.long	.Linfo_string1                  @ DW_AT_name
	.long	.Lline_table_start0             @ DW_AT_stmt_list
	.long	.Linfo_string2                  @ DW_AT_comp_dir
	.long	.Lfunc_begin0                   @ DW_AT_low_pc
	.long	.Lfunc_end0-.Lfunc_begin0       @ DW_AT_high_pc
	.byte	2                               @ Abbrev [2] 0x26:0x5 DW_TAG_pointer_type
	.long	43                              @ DW_AT_type
	.byte	3                               @ Abbrev [3] 0x2b:0x7 DW_TAG_base_type
	.long	.Linfo_string3                  @ DW_AT_name
	.byte	8                               @ DW_AT_encoding
	.byte	1                               @ DW_AT_byte_size
	.byte	4                               @ Abbrev [4] 0x32:0x7e DW_TAG_subprogram
	.long	.Lfunc_begin0                   @ DW_AT_low_pc
	.long	.Lfunc_end0-.Lfunc_begin0       @ DW_AT_high_pc
	.byte	1                               @ DW_AT_frame_base
	.byte	93
                                        @ DW_AT_GNU_all_call_sites
	.long	.Linfo_string4                  @ DW_AT_name
	.byte	1                               @ DW_AT_decl_file
	.byte	54                              @ DW_AT_decl_line
                                        @ DW_AT_prototyped
	.long	176                             @ DW_AT_type
                                        @ DW_AT_external
	.byte	5                               @ Abbrev [5] 0x47:0xf DW_TAG_formal_parameter
	.long	.Ldebug_loc0                    @ DW_AT_location
	.long	.Linfo_string5                  @ DW_AT_name
	.byte	1                               @ DW_AT_decl_file
	.byte	54                              @ DW_AT_decl_line
	.long	177                             @ DW_AT_type
	.byte	5                               @ Abbrev [5] 0x56:0xf DW_TAG_formal_parameter
	.long	.Ldebug_loc1                    @ DW_AT_location
	.long	.Linfo_string6                  @ DW_AT_name
	.byte	1                               @ DW_AT_decl_file
	.byte	54                              @ DW_AT_decl_line
	.long	177                             @ DW_AT_type
	.byte	5                               @ Abbrev [5] 0x65:0xf DW_TAG_formal_parameter
	.long	.Ldebug_loc2                    @ DW_AT_location
	.long	.Linfo_string7                  @ DW_AT_name
	.byte	1                               @ DW_AT_decl_file
	.byte	54                              @ DW_AT_decl_line
	.long	183                             @ DW_AT_type
	.byte	5                               @ Abbrev [5] 0x74:0xf DW_TAG_formal_parameter
	.long	.Ldebug_loc3                    @ DW_AT_location
	.long	.Linfo_string10                 @ DW_AT_name
	.byte	1                               @ DW_AT_decl_file
	.byte	54                              @ DW_AT_decl_line
	.long	183                             @ DW_AT_type
	.byte	6                               @ Abbrev [6] 0x83:0xe DW_TAG_formal_parameter
	.byte	2                               @ DW_AT_location
	.byte	145
	.byte	32
	.long	.Linfo_string12                 @ DW_AT_name
	.byte	1                               @ DW_AT_decl_file
	.byte	55                              @ DW_AT_decl_line
	.long	211                             @ DW_AT_type
	.byte	7                               @ Abbrev [7] 0x91:0xf DW_TAG_variable
	.long	.Ldebug_loc4                    @ DW_AT_location
	.long	.Linfo_string11                 @ DW_AT_name
	.byte	1                               @ DW_AT_decl_file
	.byte	57                              @ DW_AT_decl_line
	.long	201                             @ DW_AT_type
	.byte	7                               @ Abbrev [7] 0xa0:0xf DW_TAG_variable
	.long	.Ldebug_loc5                    @ DW_AT_location
	.long	.Linfo_string15                 @ DW_AT_name
	.byte	1                               @ DW_AT_decl_file
	.byte	58                              @ DW_AT_decl_line
	.long	232                             @ DW_AT_type
	.byte	0                               @ End Of Children Mark
	.byte	8                               @ Abbrev [8] 0xb0:0x1 DW_TAG_pointer_type
	.byte	2                               @ Abbrev [2] 0xb1:0x5 DW_TAG_pointer_type
	.long	182                             @ DW_AT_type
	.byte	9                               @ Abbrev [9] 0xb6:0x1 DW_TAG_const_type
	.byte	10                              @ Abbrev [10] 0xb7:0xb DW_TAG_typedef
	.long	194                             @ DW_AT_type
	.long	.Linfo_string9                  @ DW_AT_name
	.byte	2                               @ DW_AT_decl_file
	.byte	64                              @ DW_AT_decl_line
	.byte	3                               @ Abbrev [3] 0xc2:0x7 DW_TAG_base_type
	.long	.Linfo_string8                  @ DW_AT_name
	.byte	7                               @ DW_AT_encoding
	.byte	4                               @ DW_AT_byte_size
	.byte	2                               @ Abbrev [2] 0xc9:0x5 DW_TAG_pointer_type
	.long	206                             @ DW_AT_type
	.byte	11                              @ Abbrev [11] 0xce:0x5 DW_TAG_const_type
	.long	43                              @ DW_AT_type
	.byte	2                               @ Abbrev [2] 0xd3:0x5 DW_TAG_pointer_type
	.long	216                             @ DW_AT_type
	.byte	12                              @ Abbrev [12] 0xd8:0x10 DW_TAG_subroutine_type
	.long	232                             @ DW_AT_type
                                        @ DW_AT_prototyped
	.byte	13                              @ Abbrev [13] 0xdd:0x5 DW_TAG_formal_parameter
	.long	177                             @ DW_AT_type
	.byte	13                              @ Abbrev [13] 0xe2:0x5 DW_TAG_formal_parameter
	.long	177                             @ DW_AT_type
	.byte	0                               @ End Of Children Mark
	.byte	10                              @ Abbrev [10] 0xe8:0xb DW_TAG_typedef
	.long	243                             @ DW_AT_type
	.long	.Linfo_string14                 @ DW_AT_name
	.byte	2                               @ DW_AT_decl_file
	.byte	58                              @ DW_AT_decl_line
	.byte	3                               @ Abbrev [3] 0xf3:0x7 DW_TAG_base_type
	.long	.Linfo_string13                 @ DW_AT_name
	.byte	5                               @ DW_AT_encoding
	.byte	4                               @ DW_AT_byte_size
	.byte	0                               @ End Of Children Mark
.Ldebug_info_end0:
	.section	.debug_str,"MS",%progbits,1
.Linfo_string0:
	.asciz	"Component: ARM Compiler 6.16 Tool: armclang [5dfeb700]" @ string offset=0
.Linfo_string1:
	.asciz	"../GUILib/src/misc\\lv_utils.c" @ string offset=55
.Linfo_string2:
	.asciz	"C:\\Users\\Hyacincher\\Desktop\\HyTelectrl\\Code\\Project" @ string offset=85
.Linfo_string3:
	.asciz	"char"                          @ string offset=137
.Linfo_string4:
	.asciz	"_lv_utils_bsearch"             @ string offset=142
.Linfo_string5:
	.asciz	"key"                           @ string offset=160
.Linfo_string6:
	.asciz	"base"                          @ string offset=164
.Linfo_string7:
	.asciz	"n"                             @ string offset=169
.Linfo_string8:
	.asciz	"unsigned int"                  @ string offset=171
.Linfo_string9:
	.asciz	"uint32_t"                      @ string offset=184
.Linfo_string10:
	.asciz	"size"                          @ string offset=193
.Linfo_string11:
	.asciz	"middle"                        @ string offset=198
.Linfo_string12:
	.asciz	"cmp"                           @ string offset=205
.Linfo_string13:
	.asciz	"int"                           @ string offset=209
.Linfo_string14:
	.asciz	"int32_t"                       @ string offset=213
.Linfo_string15:
	.asciz	"c"                             @ string offset=221
	.ident	"Component: ARM Compiler 6.16 Tool: armclang [5dfeb700]"
	.section	".note.GNU-stack","",%progbits
	.eabi_attribute	30, 3	@ Tag_ABI_optimization_goals
	.ARM_attribute	16, 1	@ Tag_AV_eba
	.section	.debug_line,"",%progbits
.Lline_table_start0:
