	.text
	.syntax unified
	.eabi_attribute	67, "2.09"	@ Tag_conformance
	.cpu	cortex-m4
	.eabi_attribute	6, 13	@ Tag_CPU_arch
	.eabi_attribute	7, 77	@ Tag_CPU_arch_profile
	.eabi_attribute	8, 0	@ Tag_ARM_ISA_use
	.eabi_attribute	9, 2	@ Tag_THUMB_ISA_use
	.fpu	fpv4-sp-d16
	.eabi_attribute	27, 1	@ Tag_ABI_HardFP_use
	.eabi_attribute	36, 1	@ Tag_FP_HP_extension
	.eabi_attribute	34, 1	@ Tag_CPU_unaligned_access
	.eabi_attribute	17, 1	@ Tag_ABI_PCS_GOT_use
	.eabi_attribute	20, 2	@ Tag_ABI_FP_denormal
	.eabi_attribute	21, 0	@ Tag_ABI_FP_exceptions
	.eabi_attribute	23, 1	@ Tag_ABI_FP_number_model
	.eabi_attribute	24, 1	@ Tag_ABI_align_needed
	.eabi_attribute	25, 1	@ Tag_ABI_align_preserved
	.eabi_attribute	28, 1	@ Tag_ABI_VFP_args
	.eabi_attribute	38, 1	@ Tag_ABI_FP_16bit_format
	.eabi_attribute	18, 2	@ Tag_ABI_PCS_wchar_t
	.eabi_attribute	26, 1	@ Tag_ABI_enum_size
	.eabi_attribute	14, 0	@ Tag_ABI_PCS_R9_use
	.file	"Rocker.c"
	.file	1 "C:\\Users\\Hyacincher\\Desktop\\HyTelectrl\\Code\\Project" "../User\\includes.h"
	.file	2 "C:\\Users\\Hyacincher\\Desktop\\HyTelectrl\\Code\\Project" "../Application/Rocker.h"
	.file	3 "C:\\Users\\Hyacincher\\Desktop\\HyTelectrl\\Code\\Project" "../Application/Rocker.c"
	.file	4 "C:\\Users\\Hyacincher\\Desktop\\HyTelectrl\\Code\\Project" "../User\\cpu.h"
	.section	.text.RockerInit,"ax",%progbits
	.hidden	RockerInit                      @ -- Begin function RockerInit
	.globl	RockerInit
	.p2align	1
	.type	RockerInit,%function
	.code	16                              @ @RockerInit
	.thumb_func
RockerInit:
.Lfunc_begin0:
	.loc	3 9 0                           @ ../Application/Rocker.c:9:0
	.fnstart
	.cfi_sections .debug_frame
	.cfi_startproc
@ %bb.0:
	.save	{r4, lr}
	push	{r4, lr}
	.cfi_def_cfa_offset 8
	.cfi_offset lr, -4
	.cfi_offset r4, -8
.Ltmp0:
	.loc	3 10 5 prologue_end             @ ../Application/Rocker.c:10:5
	movw	r4, :lower16:g_RockerCtrlMsg
	movt	r4, :upper16:g_RockerCtrlMsg
	mov	r0, r4
	movs	r1, #72
	bl	__aeabi_memclr4
.Ltmp1:
	.loc	3 0 5 is_stmt 0                 @ ../Application/Rocker.c:0:5
	movw	r0, #2870
	.loc	3 13 34 is_stmt 1               @ ../Application/Rocker.c:13:34
	strh	r0, [r4, #2]
	movw	r0, #1598
	.loc	3 14 34                         @ ../Application/Rocker.c:14:34
	strh	r0, [r4, #4]
	movw	r0, #325
	.loc	3 15 34                         @ ../Application/Rocker.c:15:34
	strh	r0, [r4, #6]
	movw	r0, #2856
	.loc	3 17 29                         @ ../Application/Rocker.c:17:29
	strh	r0, [r4, #18]
	movw	r0, #1668
	.loc	3 18 29                         @ ../Application/Rocker.c:18:29
	strh	r0, [r4, #20]
	mov.w	r0, #438
	.loc	3 19 29                         @ ../Application/Rocker.c:19:29
	strh	r0, [r4, #22]
	movw	r0, #2984
	.loc	3 21 30                         @ ../Application/Rocker.c:21:30
	strh	r0, [r4, #34]
	movw	r0, #1836
	.loc	3 22 30                         @ ../Application/Rocker.c:22:30
	strh	r0, [r4, #36]
	mov.w	r0, #472
	.loc	3 23 30                         @ ../Application/Rocker.c:23:30
	strh	r0, [r4, #38]
	movw	r0, #3013
	.loc	3 25 31                         @ ../Application/Rocker.c:25:31
	strh	r0, [r4, #50]
	mov.w	r0, #1744
	.loc	3 26 31                         @ ../Application/Rocker.c:26:31
	strh	r0, [r4, #52]
	mov.w	r0, #364
	.loc	3 27 31                         @ ../Application/Rocker.c:27:31
	strh	r0, [r4, #54]
	.loc	3 28 1                          @ ../Application/Rocker.c:28:1
	pop	{r4, pc}
.Ltmp2:
.Lfunc_end0:
	.size	RockerInit, .Lfunc_end0-RockerInit
	.cfi_endproc
	.cantunwind
	.fnend
                                        @ -- End function
	.section	.text.RockerTask,"ax",%progbits
	.hidden	RockerTask                      @ -- Begin function RockerTask
	.globl	RockerTask
	.p2align	2
	.type	RockerTask,%function
	.code	16                              @ @RockerTask
	.thumb_func
RockerTask:
.Lfunc_begin1:
	.loc	3 31 0                          @ ../Application/Rocker.c:31:0
	.fnstart
	.cfi_startproc
@ %bb.0:
	.save	{r4, r5, r7, lr}
	push	{r4, r5, r7, lr}
	.cfi_def_cfa_offset 16
	.cfi_offset lr, -4
	.cfi_offset r7, -8
	.cfi_offset r5, -12
	.cfi_offset r4, -16
	.vsave	{d8, d9, d10}
	vpush	{d8, d9, d10}
	.cfi_def_cfa_offset 40
	.cfi_offset d10, -24
	.cfi_offset d9, -32
	.cfi_offset d8, -40
.Ltmp3:
	.loc	3 32 28 prologue_end            @ ../Application/Rocker.c:32:28
	movw	r5, :lower16:g_RockerCtrlMsg
	movt	r5, :upper16:g_RockerCtrlMsg
	ldrb.w	r0, [r5, #64]
	.loc	3 32 5 is_stmt 0                @ ../Application/Rocker.c:32:5
	cmp	r0, #2
	beq	.LBB1_4
@ %bb.1:
	cmp	r0, #1
	beq	.LBB1_6
@ %bb.2:
	cmp	r0, #0
	bne	.LBB1_9
@ %bb.3:
.Ltmp4:
	.loc	3 35 41 is_stmt 1               @ ../Application/Rocker.c:35:41
	movw	r0, :lower16:g_SystemTime
	movt	r0, :upper16:g_SystemTime
	ldr	r0, [r0]
	.loc	3 35 39 is_stmt 0               @ ../Application/Rocker.c:35:39
	str	r0, [r5, #68]
	.loc	3 36 38 is_stmt 1               @ ../Application/Rocker.c:36:38
	ldrb.w	r0, [r5, #64]
	adds	r0, #1
	b	.LBB1_5
.LBB1_4:
	.loc	3 0 38 is_stmt 0                @ ../Application/Rocker.c:0:38
	movs	r0, #0
.LBB1_5:
	strb.w	r0, [r5, #64]
	b	.LBB1_21
.LBB1_6:
.Ltmp5:
	.loc	3 39 17 is_stmt 1               @ ../Application/Rocker.c:39:17
	movw	r0, :lower16:g_SystemTime
	movt	r0, :upper16:g_SystemTime
	ldr	r0, [r0]
	.loc	3 39 48 is_stmt 0               @ ../Application/Rocker.c:39:48
	ldr	r1, [r5, #68]
.Ltmp6:
	.loc	3 39 16                         @ ../Application/Rocker.c:39:16
	cmp	r0, r1
	beq.w	.LBB1_21
@ %bb.7:
.Ltmp7:
	.loc	3 57 37 is_stmt 1               @ ../Application/Rocker.c:57:37
	movw	r0, :lower16:g_ADC1Volt
	movt	r0, :upper16:g_ADC1Volt
	ldrh	r1, [r0]
	.loc	3 57 35 is_stmt 0               @ ../Application/Rocker.c:57:35
	strh	r1, [r5]
	.loc	3 58 32 is_stmt 1               @ ../Application/Rocker.c:58:32
	ldrh	r0, [r0, #2]
	.loc	3 58 30 is_stmt 0               @ ../Application/Rocker.c:58:30
	strh	r0, [r5, #16]
	.loc	3 59 34 is_stmt 1               @ ../Application/Rocker.c:59:34
	movw	r0, :lower16:g_ADC2Volt
	movt	r0, :upper16:g_ADC2Volt
	ldrh	r1, [r0]
	.loc	3 59 32 is_stmt 0               @ ../Application/Rocker.c:59:32
	strh	r1, [r5, #48]
	.loc	3 60 33 is_stmt 1               @ ../Application/Rocker.c:60:33
	ldrh	r0, [r0, #2]
	.loc	3 60 31 is_stmt 0               @ ../Application/Rocker.c:60:31
	strh	r0, [r5, #32]
.Ltmp8:
	.loc	3 68 33 is_stmt 1               @ ../Application/Rocker.c:68:33
	ldrh	r1, [r5]
	.loc	3 68 66 is_stmt 0               @ ../Application/Rocker.c:68:66
	ldrh	r2, [r5, #4]
	.loc	3 0 0                           @ ../Application/Rocker.c:0:0
	ldrh	r0, [r5]
.Ltmp9:
	.loc	3 68 8                          @ ../Application/Rocker.c:68:8
	cmp	r1, r2
	bls	.LBB1_10
@ %bb.8:
.Ltmp10:
	.loc	3 75 100 is_stmt 1              @ ../Application/Rocker.c:75:100
	ldrh	r1, [r5, #4]
	.loc	3 75 73 is_stmt 0               @ ../Application/Rocker.c:75:73
	subs	r0, r0, r1
	.loc	3 75 42                         @ ../Application/Rocker.c:75:42
	vmov	s0, r0
	.loc	3 76 75 is_stmt 1               @ ../Application/Rocker.c:76:75
	ldrh	r0, [r5, #2]
	.loc	3 76 106 is_stmt 0              @ ../Application/Rocker.c:76:106
	ldrh	r1, [r5, #4]
	.loc	3 75 42 is_stmt 1               @ ../Application/Rocker.c:75:42
	vcvt.f32.s32	s0, s0
	.loc	3 76 79                         @ ../Application/Rocker.c:76:79
	subs	r0, r0, r1
	.loc	3 76 43 is_stmt 0               @ ../Application/Rocker.c:76:43
	vmov	s2, r0
	vcvt.f32.s32	s2, s2
	.loc	3 76 41                         @ ../Application/Rocker.c:76:41
	vdiv.f32	s0, s0, s2
	vmov.f32	s2, #5.000000e-01
	.loc	3 76 111                        @ ../Application/Rocker.c:76:111
	vmul.f32	s0, s0, s2
	.loc	3 76 116                        @ ../Application/Rocker.c:76:116
	vadd.f32	s0, s0, s2
	b	.LBB1_11
.Ltmp11:
.LBB1_9:
	.loc	3 0 116                         @ ../Application/Rocker.c:0:116
	movs	r0, #0
	.loc	3 49 39 is_stmt 1               @ ../Application/Rocker.c:49:39
	strb.w	r0, [r5, #64]
	.loc	3 50 41                         @ ../Application/Rocker.c:50:41
	movw	r0, :lower16:g_SystemTime
	movt	r0, :upper16:g_SystemTime
	ldr	r0, [r0]
	.loc	3 50 39 is_stmt 0               @ ../Application/Rocker.c:50:39
	str	r0, [r5, #68]
	b	.LBB1_21
.LBB1_10:
.Ltmp12:
	.loc	3 70 99 is_stmt 1               @ ../Application/Rocker.c:70:99
	ldrh	r1, [r5, #6]
	.loc	3 70 72 is_stmt 0               @ ../Application/Rocker.c:70:72
	subs	r0, r0, r1
	.loc	3 70 41                         @ ../Application/Rocker.c:70:41
	vmov	s0, r0
	.loc	3 71 75 is_stmt 1               @ ../Application/Rocker.c:71:75
	ldrh	r0, [r5, #4]
	.loc	3 71 106 is_stmt 0              @ ../Application/Rocker.c:71:106
	ldrh	r1, [r5, #6]
	.loc	3 70 41 is_stmt 1               @ ../Application/Rocker.c:70:41
	vcvt.f32.s32	s0, s0
	.loc	3 71 79                         @ ../Application/Rocker.c:71:79
	subs	r0, r0, r1
	.loc	3 71 43 is_stmt 0               @ ../Application/Rocker.c:71:43
	vmov	s2, r0
	vcvt.f32.s32	s2, s2
	.loc	3 71 41                         @ ../Application/Rocker.c:71:41
	vdiv.f32	s0, s0, s2
	vmov.f32	s2, #5.000000e-01
	.loc	3 71 111                        @ ../Application/Rocker.c:71:111
	vmul.f32	s0, s0, s2
.Ltmp13:
.LBB1_11:
	.loc	3 0 0                           @ ../Application/Rocker.c:0:0
	vstr	s0, [r5, #8]
.Ltmp14:
	.loc	3 78 68 is_stmt 1               @ ../Application/Rocker.c:78:68
	vldr	s0, [r5, #8]
	vmov.f32	s16, #5.000000e-01
	.loc	3 78 37 is_stmt 0               @ ../Application/Rocker.c:78:37
	vsub.f32	s0, s16, s0
	.loc	3 78 35                         @ ../Application/Rocker.c:78:35
	vstr	s0, [r5, #8]
	.loc	3 79 75 is_stmt 1               @ ../Application/Rocker.c:79:75
	vldr	s0, [r5, #8]
	vmov.f32	s18, #-5.000000e-01
	movw	r4, #63536
	.loc	3 79 37 is_stmt 0               @ ../Application/Rocker.c:79:37
	vmov.f32	s1, s18
	vmov.f32	s2, s16
	movt	r4, #65535
	bl	MyConstrainF
.Ltmp15:
	.loc	3 79 35                         @ ../Application/Rocker.c:79:35
	vstr	s0, [r5, #8]
	.loc	3 80 63 is_stmt 1               @ ../Application/Rocker.c:80:63
	vldr	s0, [r5, #8]
	vldr	s20, .LCPI1_0
	.loc	3 81 38                         @ ../Application/Rocker.c:81:38
	movs	r1, #0
	.loc	3 80 68                         @ ../Application/Rocker.c:80:68
	vmul.f32	s0, s0, s20
	.loc	3 80 38 is_stmt 0               @ ../Application/Rocker.c:80:38
	vcvt.s32.f32	s0, s0
	vmov	r0, s0
	.loc	3 80 36                         @ ../Application/Rocker.c:80:36
	strh	r0, [r5, #12]
	.loc	3 81 79 is_stmt 1               @ ../Application/Rocker.c:81:79
	ldrsh.w	r0, [r5, #12]
	.loc	3 81 38 is_stmt 0               @ ../Application/Rocker.c:81:38
	movs	r2, #80
	bl	MyApplyDeadBand
.Ltmp16:
	.loc	3 81 36                         @ ../Application/Rocker.c:81:36
	strh	r0, [r5, #12]
	.loc	3 82 81 is_stmt 1               @ ../Application/Rocker.c:82:81
	ldrsh.w	r0, [r5, #12]
	.loc	3 82 38 is_stmt 0               @ ../Application/Rocker.c:82:38
	mov	r1, r4
	mov.w	r2, #2000
	bl	MyConstrainINT32S
.Ltmp17:
	.loc	3 82 36                         @ ../Application/Rocker.c:82:36
	strh	r0, [r5, #12]
.Ltmp18:
	.loc	3 85 28 is_stmt 1               @ ../Application/Rocker.c:85:28
	ldrh	r1, [r5, #16]
	.loc	3 85 56 is_stmt 0               @ ../Application/Rocker.c:85:56
	ldrh	r2, [r5, #20]
	.loc	3 0 0                           @ ../Application/Rocker.c:0:0
	ldrh	r0, [r5, #16]
.Ltmp19:
	.loc	3 85 8                          @ ../Application/Rocker.c:85:8
	cmp	r1, r2
	bls	.LBB1_13
@ %bb.12:
.Ltmp20:
	.loc	3 92 85 is_stmt 1               @ ../Application/Rocker.c:92:85
	ldrh	r1, [r5, #20]
	.loc	3 92 63 is_stmt 0               @ ../Application/Rocker.c:92:63
	subs	r0, r0, r1
	.loc	3 92 37                         @ ../Application/Rocker.c:92:37
	vmov	s0, r0
	.loc	3 93 70 is_stmt 1               @ ../Application/Rocker.c:93:70
	ldrh	r0, [r5, #18]
	.loc	3 93 96 is_stmt 0               @ ../Application/Rocker.c:93:96
	ldrh	r1, [r5, #20]
	.loc	3 92 37 is_stmt 1               @ ../Application/Rocker.c:92:37
	vcvt.f32.s32	s0, s0
	.loc	3 93 74                         @ ../Application/Rocker.c:93:74
	subs	r0, r0, r1
	.loc	3 93 43 is_stmt 0               @ ../Application/Rocker.c:93:43
	vmov	s2, r0
	vcvt.f32.s32	s2, s2
	.loc	3 93 41                         @ ../Application/Rocker.c:93:41
	vdiv.f32	s0, s0, s2
	.loc	3 93 101                        @ ../Application/Rocker.c:93:101
	vmul.f32	s0, s0, s16
	.loc	3 93 106                        @ ../Application/Rocker.c:93:106
	vadd.f32	s0, s0, s16
	b	.LBB1_14
.Ltmp21:
.LBB1_13:
	.loc	3 87 84 is_stmt 1               @ ../Application/Rocker.c:87:84
	ldrh	r1, [r5, #22]
	.loc	3 87 62 is_stmt 0               @ ../Application/Rocker.c:87:62
	subs	r0, r0, r1
	.loc	3 87 36                         @ ../Application/Rocker.c:87:36
	vmov	s0, r0
	.loc	3 88 70 is_stmt 1               @ ../Application/Rocker.c:88:70
	ldrh	r0, [r5, #20]
	.loc	3 88 96 is_stmt 0               @ ../Application/Rocker.c:88:96
	ldrh	r1, [r5, #22]
	.loc	3 87 36 is_stmt 1               @ ../Application/Rocker.c:87:36
	vcvt.f32.s32	s0, s0
	.loc	3 88 74                         @ ../Application/Rocker.c:88:74
	subs	r0, r0, r1
	.loc	3 88 43 is_stmt 0               @ ../Application/Rocker.c:88:43
	vmov	s2, r0
	vcvt.f32.s32	s2, s2
	.loc	3 88 41                         @ ../Application/Rocker.c:88:41
	vdiv.f32	s0, s0, s2
	.loc	3 88 101                        @ ../Application/Rocker.c:88:101
	vmul.f32	s0, s0, s16
.Ltmp22:
.LBB1_14:
	.loc	3 0 0                           @ ../Application/Rocker.c:0:0
	vstr	s0, [r5, #24]
.Ltmp23:
	.loc	3 95 30 is_stmt 1               @ ../Application/Rocker.c:95:30
	vldr	s0, [r5, #24]
	vmov.f32	s16, #5.000000e-01
	vadd.f32	s0, s0, s18
	vstr	s0, [r5, #24]
	.loc	3 96 65                         @ ../Application/Rocker.c:96:65
	vldr	s0, [r5, #24]
	.loc	3 96 32 is_stmt 0               @ ../Application/Rocker.c:96:32
	vmov.f32	s1, s18
	vmov.f32	s2, s16
	bl	MyConstrainF
.Ltmp24:
	.loc	3 96 30                         @ ../Application/Rocker.c:96:30
	vstr	s0, [r5, #24]
	.loc	3 97 53 is_stmt 1               @ ../Application/Rocker.c:97:53
	vldr	s0, [r5, #24]
	.loc	3 98 33                         @ ../Application/Rocker.c:98:33
	movs	r1, #0
	.loc	3 97 58                         @ ../Application/Rocker.c:97:58
	vmul.f32	s0, s0, s20
	.loc	3 97 33 is_stmt 0               @ ../Application/Rocker.c:97:33
	vcvt.s32.f32	s0, s0
	vmov	r0, s0
	.loc	3 97 31                         @ ../Application/Rocker.c:97:31
	strh	r0, [r5, #28]
	.loc	3 98 69 is_stmt 1               @ ../Application/Rocker.c:98:69
	ldrsh.w	r0, [r5, #28]
	.loc	3 98 33 is_stmt 0               @ ../Application/Rocker.c:98:33
	movs	r2, #80
	bl	MyApplyDeadBand
.Ltmp25:
	.loc	3 98 31                         @ ../Application/Rocker.c:98:31
	strh	r0, [r5, #28]
	.loc	3 99 71 is_stmt 1               @ ../Application/Rocker.c:99:71
	ldrsh.w	r0, [r5, #28]
	.loc	3 99 33 is_stmt 0               @ ../Application/Rocker.c:99:33
	mov	r1, r4
	mov.w	r2, #2000
	bl	MyConstrainINT32S
.Ltmp26:
	.loc	3 99 31                         @ ../Application/Rocker.c:99:31
	strh	r0, [r5, #28]
.Ltmp27:
	.loc	3 102 30 is_stmt 1              @ ../Application/Rocker.c:102:30
	ldrh	r1, [r5, #48]
	.loc	3 102 60 is_stmt 0              @ ../Application/Rocker.c:102:60
	ldrh	r2, [r5, #52]
	.loc	3 0 0                           @ ../Application/Rocker.c:0:0
	ldrh	r0, [r5, #48]
.Ltmp28:
	.loc	3 102 8                         @ ../Application/Rocker.c:102:8
	cmp	r1, r2
	bls	.LBB1_16
@ %bb.15:
.Ltmp29:
	.loc	3 109 91 is_stmt 1              @ ../Application/Rocker.c:109:91
	ldrh	r1, [r5, #52]
	.loc	3 109 67 is_stmt 0              @ ../Application/Rocker.c:109:67
	subs	r0, r0, r1
	.loc	3 109 39                        @ ../Application/Rocker.c:109:39
	vmov	s0, r0
	.loc	3 110 72 is_stmt 1              @ ../Application/Rocker.c:110:72
	ldrh	r0, [r5, #50]
	.loc	3 110 100 is_stmt 0             @ ../Application/Rocker.c:110:100
	ldrh	r1, [r5, #52]
	.loc	3 109 39 is_stmt 1              @ ../Application/Rocker.c:109:39
	vcvt.f32.s32	s0, s0
	.loc	3 110 76                        @ ../Application/Rocker.c:110:76
	subs	r0, r0, r1
	.loc	3 110 43 is_stmt 0              @ ../Application/Rocker.c:110:43
	vmov	s2, r0
	vcvt.f32.s32	s2, s2
	.loc	3 110 41                        @ ../Application/Rocker.c:110:41
	vdiv.f32	s0, s0, s2
	.loc	3 110 105                       @ ../Application/Rocker.c:110:105
	vmul.f32	s0, s0, s16
	.loc	3 110 110                       @ ../Application/Rocker.c:110:110
	vadd.f32	s0, s0, s16
	b	.LBB1_17
.Ltmp30:
.LBB1_16:
	.loc	3 104 90 is_stmt 1              @ ../Application/Rocker.c:104:90
	ldrh	r1, [r5, #54]
	.loc	3 104 66 is_stmt 0              @ ../Application/Rocker.c:104:66
	subs	r0, r0, r1
	.loc	3 104 38                        @ ../Application/Rocker.c:104:38
	vmov	s0, r0
	.loc	3 105 72 is_stmt 1              @ ../Application/Rocker.c:105:72
	ldrh	r0, [r5, #52]
	.loc	3 105 100 is_stmt 0             @ ../Application/Rocker.c:105:100
	ldrh	r1, [r5, #54]
	.loc	3 104 38 is_stmt 1              @ ../Application/Rocker.c:104:38
	vcvt.f32.s32	s0, s0
	.loc	3 105 76                        @ ../Application/Rocker.c:105:76
	subs	r0, r0, r1
	.loc	3 105 43 is_stmt 0              @ ../Application/Rocker.c:105:43
	vmov	s2, r0
	vcvt.f32.s32	s2, s2
	.loc	3 105 41                        @ ../Application/Rocker.c:105:41
	vdiv.f32	s0, s0, s2
	.loc	3 105 105                       @ ../Application/Rocker.c:105:105
	vmul.f32	s0, s0, s16
.Ltmp31:
.LBB1_17:
	.loc	3 0 0                           @ ../Application/Rocker.c:0:0
	vstr	s0, [r5, #56]
.Ltmp32:
	.loc	3 112 62 is_stmt 1              @ ../Application/Rocker.c:112:62
	vldr	s0, [r5, #56]
	vmov.f32	s18, #-5.000000e-01
	.loc	3 112 34 is_stmt 0              @ ../Application/Rocker.c:112:34
	vsub.f32	s0, s16, s0
	.loc	3 112 32                        @ ../Application/Rocker.c:112:32
	vstr	s0, [r5, #56]
	.loc	3 113 69 is_stmt 1              @ ../Application/Rocker.c:113:69
	vldr	s0, [r5, #56]
	.loc	3 113 34 is_stmt 0              @ ../Application/Rocker.c:113:34
	vmov.f32	s1, s18
	vmov.f32	s2, s16
	bl	MyConstrainF
.Ltmp33:
	.loc	3 113 32                        @ ../Application/Rocker.c:113:32
	vstr	s0, [r5, #56]
	.loc	3 114 57 is_stmt 1              @ ../Application/Rocker.c:114:57
	vldr	s0, [r5, #56]
	.loc	3 115 35                        @ ../Application/Rocker.c:115:35
	movs	r1, #0
	.loc	3 114 62                        @ ../Application/Rocker.c:114:62
	vmul.f32	s0, s0, s20
	.loc	3 114 35 is_stmt 0              @ ../Application/Rocker.c:114:35
	vcvt.s32.f32	s0, s0
	vmov	r0, s0
	.loc	3 114 33                        @ ../Application/Rocker.c:114:33
	strh	r0, [r5, #60]
	.loc	3 115 73 is_stmt 1              @ ../Application/Rocker.c:115:73
	ldrsh.w	r0, [r5, #60]
	.loc	3 115 35 is_stmt 0              @ ../Application/Rocker.c:115:35
	movs	r2, #80
	bl	MyApplyDeadBand
.Ltmp34:
	.loc	3 115 33                        @ ../Application/Rocker.c:115:33
	strh	r0, [r5, #60]
	.loc	3 116 75 is_stmt 1              @ ../Application/Rocker.c:116:75
	ldrsh.w	r0, [r5, #60]
	.loc	3 116 35 is_stmt 0              @ ../Application/Rocker.c:116:35
	mov	r1, r4
	mov.w	r2, #2000
	bl	MyConstrainINT32S
.Ltmp35:
	.loc	3 116 33                        @ ../Application/Rocker.c:116:33
	strh	r0, [r5, #60]
.Ltmp36:
	.loc	3 119 29 is_stmt 1              @ ../Application/Rocker.c:119:29
	ldrh	r1, [r5, #32]
	.loc	3 119 58 is_stmt 0              @ ../Application/Rocker.c:119:58
	ldrh	r2, [r5, #36]
	.loc	3 0 0                           @ ../Application/Rocker.c:0:0
	ldrh	r0, [r5, #32]
.Ltmp37:
	.loc	3 119 8                         @ ../Application/Rocker.c:119:8
	cmp	r1, r2
	bls	.LBB1_19
@ %bb.18:
.Ltmp38:
	.loc	3 126 88 is_stmt 1              @ ../Application/Rocker.c:126:88
	ldrh	r1, [r5, #36]
	.loc	3 126 65 is_stmt 0              @ ../Application/Rocker.c:126:65
	subs	r0, r0, r1
	.loc	3 126 38                        @ ../Application/Rocker.c:126:38
	vmov	s0, r0
	.loc	3 127 71 is_stmt 1              @ ../Application/Rocker.c:127:71
	ldrh	r0, [r5, #34]
	.loc	3 127 98 is_stmt 0              @ ../Application/Rocker.c:127:98
	ldrh	r1, [r5, #36]
	.loc	3 126 38 is_stmt 1              @ ../Application/Rocker.c:126:38
	vcvt.f32.s32	s0, s0
	.loc	3 127 75                        @ ../Application/Rocker.c:127:75
	subs	r0, r0, r1
	.loc	3 127 43 is_stmt 0              @ ../Application/Rocker.c:127:43
	vmov	s2, r0
	vcvt.f32.s32	s2, s2
	.loc	3 127 41                        @ ../Application/Rocker.c:127:41
	vdiv.f32	s0, s0, s2
	.loc	3 127 103                       @ ../Application/Rocker.c:127:103
	vmul.f32	s0, s0, s16
	.loc	3 127 108                       @ ../Application/Rocker.c:127:108
	vadd.f32	s0, s0, s16
	b	.LBB1_20
.Ltmp39:
.LBB1_19:
	.loc	3 121 87 is_stmt 1              @ ../Application/Rocker.c:121:87
	ldrh	r1, [r5, #38]
	.loc	3 121 64 is_stmt 0              @ ../Application/Rocker.c:121:64
	subs	r0, r0, r1
	.loc	3 121 37                        @ ../Application/Rocker.c:121:37
	vmov	s0, r0
	.loc	3 122 71 is_stmt 1              @ ../Application/Rocker.c:122:71
	ldrh	r0, [r5, #36]
	.loc	3 122 98 is_stmt 0              @ ../Application/Rocker.c:122:98
	ldrh	r1, [r5, #38]
	.loc	3 121 37 is_stmt 1              @ ../Application/Rocker.c:121:37
	vcvt.f32.s32	s0, s0
	.loc	3 122 75                        @ ../Application/Rocker.c:122:75
	subs	r0, r0, r1
	.loc	3 122 43 is_stmt 0              @ ../Application/Rocker.c:122:43
	vmov	s2, r0
	vcvt.f32.s32	s2, s2
	.loc	3 122 41                        @ ../Application/Rocker.c:122:41
	vdiv.f32	s0, s0, s2
	.loc	3 122 103                       @ ../Application/Rocker.c:122:103
	vmul.f32	s0, s0, s16
.Ltmp40:
.LBB1_20:
	.loc	3 0 0                           @ ../Application/Rocker.c:0:0
	vstr	s0, [r5, #40]
.Ltmp41:
	.loc	3 129 31 is_stmt 1              @ ../Application/Rocker.c:129:31
	vldr	s0, [r5, #40]
	vmov.f32	s2, #5.000000e-01
	vadd.f32	s0, s0, s18
	vstr	s0, [r5, #40]
	.loc	3 130 67                        @ ../Application/Rocker.c:130:67
	vldr	s0, [r5, #40]
	.loc	3 130 33 is_stmt 0              @ ../Application/Rocker.c:130:33
	vmov.f32	s1, s18
	bl	MyConstrainF
.Ltmp42:
	.loc	3 130 31                        @ ../Application/Rocker.c:130:31
	vstr	s0, [r5, #40]
	.loc	3 131 55 is_stmt 1              @ ../Application/Rocker.c:131:55
	vldr	s0, [r5, #40]
	.loc	3 132 34                        @ ../Application/Rocker.c:132:34
	movs	r1, #0
	.loc	3 131 60                        @ ../Application/Rocker.c:131:60
	vmul.f32	s0, s0, s20
	.loc	3 131 34 is_stmt 0              @ ../Application/Rocker.c:131:34
	vcvt.s32.f32	s0, s0
	vmov	r0, s0
	.loc	3 131 32                        @ ../Application/Rocker.c:131:32
	strh	r0, [r5, #44]
	.loc	3 132 71 is_stmt 1              @ ../Application/Rocker.c:132:71
	ldrsh.w	r0, [r5, #44]
	.loc	3 132 34 is_stmt 0              @ ../Application/Rocker.c:132:34
	movs	r2, #80
	bl	MyApplyDeadBand
.Ltmp43:
	.loc	3 132 32                        @ ../Application/Rocker.c:132:32
	strh	r0, [r5, #44]
	.loc	3 133 73 is_stmt 1              @ ../Application/Rocker.c:133:73
	ldrsh.w	r0, [r5, #44]
	.loc	3 133 34 is_stmt 0              @ ../Application/Rocker.c:133:34
	mov	r1, r4
	mov.w	r2, #2000
	bl	MyConstrainINT32S
.Ltmp44:
	.loc	3 133 32                        @ ../Application/Rocker.c:133:32
	strh	r0, [r5, #44]
.Ltmp45:
.LBB1_21:
	.loc	3 53 1 is_stmt 1                @ ../Application/Rocker.c:53:1
	vpop	{d8, d9, d10}
	pop	{r4, r5, r7, pc}
.Ltmp46:
	.p2align	2
@ %bb.22:
	.loc	3 0 1 is_stmt 0                 @ ../Application/Rocker.c:0:1
.LCPI1_0:
	.long	0x457a0000                      @ float 4000
.Lfunc_end1:
	.size	RockerTask, .Lfunc_end1-RockerTask
	.cfi_endproc
	.cantunwind
	.fnend
                                        @ -- End function
	.hidden	g_RockerCtrlMsg                 @ @g_RockerCtrlMsg
	.type	g_RockerCtrlMsg,%object
	.section	.bss.g_RockerCtrlMsg,"aw",%nobits
	.globl	g_RockerCtrlMsg
	.p2align	2
g_RockerCtrlMsg:
	.zero	72
	.size	g_RockerCtrlMsg, 72

	.section	.debug_abbrev,"",%progbits
	.byte	1                               @ Abbreviation Code
	.byte	17                              @ DW_TAG_compile_unit
	.byte	1                               @ DW_CHILDREN_yes
	.byte	37                              @ DW_AT_producer
	.byte	14                              @ DW_FORM_strp
	.byte	19                              @ DW_AT_language
	.byte	5                               @ DW_FORM_data2
	.byte	3                               @ DW_AT_name
	.byte	14                              @ DW_FORM_strp
	.byte	16                              @ DW_AT_stmt_list
	.byte	23                              @ DW_FORM_sec_offset
	.byte	27                              @ DW_AT_comp_dir
	.byte	14                              @ DW_FORM_strp
	.byte	17                              @ DW_AT_low_pc
	.byte	1                               @ DW_FORM_addr
	.byte	85                              @ DW_AT_ranges
	.byte	23                              @ DW_FORM_sec_offset
	.byte	0                               @ EOM(1)
	.byte	0                               @ EOM(2)
	.byte	2                               @ Abbreviation Code
	.byte	52                              @ DW_TAG_variable
	.byte	0                               @ DW_CHILDREN_no
	.byte	3                               @ DW_AT_name
	.byte	14                              @ DW_FORM_strp
	.byte	73                              @ DW_AT_type
	.byte	19                              @ DW_FORM_ref4
	.byte	63                              @ DW_AT_external
	.byte	25                              @ DW_FORM_flag_present
	.byte	58                              @ DW_AT_decl_file
	.byte	11                              @ DW_FORM_data1
	.byte	59                              @ DW_AT_decl_line
	.byte	11                              @ DW_FORM_data1
	.byte	2                               @ DW_AT_location
	.byte	24                              @ DW_FORM_exprloc
	.byte	0                               @ EOM(1)
	.byte	0                               @ EOM(2)
	.byte	3                               @ Abbreviation Code
	.byte	53                              @ DW_TAG_volatile_type
	.byte	0                               @ DW_CHILDREN_no
	.byte	73                              @ DW_AT_type
	.byte	19                              @ DW_FORM_ref4
	.byte	0                               @ EOM(1)
	.byte	0                               @ EOM(2)
	.byte	4                               @ Abbreviation Code
	.byte	22                              @ DW_TAG_typedef
	.byte	0                               @ DW_CHILDREN_no
	.byte	73                              @ DW_AT_type
	.byte	19                              @ DW_FORM_ref4
	.byte	3                               @ DW_AT_name
	.byte	14                              @ DW_FORM_strp
	.byte	58                              @ DW_AT_decl_file
	.byte	11                              @ DW_FORM_data1
	.byte	59                              @ DW_AT_decl_line
	.byte	11                              @ DW_FORM_data1
	.byte	0                               @ EOM(1)
	.byte	0                               @ EOM(2)
	.byte	5                               @ Abbreviation Code
	.byte	19                              @ DW_TAG_structure_type
	.byte	1                               @ DW_CHILDREN_yes
	.byte	11                              @ DW_AT_byte_size
	.byte	11                              @ DW_FORM_data1
	.byte	58                              @ DW_AT_decl_file
	.byte	11                              @ DW_FORM_data1
	.byte	59                              @ DW_AT_decl_line
	.byte	11                              @ DW_FORM_data1
	.byte	0                               @ EOM(1)
	.byte	0                               @ EOM(2)
	.byte	6                               @ Abbreviation Code
	.byte	13                              @ DW_TAG_member
	.byte	0                               @ DW_CHILDREN_no
	.byte	3                               @ DW_AT_name
	.byte	14                              @ DW_FORM_strp
	.byte	73                              @ DW_AT_type
	.byte	19                              @ DW_FORM_ref4
	.byte	58                              @ DW_AT_decl_file
	.byte	11                              @ DW_FORM_data1
	.byte	59                              @ DW_AT_decl_line
	.byte	11                              @ DW_FORM_data1
	.byte	56                              @ DW_AT_data_member_location
	.byte	11                              @ DW_FORM_data1
	.byte	0                               @ EOM(1)
	.byte	0                               @ EOM(2)
	.byte	7                               @ Abbreviation Code
	.byte	36                              @ DW_TAG_base_type
	.byte	0                               @ DW_CHILDREN_no
	.byte	3                               @ DW_AT_name
	.byte	14                              @ DW_FORM_strp
	.byte	62                              @ DW_AT_encoding
	.byte	11                              @ DW_FORM_data1
	.byte	11                              @ DW_AT_byte_size
	.byte	11                              @ DW_FORM_data1
	.byte	0                               @ EOM(1)
	.byte	0                               @ EOM(2)
	.byte	8                               @ Abbreviation Code
	.byte	4                               @ DW_TAG_enumeration_type
	.byte	1                               @ DW_CHILDREN_yes
	.byte	73                              @ DW_AT_type
	.byte	19                              @ DW_FORM_ref4
	.byte	11                              @ DW_AT_byte_size
	.byte	11                              @ DW_FORM_data1
	.byte	58                              @ DW_AT_decl_file
	.byte	11                              @ DW_FORM_data1
	.byte	59                              @ DW_AT_decl_line
	.byte	11                              @ DW_FORM_data1
	.byte	0                               @ EOM(1)
	.byte	0                               @ EOM(2)
	.byte	9                               @ Abbreviation Code
	.byte	40                              @ DW_TAG_enumerator
	.byte	0                               @ DW_CHILDREN_no
	.byte	3                               @ DW_AT_name
	.byte	14                              @ DW_FORM_strp
	.byte	28                              @ DW_AT_const_value
	.byte	15                              @ DW_FORM_udata
	.byte	0                               @ EOM(1)
	.byte	0                               @ EOM(2)
	.byte	10                              @ Abbreviation Code
	.byte	15                              @ DW_TAG_pointer_type
	.byte	0                               @ DW_CHILDREN_no
	.byte	0                               @ EOM(1)
	.byte	0                               @ EOM(2)
	.byte	11                              @ Abbreviation Code
	.byte	46                              @ DW_TAG_subprogram
	.byte	0                               @ DW_CHILDREN_no
	.byte	17                              @ DW_AT_low_pc
	.byte	1                               @ DW_FORM_addr
	.byte	18                              @ DW_AT_high_pc
	.byte	6                               @ DW_FORM_data4
	.byte	64                              @ DW_AT_frame_base
	.byte	24                              @ DW_FORM_exprloc
	.ascii	"\227B"                         @ DW_AT_GNU_all_call_sites
	.byte	25                              @ DW_FORM_flag_present
	.byte	3                               @ DW_AT_name
	.byte	14                              @ DW_FORM_strp
	.byte	58                              @ DW_AT_decl_file
	.byte	11                              @ DW_FORM_data1
	.byte	59                              @ DW_AT_decl_line
	.byte	11                              @ DW_FORM_data1
	.byte	39                              @ DW_AT_prototyped
	.byte	25                              @ DW_FORM_flag_present
	.byte	63                              @ DW_AT_external
	.byte	25                              @ DW_FORM_flag_present
	.byte	0                               @ EOM(1)
	.byte	0                               @ EOM(2)
	.byte	12                              @ Abbreviation Code
	.byte	46                              @ DW_TAG_subprogram
	.byte	0                               @ DW_CHILDREN_no
	.byte	3                               @ DW_AT_name
	.byte	14                              @ DW_FORM_strp
	.byte	58                              @ DW_AT_decl_file
	.byte	11                              @ DW_FORM_data1
	.byte	59                              @ DW_AT_decl_line
	.byte	11                              @ DW_FORM_data1
	.byte	39                              @ DW_AT_prototyped
	.byte	25                              @ DW_FORM_flag_present
	.byte	32                              @ DW_AT_inline
	.byte	11                              @ DW_FORM_data1
	.byte	0                               @ EOM(1)
	.byte	0                               @ EOM(2)
	.byte	13                              @ Abbreviation Code
	.byte	46                              @ DW_TAG_subprogram
	.byte	1                               @ DW_CHILDREN_yes
	.byte	17                              @ DW_AT_low_pc
	.byte	1                               @ DW_FORM_addr
	.byte	18                              @ DW_AT_high_pc
	.byte	6                               @ DW_FORM_data4
	.byte	64                              @ DW_AT_frame_base
	.byte	24                              @ DW_FORM_exprloc
	.ascii	"\227B"                         @ DW_AT_GNU_all_call_sites
	.byte	25                              @ DW_FORM_flag_present
	.byte	3                               @ DW_AT_name
	.byte	14                              @ DW_FORM_strp
	.byte	58                              @ DW_AT_decl_file
	.byte	11                              @ DW_FORM_data1
	.byte	59                              @ DW_AT_decl_line
	.byte	11                              @ DW_FORM_data1
	.byte	39                              @ DW_AT_prototyped
	.byte	25                              @ DW_FORM_flag_present
	.byte	63                              @ DW_AT_external
	.byte	25                              @ DW_FORM_flag_present
	.byte	0                               @ EOM(1)
	.byte	0                               @ EOM(2)
	.byte	14                              @ Abbreviation Code
	.byte	29                              @ DW_TAG_inlined_subroutine
	.byte	0                               @ DW_CHILDREN_no
	.byte	49                              @ DW_AT_abstract_origin
	.byte	19                              @ DW_FORM_ref4
	.byte	17                              @ DW_AT_low_pc
	.byte	1                               @ DW_FORM_addr
	.byte	18                              @ DW_AT_high_pc
	.byte	6                               @ DW_FORM_data4
	.byte	88                              @ DW_AT_call_file
	.byte	11                              @ DW_FORM_data1
	.byte	89                              @ DW_AT_call_line
	.byte	11                              @ DW_FORM_data1
	.byte	87                              @ DW_AT_call_column
	.byte	11                              @ DW_FORM_data1
	.byte	0                               @ EOM(1)
	.byte	0                               @ EOM(2)
	.byte	15                              @ Abbreviation Code
	.byte	29                              @ DW_TAG_inlined_subroutine
	.byte	0                               @ DW_CHILDREN_no
	.byte	49                              @ DW_AT_abstract_origin
	.byte	19                              @ DW_FORM_ref4
	.byte	85                              @ DW_AT_ranges
	.byte	23                              @ DW_FORM_sec_offset
	.byte	88                              @ DW_AT_call_file
	.byte	11                              @ DW_FORM_data1
	.byte	89                              @ DW_AT_call_line
	.byte	11                              @ DW_FORM_data1
	.byte	87                              @ DW_AT_call_column
	.byte	11                              @ DW_FORM_data1
	.byte	0                               @ EOM(1)
	.byte	0                               @ EOM(2)
	.byte	0                               @ EOM(3)
	.section	.debug_info,"",%progbits
.Lcu_begin0:
	.long	.Ldebug_info_end0-.Ldebug_info_start0 @ Length of Unit
.Ldebug_info_start0:
	.short	4                               @ DWARF version number
	.long	.debug_abbrev                   @ Offset Into Abbrev. Section
	.byte	4                               @ Address Size (in bytes)
	.byte	1                               @ Abbrev [1] 0xb:0x1e6 DW_TAG_compile_unit
	.long	.Linfo_string0                  @ DW_AT_producer
	.short	12                              @ DW_AT_language
	.long	.Linfo_string1                  @ DW_AT_name
	.long	.Lline_table_start0             @ DW_AT_stmt_list
	.long	.Linfo_string2                  @ DW_AT_comp_dir
	.long	0                               @ DW_AT_low_pc
	.long	.Ldebug_ranges1                 @ DW_AT_ranges
	.byte	2                               @ Abbrev [2] 0x26:0x11 DW_TAG_variable
	.long	.Linfo_string3                  @ DW_AT_name
	.long	55                              @ DW_AT_type
                                        @ DW_AT_external
	.byte	3                               @ DW_AT_decl_file
	.byte	3                               @ DW_AT_decl_line
	.byte	5                               @ DW_AT_location
	.byte	3
	.long	g_RockerCtrlMsg
	.byte	3                               @ Abbrev [3] 0x37:0x5 DW_TAG_volatile_type
	.long	60                              @ DW_AT_type
	.byte	4                               @ Abbrev [4] 0x3c:0xb DW_TAG_typedef
	.long	71                              @ DW_AT_type
	.long	.Linfo_string27                 @ DW_AT_name
	.byte	2                               @ DW_AT_decl_file
	.byte	35                              @ DW_AT_decl_line
	.byte	5                               @ Abbrev [5] 0x47:0x4d DW_TAG_structure_type
	.byte	72                              @ DW_AT_byte_size
	.byte	2                               @ DW_AT_decl_file
	.byte	25                              @ DW_AT_decl_line
	.byte	6                               @ Abbrev [6] 0x4b:0xc DW_TAG_member
	.long	.Linfo_string4                  @ DW_AT_name
	.long	148                             @ DW_AT_type
	.byte	2                               @ DW_AT_decl_file
	.byte	27                              @ DW_AT_decl_line
	.byte	0                               @ DW_AT_data_member_location
	.byte	6                               @ Abbrev [6] 0x57:0xc DW_TAG_member
	.long	.Linfo_string18                 @ DW_AT_name
	.long	148                             @ DW_AT_type
	.byte	2                               @ DW_AT_decl_file
	.byte	28                              @ DW_AT_decl_line
	.byte	16                              @ DW_AT_data_member_location
	.byte	6                               @ Abbrev [6] 0x63:0xc DW_TAG_member
	.long	.Linfo_string19                 @ DW_AT_name
	.long	148                             @ DW_AT_type
	.byte	2                               @ DW_AT_decl_file
	.byte	29                              @ DW_AT_decl_line
	.byte	32                              @ DW_AT_data_member_location
	.byte	6                               @ Abbrev [6] 0x6f:0xc DW_TAG_member
	.long	.Linfo_string20                 @ DW_AT_name
	.long	148                             @ DW_AT_type
	.byte	2                               @ DW_AT_decl_file
	.byte	30                              @ DW_AT_decl_line
	.byte	48                              @ DW_AT_data_member_location
	.byte	6                               @ Abbrev [6] 0x7b:0xc DW_TAG_member
	.long	.Linfo_string21                 @ DW_AT_name
	.long	290                             @ DW_AT_type
	.byte	2                               @ DW_AT_decl_file
	.byte	32                              @ DW_AT_decl_line
	.byte	64                              @ DW_AT_data_member_location
	.byte	6                               @ Abbrev [6] 0x87:0xc DW_TAG_member
	.long	.Linfo_string24                 @ DW_AT_name
	.long	308                             @ DW_AT_type
	.byte	2                               @ DW_AT_decl_file
	.byte	33                              @ DW_AT_decl_line
	.byte	68                              @ DW_AT_data_member_location
	.byte	0                               @ End Of Children Mark
	.byte	4                               @ Abbrev [4] 0x94:0xb DW_TAG_typedef
	.long	159                             @ DW_AT_type
	.long	.Linfo_string17                 @ DW_AT_name
	.byte	2                               @ DW_AT_decl_file
	.byte	23                              @ DW_AT_decl_line
	.byte	5                               @ Abbrev [5] 0x9f:0x4d DW_TAG_structure_type
	.byte	16                              @ DW_AT_byte_size
	.byte	2                               @ DW_AT_decl_file
	.byte	15                              @ DW_AT_decl_line
	.byte	6                               @ Abbrev [6] 0xa3:0xc DW_TAG_member
	.long	.Linfo_string5                  @ DW_AT_name
	.long	236                             @ DW_AT_type
	.byte	2                               @ DW_AT_decl_file
	.byte	17                              @ DW_AT_decl_line
	.byte	0                               @ DW_AT_data_member_location
	.byte	6                               @ Abbrev [6] 0xaf:0xc DW_TAG_member
	.long	.Linfo_string8                  @ DW_AT_name
	.long	236                             @ DW_AT_type
	.byte	2                               @ DW_AT_decl_file
	.byte	18                              @ DW_AT_decl_line
	.byte	2                               @ DW_AT_data_member_location
	.byte	6                               @ Abbrev [6] 0xbb:0xc DW_TAG_member
	.long	.Linfo_string9                  @ DW_AT_name
	.long	236                             @ DW_AT_type
	.byte	2                               @ DW_AT_decl_file
	.byte	19                              @ DW_AT_decl_line
	.byte	4                               @ DW_AT_data_member_location
	.byte	6                               @ Abbrev [6] 0xc7:0xc DW_TAG_member
	.long	.Linfo_string10                 @ DW_AT_name
	.long	236                             @ DW_AT_type
	.byte	2                               @ DW_AT_decl_file
	.byte	20                              @ DW_AT_decl_line
	.byte	6                               @ DW_AT_data_member_location
	.byte	6                               @ Abbrev [6] 0xd3:0xc DW_TAG_member
	.long	.Linfo_string11                 @ DW_AT_name
	.long	254                             @ DW_AT_type
	.byte	2                               @ DW_AT_decl_file
	.byte	21                              @ DW_AT_decl_line
	.byte	8                               @ DW_AT_data_member_location
	.byte	6                               @ Abbrev [6] 0xdf:0xc DW_TAG_member
	.long	.Linfo_string14                 @ DW_AT_name
	.long	272                             @ DW_AT_type
	.byte	2                               @ DW_AT_decl_file
	.byte	22                              @ DW_AT_decl_line
	.byte	12                              @ DW_AT_data_member_location
	.byte	0                               @ End Of Children Mark
	.byte	4                               @ Abbrev [4] 0xec:0xb DW_TAG_typedef
	.long	247                             @ DW_AT_type
	.long	.Linfo_string7                  @ DW_AT_name
	.byte	1                               @ DW_AT_decl_file
	.byte	10                              @ DW_AT_decl_line
	.byte	7                               @ Abbrev [7] 0xf7:0x7 DW_TAG_base_type
	.long	.Linfo_string6                  @ DW_AT_name
	.byte	7                               @ DW_AT_encoding
	.byte	2                               @ DW_AT_byte_size
	.byte	4                               @ Abbrev [4] 0xfe:0xb DW_TAG_typedef
	.long	265                             @ DW_AT_type
	.long	.Linfo_string13                 @ DW_AT_name
	.byte	1                               @ DW_AT_decl_file
	.byte	16                              @ DW_AT_decl_line
	.byte	7                               @ Abbrev [7] 0x109:0x7 DW_TAG_base_type
	.long	.Linfo_string12                 @ DW_AT_name
	.byte	4                               @ DW_AT_encoding
	.byte	4                               @ DW_AT_byte_size
	.byte	4                               @ Abbrev [4] 0x110:0xb DW_TAG_typedef
	.long	283                             @ DW_AT_type
	.long	.Linfo_string16                 @ DW_AT_name
	.byte	1                               @ DW_AT_decl_file
	.byte	11                              @ DW_AT_decl_line
	.byte	7                               @ Abbrev [7] 0x11b:0x7 DW_TAG_base_type
	.long	.Linfo_string15                 @ DW_AT_name
	.byte	5                               @ DW_AT_encoding
	.byte	2                               @ DW_AT_byte_size
	.byte	4                               @ Abbrev [4] 0x122:0xb DW_TAG_typedef
	.long	301                             @ DW_AT_type
	.long	.Linfo_string23                 @ DW_AT_name
	.byte	1                               @ DW_AT_decl_file
	.byte	8                               @ DW_AT_decl_line
	.byte	7                               @ Abbrev [7] 0x12d:0x7 DW_TAG_base_type
	.long	.Linfo_string22                 @ DW_AT_name
	.byte	8                               @ DW_AT_encoding
	.byte	1                               @ DW_AT_byte_size
	.byte	4                               @ Abbrev [4] 0x134:0xb DW_TAG_typedef
	.long	319                             @ DW_AT_type
	.long	.Linfo_string26                 @ DW_AT_name
	.byte	1                               @ DW_AT_decl_file
	.byte	12                              @ DW_AT_decl_line
	.byte	7                               @ Abbrev [7] 0x13f:0x7 DW_TAG_base_type
	.long	.Linfo_string25                 @ DW_AT_name
	.byte	7                               @ DW_AT_encoding
	.byte	4                               @ DW_AT_byte_size
	.byte	8                               @ Abbrev [8] 0x146:0x2d DW_TAG_enumeration_type
	.long	301                             @ DW_AT_type
	.byte	1                               @ DW_AT_byte_size
	.byte	4                               @ DW_AT_decl_file
	.byte	107                             @ DW_AT_decl_line
	.byte	9                               @ Abbrev [9] 0x14e:0x6 DW_TAG_enumerator
	.long	.Linfo_string28                 @ DW_AT_name
	.byte	0                               @ DW_AT_const_value
	.byte	9                               @ Abbrev [9] 0x154:0x6 DW_TAG_enumerator
	.long	.Linfo_string29                 @ DW_AT_name
	.byte	1                               @ DW_AT_const_value
	.byte	9                               @ Abbrev [9] 0x15a:0x6 DW_TAG_enumerator
	.long	.Linfo_string30                 @ DW_AT_name
	.byte	2                               @ DW_AT_const_value
	.byte	9                               @ Abbrev [9] 0x160:0x6 DW_TAG_enumerator
	.long	.Linfo_string31                 @ DW_AT_name
	.byte	3                               @ DW_AT_const_value
	.byte	9                               @ Abbrev [9] 0x166:0x6 DW_TAG_enumerator
	.long	.Linfo_string32                 @ DW_AT_name
	.byte	4                               @ DW_AT_const_value
	.byte	9                               @ Abbrev [9] 0x16c:0x6 DW_TAG_enumerator
	.long	.Linfo_string33                 @ DW_AT_name
	.byte	5                               @ DW_AT_const_value
	.byte	0                               @ End Of Children Mark
	.byte	8                               @ Abbrev [8] 0x173:0x2d DW_TAG_enumeration_type
	.long	301                             @ DW_AT_type
	.byte	1                               @ DW_AT_byte_size
	.byte	4                               @ DW_AT_decl_file
	.byte	117                             @ DW_AT_decl_line
	.byte	9                               @ Abbrev [9] 0x17b:0x6 DW_TAG_enumerator
	.long	.Linfo_string34                 @ DW_AT_name
	.byte	0                               @ DW_AT_const_value
	.byte	9                               @ Abbrev [9] 0x181:0x6 DW_TAG_enumerator
	.long	.Linfo_string35                 @ DW_AT_name
	.byte	1                               @ DW_AT_const_value
	.byte	9                               @ Abbrev [9] 0x187:0x6 DW_TAG_enumerator
	.long	.Linfo_string36                 @ DW_AT_name
	.byte	2                               @ DW_AT_const_value
	.byte	9                               @ Abbrev [9] 0x18d:0x6 DW_TAG_enumerator
	.long	.Linfo_string37                 @ DW_AT_name
	.byte	3                               @ DW_AT_const_value
	.byte	9                               @ Abbrev [9] 0x193:0x6 DW_TAG_enumerator
	.long	.Linfo_string38                 @ DW_AT_name
	.byte	4                               @ DW_AT_const_value
	.byte	9                               @ Abbrev [9] 0x199:0x6 DW_TAG_enumerator
	.long	.Linfo_string39                 @ DW_AT_name
	.byte	5                               @ DW_AT_const_value
	.byte	0                               @ End Of Children Mark
	.byte	10                              @ Abbrev [10] 0x1a0:0x1 DW_TAG_pointer_type
	.byte	11                              @ Abbrev [11] 0x1a1:0x11 DW_TAG_subprogram
	.long	.Lfunc_begin0                   @ DW_AT_low_pc
	.long	.Lfunc_end0-.Lfunc_begin0       @ DW_AT_high_pc
	.byte	1                               @ DW_AT_frame_base
	.byte	93
                                        @ DW_AT_GNU_all_call_sites
	.long	.Linfo_string42                 @ DW_AT_name
	.byte	3                               @ DW_AT_decl_file
	.byte	8                               @ DW_AT_decl_line
                                        @ DW_AT_prototyped
                                        @ DW_AT_external
	.byte	12                              @ Abbrev [12] 0x1b2:0x8 DW_TAG_subprogram
	.long	.Linfo_string40                 @ DW_AT_name
	.byte	3                               @ DW_AT_decl_file
	.byte	55                              @ DW_AT_decl_line
                                        @ DW_AT_prototyped
	.byte	1                               @ DW_AT_inline
	.byte	12                              @ Abbrev [12] 0x1ba:0x8 DW_TAG_subprogram
	.long	.Linfo_string41                 @ DW_AT_name
	.byte	3                               @ DW_AT_decl_file
	.byte	63                              @ DW_AT_decl_line
                                        @ DW_AT_prototyped
	.byte	1                               @ DW_AT_inline
	.byte	13                              @ Abbrev [13] 0x1c2:0x2e DW_TAG_subprogram
	.long	.Lfunc_begin1                   @ DW_AT_low_pc
	.long	.Lfunc_end1-.Lfunc_begin1       @ DW_AT_high_pc
	.byte	1                               @ DW_AT_frame_base
	.byte	93
                                        @ DW_AT_GNU_all_call_sites
	.long	.Linfo_string43                 @ DW_AT_name
	.byte	3                               @ DW_AT_decl_file
	.byte	30                              @ DW_AT_decl_line
                                        @ DW_AT_prototyped
                                        @ DW_AT_external
	.byte	14                              @ Abbrev [14] 0x1d3:0x10 DW_TAG_inlined_subroutine
	.long	434                             @ DW_AT_abstract_origin
	.long	.Ltmp7                          @ DW_AT_low_pc
	.long	.Ltmp8-.Ltmp7                   @ DW_AT_high_pc
	.byte	3                               @ DW_AT_call_file
	.byte	41                              @ DW_AT_call_line
	.byte	17                              @ DW_AT_call_column
	.byte	15                              @ Abbrev [15] 0x1e3:0xc DW_TAG_inlined_subroutine
	.long	442                             @ DW_AT_abstract_origin
	.long	.Ldebug_ranges0                 @ DW_AT_ranges
	.byte	3                               @ DW_AT_call_file
	.byte	42                              @ DW_AT_call_line
	.byte	17                              @ DW_AT_call_column
	.byte	0                               @ End Of Children Mark
	.byte	0                               @ End Of Children Mark
.Ldebug_info_end0:
	.section	.debug_ranges,"",%progbits
.Ldebug_ranges0:
	.long	.Ltmp8
	.long	.Ltmp11
	.long	.Ltmp12
	.long	.Ltmp45
	.long	0
	.long	0
.Ldebug_ranges1:
	.long	.Lfunc_begin0
	.long	.Lfunc_end0
	.long	.Lfunc_begin1
	.long	.Lfunc_end1
	.long	0
	.long	0
	.section	.debug_str,"MS",%progbits,1
.Linfo_string0:
	.asciz	"Component: ARM Compiler 6.16 Tool: armclang [5dfeb700]" @ string offset=0
.Linfo_string1:
	.asciz	"../Application\\Rocker.c"      @ string offset=55
.Linfo_string2:
	.asciz	"C:\\Users\\Hyacincher\\Desktop\\HyTelectrl\\Code\\Project" @ string offset=79
.Linfo_string3:
	.asciz	"g_RockerCtrlMsg"               @ string offset=131
.Linfo_string4:
	.asciz	"Throttle"                      @ string offset=147
.Linfo_string5:
	.asciz	"Volt"                          @ string offset=156
.Linfo_string6:
	.asciz	"unsigned short"                @ string offset=161
.Linfo_string7:
	.asciz	"INT16U"                        @ string offset=176
.Linfo_string8:
	.asciz	"Max"                           @ string offset=183
.Linfo_string9:
	.asciz	"Mid"                           @ string offset=187
.Linfo_string10:
	.asciz	"Min"                           @ string offset=191
.Linfo_string11:
	.asciz	"Rate"                          @ string offset=195
.Linfo_string12:
	.asciz	"float"                         @ string offset=200
.Linfo_string13:
	.asciz	"FP32"                          @ string offset=206
.Linfo_string14:
	.asciz	"Value"                         @ string offset=211
.Linfo_string15:
	.asciz	"short"                         @ string offset=217
.Linfo_string16:
	.asciz	"INT16S"                        @ string offset=223
.Linfo_string17:
	.asciz	"RockerVal_t"                   @ string offset=230
.Linfo_string18:
	.asciz	"Yaw"                           @ string offset=242
.Linfo_string19:
	.asciz	"Roll"                          @ string offset=246
.Linfo_string20:
	.asciz	"Pitch"                         @ string offset=251
.Linfo_string21:
	.asciz	"TaskStage"                     @ string offset=257
.Linfo_string22:
	.asciz	"unsigned char"                 @ string offset=267
.Linfo_string23:
	.asciz	"INT8U"                         @ string offset=281
.Linfo_string24:
	.asciz	"TaskTimer"                     @ string offset=287
.Linfo_string25:
	.asciz	"unsigned int"                  @ string offset=297
.Linfo_string26:
	.asciz	"INT32U"                        @ string offset=310
.Linfo_string27:
	.asciz	"RockerInfo_t"                  @ string offset=317
.Linfo_string28:
	.asciz	"L_AIO_0"                       @ string offset=330
.Linfo_string29:
	.asciz	"L_AIO_1"                       @ string offset=338
.Linfo_string30:
	.asciz	"L_AIO_2"                       @ string offset=346
.Linfo_string31:
	.asciz	"L_AIO_3"                       @ string offset=354
.Linfo_string32:
	.asciz	"BAT_VOLT"                      @ string offset=362
.Linfo_string33:
	.asciz	"ADC1_Channel"                  @ string offset=371
.Linfo_string34:
	.asciz	"R_AIO_2"                       @ string offset=384
.Linfo_string35:
	.asciz	"R_AIO_1"                       @ string offset=392
.Linfo_string36:
	.asciz	"R_AIO_4"                       @ string offset=400
.Linfo_string37:
	.asciz	"R_AIO_3"                       @ string offset=408
.Linfo_string38:
	.asciz	"R_AIO_0"                       @ string offset=416
.Linfo_string39:
	.asciz	"ADC2_Channel"                  @ string offset=424
.Linfo_string40:
	.asciz	"GetOriginRocker"               @ string offset=437
.Linfo_string41:
	.asciz	"RockerTransform"               @ string offset=453
.Linfo_string42:
	.asciz	"RockerInit"                    @ string offset=469
.Linfo_string43:
	.asciz	"RockerTask"                    @ string offset=480
	.ident	"Component: ARM Compiler 6.16 Tool: armclang [5dfeb700]"
	.section	".note.GNU-stack","",%progbits
	.eabi_attribute	30, 3	@ Tag_ABI_optimization_goals
	.ARM_attribute	16, 1	@ Tag_AV_eba
	.section	.debug_line,"",%progbits
.Lline_table_start0:
