	.text
	.syntax unified
	.eabi_attribute	67, "2.09"	@ Tag_conformance
	.cpu	cortex-m4
	.eabi_attribute	6, 13	@ Tag_CPU_arch
	.eabi_attribute	7, 77	@ Tag_CPU_arch_profile
	.eabi_attribute	8, 0	@ Tag_ARM_ISA_use
	.eabi_attribute	9, 2	@ Tag_THUMB_ISA_use
	.fpu	fpv4-sp-d16
	.eabi_attribute	27, 1	@ Tag_ABI_HardFP_use
	.eabi_attribute	36, 1	@ Tag_FP_HP_extension
	.eabi_attribute	34, 1	@ Tag_CPU_unaligned_access
	.eabi_attribute	17, 1	@ Tag_ABI_PCS_GOT_use
	.eabi_attribute	20, 2	@ Tag_ABI_FP_denormal
	.eabi_attribute	21, 0	@ Tag_ABI_FP_exceptions
	.eabi_attribute	23, 1	@ Tag_ABI_FP_number_model
	.eabi_attribute	24, 1	@ Tag_ABI_align_needed
	.eabi_attribute	25, 1	@ Tag_ABI_align_preserved
	.eabi_attribute	28, 1	@ Tag_ABI_VFP_args
	.eabi_attribute	38, 1	@ Tag_ABI_FP_16bit_format
	.eabi_attribute	18, 2	@ Tag_ABI_PCS_wchar_t
	.eabi_attribute	26, 1	@ Tag_ABI_enum_size
	.eabi_attribute	14, 0	@ Tag_ABI_PCS_R9_use
	.file	"stm32f4xx_hal_msp_template.c"
	.section	.text.HAL_MspInit,"ax",%progbits
	.hidden	HAL_MspInit                     @ -- Begin function HAL_MspInit
	.globl	HAL_MspInit
	.p2align	2
	.type	HAL_MspInit,%function
	.code	16                              @ @HAL_MspInit
	.thumb_func
HAL_MspInit:
.Lfunc_begin0:
	.file	1 "C:\\Users\\Hyacincher\\Desktop\\HyTelectrl\\Code\\Project" "../Library/STM32F4xx_HAL_Driver/Src/stm32f4xx_hal_msp_template.c"
	.loc	1 52 0                          @ ../Library/STM32F4xx_HAL_Driver/Src/stm32f4xx_hal_msp_template.c:52:0
	.fnstart
	.cfi_sections .debug_frame
	.cfi_startproc
@ %bb.0:
	.loc	1 54 1 prologue_end             @ ../Library/STM32F4xx_HAL_Driver/Src/stm32f4xx_hal_msp_template.c:54:1
	bx	lr
.Ltmp0:
.Lfunc_end0:
	.size	HAL_MspInit, .Lfunc_end0-HAL_MspInit
	.cfi_endproc
	.cantunwind
	.fnend
                                        @ -- End function
	.section	.text.HAL_MspDeInit,"ax",%progbits
	.hidden	HAL_MspDeInit                   @ -- Begin function HAL_MspDeInit
	.globl	HAL_MspDeInit
	.p2align	2
	.type	HAL_MspDeInit,%function
	.code	16                              @ @HAL_MspDeInit
	.thumb_func
HAL_MspDeInit:
.Lfunc_begin1:
	.loc	1 63 0                          @ ../Library/STM32F4xx_HAL_Driver/Src/stm32f4xx_hal_msp_template.c:63:0
	.fnstart
	.cfi_startproc
@ %bb.0:
	.loc	1 65 1 prologue_end             @ ../Library/STM32F4xx_HAL_Driver/Src/stm32f4xx_hal_msp_template.c:65:1
	bx	lr
.Ltmp1:
.Lfunc_end1:
	.size	HAL_MspDeInit, .Lfunc_end1-HAL_MspDeInit
	.cfi_endproc
	.cantunwind
	.fnend
                                        @ -- End function
	.section	.text.HAL_PPP_MspInit,"ax",%progbits
	.hidden	HAL_PPP_MspInit                 @ -- Begin function HAL_PPP_MspInit
	.globl	HAL_PPP_MspInit
	.p2align	2
	.type	HAL_PPP_MspInit,%function
	.code	16                              @ @HAL_PPP_MspInit
	.thumb_func
HAL_PPP_MspInit:
.Lfunc_begin2:
	.loc	1 74 0                          @ ../Library/STM32F4xx_HAL_Driver/Src/stm32f4xx_hal_msp_template.c:74:0
	.fnstart
	.cfi_startproc
@ %bb.0:
	.loc	1 76 1 prologue_end             @ ../Library/STM32F4xx_HAL_Driver/Src/stm32f4xx_hal_msp_template.c:76:1
	bx	lr
.Ltmp2:
.Lfunc_end2:
	.size	HAL_PPP_MspInit, .Lfunc_end2-HAL_PPP_MspInit
	.cfi_endproc
	.cantunwind
	.fnend
                                        @ -- End function
	.section	.text.HAL_PPP_MspDeInit,"ax",%progbits
	.hidden	HAL_PPP_MspDeInit               @ -- Begin function HAL_PPP_MspDeInit
	.globl	HAL_PPP_MspDeInit
	.p2align	2
	.type	HAL_PPP_MspDeInit,%function
	.code	16                              @ @HAL_PPP_MspDeInit
	.thumb_func
HAL_PPP_MspDeInit:
.Lfunc_begin3:
	.loc	1 85 0                          @ ../Library/STM32F4xx_HAL_Driver/Src/stm32f4xx_hal_msp_template.c:85:0
	.fnstart
	.cfi_startproc
@ %bb.0:
	.loc	1 87 1 prologue_end             @ ../Library/STM32F4xx_HAL_Driver/Src/stm32f4xx_hal_msp_template.c:87:1
	bx	lr
.Ltmp3:
.Lfunc_end3:
	.size	HAL_PPP_MspDeInit, .Lfunc_end3-HAL_PPP_MspDeInit
	.cfi_endproc
	.cantunwind
	.fnend
                                        @ -- End function
	.section	.debug_abbrev,"",%progbits
	.byte	1                               @ Abbreviation Code
	.byte	17                              @ DW_TAG_compile_unit
	.byte	1                               @ DW_CHILDREN_yes
	.byte	37                              @ DW_AT_producer
	.byte	14                              @ DW_FORM_strp
	.byte	19                              @ DW_AT_language
	.byte	5                               @ DW_FORM_data2
	.byte	3                               @ DW_AT_name
	.byte	14                              @ DW_FORM_strp
	.byte	16                              @ DW_AT_stmt_list
	.byte	23                              @ DW_FORM_sec_offset
	.byte	27                              @ DW_AT_comp_dir
	.byte	14                              @ DW_FORM_strp
	.byte	17                              @ DW_AT_low_pc
	.byte	1                               @ DW_FORM_addr
	.byte	85                              @ DW_AT_ranges
	.byte	23                              @ DW_FORM_sec_offset
	.byte	0                               @ EOM(1)
	.byte	0                               @ EOM(2)
	.byte	2                               @ Abbreviation Code
	.byte	46                              @ DW_TAG_subprogram
	.byte	0                               @ DW_CHILDREN_no
	.byte	17                              @ DW_AT_low_pc
	.byte	1                               @ DW_FORM_addr
	.byte	18                              @ DW_AT_high_pc
	.byte	6                               @ DW_FORM_data4
	.byte	64                              @ DW_AT_frame_base
	.byte	24                              @ DW_FORM_exprloc
	.byte	3                               @ DW_AT_name
	.byte	14                              @ DW_FORM_strp
	.byte	58                              @ DW_AT_decl_file
	.byte	11                              @ DW_FORM_data1
	.byte	59                              @ DW_AT_decl_line
	.byte	11                              @ DW_FORM_data1
	.byte	39                              @ DW_AT_prototyped
	.byte	25                              @ DW_FORM_flag_present
	.byte	63                              @ DW_AT_external
	.byte	25                              @ DW_FORM_flag_present
	.byte	0                               @ EOM(1)
	.byte	0                               @ EOM(2)
	.byte	0                               @ EOM(3)
	.section	.debug_info,"",%progbits
.Lcu_begin0:
	.long	.Ldebug_info_end0-.Ldebug_info_start0 @ Length of Unit
.Ldebug_info_start0:
	.short	4                               @ DWARF version number
	.long	.debug_abbrev                   @ Offset Into Abbrev. Section
	.byte	4                               @ Address Size (in bytes)
	.byte	1                               @ Abbrev [1] 0xb:0x60 DW_TAG_compile_unit
	.long	.Linfo_string0                  @ DW_AT_producer
	.short	12                              @ DW_AT_language
	.long	.Linfo_string1                  @ DW_AT_name
	.long	.Lline_table_start0             @ DW_AT_stmt_list
	.long	.Linfo_string2                  @ DW_AT_comp_dir
	.long	0                               @ DW_AT_low_pc
	.long	.Ldebug_ranges0                 @ DW_AT_ranges
	.byte	2                               @ Abbrev [2] 0x26:0x11 DW_TAG_subprogram
	.long	.Lfunc_begin0                   @ DW_AT_low_pc
	.long	.Lfunc_end0-.Lfunc_begin0       @ DW_AT_high_pc
	.byte	1                               @ DW_AT_frame_base
	.byte	93
	.long	.Linfo_string3                  @ DW_AT_name
	.byte	1                               @ DW_AT_decl_file
	.byte	51                              @ DW_AT_decl_line
                                        @ DW_AT_prototyped
                                        @ DW_AT_external
	.byte	2                               @ Abbrev [2] 0x37:0x11 DW_TAG_subprogram
	.long	.Lfunc_begin1                   @ DW_AT_low_pc
	.long	.Lfunc_end1-.Lfunc_begin1       @ DW_AT_high_pc
	.byte	1                               @ DW_AT_frame_base
	.byte	93
	.long	.Linfo_string4                  @ DW_AT_name
	.byte	1                               @ DW_AT_decl_file
	.byte	62                              @ DW_AT_decl_line
                                        @ DW_AT_prototyped
                                        @ DW_AT_external
	.byte	2                               @ Abbrev [2] 0x48:0x11 DW_TAG_subprogram
	.long	.Lfunc_begin2                   @ DW_AT_low_pc
	.long	.Lfunc_end2-.Lfunc_begin2       @ DW_AT_high_pc
	.byte	1                               @ DW_AT_frame_base
	.byte	93
	.long	.Linfo_string5                  @ DW_AT_name
	.byte	1                               @ DW_AT_decl_file
	.byte	73                              @ DW_AT_decl_line
                                        @ DW_AT_prototyped
                                        @ DW_AT_external
	.byte	2                               @ Abbrev [2] 0x59:0x11 DW_TAG_subprogram
	.long	.Lfunc_begin3                   @ DW_AT_low_pc
	.long	.Lfunc_end3-.Lfunc_begin3       @ DW_AT_high_pc
	.byte	1                               @ DW_AT_frame_base
	.byte	93
	.long	.Linfo_string6                  @ DW_AT_name
	.byte	1                               @ DW_AT_decl_file
	.byte	84                              @ DW_AT_decl_line
                                        @ DW_AT_prototyped
                                        @ DW_AT_external
	.byte	0                               @ End Of Children Mark
.Ldebug_info_end0:
	.section	.debug_ranges,"",%progbits
.Ldebug_ranges0:
	.long	.Lfunc_begin0
	.long	.Lfunc_end0
	.long	.Lfunc_begin1
	.long	.Lfunc_end1
	.long	.Lfunc_begin2
	.long	.Lfunc_end2
	.long	.Lfunc_begin3
	.long	.Lfunc_end3
	.long	0
	.long	0
	.section	.debug_str,"MS",%progbits,1
.Linfo_string0:
	.asciz	"Component: ARM Compiler 6.16 Tool: armclang [5dfeb700]" @ string offset=0
.Linfo_string1:
	.asciz	"../Library/STM32F4xx_HAL_Driver/Src\\stm32f4xx_hal_msp_template.c" @ string offset=55
.Linfo_string2:
	.asciz	"C:\\Users\\Hyacincher\\Desktop\\HyTelectrl\\Code\\Project" @ string offset=120
.Linfo_string3:
	.asciz	"HAL_MspInit"                   @ string offset=172
.Linfo_string4:
	.asciz	"HAL_MspDeInit"                 @ string offset=184
.Linfo_string5:
	.asciz	"HAL_PPP_MspInit"               @ string offset=198
.Linfo_string6:
	.asciz	"HAL_PPP_MspDeInit"             @ string offset=214
	.ident	"Component: ARM Compiler 6.16 Tool: armclang [5dfeb700]"
	.section	".note.GNU-stack","",%progbits
	.eabi_attribute	30, 6	@ Tag_ABI_optimization_goals
	.ARM_attribute	16, 1	@ Tag_AV_eba
	.section	.debug_line,"",%progbits
.Lline_table_start0:
