	.text
	.syntax unified
	.eabi_attribute	67, "2.09"	@ Tag_conformance
	.cpu	cortex-m4
	.eabi_attribute	6, 13	@ Tag_CPU_arch
	.eabi_attribute	7, 77	@ Tag_CPU_arch_profile
	.eabi_attribute	8, 0	@ Tag_ARM_ISA_use
	.eabi_attribute	9, 2	@ Tag_THUMB_ISA_use
	.fpu	fpv4-sp-d16
	.eabi_attribute	27, 1	@ Tag_ABI_HardFP_use
	.eabi_attribute	36, 1	@ Tag_FP_HP_extension
	.eabi_attribute	34, 1	@ Tag_CPU_unaligned_access
	.eabi_attribute	17, 1	@ Tag_ABI_PCS_GOT_use
	.eabi_attribute	20, 2	@ Tag_ABI_FP_denormal
	.eabi_attribute	21, 0	@ Tag_ABI_FP_exceptions
	.eabi_attribute	23, 1	@ Tag_ABI_FP_number_model
	.eabi_attribute	24, 1	@ Tag_ABI_align_needed
	.eabi_attribute	25, 1	@ Tag_ABI_align_preserved
	.eabi_attribute	28, 1	@ Tag_ABI_VFP_args
	.eabi_attribute	38, 1	@ Tag_ABI_FP_16bit_format
	.eabi_attribute	18, 2	@ Tag_ABI_PCS_wchar_t
	.eabi_attribute	26, 1	@ Tag_ABI_enum_size
	.eabi_attribute	14, 0	@ Tag_ABI_PCS_R9_use
	.file	"stm32f4xx_hal_i2c_ex.c"
	.file	1 "C:\\Users\\Hyacincher\\Desktop\\HyTelectrl\\Code\\Project" "../Library/STM32F4xx_HAL_Driver/Inc/stm32f4xx_hal_def.h"
	.file	2 "C:\\Users\\Hyacincher\\Desktop\\HyTelectrl\\Code\\Project" "../Library/STM32F4xx_HAL_Driver/Inc\\stm32f4xx_hal_dma.h"
	.file	3 "C:\\Users\\Hyacincher\\Desktop\\HyTelectrl\\Code\\Project" "../Library/STM32F4xx_HAL_Driver/Inc\\stm32f4xx_hal_i2c.h"
	.section	.text.HAL_I2CEx_ConfigAnalogFilter,"ax",%progbits
	.hidden	HAL_I2CEx_ConfigAnalogFilter    @ -- Begin function HAL_I2CEx_ConfigAnalogFilter
	.globl	HAL_I2CEx_ConfigAnalogFilter
	.p2align	1
	.type	HAL_I2CEx_ConfigAnalogFilter,%function
	.code	16                              @ @HAL_I2CEx_ConfigAnalogFilter
	.thumb_func
HAL_I2CEx_ConfigAnalogFilter:
.Lfunc_begin0:
	.file	4 "C:\\Users\\Hyacincher\\Desktop\\HyTelectrl\\Code\\Project" "../Library/STM32F4xx_HAL_Driver/Src/stm32f4xx_hal_i2c_ex.c"
	.loc	4 90 0                          @ ../Library/STM32F4xx_HAL_Driver/Src/stm32f4xx_hal_i2c_ex.c:90:0
	.fnstart
	.cfi_sections .debug_frame
	.cfi_startproc
@ %bb.0:
	@DEBUG_VALUE: HAL_I2CEx_ConfigAnalogFilter:hi2c <- $r0
	@DEBUG_VALUE: HAL_I2CEx_ConfigAnalogFilter:hi2c <- $r0
	@DEBUG_VALUE: HAL_I2CEx_ConfigAnalogFilter:AnalogFilter <- $r1
	.loc	4 95 13 prologue_end            @ ../Library/STM32F4xx_HAL_Driver/Src/stm32f4xx_hal_i2c_ex.c:95:13
	ldrb.w	r2, [r0, #61]
.Ltmp0:
	.loc	4 95 7 is_stmt 0                @ ../Library/STM32F4xx_HAL_Driver/Src/stm32f4xx_hal_i2c_ex.c:95:7
	cmp	r2, #32
	@DEBUG_VALUE: HAL_I2CEx_ConfigAnalogFilter:AnalogFilter <- $r1
	itt	ne
	movne	r0, #2
.Ltmp1:
	@DEBUG_VALUE: HAL_I2CEx_ConfigAnalogFilter:hi2c <- [DW_OP_LLVM_entry_value 1] $r0
	.loc	4 118 1 is_stmt 1               @ ../Library/STM32F4xx_HAL_Driver/Src/stm32f4xx_hal_i2c_ex.c:118:1
	bxne	lr
.Ltmp2:
.LBB0_1:
	@DEBUG_VALUE: HAL_I2CEx_ConfigAnalogFilter:AnalogFilter <- $r1
	@DEBUG_VALUE: HAL_I2CEx_ConfigAnalogFilter:hi2c <- [DW_OP_LLVM_entry_value 1] $r0
	.loc	4 0 1 is_stmt 0                 @ ../Library/STM32F4xx_HAL_Driver/Src/stm32f4xx_hal_i2c_ex.c:0:1
	movs	r2, #36
.Ltmp3:
	.loc	4 97 17 is_stmt 1               @ ../Library/STM32F4xx_HAL_Driver/Src/stm32f4xx_hal_i2c_ex.c:97:17
	strb.w	r2, [r0, #61]
	.loc	4 100 5                         @ ../Library/STM32F4xx_HAL_Driver/Src/stm32f4xx_hal_i2c_ex.c:100:5
	ldr	r2, [r0]
	ldr	r3, [r2]
	bic	r3, r3, #1
	str	r3, [r2]
	.loc	4 103 26                        @ ../Library/STM32F4xx_HAL_Driver/Src/stm32f4xx_hal_i2c_ex.c:103:26
	ldr	r3, [r2, #36]
	bic	r3, r3, #16
	str	r3, [r2, #36]
	.loc	4 106 26                        @ ../Library/STM32F4xx_HAL_Driver/Src/stm32f4xx_hal_i2c_ex.c:106:26
	ldr	r3, [r2, #36]
	orrs	r1, r3
.Ltmp4:
	@DEBUG_VALUE: HAL_I2CEx_ConfigAnalogFilter:AnalogFilter <- [DW_OP_LLVM_entry_value 1] $r1
	str	r1, [r2, #36]
	.loc	4 108 5                         @ ../Library/STM32F4xx_HAL_Driver/Src/stm32f4xx_hal_i2c_ex.c:108:5
	ldr	r1, [r2]
	orr	r1, r1, #1
	str	r1, [r2]
	movs	r1, #32
	.loc	4 110 17                        @ ../Library/STM32F4xx_HAL_Driver/Src/stm32f4xx_hal_i2c_ex.c:110:17
	strb.w	r1, [r0, #61]
	movs	r0, #0
.Ltmp5:
	.loc	4 118 1                         @ ../Library/STM32F4xx_HAL_Driver/Src/stm32f4xx_hal_i2c_ex.c:118:1
	bx	lr
.Ltmp6:
.Lfunc_end0:
	.size	HAL_I2CEx_ConfigAnalogFilter, .Lfunc_end0-HAL_I2CEx_ConfigAnalogFilter
	.cfi_endproc
	.cantunwind
	.fnend
                                        @ -- End function
	.section	.text.HAL_I2CEx_ConfigDigitalFilter,"ax",%progbits
	.hidden	HAL_I2CEx_ConfigDigitalFilter   @ -- Begin function HAL_I2CEx_ConfigDigitalFilter
	.globl	HAL_I2CEx_ConfigDigitalFilter
	.p2align	1
	.type	HAL_I2CEx_ConfigDigitalFilter,%function
	.code	16                              @ @HAL_I2CEx_ConfigDigitalFilter
	.thumb_func
HAL_I2CEx_ConfigDigitalFilter:
.Lfunc_begin1:
	.loc	4 128 0                         @ ../Library/STM32F4xx_HAL_Driver/Src/stm32f4xx_hal_i2c_ex.c:128:0
	.fnstart
	.cfi_startproc
@ %bb.0:
	@DEBUG_VALUE: HAL_I2CEx_ConfigDigitalFilter:hi2c <- $r0
	@DEBUG_VALUE: HAL_I2CEx_ConfigDigitalFilter:hi2c <- $r0
	@DEBUG_VALUE: HAL_I2CEx_ConfigDigitalFilter:DigitalFilter <- $r1
	@DEBUG_VALUE: HAL_I2CEx_ConfigDigitalFilter:tmpreg <- 0
	.loc	4 135 13 prologue_end           @ ../Library/STM32F4xx_HAL_Driver/Src/stm32f4xx_hal_i2c_ex.c:135:13
	ldrb.w	r2, [r0, #61]
.Ltmp7:
	.loc	4 135 7 is_stmt 0               @ ../Library/STM32F4xx_HAL_Driver/Src/stm32f4xx_hal_i2c_ex.c:135:7
	cmp	r2, #32
	@DEBUG_VALUE: HAL_I2CEx_ConfigDigitalFilter:DigitalFilter <- $r1
	itt	ne
	movne	r0, #2
.Ltmp8:
	@DEBUG_VALUE: HAL_I2CEx_ConfigDigitalFilter:hi2c <- [DW_OP_LLVM_entry_value 1] $r0
	.loc	4 164 1 is_stmt 1               @ ../Library/STM32F4xx_HAL_Driver/Src/stm32f4xx_hal_i2c_ex.c:164:1
	bxne	lr
.Ltmp9:
.LBB1_1:
	@DEBUG_VALUE: HAL_I2CEx_ConfigDigitalFilter:DigitalFilter <- $r1
	@DEBUG_VALUE: HAL_I2CEx_ConfigDigitalFilter:hi2c <- [DW_OP_LLVM_entry_value 1] $r0
	@DEBUG_VALUE: HAL_I2CEx_ConfigDigitalFilter:tmpreg <- 0
	.loc	4 0 1 is_stmt 0                 @ ../Library/STM32F4xx_HAL_Driver/Src/stm32f4xx_hal_i2c_ex.c:0:1
	movs	r2, #36
.Ltmp10:
	.loc	4 137 17 is_stmt 1              @ ../Library/STM32F4xx_HAL_Driver/Src/stm32f4xx_hal_i2c_ex.c:137:17
	strb.w	r2, [r0, #61]
	.loc	4 140 5                         @ ../Library/STM32F4xx_HAL_Driver/Src/stm32f4xx_hal_i2c_ex.c:140:5
	ldr	r2, [r0]
	.loc	4 152 28                        @ ../Library/STM32F4xx_HAL_Driver/Src/stm32f4xx_hal_i2c_ex.c:152:28
	uxth	r1, r1
.Ltmp11:
	@DEBUG_VALUE: HAL_I2CEx_ConfigDigitalFilter:DigitalFilter <- [DW_OP_LLVM_entry_value 1] $r1
	.loc	4 140 5                         @ ../Library/STM32F4xx_HAL_Driver/Src/stm32f4xx_hal_i2c_ex.c:140:5
	ldr	r3, [r2]
	bic	r3, r3, #1
	str	r3, [r2]
	.loc	4 143 30                        @ ../Library/STM32F4xx_HAL_Driver/Src/stm32f4xx_hal_i2c_ex.c:143:30
	ldr.w	r12, [r2, #36]
.Ltmp12:
	@DEBUG_VALUE: HAL_I2CEx_ConfigDigitalFilter:tmpreg <- $r12
	.loc	4 0 30 is_stmt 0                @ ../Library/STM32F4xx_HAL_Driver/Src/stm32f4xx_hal_i2c_ex.c:0:30
	movw	r3, #65520
	.loc	4 146 12 is_stmt 1              @ ../Library/STM32F4xx_HAL_Driver/Src/stm32f4xx_hal_i2c_ex.c:146:12
	and.w	r3, r3, r12
.Ltmp13:
	@DEBUG_VALUE: HAL_I2CEx_ConfigDigitalFilter:tmpreg <- $r3
	.loc	4 152 28                        @ ../Library/STM32F4xx_HAL_Driver/Src/stm32f4xx_hal_i2c_ex.c:152:28
	orrs	r1, r3
.Ltmp14:
	@DEBUG_VALUE: HAL_I2CEx_ConfigDigitalFilter:tmpreg <- undef
	.loc	4 152 26 is_stmt 0              @ ../Library/STM32F4xx_HAL_Driver/Src/stm32f4xx_hal_i2c_ex.c:152:26
	str	r1, [r2, #36]
	.loc	4 154 5 is_stmt 1               @ ../Library/STM32F4xx_HAL_Driver/Src/stm32f4xx_hal_i2c_ex.c:154:5
	ldr	r1, [r2]
	orr	r1, r1, #1
	str	r1, [r2]
	movs	r1, #32
	.loc	4 156 17                        @ ../Library/STM32F4xx_HAL_Driver/Src/stm32f4xx_hal_i2c_ex.c:156:17
	strb.w	r1, [r0, #61]
	movs	r0, #0
.Ltmp15:
	.loc	4 164 1                         @ ../Library/STM32F4xx_HAL_Driver/Src/stm32f4xx_hal_i2c_ex.c:164:1
	bx	lr
.Ltmp16:
.Lfunc_end1:
	.size	HAL_I2CEx_ConfigDigitalFilter, .Lfunc_end1-HAL_I2CEx_ConfigDigitalFilter
	.cfi_endproc
	.cantunwind
	.fnend
                                        @ -- End function
	.file	5 "D:\\Keil MDK\\ARM\\ARMCLANG\\Bin\\..\\include" "stdint.h"
	.file	6 "C:\\Users\\Hyacincher\\Desktop\\HyTelectrl\\Code\\Project" "../Library/CMSIS/stm32f429xx.h"
	.section	.debug_loc,"",%progbits
.Ldebug_loc0:
	.long	-1
	.long	.Lfunc_begin0                   @   base address
	.long	.Lfunc_begin0-.Lfunc_begin0
	.long	.Ltmp1-.Lfunc_begin0
	.short	1                               @ Loc expr size
	.byte	80                              @ DW_OP_reg0
	.long	.Ltmp1-.Lfunc_begin0
	.long	.Lfunc_end0-.Lfunc_begin0
	.short	4                               @ Loc expr size
	.byte	243                             @ DW_OP_GNU_entry_value
	.byte	1                               @ 1
	.byte	80                              @ DW_OP_reg0
	.byte	159                             @ DW_OP_stack_value
	.long	0
	.long	0
.Ldebug_loc1:
	.long	-1
	.long	.Lfunc_begin0                   @   base address
	.long	.Lfunc_begin0-.Lfunc_begin0
	.long	.Ltmp4-.Lfunc_begin0
	.short	1                               @ Loc expr size
	.byte	81                              @ DW_OP_reg1
	.long	.Ltmp4-.Lfunc_begin0
	.long	.Lfunc_end0-.Lfunc_begin0
	.short	4                               @ Loc expr size
	.byte	243                             @ DW_OP_GNU_entry_value
	.byte	1                               @ 1
	.byte	81                              @ DW_OP_reg1
	.byte	159                             @ DW_OP_stack_value
	.long	0
	.long	0
.Ldebug_loc2:
	.long	-1
	.long	.Lfunc_begin1                   @   base address
	.long	.Lfunc_begin1-.Lfunc_begin1
	.long	.Ltmp8-.Lfunc_begin1
	.short	1                               @ Loc expr size
	.byte	80                              @ DW_OP_reg0
	.long	.Ltmp8-.Lfunc_begin1
	.long	.Lfunc_end1-.Lfunc_begin1
	.short	4                               @ Loc expr size
	.byte	243                             @ DW_OP_GNU_entry_value
	.byte	1                               @ 1
	.byte	80                              @ DW_OP_reg0
	.byte	159                             @ DW_OP_stack_value
	.long	0
	.long	0
.Ldebug_loc3:
	.long	-1
	.long	.Lfunc_begin1                   @   base address
	.long	.Lfunc_begin1-.Lfunc_begin1
	.long	.Ltmp11-.Lfunc_begin1
	.short	1                               @ Loc expr size
	.byte	81                              @ DW_OP_reg1
	.long	.Ltmp11-.Lfunc_begin1
	.long	.Lfunc_end1-.Lfunc_begin1
	.short	4                               @ Loc expr size
	.byte	243                             @ DW_OP_GNU_entry_value
	.byte	1                               @ 1
	.byte	81                              @ DW_OP_reg1
	.byte	159                             @ DW_OP_stack_value
	.long	0
	.long	0
.Ldebug_loc4:
	.long	-1
	.long	.Lfunc_begin1                   @   base address
	.long	.Lfunc_begin1-.Lfunc_begin1
	.long	.Ltmp12-.Lfunc_begin1
	.short	2                               @ Loc expr size
	.byte	48                              @ DW_OP_lit0
	.byte	159                             @ DW_OP_stack_value
	.long	.Ltmp12-.Lfunc_begin1
	.long	.Ltmp13-.Lfunc_begin1
	.short	1                               @ Loc expr size
	.byte	92                              @ DW_OP_reg12
	.long	.Ltmp13-.Lfunc_begin1
	.long	.Ltmp14-.Lfunc_begin1
	.short	1                               @ Loc expr size
	.byte	83                              @ DW_OP_reg3
	.long	0
	.long	0
	.section	.debug_abbrev,"",%progbits
	.byte	1                               @ Abbreviation Code
	.byte	17                              @ DW_TAG_compile_unit
	.byte	1                               @ DW_CHILDREN_yes
	.byte	37                              @ DW_AT_producer
	.byte	14                              @ DW_FORM_strp
	.byte	19                              @ DW_AT_language
	.byte	5                               @ DW_FORM_data2
	.byte	3                               @ DW_AT_name
	.byte	14                              @ DW_FORM_strp
	.byte	16                              @ DW_AT_stmt_list
	.byte	23                              @ DW_FORM_sec_offset
	.byte	27                              @ DW_AT_comp_dir
	.byte	14                              @ DW_FORM_strp
	.byte	17                              @ DW_AT_low_pc
	.byte	1                               @ DW_FORM_addr
	.byte	85                              @ DW_AT_ranges
	.byte	23                              @ DW_FORM_sec_offset
	.byte	0                               @ EOM(1)
	.byte	0                               @ EOM(2)
	.byte	2                               @ Abbreviation Code
	.byte	4                               @ DW_TAG_enumeration_type
	.byte	1                               @ DW_CHILDREN_yes
	.byte	73                              @ DW_AT_type
	.byte	19                              @ DW_FORM_ref4
	.byte	11                              @ DW_AT_byte_size
	.byte	11                              @ DW_FORM_data1
	.byte	58                              @ DW_AT_decl_file
	.byte	11                              @ DW_FORM_data1
	.byte	59                              @ DW_AT_decl_line
	.byte	11                              @ DW_FORM_data1
	.byte	0                               @ EOM(1)
	.byte	0                               @ EOM(2)
	.byte	3                               @ Abbreviation Code
	.byte	40                              @ DW_TAG_enumerator
	.byte	0                               @ DW_CHILDREN_no
	.byte	3                               @ DW_AT_name
	.byte	14                              @ DW_FORM_strp
	.byte	28                              @ DW_AT_const_value
	.byte	15                              @ DW_FORM_udata
	.byte	0                               @ EOM(1)
	.byte	0                               @ EOM(2)
	.byte	4                               @ Abbreviation Code
	.byte	36                              @ DW_TAG_base_type
	.byte	0                               @ DW_CHILDREN_no
	.byte	3                               @ DW_AT_name
	.byte	14                              @ DW_FORM_strp
	.byte	62                              @ DW_AT_encoding
	.byte	11                              @ DW_FORM_data1
	.byte	11                              @ DW_AT_byte_size
	.byte	11                              @ DW_FORM_data1
	.byte	0                               @ EOM(1)
	.byte	0                               @ EOM(2)
	.byte	5                               @ Abbreviation Code
	.byte	46                              @ DW_TAG_subprogram
	.byte	1                               @ DW_CHILDREN_yes
	.byte	17                              @ DW_AT_low_pc
	.byte	1                               @ DW_FORM_addr
	.byte	18                              @ DW_AT_high_pc
	.byte	6                               @ DW_FORM_data4
	.byte	64                              @ DW_AT_frame_base
	.byte	24                              @ DW_FORM_exprloc
	.ascii	"\227B"                         @ DW_AT_GNU_all_call_sites
	.byte	25                              @ DW_FORM_flag_present
	.byte	3                               @ DW_AT_name
	.byte	14                              @ DW_FORM_strp
	.byte	58                              @ DW_AT_decl_file
	.byte	11                              @ DW_FORM_data1
	.byte	59                              @ DW_AT_decl_line
	.byte	11                              @ DW_FORM_data1
	.byte	39                              @ DW_AT_prototyped
	.byte	25                              @ DW_FORM_flag_present
	.byte	73                              @ DW_AT_type
	.byte	19                              @ DW_FORM_ref4
	.byte	63                              @ DW_AT_external
	.byte	25                              @ DW_FORM_flag_present
	.byte	0                               @ EOM(1)
	.byte	0                               @ EOM(2)
	.byte	6                               @ Abbreviation Code
	.byte	5                               @ DW_TAG_formal_parameter
	.byte	0                               @ DW_CHILDREN_no
	.byte	2                               @ DW_AT_location
	.byte	23                              @ DW_FORM_sec_offset
	.byte	3                               @ DW_AT_name
	.byte	14                              @ DW_FORM_strp
	.byte	58                              @ DW_AT_decl_file
	.byte	11                              @ DW_FORM_data1
	.byte	59                              @ DW_AT_decl_line
	.byte	11                              @ DW_FORM_data1
	.byte	73                              @ DW_AT_type
	.byte	19                              @ DW_FORM_ref4
	.byte	0                               @ EOM(1)
	.byte	0                               @ EOM(2)
	.byte	7                               @ Abbreviation Code
	.byte	52                              @ DW_TAG_variable
	.byte	0                               @ DW_CHILDREN_no
	.byte	2                               @ DW_AT_location
	.byte	23                              @ DW_FORM_sec_offset
	.byte	3                               @ DW_AT_name
	.byte	14                              @ DW_FORM_strp
	.byte	58                              @ DW_AT_decl_file
	.byte	11                              @ DW_FORM_data1
	.byte	59                              @ DW_AT_decl_line
	.byte	11                              @ DW_FORM_data1
	.byte	73                              @ DW_AT_type
	.byte	19                              @ DW_FORM_ref4
	.byte	0                               @ EOM(1)
	.byte	0                               @ EOM(2)
	.byte	8                               @ Abbreviation Code
	.byte	22                              @ DW_TAG_typedef
	.byte	0                               @ DW_CHILDREN_no
	.byte	73                              @ DW_AT_type
	.byte	19                              @ DW_FORM_ref4
	.byte	3                               @ DW_AT_name
	.byte	14                              @ DW_FORM_strp
	.byte	58                              @ DW_AT_decl_file
	.byte	11                              @ DW_FORM_data1
	.byte	59                              @ DW_AT_decl_line
	.byte	11                              @ DW_FORM_data1
	.byte	0                               @ EOM(1)
	.byte	0                               @ EOM(2)
	.byte	9                               @ Abbreviation Code
	.byte	15                              @ DW_TAG_pointer_type
	.byte	0                               @ DW_CHILDREN_no
	.byte	73                              @ DW_AT_type
	.byte	19                              @ DW_FORM_ref4
	.byte	0                               @ EOM(1)
	.byte	0                               @ EOM(2)
	.byte	10                              @ Abbreviation Code
	.byte	19                              @ DW_TAG_structure_type
	.byte	1                               @ DW_CHILDREN_yes
	.byte	11                              @ DW_AT_byte_size
	.byte	11                              @ DW_FORM_data1
	.byte	58                              @ DW_AT_decl_file
	.byte	11                              @ DW_FORM_data1
	.byte	59                              @ DW_AT_decl_line
	.byte	11                              @ DW_FORM_data1
	.byte	0                               @ EOM(1)
	.byte	0                               @ EOM(2)
	.byte	11                              @ Abbreviation Code
	.byte	13                              @ DW_TAG_member
	.byte	0                               @ DW_CHILDREN_no
	.byte	3                               @ DW_AT_name
	.byte	14                              @ DW_FORM_strp
	.byte	73                              @ DW_AT_type
	.byte	19                              @ DW_FORM_ref4
	.byte	58                              @ DW_AT_decl_file
	.byte	11                              @ DW_FORM_data1
	.byte	59                              @ DW_AT_decl_line
	.byte	11                              @ DW_FORM_data1
	.byte	56                              @ DW_AT_data_member_location
	.byte	11                              @ DW_FORM_data1
	.byte	0                               @ EOM(1)
	.byte	0                               @ EOM(2)
	.byte	12                              @ Abbreviation Code
	.byte	22                              @ DW_TAG_typedef
	.byte	0                               @ DW_CHILDREN_no
	.byte	73                              @ DW_AT_type
	.byte	19                              @ DW_FORM_ref4
	.byte	3                               @ DW_AT_name
	.byte	14                              @ DW_FORM_strp
	.byte	58                              @ DW_AT_decl_file
	.byte	11                              @ DW_FORM_data1
	.byte	59                              @ DW_AT_decl_line
	.byte	5                               @ DW_FORM_data2
	.byte	0                               @ EOM(1)
	.byte	0                               @ EOM(2)
	.byte	13                              @ Abbreviation Code
	.byte	19                              @ DW_TAG_structure_type
	.byte	1                               @ DW_CHILDREN_yes
	.byte	11                              @ DW_AT_byte_size
	.byte	11                              @ DW_FORM_data1
	.byte	58                              @ DW_AT_decl_file
	.byte	11                              @ DW_FORM_data1
	.byte	59                              @ DW_AT_decl_line
	.byte	5                               @ DW_FORM_data2
	.byte	0                               @ EOM(1)
	.byte	0                               @ EOM(2)
	.byte	14                              @ Abbreviation Code
	.byte	13                              @ DW_TAG_member
	.byte	0                               @ DW_CHILDREN_no
	.byte	3                               @ DW_AT_name
	.byte	14                              @ DW_FORM_strp
	.byte	73                              @ DW_AT_type
	.byte	19                              @ DW_FORM_ref4
	.byte	58                              @ DW_AT_decl_file
	.byte	11                              @ DW_FORM_data1
	.byte	59                              @ DW_AT_decl_line
	.byte	5                               @ DW_FORM_data2
	.byte	56                              @ DW_AT_data_member_location
	.byte	11                              @ DW_FORM_data1
	.byte	0                               @ EOM(1)
	.byte	0                               @ EOM(2)
	.byte	15                              @ Abbreviation Code
	.byte	53                              @ DW_TAG_volatile_type
	.byte	0                               @ DW_CHILDREN_no
	.byte	73                              @ DW_AT_type
	.byte	19                              @ DW_FORM_ref4
	.byte	0                               @ EOM(1)
	.byte	0                               @ EOM(2)
	.byte	16                              @ Abbreviation Code
	.byte	19                              @ DW_TAG_structure_type
	.byte	1                               @ DW_CHILDREN_yes
	.byte	3                               @ DW_AT_name
	.byte	14                              @ DW_FORM_strp
	.byte	11                              @ DW_AT_byte_size
	.byte	11                              @ DW_FORM_data1
	.byte	58                              @ DW_AT_decl_file
	.byte	11                              @ DW_FORM_data1
	.byte	59                              @ DW_AT_decl_line
	.byte	11                              @ DW_FORM_data1
	.byte	0                               @ EOM(1)
	.byte	0                               @ EOM(2)
	.byte	17                              @ Abbreviation Code
	.byte	15                              @ DW_TAG_pointer_type
	.byte	0                               @ DW_CHILDREN_no
	.byte	0                               @ EOM(1)
	.byte	0                               @ EOM(2)
	.byte	18                              @ Abbreviation Code
	.byte	21                              @ DW_TAG_subroutine_type
	.byte	1                               @ DW_CHILDREN_yes
	.byte	39                              @ DW_AT_prototyped
	.byte	25                              @ DW_FORM_flag_present
	.byte	0                               @ EOM(1)
	.byte	0                               @ EOM(2)
	.byte	19                              @ Abbreviation Code
	.byte	5                               @ DW_TAG_formal_parameter
	.byte	0                               @ DW_CHILDREN_no
	.byte	73                              @ DW_AT_type
	.byte	19                              @ DW_FORM_ref4
	.byte	0                               @ EOM(1)
	.byte	0                               @ EOM(2)
	.byte	0                               @ EOM(3)
	.section	.debug_info,"",%progbits
.Lcu_begin0:
	.long	.Ldebug_info_end0-.Ldebug_info_start0 @ Length of Unit
.Ldebug_info_start0:
	.short	4                               @ DWARF version number
	.long	.debug_abbrev                   @ Offset Into Abbrev. Section
	.byte	4                               @ Address Size (in bytes)
	.byte	1                               @ Abbrev [1] 0xb:0x5b1 DW_TAG_compile_unit
	.long	.Linfo_string0                  @ DW_AT_producer
	.short	12                              @ DW_AT_language
	.long	.Linfo_string1                  @ DW_AT_name
	.long	.Lline_table_start0             @ DW_AT_stmt_list
	.long	.Linfo_string2                  @ DW_AT_comp_dir
	.long	0                               @ DW_AT_low_pc
	.long	.Ldebug_ranges0                 @ DW_AT_ranges
	.byte	2                               @ Abbrev [2] 0x26:0x21 DW_TAG_enumeration_type
	.long	71                              @ DW_AT_type
	.byte	1                               @ DW_AT_byte_size
	.byte	1                               @ DW_AT_decl_file
	.byte	39                              @ DW_AT_decl_line
	.byte	3                               @ Abbrev [3] 0x2e:0x6 DW_TAG_enumerator
	.long	.Linfo_string4                  @ DW_AT_name
	.byte	0                               @ DW_AT_const_value
	.byte	3                               @ Abbrev [3] 0x34:0x6 DW_TAG_enumerator
	.long	.Linfo_string5                  @ DW_AT_name
	.byte	1                               @ DW_AT_const_value
	.byte	3                               @ Abbrev [3] 0x3a:0x6 DW_TAG_enumerator
	.long	.Linfo_string6                  @ DW_AT_name
	.byte	2                               @ DW_AT_const_value
	.byte	3                               @ Abbrev [3] 0x40:0x6 DW_TAG_enumerator
	.long	.Linfo_string7                  @ DW_AT_name
	.byte	3                               @ DW_AT_const_value
	.byte	0                               @ End Of Children Mark
	.byte	4                               @ Abbrev [4] 0x47:0x7 DW_TAG_base_type
	.long	.Linfo_string3                  @ DW_AT_name
	.byte	8                               @ DW_AT_encoding
	.byte	1                               @ DW_AT_byte_size
	.byte	2                               @ Abbrev [2] 0x4e:0x15 DW_TAG_enumeration_type
	.long	71                              @ DW_AT_type
	.byte	1                               @ DW_AT_byte_size
	.byte	1                               @ DW_AT_decl_file
	.byte	50                              @ DW_AT_decl_line
	.byte	3                               @ Abbrev [3] 0x56:0x6 DW_TAG_enumerator
	.long	.Linfo_string8                  @ DW_AT_name
	.byte	0                               @ DW_AT_const_value
	.byte	3                               @ Abbrev [3] 0x5c:0x6 DW_TAG_enumerator
	.long	.Linfo_string9                  @ DW_AT_name
	.byte	1                               @ DW_AT_const_value
	.byte	0                               @ End Of Children Mark
	.byte	2                               @ Abbrev [2] 0x63:0x2d DW_TAG_enumeration_type
	.long	71                              @ DW_AT_type
	.byte	1                               @ DW_AT_byte_size
	.byte	2                               @ DW_AT_decl_file
	.byte	103                             @ DW_AT_decl_line
	.byte	3                               @ Abbrev [3] 0x6b:0x6 DW_TAG_enumerator
	.long	.Linfo_string10                 @ DW_AT_name
	.byte	0                               @ DW_AT_const_value
	.byte	3                               @ Abbrev [3] 0x71:0x6 DW_TAG_enumerator
	.long	.Linfo_string11                 @ DW_AT_name
	.byte	1                               @ DW_AT_const_value
	.byte	3                               @ Abbrev [3] 0x77:0x6 DW_TAG_enumerator
	.long	.Linfo_string12                 @ DW_AT_name
	.byte	2                               @ DW_AT_const_value
	.byte	3                               @ Abbrev [3] 0x7d:0x6 DW_TAG_enumerator
	.long	.Linfo_string13                 @ DW_AT_name
	.byte	3                               @ DW_AT_const_value
	.byte	3                               @ Abbrev [3] 0x83:0x6 DW_TAG_enumerator
	.long	.Linfo_string14                 @ DW_AT_name
	.byte	4                               @ DW_AT_const_value
	.byte	3                               @ Abbrev [3] 0x89:0x6 DW_TAG_enumerator
	.long	.Linfo_string15                 @ DW_AT_name
	.byte	5                               @ DW_AT_const_value
	.byte	0                               @ End Of Children Mark
	.byte	2                               @ Abbrev [2] 0x90:0x4d DW_TAG_enumeration_type
	.long	71                              @ DW_AT_type
	.byte	1                               @ DW_AT_byte_size
	.byte	3                               @ DW_AT_decl_file
	.byte	107                             @ DW_AT_decl_line
	.byte	3                               @ Abbrev [3] 0x98:0x6 DW_TAG_enumerator
	.long	.Linfo_string16                 @ DW_AT_name
	.byte	0                               @ DW_AT_const_value
	.byte	3                               @ Abbrev [3] 0x9e:0x6 DW_TAG_enumerator
	.long	.Linfo_string17                 @ DW_AT_name
	.byte	32                              @ DW_AT_const_value
	.byte	3                               @ Abbrev [3] 0xa4:0x6 DW_TAG_enumerator
	.long	.Linfo_string18                 @ DW_AT_name
	.byte	36                              @ DW_AT_const_value
	.byte	3                               @ Abbrev [3] 0xaa:0x6 DW_TAG_enumerator
	.long	.Linfo_string19                 @ DW_AT_name
	.byte	33                              @ DW_AT_const_value
	.byte	3                               @ Abbrev [3] 0xb0:0x6 DW_TAG_enumerator
	.long	.Linfo_string20                 @ DW_AT_name
	.byte	34                              @ DW_AT_const_value
	.byte	3                               @ Abbrev [3] 0xb6:0x6 DW_TAG_enumerator
	.long	.Linfo_string21                 @ DW_AT_name
	.byte	40                              @ DW_AT_const_value
	.byte	3                               @ Abbrev [3] 0xbc:0x6 DW_TAG_enumerator
	.long	.Linfo_string22                 @ DW_AT_name
	.byte	41                              @ DW_AT_const_value
	.byte	3                               @ Abbrev [3] 0xc2:0x6 DW_TAG_enumerator
	.long	.Linfo_string23                 @ DW_AT_name
	.byte	42                              @ DW_AT_const_value
	.byte	3                               @ Abbrev [3] 0xc8:0x6 DW_TAG_enumerator
	.long	.Linfo_string24                 @ DW_AT_name
	.byte	96                              @ DW_AT_const_value
	.byte	3                               @ Abbrev [3] 0xce:0x7 DW_TAG_enumerator
	.long	.Linfo_string25                 @ DW_AT_name
	.ascii	"\240\001"                      @ DW_AT_const_value
	.byte	3                               @ Abbrev [3] 0xd5:0x7 DW_TAG_enumerator
	.long	.Linfo_string26                 @ DW_AT_name
	.ascii	"\340\001"                      @ DW_AT_const_value
	.byte	0                               @ End Of Children Mark
	.byte	2                               @ Abbrev [2] 0xdd:0x21 DW_TAG_enumeration_type
	.long	71                              @ DW_AT_type
	.byte	1                               @ DW_AT_byte_size
	.byte	3                               @ DW_AT_decl_file
	.byte	147                             @ DW_AT_decl_line
	.byte	3                               @ Abbrev [3] 0xe5:0x6 DW_TAG_enumerator
	.long	.Linfo_string27                 @ DW_AT_name
	.byte	0                               @ DW_AT_const_value
	.byte	3                               @ Abbrev [3] 0xeb:0x6 DW_TAG_enumerator
	.long	.Linfo_string28                 @ DW_AT_name
	.byte	16                              @ DW_AT_const_value
	.byte	3                               @ Abbrev [3] 0xf1:0x6 DW_TAG_enumerator
	.long	.Linfo_string29                 @ DW_AT_name
	.byte	32                              @ DW_AT_const_value
	.byte	3                               @ Abbrev [3] 0xf7:0x6 DW_TAG_enumerator
	.long	.Linfo_string30                 @ DW_AT_name
	.byte	64                              @ DW_AT_const_value
	.byte	0                               @ End Of Children Mark
	.byte	5                               @ Abbrev [5] 0xfe:0x34 DW_TAG_subprogram
	.long	.Lfunc_begin0                   @ DW_AT_low_pc
	.long	.Lfunc_end0-.Lfunc_begin0       @ DW_AT_high_pc
	.byte	1                               @ DW_AT_frame_base
	.byte	93
                                        @ DW_AT_GNU_all_call_sites
	.long	.Linfo_string31                 @ DW_AT_name
	.byte	4                               @ DW_AT_decl_file
	.byte	89                              @ DW_AT_decl_line
                                        @ DW_AT_prototyped
	.long	373                             @ DW_AT_type
                                        @ DW_AT_external
	.byte	6                               @ Abbrev [6] 0x113:0xf DW_TAG_formal_parameter
	.long	.Ldebug_loc0                    @ DW_AT_location
	.long	.Linfo_string34                 @ DW_AT_name
	.byte	4                               @ DW_AT_decl_file
	.byte	89                              @ DW_AT_decl_line
	.long	384                             @ DW_AT_type
	.byte	6                               @ Abbrev [6] 0x122:0xf DW_TAG_formal_parameter
	.long	.Ldebug_loc1                    @ DW_AT_location
	.long	.Linfo_string112                @ DW_AT_name
	.byte	4                               @ DW_AT_decl_file
	.byte	89                              @ DW_AT_decl_line
	.long	767                             @ DW_AT_type
	.byte	0                               @ End Of Children Mark
	.byte	5                               @ Abbrev [5] 0x132:0x43 DW_TAG_subprogram
	.long	.Lfunc_begin1                   @ DW_AT_low_pc
	.long	.Lfunc_end1-.Lfunc_begin1       @ DW_AT_high_pc
	.byte	1                               @ DW_AT_frame_base
	.byte	93
                                        @ DW_AT_GNU_all_call_sites
	.long	.Linfo_string33                 @ DW_AT_name
	.byte	4                               @ DW_AT_decl_file
	.byte	127                             @ DW_AT_decl_line
                                        @ DW_AT_prototyped
	.long	373                             @ DW_AT_type
                                        @ DW_AT_external
	.byte	6                               @ Abbrev [6] 0x147:0xf DW_TAG_formal_parameter
	.long	.Ldebug_loc2                    @ DW_AT_location
	.long	.Linfo_string34                 @ DW_AT_name
	.byte	4                               @ DW_AT_decl_file
	.byte	127                             @ DW_AT_decl_line
	.long	384                             @ DW_AT_type
	.byte	6                               @ Abbrev [6] 0x156:0xf DW_TAG_formal_parameter
	.long	.Ldebug_loc3                    @ DW_AT_location
	.long	.Linfo_string113                @ DW_AT_name
	.byte	4                               @ DW_AT_decl_file
	.byte	127                             @ DW_AT_decl_line
	.long	767                             @ DW_AT_type
	.byte	7                               @ Abbrev [7] 0x165:0xf DW_TAG_variable
	.long	.Ldebug_loc4                    @ DW_AT_location
	.long	.Linfo_string114                @ DW_AT_name
	.byte	4                               @ DW_AT_decl_file
	.byte	129                             @ DW_AT_decl_line
	.long	913                             @ DW_AT_type
	.byte	0                               @ End Of Children Mark
	.byte	8                               @ Abbrev [8] 0x175:0xb DW_TAG_typedef
	.long	38                              @ DW_AT_type
	.long	.Linfo_string32                 @ DW_AT_name
	.byte	1                               @ DW_AT_decl_file
	.byte	45                              @ DW_AT_decl_line
	.byte	9                               @ Abbrev [9] 0x180:0x5 DW_TAG_pointer_type
	.long	389                             @ DW_AT_type
	.byte	8                               @ Abbrev [8] 0x185:0xb DW_TAG_typedef
	.long	400                             @ DW_AT_type
	.long	.Linfo_string111                @ DW_AT_name
	.byte	3                               @ DW_AT_decl_file
	.byte	244                             @ DW_AT_decl_line
	.byte	10                              @ Abbrev [10] 0x190:0xd1 DW_TAG_structure_type
	.byte	84                              @ DW_AT_byte_size
	.byte	3                               @ DW_AT_decl_file
	.byte	188                             @ DW_AT_decl_line
	.byte	11                              @ Abbrev [11] 0x194:0xc DW_TAG_member
	.long	.Linfo_string35                 @ DW_AT_name
	.long	609                             @ DW_AT_type
	.byte	3                               @ DW_AT_decl_file
	.byte	191                             @ DW_AT_decl_line
	.byte	0                               @ DW_AT_data_member_location
	.byte	11                              @ Abbrev [11] 0x1a0:0xc DW_TAG_member
	.long	.Linfo_string49                 @ DW_AT_name
	.long	785                             @ DW_AT_type
	.byte	3                               @ DW_AT_decl_file
	.byte	193                             @ DW_AT_decl_line
	.byte	4                               @ DW_AT_data_member_location
	.byte	11                              @ Abbrev [11] 0x1ac:0xc DW_TAG_member
	.long	.Linfo_string59                 @ DW_AT_name
	.long	897                             @ DW_AT_type
	.byte	3                               @ DW_AT_decl_file
	.byte	195                             @ DW_AT_decl_line
	.byte	36                              @ DW_AT_data_member_location
	.byte	11                              @ Abbrev [11] 0x1b8:0xc DW_TAG_member
	.long	.Linfo_string61                 @ DW_AT_name
	.long	913                             @ DW_AT_type
	.byte	3                               @ DW_AT_decl_file
	.byte	197                             @ DW_AT_decl_line
	.byte	40                              @ DW_AT_data_member_location
	.byte	11                              @ Abbrev [11] 0x1c4:0xc DW_TAG_member
	.long	.Linfo_string64                 @ DW_AT_name
	.long	931                             @ DW_AT_type
	.byte	3                               @ DW_AT_decl_file
	.byte	199                             @ DW_AT_decl_line
	.byte	42                              @ DW_AT_data_member_location
	.byte	11                              @ Abbrev [11] 0x1d0:0xc DW_TAG_member
	.long	.Linfo_string65                 @ DW_AT_name
	.long	762                             @ DW_AT_type
	.byte	3                               @ DW_AT_decl_file
	.byte	201                             @ DW_AT_decl_line
	.byte	44                              @ DW_AT_data_member_location
	.byte	11                              @ Abbrev [11] 0x1dc:0xc DW_TAG_member
	.long	.Linfo_string66                 @ DW_AT_name
	.long	762                             @ DW_AT_type
	.byte	3                               @ DW_AT_decl_file
	.byte	203                             @ DW_AT_decl_line
	.byte	48                              @ DW_AT_data_member_location
	.byte	11                              @ Abbrev [11] 0x1e8:0xc DW_TAG_member
	.long	.Linfo_string67                 @ DW_AT_name
	.long	936                             @ DW_AT_type
	.byte	3                               @ DW_AT_decl_file
	.byte	206                             @ DW_AT_decl_line
	.byte	52                              @ DW_AT_data_member_location
	.byte	11                              @ Abbrev [11] 0x1f4:0xc DW_TAG_member
	.long	.Linfo_string104                @ DW_AT_name
	.long	936                             @ DW_AT_type
	.byte	3                               @ DW_AT_decl_file
	.byte	208                             @ DW_AT_decl_line
	.byte	56                              @ DW_AT_data_member_location
	.byte	11                              @ Abbrev [11] 0x200:0xc DW_TAG_member
	.long	.Linfo_string88                 @ DW_AT_name
	.long	1390                            @ DW_AT_type
	.byte	3                               @ DW_AT_decl_file
	.byte	210                             @ DW_AT_decl_line
	.byte	60                              @ DW_AT_data_member_location
	.byte	11                              @ Abbrev [11] 0x20c:0xc DW_TAG_member
	.long	.Linfo_string90                 @ DW_AT_name
	.long	1435                            @ DW_AT_type
	.byte	3                               @ DW_AT_decl_file
	.byte	212                             @ DW_AT_decl_line
	.byte	61                              @ DW_AT_data_member_location
	.byte	11                              @ Abbrev [11] 0x218:0xc DW_TAG_member
	.long	.Linfo_string81                 @ DW_AT_name
	.long	1451                            @ DW_AT_type
	.byte	3                               @ DW_AT_decl_file
	.byte	214                             @ DW_AT_decl_line
	.byte	62                              @ DW_AT_data_member_location
	.byte	11                              @ Abbrev [11] 0x224:0xc DW_TAG_member
	.long	.Linfo_string99                 @ DW_AT_name
	.long	762                             @ DW_AT_type
	.byte	3                               @ DW_AT_decl_file
	.byte	216                             @ DW_AT_decl_line
	.byte	64                              @ DW_AT_data_member_location
	.byte	11                              @ Abbrev [11] 0x230:0xc DW_TAG_member
	.long	.Linfo_string107                @ DW_AT_name
	.long	762                             @ DW_AT_type
	.byte	3                               @ DW_AT_decl_file
	.byte	218                             @ DW_AT_decl_line
	.byte	68                              @ DW_AT_data_member_location
	.byte	11                              @ Abbrev [11] 0x23c:0xc DW_TAG_member
	.long	.Linfo_string108                @ DW_AT_name
	.long	762                             @ DW_AT_type
	.byte	3                               @ DW_AT_decl_file
	.byte	220                             @ DW_AT_decl_line
	.byte	72                              @ DW_AT_data_member_location
	.byte	11                              @ Abbrev [11] 0x248:0xc DW_TAG_member
	.long	.Linfo_string109                @ DW_AT_name
	.long	762                             @ DW_AT_type
	.byte	3                               @ DW_AT_decl_file
	.byte	222                             @ DW_AT_decl_line
	.byte	76                              @ DW_AT_data_member_location
	.byte	11                              @ Abbrev [11] 0x254:0xc DW_TAG_member
	.long	.Linfo_string110                @ DW_AT_name
	.long	762                             @ DW_AT_type
	.byte	3                               @ DW_AT_decl_file
	.byte	224                             @ DW_AT_decl_line
	.byte	80                              @ DW_AT_data_member_location
	.byte	0                               @ End Of Children Mark
	.byte	9                               @ Abbrev [9] 0x261:0x5 DW_TAG_pointer_type
	.long	614                             @ DW_AT_type
	.byte	12                              @ Abbrev [12] 0x266:0xc DW_TAG_typedef
	.long	626                             @ DW_AT_type
	.long	.Linfo_string48                 @ DW_AT_name
	.byte	6                               @ DW_AT_decl_file
	.short	617                             @ DW_AT_decl_line
	.byte	13                              @ Abbrev [13] 0x272:0x88 DW_TAG_structure_type
	.byte	40                              @ DW_AT_byte_size
	.byte	6                               @ DW_AT_decl_file
	.short	605                             @ DW_AT_decl_line
	.byte	14                              @ Abbrev [14] 0x277:0xd DW_TAG_member
	.long	.Linfo_string36                 @ DW_AT_name
	.long	762                             @ DW_AT_type
	.byte	6                               @ DW_AT_decl_file
	.short	607                             @ DW_AT_decl_line
	.byte	0                               @ DW_AT_data_member_location
	.byte	14                              @ Abbrev [14] 0x284:0xd DW_TAG_member
	.long	.Linfo_string39                 @ DW_AT_name
	.long	762                             @ DW_AT_type
	.byte	6                               @ DW_AT_decl_file
	.short	608                             @ DW_AT_decl_line
	.byte	4                               @ DW_AT_data_member_location
	.byte	14                              @ Abbrev [14] 0x291:0xd DW_TAG_member
	.long	.Linfo_string40                 @ DW_AT_name
	.long	762                             @ DW_AT_type
	.byte	6                               @ DW_AT_decl_file
	.short	609                             @ DW_AT_decl_line
	.byte	8                               @ DW_AT_data_member_location
	.byte	14                              @ Abbrev [14] 0x29e:0xd DW_TAG_member
	.long	.Linfo_string41                 @ DW_AT_name
	.long	762                             @ DW_AT_type
	.byte	6                               @ DW_AT_decl_file
	.short	610                             @ DW_AT_decl_line
	.byte	12                              @ DW_AT_data_member_location
	.byte	14                              @ Abbrev [14] 0x2ab:0xd DW_TAG_member
	.long	.Linfo_string42                 @ DW_AT_name
	.long	762                             @ DW_AT_type
	.byte	6                               @ DW_AT_decl_file
	.short	611                             @ DW_AT_decl_line
	.byte	16                              @ DW_AT_data_member_location
	.byte	14                              @ Abbrev [14] 0x2b8:0xd DW_TAG_member
	.long	.Linfo_string43                 @ DW_AT_name
	.long	762                             @ DW_AT_type
	.byte	6                               @ DW_AT_decl_file
	.short	612                             @ DW_AT_decl_line
	.byte	20                              @ DW_AT_data_member_location
	.byte	14                              @ Abbrev [14] 0x2c5:0xd DW_TAG_member
	.long	.Linfo_string44                 @ DW_AT_name
	.long	762                             @ DW_AT_type
	.byte	6                               @ DW_AT_decl_file
	.short	613                             @ DW_AT_decl_line
	.byte	24                              @ DW_AT_data_member_location
	.byte	14                              @ Abbrev [14] 0x2d2:0xd DW_TAG_member
	.long	.Linfo_string45                 @ DW_AT_name
	.long	762                             @ DW_AT_type
	.byte	6                               @ DW_AT_decl_file
	.short	614                             @ DW_AT_decl_line
	.byte	28                              @ DW_AT_data_member_location
	.byte	14                              @ Abbrev [14] 0x2df:0xd DW_TAG_member
	.long	.Linfo_string46                 @ DW_AT_name
	.long	762                             @ DW_AT_type
	.byte	6                               @ DW_AT_decl_file
	.short	615                             @ DW_AT_decl_line
	.byte	32                              @ DW_AT_data_member_location
	.byte	14                              @ Abbrev [14] 0x2ec:0xd DW_TAG_member
	.long	.Linfo_string47                 @ DW_AT_name
	.long	762                             @ DW_AT_type
	.byte	6                               @ DW_AT_decl_file
	.short	616                             @ DW_AT_decl_line
	.byte	36                              @ DW_AT_data_member_location
	.byte	0                               @ End Of Children Mark
	.byte	15                              @ Abbrev [15] 0x2fa:0x5 DW_TAG_volatile_type
	.long	767                             @ DW_AT_type
	.byte	8                               @ Abbrev [8] 0x2ff:0xb DW_TAG_typedef
	.long	778                             @ DW_AT_type
	.long	.Linfo_string38                 @ DW_AT_name
	.byte	5                               @ DW_AT_decl_file
	.byte	64                              @ DW_AT_decl_line
	.byte	4                               @ Abbrev [4] 0x30a:0x7 DW_TAG_base_type
	.long	.Linfo_string37                 @ DW_AT_name
	.byte	7                               @ DW_AT_encoding
	.byte	4                               @ DW_AT_byte_size
	.byte	8                               @ Abbrev [8] 0x311:0xb DW_TAG_typedef
	.long	796                             @ DW_AT_type
	.long	.Linfo_string58                 @ DW_AT_name
	.byte	3                               @ DW_AT_decl_file
	.byte	74                              @ DW_AT_decl_line
	.byte	10                              @ Abbrev [10] 0x31c:0x65 DW_TAG_structure_type
	.byte	32                              @ DW_AT_byte_size
	.byte	3                               @ DW_AT_decl_file
	.byte	48                              @ DW_AT_decl_line
	.byte	11                              @ Abbrev [11] 0x320:0xc DW_TAG_member
	.long	.Linfo_string50                 @ DW_AT_name
	.long	767                             @ DW_AT_type
	.byte	3                               @ DW_AT_decl_file
	.byte	50                              @ DW_AT_decl_line
	.byte	0                               @ DW_AT_data_member_location
	.byte	11                              @ Abbrev [11] 0x32c:0xc DW_TAG_member
	.long	.Linfo_string51                 @ DW_AT_name
	.long	767                             @ DW_AT_type
	.byte	3                               @ DW_AT_decl_file
	.byte	53                              @ DW_AT_decl_line
	.byte	4                               @ DW_AT_data_member_location
	.byte	11                              @ Abbrev [11] 0x338:0xc DW_TAG_member
	.long	.Linfo_string52                 @ DW_AT_name
	.long	767                             @ DW_AT_type
	.byte	3                               @ DW_AT_decl_file
	.byte	56                              @ DW_AT_decl_line
	.byte	8                               @ DW_AT_data_member_location
	.byte	11                              @ Abbrev [11] 0x344:0xc DW_TAG_member
	.long	.Linfo_string53                 @ DW_AT_name
	.long	767                             @ DW_AT_type
	.byte	3                               @ DW_AT_decl_file
	.byte	59                              @ DW_AT_decl_line
	.byte	12                              @ DW_AT_data_member_location
	.byte	11                              @ Abbrev [11] 0x350:0xc DW_TAG_member
	.long	.Linfo_string54                 @ DW_AT_name
	.long	767                             @ DW_AT_type
	.byte	3                               @ DW_AT_decl_file
	.byte	62                              @ DW_AT_decl_line
	.byte	16                              @ DW_AT_data_member_location
	.byte	11                              @ Abbrev [11] 0x35c:0xc DW_TAG_member
	.long	.Linfo_string55                 @ DW_AT_name
	.long	767                             @ DW_AT_type
	.byte	3                               @ DW_AT_decl_file
	.byte	65                              @ DW_AT_decl_line
	.byte	20                              @ DW_AT_data_member_location
	.byte	11                              @ Abbrev [11] 0x368:0xc DW_TAG_member
	.long	.Linfo_string56                 @ DW_AT_name
	.long	767                             @ DW_AT_type
	.byte	3                               @ DW_AT_decl_file
	.byte	68                              @ DW_AT_decl_line
	.byte	24                              @ DW_AT_data_member_location
	.byte	11                              @ Abbrev [11] 0x374:0xc DW_TAG_member
	.long	.Linfo_string57                 @ DW_AT_name
	.long	767                             @ DW_AT_type
	.byte	3                               @ DW_AT_decl_file
	.byte	71                              @ DW_AT_decl_line
	.byte	28                              @ DW_AT_data_member_location
	.byte	0                               @ End Of Children Mark
	.byte	9                               @ Abbrev [9] 0x381:0x5 DW_TAG_pointer_type
	.long	902                             @ DW_AT_type
	.byte	8                               @ Abbrev [8] 0x386:0xb DW_TAG_typedef
	.long	71                              @ DW_AT_type
	.long	.Linfo_string60                 @ DW_AT_name
	.byte	5                               @ DW_AT_decl_file
	.byte	62                              @ DW_AT_decl_line
	.byte	8                               @ Abbrev [8] 0x391:0xb DW_TAG_typedef
	.long	924                             @ DW_AT_type
	.long	.Linfo_string63                 @ DW_AT_name
	.byte	5                               @ DW_AT_decl_file
	.byte	63                              @ DW_AT_decl_line
	.byte	4                               @ Abbrev [4] 0x39c:0x7 DW_TAG_base_type
	.long	.Linfo_string62                 @ DW_AT_name
	.byte	7                               @ DW_AT_encoding
	.byte	2                               @ DW_AT_byte_size
	.byte	15                              @ Abbrev [15] 0x3a3:0x5 DW_TAG_volatile_type
	.long	913                             @ DW_AT_type
	.byte	9                               @ Abbrev [9] 0x3a8:0x5 DW_TAG_pointer_type
	.long	941                             @ DW_AT_type
	.byte	8                               @ Abbrev [8] 0x3ad:0xb DW_TAG_typedef
	.long	952                             @ DW_AT_type
	.long	.Linfo_string103                @ DW_AT_name
	.byte	2                               @ DW_AT_decl_file
	.byte	169                             @ DW_AT_decl_line
	.byte	16                              @ Abbrev [16] 0x3b8:0xb1 DW_TAG_structure_type
	.long	.Linfo_string102                @ DW_AT_name
	.byte	96                              @ DW_AT_byte_size
	.byte	2                               @ DW_AT_decl_file
	.byte	139                             @ DW_AT_decl_line
	.byte	11                              @ Abbrev [11] 0x3c0:0xc DW_TAG_member
	.long	.Linfo_string35                 @ DW_AT_name
	.long	1129                            @ DW_AT_type
	.byte	2                               @ DW_AT_decl_file
	.byte	141                             @ DW_AT_decl_line
	.byte	0                               @ DW_AT_data_member_location
	.byte	11                              @ Abbrev [11] 0x3cc:0xc DW_TAG_member
	.long	.Linfo_string49                 @ DW_AT_name
	.long	1230                            @ DW_AT_type
	.byte	2                               @ DW_AT_decl_file
	.byte	143                             @ DW_AT_decl_line
	.byte	4                               @ DW_AT_data_member_location
	.byte	11                              @ Abbrev [11] 0x3d8:0xc DW_TAG_member
	.long	.Linfo_string88                 @ DW_AT_name
	.long	1390                            @ DW_AT_type
	.byte	2                               @ DW_AT_decl_file
	.byte	145                             @ DW_AT_decl_line
	.byte	52                              @ DW_AT_data_member_location
	.byte	11                              @ Abbrev [11] 0x3e4:0xc DW_TAG_member
	.long	.Linfo_string90                 @ DW_AT_name
	.long	1401                            @ DW_AT_type
	.byte	2                               @ DW_AT_decl_file
	.byte	147                             @ DW_AT_decl_line
	.byte	53                              @ DW_AT_data_member_location
	.byte	11                              @ Abbrev [11] 0x3f0:0xc DW_TAG_member
	.long	.Linfo_string92                 @ DW_AT_name
	.long	1417                            @ DW_AT_type
	.byte	2                               @ DW_AT_decl_file
	.byte	149                             @ DW_AT_decl_line
	.byte	56                              @ DW_AT_data_member_location
	.byte	11                              @ Abbrev [11] 0x3fc:0xc DW_TAG_member
	.long	.Linfo_string93                 @ DW_AT_name
	.long	1418                            @ DW_AT_type
	.byte	2                               @ DW_AT_decl_file
	.byte	151                             @ DW_AT_decl_line
	.byte	60                              @ DW_AT_data_member_location
	.byte	11                              @ Abbrev [11] 0x408:0xc DW_TAG_member
	.long	.Linfo_string94                 @ DW_AT_name
	.long	1418                            @ DW_AT_type
	.byte	2                               @ DW_AT_decl_file
	.byte	153                             @ DW_AT_decl_line
	.byte	64                              @ DW_AT_data_member_location
	.byte	11                              @ Abbrev [11] 0x414:0xc DW_TAG_member
	.long	.Linfo_string95                 @ DW_AT_name
	.long	1418                            @ DW_AT_type
	.byte	2                               @ DW_AT_decl_file
	.byte	155                             @ DW_AT_decl_line
	.byte	68                              @ DW_AT_data_member_location
	.byte	11                              @ Abbrev [11] 0x420:0xc DW_TAG_member
	.long	.Linfo_string96                 @ DW_AT_name
	.long	1418                            @ DW_AT_type
	.byte	2                               @ DW_AT_decl_file
	.byte	157                             @ DW_AT_decl_line
	.byte	72                              @ DW_AT_data_member_location
	.byte	11                              @ Abbrev [11] 0x42c:0xc DW_TAG_member
	.long	.Linfo_string97                 @ DW_AT_name
	.long	1418                            @ DW_AT_type
	.byte	2                               @ DW_AT_decl_file
	.byte	159                             @ DW_AT_decl_line
	.byte	76                              @ DW_AT_data_member_location
	.byte	11                              @ Abbrev [11] 0x438:0xc DW_TAG_member
	.long	.Linfo_string98                 @ DW_AT_name
	.long	1418                            @ DW_AT_type
	.byte	2                               @ DW_AT_decl_file
	.byte	161                             @ DW_AT_decl_line
	.byte	80                              @ DW_AT_data_member_location
	.byte	11                              @ Abbrev [11] 0x444:0xc DW_TAG_member
	.long	.Linfo_string99                 @ DW_AT_name
	.long	762                             @ DW_AT_type
	.byte	2                               @ DW_AT_decl_file
	.byte	163                             @ DW_AT_decl_line
	.byte	84                              @ DW_AT_data_member_location
	.byte	11                              @ Abbrev [11] 0x450:0xc DW_TAG_member
	.long	.Linfo_string100                @ DW_AT_name
	.long	767                             @ DW_AT_type
	.byte	2                               @ DW_AT_decl_file
	.byte	165                             @ DW_AT_decl_line
	.byte	88                              @ DW_AT_data_member_location
	.byte	11                              @ Abbrev [11] 0x45c:0xc DW_TAG_member
	.long	.Linfo_string101                @ DW_AT_name
	.long	767                             @ DW_AT_type
	.byte	2                               @ DW_AT_decl_file
	.byte	167                             @ DW_AT_decl_line
	.byte	92                              @ DW_AT_data_member_location
	.byte	0                               @ End Of Children Mark
	.byte	9                               @ Abbrev [9] 0x469:0x5 DW_TAG_pointer_type
	.long	1134                            @ DW_AT_type
	.byte	12                              @ Abbrev [12] 0x46e:0xc DW_TAG_typedef
	.long	1146                            @ DW_AT_type
	.long	.Linfo_string74                 @ DW_AT_name
	.byte	6                               @ DW_AT_decl_file
	.short	361                             @ DW_AT_decl_line
	.byte	13                              @ Abbrev [13] 0x47a:0x54 DW_TAG_structure_type
	.byte	24                              @ DW_AT_byte_size
	.byte	6                               @ DW_AT_decl_file
	.short	353                             @ DW_AT_decl_line
	.byte	14                              @ Abbrev [14] 0x47f:0xd DW_TAG_member
	.long	.Linfo_string68                 @ DW_AT_name
	.long	762                             @ DW_AT_type
	.byte	6                               @ DW_AT_decl_file
	.short	355                             @ DW_AT_decl_line
	.byte	0                               @ DW_AT_data_member_location
	.byte	14                              @ Abbrev [14] 0x48c:0xd DW_TAG_member
	.long	.Linfo_string69                 @ DW_AT_name
	.long	762                             @ DW_AT_type
	.byte	6                               @ DW_AT_decl_file
	.short	356                             @ DW_AT_decl_line
	.byte	4                               @ DW_AT_data_member_location
	.byte	14                              @ Abbrev [14] 0x499:0xd DW_TAG_member
	.long	.Linfo_string70                 @ DW_AT_name
	.long	762                             @ DW_AT_type
	.byte	6                               @ DW_AT_decl_file
	.short	357                             @ DW_AT_decl_line
	.byte	8                               @ DW_AT_data_member_location
	.byte	14                              @ Abbrev [14] 0x4a6:0xd DW_TAG_member
	.long	.Linfo_string71                 @ DW_AT_name
	.long	762                             @ DW_AT_type
	.byte	6                               @ DW_AT_decl_file
	.short	358                             @ DW_AT_decl_line
	.byte	12                              @ DW_AT_data_member_location
	.byte	14                              @ Abbrev [14] 0x4b3:0xd DW_TAG_member
	.long	.Linfo_string72                 @ DW_AT_name
	.long	762                             @ DW_AT_type
	.byte	6                               @ DW_AT_decl_file
	.short	359                             @ DW_AT_decl_line
	.byte	16                              @ DW_AT_data_member_location
	.byte	14                              @ Abbrev [14] 0x4c0:0xd DW_TAG_member
	.long	.Linfo_string73                 @ DW_AT_name
	.long	762                             @ DW_AT_type
	.byte	6                               @ DW_AT_decl_file
	.short	360                             @ DW_AT_decl_line
	.byte	20                              @ DW_AT_data_member_location
	.byte	0                               @ End Of Children Mark
	.byte	8                               @ Abbrev [8] 0x4ce:0xb DW_TAG_typedef
	.long	1241                            @ DW_AT_type
	.long	.Linfo_string87                 @ DW_AT_name
	.byte	2                               @ DW_AT_decl_file
	.byte	97                              @ DW_AT_decl_line
	.byte	10                              @ Abbrev [10] 0x4d9:0x95 DW_TAG_structure_type
	.byte	48                              @ DW_AT_byte_size
	.byte	2                               @ DW_AT_decl_file
	.byte	49                              @ DW_AT_decl_line
	.byte	11                              @ Abbrev [11] 0x4dd:0xc DW_TAG_member
	.long	.Linfo_string75                 @ DW_AT_name
	.long	767                             @ DW_AT_type
	.byte	2                               @ DW_AT_decl_file
	.byte	51                              @ DW_AT_decl_line
	.byte	0                               @ DW_AT_data_member_location
	.byte	11                              @ Abbrev [11] 0x4e9:0xc DW_TAG_member
	.long	.Linfo_string76                 @ DW_AT_name
	.long	767                             @ DW_AT_type
	.byte	2                               @ DW_AT_decl_file
	.byte	54                              @ DW_AT_decl_line
	.byte	4                               @ DW_AT_data_member_location
	.byte	11                              @ Abbrev [11] 0x4f5:0xc DW_TAG_member
	.long	.Linfo_string77                 @ DW_AT_name
	.long	767                             @ DW_AT_type
	.byte	2                               @ DW_AT_decl_file
	.byte	58                              @ DW_AT_decl_line
	.byte	8                               @ DW_AT_data_member_location
	.byte	11                              @ Abbrev [11] 0x501:0xc DW_TAG_member
	.long	.Linfo_string78                 @ DW_AT_name
	.long	767                             @ DW_AT_type
	.byte	2                               @ DW_AT_decl_file
	.byte	61                              @ DW_AT_decl_line
	.byte	12                              @ DW_AT_data_member_location
	.byte	11                              @ Abbrev [11] 0x50d:0xc DW_TAG_member
	.long	.Linfo_string79                 @ DW_AT_name
	.long	767                             @ DW_AT_type
	.byte	2                               @ DW_AT_decl_file
	.byte	64                              @ DW_AT_decl_line
	.byte	16                              @ DW_AT_data_member_location
	.byte	11                              @ Abbrev [11] 0x519:0xc DW_TAG_member
	.long	.Linfo_string80                 @ DW_AT_name
	.long	767                             @ DW_AT_type
	.byte	2                               @ DW_AT_decl_file
	.byte	67                              @ DW_AT_decl_line
	.byte	20                              @ DW_AT_data_member_location
	.byte	11                              @ Abbrev [11] 0x525:0xc DW_TAG_member
	.long	.Linfo_string81                 @ DW_AT_name
	.long	767                             @ DW_AT_type
	.byte	2                               @ DW_AT_decl_file
	.byte	70                              @ DW_AT_decl_line
	.byte	24                              @ DW_AT_data_member_location
	.byte	11                              @ Abbrev [11] 0x531:0xc DW_TAG_member
	.long	.Linfo_string82                 @ DW_AT_name
	.long	767                             @ DW_AT_type
	.byte	2                               @ DW_AT_decl_file
	.byte	75                              @ DW_AT_decl_line
	.byte	28                              @ DW_AT_data_member_location
	.byte	11                              @ Abbrev [11] 0x53d:0xc DW_TAG_member
	.long	.Linfo_string83                 @ DW_AT_name
	.long	767                             @ DW_AT_type
	.byte	2                               @ DW_AT_decl_file
	.byte	78                              @ DW_AT_decl_line
	.byte	32                              @ DW_AT_data_member_location
	.byte	11                              @ Abbrev [11] 0x549:0xc DW_TAG_member
	.long	.Linfo_string84                 @ DW_AT_name
	.long	767                             @ DW_AT_type
	.byte	2                               @ DW_AT_decl_file
	.byte	83                              @ DW_AT_decl_line
	.byte	36                              @ DW_AT_data_member_location
	.byte	11                              @ Abbrev [11] 0x555:0xc DW_TAG_member
	.long	.Linfo_string85                 @ DW_AT_name
	.long	767                             @ DW_AT_type
	.byte	2                               @ DW_AT_decl_file
	.byte	86                              @ DW_AT_decl_line
	.byte	40                              @ DW_AT_data_member_location
	.byte	11                              @ Abbrev [11] 0x561:0xc DW_TAG_member
	.long	.Linfo_string86                 @ DW_AT_name
	.long	767                             @ DW_AT_type
	.byte	2                               @ DW_AT_decl_file
	.byte	92                              @ DW_AT_decl_line
	.byte	44                              @ DW_AT_data_member_location
	.byte	0                               @ End Of Children Mark
	.byte	8                               @ Abbrev [8] 0x56e:0xb DW_TAG_typedef
	.long	78                              @ DW_AT_type
	.long	.Linfo_string89                 @ DW_AT_name
	.byte	1                               @ DW_AT_decl_file
	.byte	54                              @ DW_AT_decl_line
	.byte	15                              @ Abbrev [15] 0x579:0x5 DW_TAG_volatile_type
	.long	1406                            @ DW_AT_type
	.byte	8                               @ Abbrev [8] 0x57e:0xb DW_TAG_typedef
	.long	99                              @ DW_AT_type
	.long	.Linfo_string91                 @ DW_AT_name
	.byte	2                               @ DW_AT_decl_file
	.byte	111                             @ DW_AT_decl_line
	.byte	17                              @ Abbrev [17] 0x589:0x1 DW_TAG_pointer_type
	.byte	9                               @ Abbrev [9] 0x58a:0x5 DW_TAG_pointer_type
	.long	1423                            @ DW_AT_type
	.byte	18                              @ Abbrev [18] 0x58f:0x7 DW_TAG_subroutine_type
                                        @ DW_AT_prototyped
	.byte	19                              @ Abbrev [19] 0x590:0x5 DW_TAG_formal_parameter
	.long	1430                            @ DW_AT_type
	.byte	0                               @ End Of Children Mark
	.byte	9                               @ Abbrev [9] 0x596:0x5 DW_TAG_pointer_type
	.long	952                             @ DW_AT_type
	.byte	15                              @ Abbrev [15] 0x59b:0x5 DW_TAG_volatile_type
	.long	1440                            @ DW_AT_type
	.byte	8                               @ Abbrev [8] 0x5a0:0xb DW_TAG_typedef
	.long	144                             @ DW_AT_type
	.long	.Linfo_string105                @ DW_AT_name
	.byte	3                               @ DW_AT_decl_file
	.byte	123                             @ DW_AT_decl_line
	.byte	15                              @ Abbrev [15] 0x5ab:0x5 DW_TAG_volatile_type
	.long	1456                            @ DW_AT_type
	.byte	8                               @ Abbrev [8] 0x5b0:0xb DW_TAG_typedef
	.long	221                             @ DW_AT_type
	.long	.Linfo_string106                @ DW_AT_name
	.byte	3                               @ DW_AT_decl_file
	.byte	154                             @ DW_AT_decl_line
	.byte	0                               @ End Of Children Mark
.Ldebug_info_end0:
	.section	.debug_ranges,"",%progbits
.Ldebug_ranges0:
	.long	.Lfunc_begin0
	.long	.Lfunc_end0
	.long	.Lfunc_begin1
	.long	.Lfunc_end1
	.long	0
	.long	0
	.section	.debug_str,"MS",%progbits,1
.Linfo_string0:
	.asciz	"Component: ARM Compiler 6.16 Tool: armclang [5dfeb700]" @ string offset=0
.Linfo_string1:
	.asciz	"../Library/STM32F4xx_HAL_Driver/Src\\stm32f4xx_hal_i2c_ex.c" @ string offset=55
.Linfo_string2:
	.asciz	"C:\\Users\\Hyacincher\\Desktop\\HyTelectrl\\Code\\Project" @ string offset=114
.Linfo_string3:
	.asciz	"unsigned char"                 @ string offset=166
.Linfo_string4:
	.asciz	"HAL_OK"                        @ string offset=180
.Linfo_string5:
	.asciz	"HAL_ERROR"                     @ string offset=187
.Linfo_string6:
	.asciz	"HAL_BUSY"                      @ string offset=197
.Linfo_string7:
	.asciz	"HAL_TIMEOUT"                   @ string offset=206
.Linfo_string8:
	.asciz	"HAL_UNLOCKED"                  @ string offset=218
.Linfo_string9:
	.asciz	"HAL_LOCKED"                    @ string offset=231
.Linfo_string10:
	.asciz	"HAL_DMA_STATE_RESET"           @ string offset=242
.Linfo_string11:
	.asciz	"HAL_DMA_STATE_READY"           @ string offset=262
.Linfo_string12:
	.asciz	"HAL_DMA_STATE_BUSY"            @ string offset=282
.Linfo_string13:
	.asciz	"HAL_DMA_STATE_TIMEOUT"         @ string offset=301
.Linfo_string14:
	.asciz	"HAL_DMA_STATE_ERROR"           @ string offset=323
.Linfo_string15:
	.asciz	"HAL_DMA_STATE_ABORT"           @ string offset=343
.Linfo_string16:
	.asciz	"HAL_I2C_STATE_RESET"           @ string offset=363
.Linfo_string17:
	.asciz	"HAL_I2C_STATE_READY"           @ string offset=383
.Linfo_string18:
	.asciz	"HAL_I2C_STATE_BUSY"            @ string offset=403
.Linfo_string19:
	.asciz	"HAL_I2C_STATE_BUSY_TX"         @ string offset=422
.Linfo_string20:
	.asciz	"HAL_I2C_STATE_BUSY_RX"         @ string offset=444
.Linfo_string21:
	.asciz	"HAL_I2C_STATE_LISTEN"          @ string offset=466
.Linfo_string22:
	.asciz	"HAL_I2C_STATE_BUSY_TX_LISTEN"  @ string offset=487
.Linfo_string23:
	.asciz	"HAL_I2C_STATE_BUSY_RX_LISTEN"  @ string offset=516
.Linfo_string24:
	.asciz	"HAL_I2C_STATE_ABORT"           @ string offset=545
.Linfo_string25:
	.asciz	"HAL_I2C_STATE_TIMEOUT"         @ string offset=565
.Linfo_string26:
	.asciz	"HAL_I2C_STATE_ERROR"           @ string offset=587
.Linfo_string27:
	.asciz	"HAL_I2C_MODE_NONE"             @ string offset=607
.Linfo_string28:
	.asciz	"HAL_I2C_MODE_MASTER"           @ string offset=625
.Linfo_string29:
	.asciz	"HAL_I2C_MODE_SLAVE"            @ string offset=645
.Linfo_string30:
	.asciz	"HAL_I2C_MODE_MEM"              @ string offset=664
.Linfo_string31:
	.asciz	"HAL_I2CEx_ConfigAnalogFilter"  @ string offset=681
.Linfo_string32:
	.asciz	"HAL_StatusTypeDef"             @ string offset=710
.Linfo_string33:
	.asciz	"HAL_I2CEx_ConfigDigitalFilter" @ string offset=728
.Linfo_string34:
	.asciz	"hi2c"                          @ string offset=758
.Linfo_string35:
	.asciz	"Instance"                      @ string offset=763
.Linfo_string36:
	.asciz	"CR1"                           @ string offset=772
.Linfo_string37:
	.asciz	"unsigned int"                  @ string offset=776
.Linfo_string38:
	.asciz	"uint32_t"                      @ string offset=789
.Linfo_string39:
	.asciz	"CR2"                           @ string offset=798
.Linfo_string40:
	.asciz	"OAR1"                          @ string offset=802
.Linfo_string41:
	.asciz	"OAR2"                          @ string offset=807
.Linfo_string42:
	.asciz	"DR"                            @ string offset=812
.Linfo_string43:
	.asciz	"SR1"                           @ string offset=815
.Linfo_string44:
	.asciz	"SR2"                           @ string offset=819
.Linfo_string45:
	.asciz	"CCR"                           @ string offset=823
.Linfo_string46:
	.asciz	"TRISE"                         @ string offset=827
.Linfo_string47:
	.asciz	"FLTR"                          @ string offset=833
.Linfo_string48:
	.asciz	"I2C_TypeDef"                   @ string offset=838
.Linfo_string49:
	.asciz	"Init"                          @ string offset=850
.Linfo_string50:
	.asciz	"ClockSpeed"                    @ string offset=855
.Linfo_string51:
	.asciz	"DutyCycle"                     @ string offset=866
.Linfo_string52:
	.asciz	"OwnAddress1"                   @ string offset=876
.Linfo_string53:
	.asciz	"AddressingMode"                @ string offset=888
.Linfo_string54:
	.asciz	"DualAddressMode"               @ string offset=903
.Linfo_string55:
	.asciz	"OwnAddress2"                   @ string offset=919
.Linfo_string56:
	.asciz	"GeneralCallMode"               @ string offset=931
.Linfo_string57:
	.asciz	"NoStretchMode"                 @ string offset=947
.Linfo_string58:
	.asciz	"I2C_InitTypeDef"               @ string offset=961
.Linfo_string59:
	.asciz	"pBuffPtr"                      @ string offset=977
.Linfo_string60:
	.asciz	"uint8_t"                       @ string offset=986
.Linfo_string61:
	.asciz	"XferSize"                      @ string offset=994
.Linfo_string62:
	.asciz	"unsigned short"                @ string offset=1003
.Linfo_string63:
	.asciz	"uint16_t"                      @ string offset=1018
.Linfo_string64:
	.asciz	"XferCount"                     @ string offset=1027
.Linfo_string65:
	.asciz	"XferOptions"                   @ string offset=1037
.Linfo_string66:
	.asciz	"PreviousState"                 @ string offset=1049
.Linfo_string67:
	.asciz	"hdmatx"                        @ string offset=1063
.Linfo_string68:
	.asciz	"CR"                            @ string offset=1070
.Linfo_string69:
	.asciz	"NDTR"                          @ string offset=1073
.Linfo_string70:
	.asciz	"PAR"                           @ string offset=1078
.Linfo_string71:
	.asciz	"M0AR"                          @ string offset=1082
.Linfo_string72:
	.asciz	"M1AR"                          @ string offset=1087
.Linfo_string73:
	.asciz	"FCR"                           @ string offset=1092
.Linfo_string74:
	.asciz	"DMA_Stream_TypeDef"            @ string offset=1096
.Linfo_string75:
	.asciz	"Channel"                       @ string offset=1115
.Linfo_string76:
	.asciz	"Direction"                     @ string offset=1123
.Linfo_string77:
	.asciz	"PeriphInc"                     @ string offset=1133
.Linfo_string78:
	.asciz	"MemInc"                        @ string offset=1143
.Linfo_string79:
	.asciz	"PeriphDataAlignment"           @ string offset=1150
.Linfo_string80:
	.asciz	"MemDataAlignment"              @ string offset=1170
.Linfo_string81:
	.asciz	"Mode"                          @ string offset=1187
.Linfo_string82:
	.asciz	"Priority"                      @ string offset=1192
.Linfo_string83:
	.asciz	"FIFOMode"                      @ string offset=1201
.Linfo_string84:
	.asciz	"FIFOThreshold"                 @ string offset=1210
.Linfo_string85:
	.asciz	"MemBurst"                      @ string offset=1224
.Linfo_string86:
	.asciz	"PeriphBurst"                   @ string offset=1233
.Linfo_string87:
	.asciz	"DMA_InitTypeDef"               @ string offset=1245
.Linfo_string88:
	.asciz	"Lock"                          @ string offset=1261
.Linfo_string89:
	.asciz	"HAL_LockTypeDef"               @ string offset=1266
.Linfo_string90:
	.asciz	"State"                         @ string offset=1282
.Linfo_string91:
	.asciz	"HAL_DMA_StateTypeDef"          @ string offset=1288
.Linfo_string92:
	.asciz	"Parent"                        @ string offset=1309
.Linfo_string93:
	.asciz	"XferCpltCallback"              @ string offset=1316
.Linfo_string94:
	.asciz	"XferHalfCpltCallback"          @ string offset=1333
.Linfo_string95:
	.asciz	"XferM1CpltCallback"            @ string offset=1354
.Linfo_string96:
	.asciz	"XferM1HalfCpltCallback"        @ string offset=1373
.Linfo_string97:
	.asciz	"XferErrorCallback"             @ string offset=1396
.Linfo_string98:
	.asciz	"XferAbortCallback"             @ string offset=1414
.Linfo_string99:
	.asciz	"ErrorCode"                     @ string offset=1432
.Linfo_string100:
	.asciz	"StreamBaseAddress"             @ string offset=1442
.Linfo_string101:
	.asciz	"StreamIndex"                   @ string offset=1460
.Linfo_string102:
	.asciz	"__DMA_HandleTypeDef"           @ string offset=1472
.Linfo_string103:
	.asciz	"DMA_HandleTypeDef"             @ string offset=1492
.Linfo_string104:
	.asciz	"hdmarx"                        @ string offset=1510
.Linfo_string105:
	.asciz	"HAL_I2C_StateTypeDef"          @ string offset=1517
.Linfo_string106:
	.asciz	"HAL_I2C_ModeTypeDef"           @ string offset=1538
.Linfo_string107:
	.asciz	"Devaddress"                    @ string offset=1558
.Linfo_string108:
	.asciz	"Memaddress"                    @ string offset=1569
.Linfo_string109:
	.asciz	"MemaddSize"                    @ string offset=1580
.Linfo_string110:
	.asciz	"EventCount"                    @ string offset=1591
.Linfo_string111:
	.asciz	"I2C_HandleTypeDef"             @ string offset=1602
.Linfo_string112:
	.asciz	"AnalogFilter"                  @ string offset=1620
.Linfo_string113:
	.asciz	"DigitalFilter"                 @ string offset=1633
.Linfo_string114:
	.asciz	"tmpreg"                        @ string offset=1647
	.ident	"Component: ARM Compiler 6.16 Tool: armclang [5dfeb700]"
	.section	".note.GNU-stack","",%progbits
	.eabi_attribute	30, 3	@ Tag_ABI_optimization_goals
	.ARM_attribute	16, 1	@ Tag_AV_eba
	.section	.debug_line,"",%progbits
.Lline_table_start0:
