	.text
	.syntax unified
	.eabi_attribute	67, "2.09"	@ Tag_conformance
	.cpu	cortex-m4
	.eabi_attribute	6, 13	@ Tag_CPU_arch
	.eabi_attribute	7, 77	@ Tag_CPU_arch_profile
	.eabi_attribute	8, 0	@ Tag_ARM_ISA_use
	.eabi_attribute	9, 2	@ Tag_THUMB_ISA_use
	.fpu	fpv4-sp-d16
	.eabi_attribute	27, 1	@ Tag_ABI_HardFP_use
	.eabi_attribute	36, 1	@ Tag_FP_HP_extension
	.eabi_attribute	34, 1	@ Tag_CPU_unaligned_access
	.eabi_attribute	17, 1	@ Tag_ABI_PCS_GOT_use
	.eabi_attribute	20, 2	@ Tag_ABI_FP_denormal
	.eabi_attribute	21, 0	@ Tag_ABI_FP_exceptions
	.eabi_attribute	23, 1	@ Tag_ABI_FP_number_model
	.eabi_attribute	24, 1	@ Tag_ABI_align_needed
	.eabi_attribute	25, 1	@ Tag_ABI_align_preserved
	.eabi_attribute	28, 1	@ Tag_ABI_VFP_args
	.eabi_attribute	38, 1	@ Tag_ABI_FP_16bit_format
	.eabi_attribute	18, 2	@ Tag_ABI_PCS_wchar_t
	.eabi_attribute	26, 1	@ Tag_ABI_enum_size
	.eabi_attribute	14, 0	@ Tag_ABI_PCS_R9_use
	.file	"system_stm32f4xx.c"
	.file	1 "D:\\Keil MDK\\ARM\\ARMCLANG\\Bin\\..\\include" "stdint.h"
	.file	2 "C:\\Users\\Hyacincher\\Desktop\\HyTelectrl\\Code\\Project" "../User/system_stm32f4xx.c"
	.file	3 "C:\\Users\\Hyacincher\\Desktop\\HyTelectrl\\Code\\Project" "../Library/CMSIS/core_cm4.h"
	.file	4 "C:\\Users\\Hyacincher\\Desktop\\HyTelectrl\\Code\\Project" "../Library/CMSIS/stm32f429xx.h"
	.section	.text.SystemInit,"ax",%progbits
	.hidden	SystemInit                      @ -- Begin function SystemInit
	.globl	SystemInit
	.p2align	1
	.type	SystemInit,%function
	.code	16                              @ @SystemInit
	.thumb_func
SystemInit:
.Lfunc_begin0:
	.loc	2 169 0                         @ ../User/system_stm32f4xx.c:169:0
	.fnstart
	.cfi_sections .debug_frame
	.cfi_startproc
@ %bb.0:
	movw	r0, #60808
	movt	r0, #57344
.Ltmp0:
	.loc	2 172 16 prologue_end           @ ../User/system_stm32f4xx.c:172:16
	ldr	r1, [r0]
	orr	r1, r1, #15728640
	str	r1, [r0]
	.loc	2 183 1                         @ ../User/system_stm32f4xx.c:183:1
	bx	lr
.Ltmp1:
.Lfunc_end0:
	.size	SystemInit, .Lfunc_end0-SystemInit
	.cfi_endproc
	.cantunwind
	.fnend
                                        @ -- End function
	.section	.text.SystemCoreClockUpdate,"ax",%progbits
	.hidden	SystemCoreClockUpdate           @ -- Begin function SystemCoreClockUpdate
	.globl	SystemCoreClockUpdate
	.p2align	1
	.type	SystemCoreClockUpdate,%function
	.code	16                              @ @SystemCoreClockUpdate
	.thumb_func
SystemCoreClockUpdate:
.Lfunc_begin1:
	.loc	2 222 0                         @ ../User/system_stm32f4xx.c:222:0
	.fnstart
	.cfi_startproc
@ %bb.0:
	movw	r0, #14340
	movt	r0, #16386
.Ltmp2:
	.loc	2 226 14 prologue_end           @ ../User/system_stm32f4xx.c:226:14
	ldr	r1, [r0, #4]
	.loc	2 226 19 is_stmt 0              @ ../User/system_stm32f4xx.c:226:19
	and	r2, r1, #12
.Ltmp3:
	@DEBUG_VALUE: SystemCoreClockUpdate:tmp <- $r2
	.loc	2 0 19                          @ ../User/system_stm32f4xx.c:0:19
	movw	r1, #9216
	.loc	2 228 3 is_stmt 1               @ ../User/system_stm32f4xx.c:228:3
	cmp	r2, #8
	movt	r1, #244
.Ltmp4:
	@DEBUG_VALUE: SystemCoreClockUpdate:pllm <- 2
	@DEBUG_VALUE: SystemCoreClockUpdate:pllsource <- 0
	@DEBUG_VALUE: SystemCoreClockUpdate:pllp <- 2
	@DEBUG_VALUE: SystemCoreClockUpdate:pllvco <- 0
	@DEBUG_VALUE: SystemCoreClockUpdate:tmp <- 0
	beq	.LBB1_3
.Ltmp5:
@ %bb.1:
	@DEBUG_VALUE: SystemCoreClockUpdate:tmp <- 0
	@DEBUG_VALUE: SystemCoreClockUpdate:pllvco <- 0
	@DEBUG_VALUE: SystemCoreClockUpdate:pllp <- 2
	@DEBUG_VALUE: SystemCoreClockUpdate:pllsource <- 0
	@DEBUG_VALUE: SystemCoreClockUpdate:pllm <- 2
	cmp	r2, #4
	bne	.LBB1_4
.Ltmp6:
@ %bb.2:
	@DEBUG_VALUE: SystemCoreClockUpdate:tmp <- 0
	@DEBUG_VALUE: SystemCoreClockUpdate:pllvco <- 0
	@DEBUG_VALUE: SystemCoreClockUpdate:pllp <- 2
	@DEBUG_VALUE: SystemCoreClockUpdate:pllsource <- 0
	@DEBUG_VALUE: SystemCoreClockUpdate:pllm <- 2
	.loc	2 0 3 is_stmt 0                 @ ../User/system_stm32f4xx.c:0:3
	movw	r1, #30784
	movt	r1, #381
	b	.LBB1_4
.Ltmp7:
.LBB1_3:
	@DEBUG_VALUE: SystemCoreClockUpdate:tmp <- 0
	@DEBUG_VALUE: SystemCoreClockUpdate:pllvco <- 0
	@DEBUG_VALUE: SystemCoreClockUpdate:pllp <- 2
	@DEBUG_VALUE: SystemCoreClockUpdate:pllsource <- 0
	@DEBUG_VALUE: SystemCoreClockUpdate:pllm <- 2
	.loc	2 241 25 is_stmt 1              @ ../User/system_stm32f4xx.c:241:25
	ldr	r2, [r0]
.Ltmp8:
	@DEBUG_VALUE: SystemCoreClockUpdate:pllsource <- [DW_OP_constu 22, DW_OP_shr, DW_OP_constu 1, DW_OP_and, DW_OP_stack_value] $r2
	.loc	2 242 19                        @ ../User/system_stm32f4xx.c:242:19
	ldr	r3, [r0]
	.loc	2 244 11                        @ ../User/system_stm32f4xx.c:244:11
	lsls	r2, r2, #9
.Ltmp9:
	.loc	2 0 11 is_stmt 0                @ ../User/system_stm32f4xx.c:0:11
	movw	r2, #30784
	movt	r2, #381
	.loc	2 242 27 is_stmt 1              @ ../User/system_stm32f4xx.c:242:27
	and	r3, r3, #63
.Ltmp10:
	@DEBUG_VALUE: SystemCoreClockUpdate:pllm <- $r3
	.loc	2 244 11                        @ ../User/system_stm32f4xx.c:244:11
	it	pl
	movpl	r2, r1
.Ltmp11:
	.loc	2 0 0 is_stmt 0                 @ ../User/system_stm32f4xx.c:0:0
	ldr	r1, [r0]
	udiv	r2, r2, r3
.Ltmp12:
	.loc	2 255 22 is_stmt 1              @ ../User/system_stm32f4xx.c:255:22
	ldr	r3, [r0]
.Ltmp13:
	.loc	2 0 0 is_stmt 0                 @ ../User/system_stm32f4xx.c:0:0
	ubfx	r1, r1, #6, #9
	muls	r1, r2, r1
.Ltmp14:
	@DEBUG_VALUE: SystemCoreClockUpdate:pllvco <- $r1
	.loc	2 255 62                        @ ../User/system_stm32f4xx.c:255:62
	ubfx	r2, r3, #16, #2
	movs	r3, #2
	add.w	r2, r3, r2, lsl #1
.Ltmp15:
	@DEBUG_VALUE: SystemCoreClockUpdate:pllp <- $r2
	.loc	2 256 31 is_stmt 1              @ ../User/system_stm32f4xx.c:256:31
	udiv	r1, r1, r2
.Ltmp16:
.LBB1_4:
	@DEBUG_VALUE: SystemCoreClockUpdate:tmp <- 0
	.loc	2 0 0 is_stmt 0                 @ ../User/system_stm32f4xx.c:0:0
	movw	r2, :lower16:SystemCoreClock
	movt	r2, :upper16:SystemCoreClock
	str	r1, [r2]
.Ltmp17:
	.loc	2 264 30 is_stmt 1              @ ../User/system_stm32f4xx.c:264:30
	ldr	r0, [r0, #4]
	.loc	2 264 9 is_stmt 0               @ ../User/system_stm32f4xx.c:264:9
	movw	r3, :lower16:AHBPrescTable
	.loc	2 264 52                        @ ../User/system_stm32f4xx.c:264:52
	ubfx	r0, r0, #4, #4
	.loc	2 264 9                         @ ../User/system_stm32f4xx.c:264:9
	movt	r3, :upper16:AHBPrescTable
	ldrb	r0, [r3, r0]
.Ltmp18:
	@DEBUG_VALUE: SystemCoreClockUpdate:tmp <- $r0
	.loc	2 266 19 is_stmt 1              @ ../User/system_stm32f4xx.c:266:19
	lsr.w	r0, r1, r0
.Ltmp19:
	str	r0, [r2]
	.loc	2 267 1                         @ ../User/system_stm32f4xx.c:267:1
	bx	lr
.Ltmp20:
.Lfunc_end1:
	.size	SystemCoreClockUpdate, .Lfunc_end1-SystemCoreClockUpdate
	.cfi_endproc
	.cantunwind
	.fnend
                                        @ -- End function
	.hidden	SystemCoreClock                 @ @SystemCoreClock
	.type	SystemCoreClock,%object
	.section	.data.SystemCoreClock,"aw",%progbits
	.globl	SystemCoreClock
	.p2align	2
SystemCoreClock:
	.long	16000000                        @ 0xf42400
	.size	SystemCoreClock, 4

	.hidden	AHBPrescTable                   @ @AHBPrescTable
	.type	AHBPrescTable,%object
	.section	.rodata.AHBPrescTable,"a",%progbits
	.globl	AHBPrescTable
AHBPrescTable:
	.ascii	"\000\000\000\000\000\000\000\000\001\002\003\004\006\007\b\t"
	.size	AHBPrescTable, 16

	.hidden	APBPrescTable                   @ @APBPrescTable
	.type	APBPrescTable,%object
	.section	.rodata.APBPrescTable,"a",%progbits
	.globl	APBPrescTable
APBPrescTable:
	.ascii	"\000\000\000\000\001\002\003\004"
	.size	APBPrescTable, 8

	.section	.debug_loc,"",%progbits
.Ldebug_loc0:
	.long	-1
	.long	.Lfunc_begin1                   @   base address
	.long	.Ltmp3-.Lfunc_begin1
	.long	.Ltmp4-.Lfunc_begin1
	.short	1                               @ Loc expr size
	.byte	82                              @ DW_OP_reg2
	.long	.Ltmp4-.Lfunc_begin1
	.long	.Ltmp18-.Lfunc_begin1
	.short	2                               @ Loc expr size
	.byte	48                              @ DW_OP_lit0
	.byte	159                             @ DW_OP_stack_value
	.long	.Ltmp18-.Lfunc_begin1
	.long	.Ltmp19-.Lfunc_begin1
	.short	1                               @ Loc expr size
	.byte	80                              @ DW_OP_reg0
	.long	0
	.long	0
.Ldebug_loc1:
	.long	-1
	.long	.Lfunc_begin1                   @   base address
	.long	.Ltmp4-.Lfunc_begin1
	.long	.Ltmp10-.Lfunc_begin1
	.short	2                               @ Loc expr size
	.byte	50                              @ DW_OP_lit2
	.byte	159                             @ DW_OP_stack_value
	.long	.Ltmp10-.Lfunc_begin1
	.long	.Ltmp13-.Lfunc_begin1
	.short	1                               @ Loc expr size
	.byte	83                              @ DW_OP_reg3
	.long	0
	.long	0
.Ldebug_loc2:
	.long	-1
	.long	.Lfunc_begin1                   @   base address
	.long	.Ltmp4-.Lfunc_begin1
	.long	.Ltmp8-.Lfunc_begin1
	.short	2                               @ Loc expr size
	.byte	48                              @ DW_OP_lit0
	.byte	159                             @ DW_OP_stack_value
	.long	.Ltmp8-.Lfunc_begin1
	.long	.Ltmp9-.Lfunc_begin1
	.short	7                               @ Loc expr size
	.byte	114                             @ DW_OP_breg2
	.byte	0                               @ 0
	.byte	70                              @ DW_OP_lit22
	.byte	37                              @ DW_OP_shr
	.byte	49                              @ DW_OP_lit1
	.byte	26                              @ DW_OP_and
	.byte	159                             @ DW_OP_stack_value
	.long	0
	.long	0
.Ldebug_loc3:
	.long	-1
	.long	.Lfunc_begin1                   @   base address
	.long	.Ltmp4-.Lfunc_begin1
	.long	.Ltmp15-.Lfunc_begin1
	.short	2                               @ Loc expr size
	.byte	50                              @ DW_OP_lit2
	.byte	159                             @ DW_OP_stack_value
	.long	.Ltmp15-.Lfunc_begin1
	.long	.Ltmp16-.Lfunc_begin1
	.short	1                               @ Loc expr size
	.byte	82                              @ DW_OP_reg2
	.long	0
	.long	0
.Ldebug_loc4:
	.long	-1
	.long	.Lfunc_begin1                   @   base address
	.long	.Ltmp4-.Lfunc_begin1
	.long	.Ltmp14-.Lfunc_begin1
	.short	2                               @ Loc expr size
	.byte	48                              @ DW_OP_lit0
	.byte	159                             @ DW_OP_stack_value
	.long	.Ltmp14-.Lfunc_begin1
	.long	.Ltmp16-.Lfunc_begin1
	.short	1                               @ Loc expr size
	.byte	81                              @ DW_OP_reg1
	.long	0
	.long	0
	.section	.debug_abbrev,"",%progbits
	.byte	1                               @ Abbreviation Code
	.byte	17                              @ DW_TAG_compile_unit
	.byte	1                               @ DW_CHILDREN_yes
	.byte	37                              @ DW_AT_producer
	.byte	14                              @ DW_FORM_strp
	.byte	19                              @ DW_AT_language
	.byte	5                               @ DW_FORM_data2
	.byte	3                               @ DW_AT_name
	.byte	14                              @ DW_FORM_strp
	.byte	16                              @ DW_AT_stmt_list
	.byte	23                              @ DW_FORM_sec_offset
	.byte	27                              @ DW_AT_comp_dir
	.byte	14                              @ DW_FORM_strp
	.byte	17                              @ DW_AT_low_pc
	.byte	1                               @ DW_FORM_addr
	.byte	85                              @ DW_AT_ranges
	.byte	23                              @ DW_FORM_sec_offset
	.byte	0                               @ EOM(1)
	.byte	0                               @ EOM(2)
	.byte	2                               @ Abbreviation Code
	.byte	52                              @ DW_TAG_variable
	.byte	0                               @ DW_CHILDREN_no
	.byte	3                               @ DW_AT_name
	.byte	14                              @ DW_FORM_strp
	.byte	73                              @ DW_AT_type
	.byte	19                              @ DW_FORM_ref4
	.byte	63                              @ DW_AT_external
	.byte	25                              @ DW_FORM_flag_present
	.byte	58                              @ DW_AT_decl_file
	.byte	11                              @ DW_FORM_data1
	.byte	59                              @ DW_AT_decl_line
	.byte	11                              @ DW_FORM_data1
	.byte	2                               @ DW_AT_location
	.byte	24                              @ DW_FORM_exprloc
	.byte	0                               @ EOM(1)
	.byte	0                               @ EOM(2)
	.byte	3                               @ Abbreviation Code
	.byte	22                              @ DW_TAG_typedef
	.byte	0                               @ DW_CHILDREN_no
	.byte	73                              @ DW_AT_type
	.byte	19                              @ DW_FORM_ref4
	.byte	3                               @ DW_AT_name
	.byte	14                              @ DW_FORM_strp
	.byte	58                              @ DW_AT_decl_file
	.byte	11                              @ DW_FORM_data1
	.byte	59                              @ DW_AT_decl_line
	.byte	11                              @ DW_FORM_data1
	.byte	0                               @ EOM(1)
	.byte	0                               @ EOM(2)
	.byte	4                               @ Abbreviation Code
	.byte	36                              @ DW_TAG_base_type
	.byte	0                               @ DW_CHILDREN_no
	.byte	3                               @ DW_AT_name
	.byte	14                              @ DW_FORM_strp
	.byte	62                              @ DW_AT_encoding
	.byte	11                              @ DW_FORM_data1
	.byte	11                              @ DW_AT_byte_size
	.byte	11                              @ DW_FORM_data1
	.byte	0                               @ EOM(1)
	.byte	0                               @ EOM(2)
	.byte	5                               @ Abbreviation Code
	.byte	1                               @ DW_TAG_array_type
	.byte	1                               @ DW_CHILDREN_yes
	.byte	73                              @ DW_AT_type
	.byte	19                              @ DW_FORM_ref4
	.byte	0                               @ EOM(1)
	.byte	0                               @ EOM(2)
	.byte	6                               @ Abbreviation Code
	.byte	33                              @ DW_TAG_subrange_type
	.byte	0                               @ DW_CHILDREN_no
	.byte	73                              @ DW_AT_type
	.byte	19                              @ DW_FORM_ref4
	.byte	55                              @ DW_AT_count
	.byte	11                              @ DW_FORM_data1
	.byte	0                               @ EOM(1)
	.byte	0                               @ EOM(2)
	.byte	7                               @ Abbreviation Code
	.byte	38                              @ DW_TAG_const_type
	.byte	0                               @ DW_CHILDREN_no
	.byte	73                              @ DW_AT_type
	.byte	19                              @ DW_FORM_ref4
	.byte	0                               @ EOM(1)
	.byte	0                               @ EOM(2)
	.byte	8                               @ Abbreviation Code
	.byte	36                              @ DW_TAG_base_type
	.byte	0                               @ DW_CHILDREN_no
	.byte	3                               @ DW_AT_name
	.byte	14                              @ DW_FORM_strp
	.byte	11                              @ DW_AT_byte_size
	.byte	11                              @ DW_FORM_data1
	.byte	62                              @ DW_AT_encoding
	.byte	11                              @ DW_FORM_data1
	.byte	0                               @ EOM(1)
	.byte	0                               @ EOM(2)
	.byte	9                               @ Abbreviation Code
	.byte	15                              @ DW_TAG_pointer_type
	.byte	0                               @ DW_CHILDREN_no
	.byte	73                              @ DW_AT_type
	.byte	19                              @ DW_FORM_ref4
	.byte	0                               @ EOM(1)
	.byte	0                               @ EOM(2)
	.byte	10                              @ Abbreviation Code
	.byte	22                              @ DW_TAG_typedef
	.byte	0                               @ DW_CHILDREN_no
	.byte	73                              @ DW_AT_type
	.byte	19                              @ DW_FORM_ref4
	.byte	3                               @ DW_AT_name
	.byte	14                              @ DW_FORM_strp
	.byte	58                              @ DW_AT_decl_file
	.byte	11                              @ DW_FORM_data1
	.byte	59                              @ DW_AT_decl_line
	.byte	5                               @ DW_FORM_data2
	.byte	0                               @ EOM(1)
	.byte	0                               @ EOM(2)
	.byte	11                              @ Abbreviation Code
	.byte	19                              @ DW_TAG_structure_type
	.byte	1                               @ DW_CHILDREN_yes
	.byte	11                              @ DW_AT_byte_size
	.byte	11                              @ DW_FORM_data1
	.byte	58                              @ DW_AT_decl_file
	.byte	11                              @ DW_FORM_data1
	.byte	59                              @ DW_AT_decl_line
	.byte	5                               @ DW_FORM_data2
	.byte	0                               @ EOM(1)
	.byte	0                               @ EOM(2)
	.byte	12                              @ Abbreviation Code
	.byte	13                              @ DW_TAG_member
	.byte	0                               @ DW_CHILDREN_no
	.byte	3                               @ DW_AT_name
	.byte	14                              @ DW_FORM_strp
	.byte	73                              @ DW_AT_type
	.byte	19                              @ DW_FORM_ref4
	.byte	58                              @ DW_AT_decl_file
	.byte	11                              @ DW_FORM_data1
	.byte	59                              @ DW_AT_decl_line
	.byte	5                               @ DW_FORM_data2
	.byte	56                              @ DW_AT_data_member_location
	.byte	11                              @ DW_FORM_data1
	.byte	0                               @ EOM(1)
	.byte	0                               @ EOM(2)
	.byte	13                              @ Abbreviation Code
	.byte	53                              @ DW_TAG_volatile_type
	.byte	0                               @ DW_CHILDREN_no
	.byte	73                              @ DW_AT_type
	.byte	19                              @ DW_FORM_ref4
	.byte	0                               @ EOM(1)
	.byte	0                               @ EOM(2)
	.byte	14                              @ Abbreviation Code
	.byte	46                              @ DW_TAG_subprogram
	.byte	0                               @ DW_CHILDREN_no
	.byte	17                              @ DW_AT_low_pc
	.byte	1                               @ DW_FORM_addr
	.byte	18                              @ DW_AT_high_pc
	.byte	6                               @ DW_FORM_data4
	.byte	64                              @ DW_AT_frame_base
	.byte	24                              @ DW_FORM_exprloc
	.ascii	"\227B"                         @ DW_AT_GNU_all_call_sites
	.byte	25                              @ DW_FORM_flag_present
	.byte	3                               @ DW_AT_name
	.byte	14                              @ DW_FORM_strp
	.byte	58                              @ DW_AT_decl_file
	.byte	11                              @ DW_FORM_data1
	.byte	59                              @ DW_AT_decl_line
	.byte	11                              @ DW_FORM_data1
	.byte	39                              @ DW_AT_prototyped
	.byte	25                              @ DW_FORM_flag_present
	.byte	63                              @ DW_AT_external
	.byte	25                              @ DW_FORM_flag_present
	.byte	0                               @ EOM(1)
	.byte	0                               @ EOM(2)
	.byte	15                              @ Abbreviation Code
	.byte	46                              @ DW_TAG_subprogram
	.byte	1                               @ DW_CHILDREN_yes
	.byte	17                              @ DW_AT_low_pc
	.byte	1                               @ DW_FORM_addr
	.byte	18                              @ DW_AT_high_pc
	.byte	6                               @ DW_FORM_data4
	.byte	64                              @ DW_AT_frame_base
	.byte	24                              @ DW_FORM_exprloc
	.ascii	"\227B"                         @ DW_AT_GNU_all_call_sites
	.byte	25                              @ DW_FORM_flag_present
	.byte	3                               @ DW_AT_name
	.byte	14                              @ DW_FORM_strp
	.byte	58                              @ DW_AT_decl_file
	.byte	11                              @ DW_FORM_data1
	.byte	59                              @ DW_AT_decl_line
	.byte	11                              @ DW_FORM_data1
	.byte	39                              @ DW_AT_prototyped
	.byte	25                              @ DW_FORM_flag_present
	.byte	63                              @ DW_AT_external
	.byte	25                              @ DW_FORM_flag_present
	.byte	0                               @ EOM(1)
	.byte	0                               @ EOM(2)
	.byte	16                              @ Abbreviation Code
	.byte	52                              @ DW_TAG_variable
	.byte	0                               @ DW_CHILDREN_no
	.byte	2                               @ DW_AT_location
	.byte	23                              @ DW_FORM_sec_offset
	.byte	3                               @ DW_AT_name
	.byte	14                              @ DW_FORM_strp
	.byte	58                              @ DW_AT_decl_file
	.byte	11                              @ DW_FORM_data1
	.byte	59                              @ DW_AT_decl_line
	.byte	11                              @ DW_FORM_data1
	.byte	73                              @ DW_AT_type
	.byte	19                              @ DW_FORM_ref4
	.byte	0                               @ EOM(1)
	.byte	0                               @ EOM(2)
	.byte	0                               @ EOM(3)
	.section	.debug_info,"",%progbits
.Lcu_begin0:
	.long	.Ldebug_info_end0-.Ldebug_info_start0 @ Length of Unit
.Ldebug_info_start0:
	.short	4                               @ DWARF version number
	.long	.debug_abbrev                   @ Offset Into Abbrev. Section
	.byte	4                               @ Address Size (in bytes)
	.byte	1                               @ Abbrev [1] 0xb:0x43b DW_TAG_compile_unit
	.long	.Linfo_string0                  @ DW_AT_producer
	.short	12                              @ DW_AT_language
	.long	.Linfo_string1                  @ DW_AT_name
	.long	.Lline_table_start0             @ DW_AT_stmt_list
	.long	.Linfo_string2                  @ DW_AT_comp_dir
	.long	0                               @ DW_AT_low_pc
	.long	.Ldebug_ranges0                 @ DW_AT_ranges
	.byte	2                               @ Abbrev [2] 0x26:0x11 DW_TAG_variable
	.long	.Linfo_string3                  @ DW_AT_name
	.long	55                              @ DW_AT_type
                                        @ DW_AT_external
	.byte	2                               @ DW_AT_decl_file
	.byte	138                             @ DW_AT_decl_line
	.byte	5                               @ DW_AT_location
	.byte	3
	.long	SystemCoreClock
	.byte	3                               @ Abbrev [3] 0x37:0xb DW_TAG_typedef
	.long	66                              @ DW_AT_type
	.long	.Linfo_string5                  @ DW_AT_name
	.byte	1                               @ DW_AT_decl_file
	.byte	64                              @ DW_AT_decl_line
	.byte	4                               @ Abbrev [4] 0x42:0x7 DW_TAG_base_type
	.long	.Linfo_string4                  @ DW_AT_name
	.byte	7                               @ DW_AT_encoding
	.byte	4                               @ DW_AT_byte_size
	.byte	2                               @ Abbrev [2] 0x49:0x11 DW_TAG_variable
	.long	.Linfo_string6                  @ DW_AT_name
	.long	90                              @ DW_AT_type
                                        @ DW_AT_external
	.byte	2                               @ DW_AT_decl_file
	.byte	139                             @ DW_AT_decl_line
	.byte	5                               @ DW_AT_location
	.byte	3
	.long	AHBPrescTable
	.byte	5                               @ Abbrev [5] 0x5a:0xc DW_TAG_array_type
	.long	102                             @ DW_AT_type
	.byte	6                               @ Abbrev [6] 0x5f:0x6 DW_TAG_subrange_type
	.long	125                             @ DW_AT_type
	.byte	16                              @ DW_AT_count
	.byte	0                               @ End Of Children Mark
	.byte	7                               @ Abbrev [7] 0x66:0x5 DW_TAG_const_type
	.long	107                             @ DW_AT_type
	.byte	3                               @ Abbrev [3] 0x6b:0xb DW_TAG_typedef
	.long	118                             @ DW_AT_type
	.long	.Linfo_string8                  @ DW_AT_name
	.byte	1                               @ DW_AT_decl_file
	.byte	62                              @ DW_AT_decl_line
	.byte	4                               @ Abbrev [4] 0x76:0x7 DW_TAG_base_type
	.long	.Linfo_string7                  @ DW_AT_name
	.byte	8                               @ DW_AT_encoding
	.byte	1                               @ DW_AT_byte_size
	.byte	8                               @ Abbrev [8] 0x7d:0x7 DW_TAG_base_type
	.long	.Linfo_string9                  @ DW_AT_name
	.byte	8                               @ DW_AT_byte_size
	.byte	7                               @ DW_AT_encoding
	.byte	2                               @ Abbrev [2] 0x84:0x11 DW_TAG_variable
	.long	.Linfo_string10                 @ DW_AT_name
	.long	149                             @ DW_AT_type
                                        @ DW_AT_external
	.byte	2                               @ DW_AT_decl_file
	.byte	140                             @ DW_AT_decl_line
	.byte	5                               @ DW_AT_location
	.byte	3
	.long	APBPrescTable
	.byte	5                               @ Abbrev [5] 0x95:0xc DW_TAG_array_type
	.long	102                             @ DW_AT_type
	.byte	6                               @ Abbrev [6] 0x9a:0x6 DW_TAG_subrange_type
	.long	125                             @ DW_AT_type
	.byte	8                               @ DW_AT_count
	.byte	0                               @ End Of Children Mark
	.byte	9                               @ Abbrev [9] 0xa1:0x5 DW_TAG_pointer_type
	.long	166                             @ DW_AT_type
	.byte	10                              @ Abbrev [10] 0xa6:0xc DW_TAG_typedef
	.long	178                             @ DW_AT_type
	.long	.Linfo_string32                 @ DW_AT_name
	.byte	3                               @ DW_AT_decl_file
	.short	463                             @ DW_AT_decl_line
	.byte	11                              @ Abbrev [11] 0xb2:0x117 DW_TAG_structure_type
	.byte	140                             @ DW_AT_byte_size
	.byte	3                               @ DW_AT_decl_file
	.short	440                             @ DW_AT_decl_line
	.byte	12                              @ Abbrev [12] 0xb7:0xd DW_TAG_member
	.long	.Linfo_string11                 @ DW_AT_name
	.long	457                             @ DW_AT_type
	.byte	3                               @ DW_AT_decl_file
	.short	442                             @ DW_AT_decl_line
	.byte	0                               @ DW_AT_data_member_location
	.byte	12                              @ Abbrev [12] 0xc4:0xd DW_TAG_member
	.long	.Linfo_string12                 @ DW_AT_name
	.long	462                             @ DW_AT_type
	.byte	3                               @ DW_AT_decl_file
	.short	443                             @ DW_AT_decl_line
	.byte	4                               @ DW_AT_data_member_location
	.byte	12                              @ Abbrev [12] 0xd1:0xd DW_TAG_member
	.long	.Linfo_string13                 @ DW_AT_name
	.long	462                             @ DW_AT_type
	.byte	3                               @ DW_AT_decl_file
	.short	444                             @ DW_AT_decl_line
	.byte	8                               @ DW_AT_data_member_location
	.byte	12                              @ Abbrev [12] 0xde:0xd DW_TAG_member
	.long	.Linfo_string14                 @ DW_AT_name
	.long	462                             @ DW_AT_type
	.byte	3                               @ DW_AT_decl_file
	.short	445                             @ DW_AT_decl_line
	.byte	12                              @ DW_AT_data_member_location
	.byte	12                              @ Abbrev [12] 0xeb:0xd DW_TAG_member
	.long	.Linfo_string15                 @ DW_AT_name
	.long	462                             @ DW_AT_type
	.byte	3                               @ DW_AT_decl_file
	.short	446                             @ DW_AT_decl_line
	.byte	16                              @ DW_AT_data_member_location
	.byte	12                              @ Abbrev [12] 0xf8:0xd DW_TAG_member
	.long	.Linfo_string16                 @ DW_AT_name
	.long	462                             @ DW_AT_type
	.byte	3                               @ DW_AT_decl_file
	.short	447                             @ DW_AT_decl_line
	.byte	20                              @ DW_AT_data_member_location
	.byte	12                              @ Abbrev [12] 0x105:0xd DW_TAG_member
	.long	.Linfo_string17                 @ DW_AT_name
	.long	467                             @ DW_AT_type
	.byte	3                               @ DW_AT_decl_file
	.short	448                             @ DW_AT_decl_line
	.byte	24                              @ DW_AT_data_member_location
	.byte	12                              @ Abbrev [12] 0x112:0xd DW_TAG_member
	.long	.Linfo_string18                 @ DW_AT_name
	.long	462                             @ DW_AT_type
	.byte	3                               @ DW_AT_decl_file
	.short	449                             @ DW_AT_decl_line
	.byte	36                              @ DW_AT_data_member_location
	.byte	12                              @ Abbrev [12] 0x11f:0xd DW_TAG_member
	.long	.Linfo_string19                 @ DW_AT_name
	.long	462                             @ DW_AT_type
	.byte	3                               @ DW_AT_decl_file
	.short	450                             @ DW_AT_decl_line
	.byte	40                              @ DW_AT_data_member_location
	.byte	12                              @ Abbrev [12] 0x12c:0xd DW_TAG_member
	.long	.Linfo_string20                 @ DW_AT_name
	.long	462                             @ DW_AT_type
	.byte	3                               @ DW_AT_decl_file
	.short	451                             @ DW_AT_decl_line
	.byte	44                              @ DW_AT_data_member_location
	.byte	12                              @ Abbrev [12] 0x139:0xd DW_TAG_member
	.long	.Linfo_string21                 @ DW_AT_name
	.long	462                             @ DW_AT_type
	.byte	3                               @ DW_AT_decl_file
	.short	452                             @ DW_AT_decl_line
	.byte	48                              @ DW_AT_data_member_location
	.byte	12                              @ Abbrev [12] 0x146:0xd DW_TAG_member
	.long	.Linfo_string22                 @ DW_AT_name
	.long	462                             @ DW_AT_type
	.byte	3                               @ DW_AT_decl_file
	.short	453                             @ DW_AT_decl_line
	.byte	52                              @ DW_AT_data_member_location
	.byte	12                              @ Abbrev [12] 0x153:0xd DW_TAG_member
	.long	.Linfo_string23                 @ DW_AT_name
	.long	462                             @ DW_AT_type
	.byte	3                               @ DW_AT_decl_file
	.short	454                             @ DW_AT_decl_line
	.byte	56                              @ DW_AT_data_member_location
	.byte	12                              @ Abbrev [12] 0x160:0xd DW_TAG_member
	.long	.Linfo_string24                 @ DW_AT_name
	.long	462                             @ DW_AT_type
	.byte	3                               @ DW_AT_decl_file
	.short	455                             @ DW_AT_decl_line
	.byte	60                              @ DW_AT_data_member_location
	.byte	12                              @ Abbrev [12] 0x16d:0xd DW_TAG_member
	.long	.Linfo_string25                 @ DW_AT_name
	.long	484                             @ DW_AT_type
	.byte	3                               @ DW_AT_decl_file
	.short	456                             @ DW_AT_decl_line
	.byte	64                              @ DW_AT_data_member_location
	.byte	12                              @ Abbrev [12] 0x17a:0xd DW_TAG_member
	.long	.Linfo_string26                 @ DW_AT_name
	.long	457                             @ DW_AT_type
	.byte	3                               @ DW_AT_decl_file
	.short	457                             @ DW_AT_decl_line
	.byte	72                              @ DW_AT_data_member_location
	.byte	12                              @ Abbrev [12] 0x187:0xd DW_TAG_member
	.long	.Linfo_string27                 @ DW_AT_name
	.long	457                             @ DW_AT_type
	.byte	3                               @ DW_AT_decl_file
	.short	458                             @ DW_AT_decl_line
	.byte	76                              @ DW_AT_data_member_location
	.byte	12                              @ Abbrev [12] 0x194:0xd DW_TAG_member
	.long	.Linfo_string28                 @ DW_AT_name
	.long	496                             @ DW_AT_type
	.byte	3                               @ DW_AT_decl_file
	.short	459                             @ DW_AT_decl_line
	.byte	80                              @ DW_AT_data_member_location
	.byte	12                              @ Abbrev [12] 0x1a1:0xd DW_TAG_member
	.long	.Linfo_string29                 @ DW_AT_name
	.long	508                             @ DW_AT_type
	.byte	3                               @ DW_AT_decl_file
	.short	460                             @ DW_AT_decl_line
	.byte	96                              @ DW_AT_data_member_location
	.byte	12                              @ Abbrev [12] 0x1ae:0xd DW_TAG_member
	.long	.Linfo_string30                 @ DW_AT_name
	.long	520                             @ DW_AT_type
	.byte	3                               @ DW_AT_decl_file
	.short	461                             @ DW_AT_decl_line
	.byte	116                             @ DW_AT_data_member_location
	.byte	12                              @ Abbrev [12] 0x1bb:0xd DW_TAG_member
	.long	.Linfo_string31                 @ DW_AT_name
	.long	462                             @ DW_AT_type
	.byte	3                               @ DW_AT_decl_file
	.short	462                             @ DW_AT_decl_line
	.byte	136                             @ DW_AT_data_member_location
	.byte	0                               @ End Of Children Mark
	.byte	7                               @ Abbrev [7] 0x1c9:0x5 DW_TAG_const_type
	.long	462                             @ DW_AT_type
	.byte	13                              @ Abbrev [13] 0x1ce:0x5 DW_TAG_volatile_type
	.long	55                              @ DW_AT_type
	.byte	5                               @ Abbrev [5] 0x1d3:0xc DW_TAG_array_type
	.long	479                             @ DW_AT_type
	.byte	6                               @ Abbrev [6] 0x1d8:0x6 DW_TAG_subrange_type
	.long	125                             @ DW_AT_type
	.byte	12                              @ DW_AT_count
	.byte	0                               @ End Of Children Mark
	.byte	13                              @ Abbrev [13] 0x1df:0x5 DW_TAG_volatile_type
	.long	107                             @ DW_AT_type
	.byte	5                               @ Abbrev [5] 0x1e4:0xc DW_TAG_array_type
	.long	457                             @ DW_AT_type
	.byte	6                               @ Abbrev [6] 0x1e9:0x6 DW_TAG_subrange_type
	.long	125                             @ DW_AT_type
	.byte	2                               @ DW_AT_count
	.byte	0                               @ End Of Children Mark
	.byte	5                               @ Abbrev [5] 0x1f0:0xc DW_TAG_array_type
	.long	457                             @ DW_AT_type
	.byte	6                               @ Abbrev [6] 0x1f5:0x6 DW_TAG_subrange_type
	.long	125                             @ DW_AT_type
	.byte	4                               @ DW_AT_count
	.byte	0                               @ End Of Children Mark
	.byte	5                               @ Abbrev [5] 0x1fc:0xc DW_TAG_array_type
	.long	457                             @ DW_AT_type
	.byte	6                               @ Abbrev [6] 0x201:0x6 DW_TAG_subrange_type
	.long	125                             @ DW_AT_type
	.byte	5                               @ DW_AT_count
	.byte	0                               @ End Of Children Mark
	.byte	5                               @ Abbrev [5] 0x208:0xc DW_TAG_array_type
	.long	55                              @ DW_AT_type
	.byte	6                               @ Abbrev [6] 0x20d:0x6 DW_TAG_subrange_type
	.long	125                             @ DW_AT_type
	.byte	5                               @ DW_AT_count
	.byte	0                               @ End Of Children Mark
	.byte	9                               @ Abbrev [9] 0x214:0x5 DW_TAG_pointer_type
	.long	537                             @ DW_AT_type
	.byte	10                              @ Abbrev [10] 0x219:0xc DW_TAG_typedef
	.long	549                             @ DW_AT_type
	.long	.Linfo_string64                 @ DW_AT_name
	.byte	4                               @ DW_AT_decl_file
	.short	726                             @ DW_AT_decl_line
	.byte	11                              @ Abbrev [11] 0x225:0x1a6 DW_TAG_structure_type
	.byte	144                             @ DW_AT_byte_size
	.byte	4                               @ DW_AT_decl_file
	.short	692                             @ DW_AT_decl_line
	.byte	12                              @ Abbrev [12] 0x22a:0xd DW_TAG_member
	.long	.Linfo_string33                 @ DW_AT_name
	.long	462                             @ DW_AT_type
	.byte	4                               @ DW_AT_decl_file
	.short	694                             @ DW_AT_decl_line
	.byte	0                               @ DW_AT_data_member_location
	.byte	12                              @ Abbrev [12] 0x237:0xd DW_TAG_member
	.long	.Linfo_string34                 @ DW_AT_name
	.long	462                             @ DW_AT_type
	.byte	4                               @ DW_AT_decl_file
	.short	695                             @ DW_AT_decl_line
	.byte	4                               @ DW_AT_data_member_location
	.byte	12                              @ Abbrev [12] 0x244:0xd DW_TAG_member
	.long	.Linfo_string35                 @ DW_AT_name
	.long	462                             @ DW_AT_type
	.byte	4                               @ DW_AT_decl_file
	.short	696                             @ DW_AT_decl_line
	.byte	8                               @ DW_AT_data_member_location
	.byte	12                              @ Abbrev [12] 0x251:0xd DW_TAG_member
	.long	.Linfo_string36                 @ DW_AT_name
	.long	462                             @ DW_AT_type
	.byte	4                               @ DW_AT_decl_file
	.short	697                             @ DW_AT_decl_line
	.byte	12                              @ DW_AT_data_member_location
	.byte	12                              @ Abbrev [12] 0x25e:0xd DW_TAG_member
	.long	.Linfo_string37                 @ DW_AT_name
	.long	462                             @ DW_AT_type
	.byte	4                               @ DW_AT_decl_file
	.short	698                             @ DW_AT_decl_line
	.byte	16                              @ DW_AT_data_member_location
	.byte	12                              @ Abbrev [12] 0x26b:0xd DW_TAG_member
	.long	.Linfo_string38                 @ DW_AT_name
	.long	462                             @ DW_AT_type
	.byte	4                               @ DW_AT_decl_file
	.short	699                             @ DW_AT_decl_line
	.byte	20                              @ DW_AT_data_member_location
	.byte	12                              @ Abbrev [12] 0x278:0xd DW_TAG_member
	.long	.Linfo_string39                 @ DW_AT_name
	.long	462                             @ DW_AT_type
	.byte	4                               @ DW_AT_decl_file
	.short	700                             @ DW_AT_decl_line
	.byte	24                              @ DW_AT_data_member_location
	.byte	12                              @ Abbrev [12] 0x285:0xd DW_TAG_member
	.long	.Linfo_string30                 @ DW_AT_name
	.long	55                              @ DW_AT_type
	.byte	4                               @ DW_AT_decl_file
	.short	701                             @ DW_AT_decl_line
	.byte	28                              @ DW_AT_data_member_location
	.byte	12                              @ Abbrev [12] 0x292:0xd DW_TAG_member
	.long	.Linfo_string40                 @ DW_AT_name
	.long	462                             @ DW_AT_type
	.byte	4                               @ DW_AT_decl_file
	.short	702                             @ DW_AT_decl_line
	.byte	32                              @ DW_AT_data_member_location
	.byte	12                              @ Abbrev [12] 0x29f:0xd DW_TAG_member
	.long	.Linfo_string41                 @ DW_AT_name
	.long	462                             @ DW_AT_type
	.byte	4                               @ DW_AT_decl_file
	.short	703                             @ DW_AT_decl_line
	.byte	36                              @ DW_AT_data_member_location
	.byte	12                              @ Abbrev [12] 0x2ac:0xd DW_TAG_member
	.long	.Linfo_string42                 @ DW_AT_name
	.long	971                             @ DW_AT_type
	.byte	4                               @ DW_AT_decl_file
	.short	704                             @ DW_AT_decl_line
	.byte	40                              @ DW_AT_data_member_location
	.byte	12                              @ Abbrev [12] 0x2b9:0xd DW_TAG_member
	.long	.Linfo_string43                 @ DW_AT_name
	.long	462                             @ DW_AT_type
	.byte	4                               @ DW_AT_decl_file
	.short	705                             @ DW_AT_decl_line
	.byte	48                              @ DW_AT_data_member_location
	.byte	12                              @ Abbrev [12] 0x2c6:0xd DW_TAG_member
	.long	.Linfo_string44                 @ DW_AT_name
	.long	462                             @ DW_AT_type
	.byte	4                               @ DW_AT_decl_file
	.short	706                             @ DW_AT_decl_line
	.byte	52                              @ DW_AT_data_member_location
	.byte	12                              @ Abbrev [12] 0x2d3:0xd DW_TAG_member
	.long	.Linfo_string45                 @ DW_AT_name
	.long	462                             @ DW_AT_type
	.byte	4                               @ DW_AT_decl_file
	.short	707                             @ DW_AT_decl_line
	.byte	56                              @ DW_AT_data_member_location
	.byte	12                              @ Abbrev [12] 0x2e0:0xd DW_TAG_member
	.long	.Linfo_string46                 @ DW_AT_name
	.long	55                              @ DW_AT_type
	.byte	4                               @ DW_AT_decl_file
	.short	708                             @ DW_AT_decl_line
	.byte	60                              @ DW_AT_data_member_location
	.byte	12                              @ Abbrev [12] 0x2ed:0xd DW_TAG_member
	.long	.Linfo_string47                 @ DW_AT_name
	.long	462                             @ DW_AT_type
	.byte	4                               @ DW_AT_decl_file
	.short	709                             @ DW_AT_decl_line
	.byte	64                              @ DW_AT_data_member_location
	.byte	12                              @ Abbrev [12] 0x2fa:0xd DW_TAG_member
	.long	.Linfo_string48                 @ DW_AT_name
	.long	462                             @ DW_AT_type
	.byte	4                               @ DW_AT_decl_file
	.short	710                             @ DW_AT_decl_line
	.byte	68                              @ DW_AT_data_member_location
	.byte	12                              @ Abbrev [12] 0x307:0xd DW_TAG_member
	.long	.Linfo_string49                 @ DW_AT_name
	.long	971                             @ DW_AT_type
	.byte	4                               @ DW_AT_decl_file
	.short	711                             @ DW_AT_decl_line
	.byte	72                              @ DW_AT_data_member_location
	.byte	12                              @ Abbrev [12] 0x314:0xd DW_TAG_member
	.long	.Linfo_string50                 @ DW_AT_name
	.long	462                             @ DW_AT_type
	.byte	4                               @ DW_AT_decl_file
	.short	712                             @ DW_AT_decl_line
	.byte	80                              @ DW_AT_data_member_location
	.byte	12                              @ Abbrev [12] 0x321:0xd DW_TAG_member
	.long	.Linfo_string51                 @ DW_AT_name
	.long	462                             @ DW_AT_type
	.byte	4                               @ DW_AT_decl_file
	.short	713                             @ DW_AT_decl_line
	.byte	84                              @ DW_AT_data_member_location
	.byte	12                              @ Abbrev [12] 0x32e:0xd DW_TAG_member
	.long	.Linfo_string52                 @ DW_AT_name
	.long	462                             @ DW_AT_type
	.byte	4                               @ DW_AT_decl_file
	.short	714                             @ DW_AT_decl_line
	.byte	88                              @ DW_AT_data_member_location
	.byte	12                              @ Abbrev [12] 0x33b:0xd DW_TAG_member
	.long	.Linfo_string53                 @ DW_AT_name
	.long	55                              @ DW_AT_type
	.byte	4                               @ DW_AT_decl_file
	.short	715                             @ DW_AT_decl_line
	.byte	92                              @ DW_AT_data_member_location
	.byte	12                              @ Abbrev [12] 0x348:0xd DW_TAG_member
	.long	.Linfo_string54                 @ DW_AT_name
	.long	462                             @ DW_AT_type
	.byte	4                               @ DW_AT_decl_file
	.short	716                             @ DW_AT_decl_line
	.byte	96                              @ DW_AT_data_member_location
	.byte	12                              @ Abbrev [12] 0x355:0xd DW_TAG_member
	.long	.Linfo_string55                 @ DW_AT_name
	.long	462                             @ DW_AT_type
	.byte	4                               @ DW_AT_decl_file
	.short	717                             @ DW_AT_decl_line
	.byte	100                             @ DW_AT_data_member_location
	.byte	12                              @ Abbrev [12] 0x362:0xd DW_TAG_member
	.long	.Linfo_string56                 @ DW_AT_name
	.long	971                             @ DW_AT_type
	.byte	4                               @ DW_AT_decl_file
	.short	718                             @ DW_AT_decl_line
	.byte	104                             @ DW_AT_data_member_location
	.byte	12                              @ Abbrev [12] 0x36f:0xd DW_TAG_member
	.long	.Linfo_string57                 @ DW_AT_name
	.long	462                             @ DW_AT_type
	.byte	4                               @ DW_AT_decl_file
	.short	719                             @ DW_AT_decl_line
	.byte	112                             @ DW_AT_data_member_location
	.byte	12                              @ Abbrev [12] 0x37c:0xd DW_TAG_member
	.long	.Linfo_string58                 @ DW_AT_name
	.long	462                             @ DW_AT_type
	.byte	4                               @ DW_AT_decl_file
	.short	720                             @ DW_AT_decl_line
	.byte	116                             @ DW_AT_data_member_location
	.byte	12                              @ Abbrev [12] 0x389:0xd DW_TAG_member
	.long	.Linfo_string59                 @ DW_AT_name
	.long	971                             @ DW_AT_type
	.byte	4                               @ DW_AT_decl_file
	.short	721                             @ DW_AT_decl_line
	.byte	120                             @ DW_AT_data_member_location
	.byte	12                              @ Abbrev [12] 0x396:0xd DW_TAG_member
	.long	.Linfo_string60                 @ DW_AT_name
	.long	462                             @ DW_AT_type
	.byte	4                               @ DW_AT_decl_file
	.short	722                             @ DW_AT_decl_line
	.byte	128                             @ DW_AT_data_member_location
	.byte	12                              @ Abbrev [12] 0x3a3:0xd DW_TAG_member
	.long	.Linfo_string61                 @ DW_AT_name
	.long	462                             @ DW_AT_type
	.byte	4                               @ DW_AT_decl_file
	.short	723                             @ DW_AT_decl_line
	.byte	132                             @ DW_AT_data_member_location
	.byte	12                              @ Abbrev [12] 0x3b0:0xd DW_TAG_member
	.long	.Linfo_string62                 @ DW_AT_name
	.long	462                             @ DW_AT_type
	.byte	4                               @ DW_AT_decl_file
	.short	724                             @ DW_AT_decl_line
	.byte	136                             @ DW_AT_data_member_location
	.byte	12                              @ Abbrev [12] 0x3bd:0xd DW_TAG_member
	.long	.Linfo_string63                 @ DW_AT_name
	.long	462                             @ DW_AT_type
	.byte	4                               @ DW_AT_decl_file
	.short	725                             @ DW_AT_decl_line
	.byte	140                             @ DW_AT_data_member_location
	.byte	0                               @ End Of Children Mark
	.byte	5                               @ Abbrev [5] 0x3cb:0xc DW_TAG_array_type
	.long	55                              @ DW_AT_type
	.byte	6                               @ Abbrev [6] 0x3d0:0x6 DW_TAG_subrange_type
	.long	125                             @ DW_AT_type
	.byte	2                               @ DW_AT_count
	.byte	0                               @ End Of Children Mark
	.byte	14                              @ Abbrev [14] 0x3d7:0x11 DW_TAG_subprogram
	.long	.Lfunc_begin0                   @ DW_AT_low_pc
	.long	.Lfunc_end0-.Lfunc_begin0       @ DW_AT_high_pc
	.byte	1                               @ DW_AT_frame_base
	.byte	93
                                        @ DW_AT_GNU_all_call_sites
	.long	.Linfo_string65                 @ DW_AT_name
	.byte	2                               @ DW_AT_decl_file
	.byte	168                             @ DW_AT_decl_line
                                        @ DW_AT_prototyped
                                        @ DW_AT_external
	.byte	15                              @ Abbrev [15] 0x3e8:0x5d DW_TAG_subprogram
	.long	.Lfunc_begin1                   @ DW_AT_low_pc
	.long	.Lfunc_end1-.Lfunc_begin1       @ DW_AT_high_pc
	.byte	1                               @ DW_AT_frame_base
	.byte	93
                                        @ DW_AT_GNU_all_call_sites
	.long	.Linfo_string66                 @ DW_AT_name
	.byte	2                               @ DW_AT_decl_file
	.byte	221                             @ DW_AT_decl_line
                                        @ DW_AT_prototyped
                                        @ DW_AT_external
	.byte	16                              @ Abbrev [16] 0x3f9:0xf DW_TAG_variable
	.long	.Ldebug_loc0                    @ DW_AT_location
	.long	.Linfo_string67                 @ DW_AT_name
	.byte	2                               @ DW_AT_decl_file
	.byte	223                             @ DW_AT_decl_line
	.long	55                              @ DW_AT_type
	.byte	16                              @ Abbrev [16] 0x408:0xf DW_TAG_variable
	.long	.Ldebug_loc1                    @ DW_AT_location
	.long	.Linfo_string68                 @ DW_AT_name
	.byte	2                               @ DW_AT_decl_file
	.byte	223                             @ DW_AT_decl_line
	.long	55                              @ DW_AT_type
	.byte	16                              @ Abbrev [16] 0x417:0xf DW_TAG_variable
	.long	.Ldebug_loc2                    @ DW_AT_location
	.long	.Linfo_string69                 @ DW_AT_name
	.byte	2                               @ DW_AT_decl_file
	.byte	223                             @ DW_AT_decl_line
	.long	55                              @ DW_AT_type
	.byte	16                              @ Abbrev [16] 0x426:0xf DW_TAG_variable
	.long	.Ldebug_loc3                    @ DW_AT_location
	.long	.Linfo_string70                 @ DW_AT_name
	.byte	2                               @ DW_AT_decl_file
	.byte	223                             @ DW_AT_decl_line
	.long	55                              @ DW_AT_type
	.byte	16                              @ Abbrev [16] 0x435:0xf DW_TAG_variable
	.long	.Ldebug_loc4                    @ DW_AT_location
	.long	.Linfo_string71                 @ DW_AT_name
	.byte	2                               @ DW_AT_decl_file
	.byte	223                             @ DW_AT_decl_line
	.long	55                              @ DW_AT_type
	.byte	0                               @ End Of Children Mark
	.byte	0                               @ End Of Children Mark
.Ldebug_info_end0:
	.section	.debug_ranges,"",%progbits
.Ldebug_ranges0:
	.long	.Lfunc_begin0
	.long	.Lfunc_end0
	.long	.Lfunc_begin1
	.long	.Lfunc_end1
	.long	0
	.long	0
	.section	.debug_str,"MS",%progbits,1
.Linfo_string0:
	.asciz	"Component: ARM Compiler 6.16 Tool: armclang [5dfeb700]" @ string offset=0
.Linfo_string1:
	.asciz	"../User\\system_stm32f4xx.c"   @ string offset=55
.Linfo_string2:
	.asciz	"C:\\Users\\Hyacincher\\Desktop\\HyTelectrl\\Code\\Project" @ string offset=82
.Linfo_string3:
	.asciz	"SystemCoreClock"               @ string offset=134
.Linfo_string4:
	.asciz	"unsigned int"                  @ string offset=150
.Linfo_string5:
	.asciz	"uint32_t"                      @ string offset=163
.Linfo_string6:
	.asciz	"AHBPrescTable"                 @ string offset=172
.Linfo_string7:
	.asciz	"unsigned char"                 @ string offset=186
.Linfo_string8:
	.asciz	"uint8_t"                       @ string offset=200
.Linfo_string9:
	.asciz	"__ARRAY_SIZE_TYPE__"           @ string offset=208
.Linfo_string10:
	.asciz	"APBPrescTable"                 @ string offset=228
.Linfo_string11:
	.asciz	"CPUID"                         @ string offset=242
.Linfo_string12:
	.asciz	"ICSR"                          @ string offset=248
.Linfo_string13:
	.asciz	"VTOR"                          @ string offset=253
.Linfo_string14:
	.asciz	"AIRCR"                         @ string offset=258
.Linfo_string15:
	.asciz	"SCR"                           @ string offset=264
.Linfo_string16:
	.asciz	"CCR"                           @ string offset=268
.Linfo_string17:
	.asciz	"SHP"                           @ string offset=272
.Linfo_string18:
	.asciz	"SHCSR"                         @ string offset=276
.Linfo_string19:
	.asciz	"CFSR"                          @ string offset=282
.Linfo_string20:
	.asciz	"HFSR"                          @ string offset=287
.Linfo_string21:
	.asciz	"DFSR"                          @ string offset=292
.Linfo_string22:
	.asciz	"MMFAR"                         @ string offset=297
.Linfo_string23:
	.asciz	"BFAR"                          @ string offset=303
.Linfo_string24:
	.asciz	"AFSR"                          @ string offset=308
.Linfo_string25:
	.asciz	"PFR"                           @ string offset=313
.Linfo_string26:
	.asciz	"DFR"                           @ string offset=317
.Linfo_string27:
	.asciz	"ADR"                           @ string offset=321
.Linfo_string28:
	.asciz	"MMFR"                          @ string offset=325
.Linfo_string29:
	.asciz	"ISAR"                          @ string offset=330
.Linfo_string30:
	.asciz	"RESERVED0"                     @ string offset=335
.Linfo_string31:
	.asciz	"CPACR"                         @ string offset=345
.Linfo_string32:
	.asciz	"SCB_Type"                      @ string offset=351
.Linfo_string33:
	.asciz	"CR"                            @ string offset=360
.Linfo_string34:
	.asciz	"PLLCFGR"                       @ string offset=363
.Linfo_string35:
	.asciz	"CFGR"                          @ string offset=371
.Linfo_string36:
	.asciz	"CIR"                           @ string offset=376
.Linfo_string37:
	.asciz	"AHB1RSTR"                      @ string offset=380
.Linfo_string38:
	.asciz	"AHB2RSTR"                      @ string offset=389
.Linfo_string39:
	.asciz	"AHB3RSTR"                      @ string offset=398
.Linfo_string40:
	.asciz	"APB1RSTR"                      @ string offset=407
.Linfo_string41:
	.asciz	"APB2RSTR"                      @ string offset=416
.Linfo_string42:
	.asciz	"RESERVED1"                     @ string offset=425
.Linfo_string43:
	.asciz	"AHB1ENR"                       @ string offset=435
.Linfo_string44:
	.asciz	"AHB2ENR"                       @ string offset=443
.Linfo_string45:
	.asciz	"AHB3ENR"                       @ string offset=451
.Linfo_string46:
	.asciz	"RESERVED2"                     @ string offset=459
.Linfo_string47:
	.asciz	"APB1ENR"                       @ string offset=469
.Linfo_string48:
	.asciz	"APB2ENR"                       @ string offset=477
.Linfo_string49:
	.asciz	"RESERVED3"                     @ string offset=485
.Linfo_string50:
	.asciz	"AHB1LPENR"                     @ string offset=495
.Linfo_string51:
	.asciz	"AHB2LPENR"                     @ string offset=505
.Linfo_string52:
	.asciz	"AHB3LPENR"                     @ string offset=515
.Linfo_string53:
	.asciz	"RESERVED4"                     @ string offset=525
.Linfo_string54:
	.asciz	"APB1LPENR"                     @ string offset=535
.Linfo_string55:
	.asciz	"APB2LPENR"                     @ string offset=545
.Linfo_string56:
	.asciz	"RESERVED5"                     @ string offset=555
.Linfo_string57:
	.asciz	"BDCR"                          @ string offset=565
.Linfo_string58:
	.asciz	"CSR"                           @ string offset=570
.Linfo_string59:
	.asciz	"RESERVED6"                     @ string offset=574
.Linfo_string60:
	.asciz	"SSCGR"                         @ string offset=584
.Linfo_string61:
	.asciz	"PLLI2SCFGR"                    @ string offset=590
.Linfo_string62:
	.asciz	"PLLSAICFGR"                    @ string offset=601
.Linfo_string63:
	.asciz	"DCKCFGR"                       @ string offset=612
.Linfo_string64:
	.asciz	"RCC_TypeDef"                   @ string offset=620
.Linfo_string65:
	.asciz	"SystemInit"                    @ string offset=632
.Linfo_string66:
	.asciz	"SystemCoreClockUpdate"         @ string offset=643
.Linfo_string67:
	.asciz	"tmp"                           @ string offset=665
.Linfo_string68:
	.asciz	"pllm"                          @ string offset=669
.Linfo_string69:
	.asciz	"pllsource"                     @ string offset=674
.Linfo_string70:
	.asciz	"pllp"                          @ string offset=684
.Linfo_string71:
	.asciz	"pllvco"                        @ string offset=689
	.ident	"Component: ARM Compiler 6.16 Tool: armclang [5dfeb700]"
	.section	".note.GNU-stack","",%progbits
	.eabi_attribute	30, 3	@ Tag_ABI_optimization_goals
	.ARM_attribute	16, 1	@ Tag_AV_eba
	.section	.debug_line,"",%progbits
.Lline_table_start0:
